{"target": 0.5186087305143882, "params": {"imputer_strategy": 0.0, "knn_imputer": 1.0, "knn_imputer_k": 7.0, "lasso_alpha": 1e-05, "pca_components": 8.0, "sampling_strategy": 0.5, "scaler_choice": 0.0, "xgb_colsample_bytree": 1.0, "xgb_gamma": 10.0, "xgb_learning_rate": 1.0, "xgb_max_depth": 16.502150738082488, "xgb_n_estimators": 487.90720814886134, "xgb_reg_alpha": 4.691120024298858, "xgb_reg_lambda": 3.362949277825396, "xgb_scale_pos_weight": 40.0, "xgb_subsample": 1.0}, "datetime": {"datetime": "2023-11-13 19:49:45", "elapsed": 122.610166, "delta": 3.48099}}
{"target": 0.5384139092269686, "params": {"imputer_strategy": 0.0, "knn_imputer": 1.0, "knn_imputer_k": 7.0, "lasso_alpha": 0.001, "pca_components": 2.0, "sampling_strategy": 0.5, "scaler_choice": 1.0, "xgb_colsample_bytree": 0.1, "xgb_gamma": 10.0, "xgb_learning_rate": 1.0, "xgb_max_depth": 16.391889059559773, "xgb_n_estimators": 491.9301469660146, "xgb_reg_alpha": 0.27834704206938915, "xgb_reg_lambda": 5.300469976230865, "xgb_scale_pos_weight": 30.45748901410068, "xgb_subsample": 0.5}, "datetime": {"datetime": "2023-11-13 19:49:49", "elapsed": 126.577745, "delta": 3.967579}}
{"target": 0.554893183422351, "params": {"imputer_strategy": 0.0, "knn_imputer": 0.0, "knn_imputer_k": 3.0, "lasso_alpha": 1e-05, "pca_components": 8.0, "sampling_strategy": 0.3, "scaler_choice": 0.0, "xgb_colsample_bytree": 1.0, "xgb_gamma": 10.0, "xgb_learning_rate": 0.0001, "xgb_max_depth": 15.874297210252521, "xgb_n_estimators": 496.86958056298676, "xgb_reg_alpha": 4.430800105363535, "xgb_reg_lambda": 0.0, "xgb_scale_pos_weight": 29.860965351617338, "xgb_subsample": 0.5}, "datetime": {"datetime": "2023-11-13 19:49:58", "elapsed": 135.360128, "delta": 8.782383}}
{"target": 0.5523723056679152, "params": {"imputer_strategy": 0.0, "knn_imputer": 1.0, "knn_imputer_k": 3.4209184162521575, "lasso_alpha": 0.001, "pca_components": 2.5227700068109735, "sampling_strategy": 0.5, "scaler_choice": 0.0, "xgb_colsample_bytree": 0.1, "xgb_gamma": 6.359890449102846, "xgb_learning_rate": 0.0001, "xgb_max_depth": 20.0, "xgb_n_estimators": 484.8881259716122, "xgb_reg_alpha": 8.123755033846113, "xgb_reg_lambda": 3.589381962722289, "xgb_scale_pos_weight": 32.30589116753809, "xgb_subsample": 1.0}, "datetime": {"datetime": "2023-11-13 19:50:01", "elapsed": 138.780468, "delta": 3.42034}}
{"target": 0.5543928560466611, "params": {"imputer_strategy": 0.0, "knn_imputer": 0.0, "knn_imputer_k": 3.0, "lasso_alpha": 1e-05, "pca_components": 2.0, "sampling_strategy": 0.3, "scaler_choice": 1.0, "xgb_colsample_bytree": 1.0, "xgb_gamma": 10.0, "xgb_learning_rate": 0.0001, "xgb_max_depth": 20.0, "xgb_n_estimators": 481.1432708402363, "xgb_reg_alpha": 0.0, "xgb_reg_lambda": 1.1275458500116613, "xgb_scale_pos_weight": 35.55610671247067, "xgb_subsample": 1.0}, "datetime": {"datetime": "2023-11-13 19:50:07", "elapsed": 144.382036, "delta": 5.601568}}
{"target": 0.567835767560339, "params": {"imputer_strategy": 1.0, "knn_imputer": 0.0, "knn_imputer_k": 3.0, "lasso_alpha": 0.001, "pca_components": 2.0, "sampling_strategy": 0.3, "scaler_choice": 0.0, "xgb_colsample_bytree": 0.1, "xgb_gamma": 5.886856585709349, "xgb_learning_rate": 0.0001, "xgb_max_depth": 20.0, "xgb_n_estimators": 490.77895882732963, "xgb_reg_alpha": 2.2679368364626544, "xgb_reg_lambda": 7.31577213731048, "xgb_scale_pos_weight": 38.193507959362904, "xgb_subsample": 1.0}, "datetime": {"datetime": "2023-11-13 19:50:11", "elapsed": 148.173681, "delta": 3.791645}}
{"target": 0.5402141018884574, "params": {"imputer_strategy": 1.0, "knn_imputer": 0.0, "knn_imputer_k": 3.0, "lasso_alpha": 0.001, "pca_components": 2.0, "sampling_strategy": 0.3, "scaler_choice": 0.0, "xgb_colsample_bytree": 1.0, "xgb_gamma": 6.61004257345293, "xgb_learning_rate": 0.0001, "xgb_max_depth": 10.93456300891442, "xgb_n_estimators": 485.83230171104776, "xgb_reg_alpha": 0.0, "xgb_reg_lambda": 6.492156261461232, "xgb_scale_pos_weight": 37.82616748877816, "xgb_subsample": 1.0}, "datetime": {"datetime": "2023-11-13 19:50:17", "elapsed": 154.367974, "delta": 6.194293}}
{"target": 0.5493634274024538, "params": {"imputer_strategy": 1.0, "knn_imputer": 0.0, "knn_imputer_k": 3.0, "lasso_alpha": 1e-05, "pca_components": 8.0, "sampling_strategy": 0.3, "scaler_choice": 0.0, "xgb_colsample_bytree": 0.1, "xgb_gamma": 8.370631904457937, "xgb_learning_rate": 0.0001, "xgb_max_depth": 20.0, "xgb_n_estimators": 490.37845531138714, "xgb_reg_alpha": 0.0, "xgb_reg_lambda": 3.5133520528812077, "xgb_scale_pos_weight": 33.40363066896817, "xgb_subsample": 1.0}, "datetime": {"datetime": "2023-11-13 19:50:21", "elapsed": 158.152591, "delta": 3.784617}}
{"target": 0.501438165919897, "params": {"imputer_strategy": 0.7669273359455608, "knn_imputer": 0.5627529879579425, "knn_imputer_k": 3.986136455892143, "lasso_alpha": 0.00028277360325399753, "pca_components": 5.188657786219925, "sampling_strategy": 0.38867533679379385, "scaler_choice": 0.23379500645673712, "xgb_colsample_bytree": 0.9030008734544266, "xgb_gamma": 4.399425119261842, "xgb_learning_rate": 0.5825841304157312, "xgb_max_depth": 19.169174054633856, "xgb_n_estimators": 477.0220735132057, "xgb_reg_alpha": 2.2891036847811383, "xgb_reg_lambda": 6.739731512256212, "xgb_scale_pos_weight": 33.65625087937113, "xgb_subsample": 0.613024396153489}, "datetime": {"datetime": "2023-11-13 19:50:25", "elapsed": 162.341989, "delta": 4.189398}}
{"target": 0.5707403457920394, "params": {"imputer_strategy": 0.5006172006666398, "knn_imputer": 0.8128595709031323, "knn_imputer_k": 6.028431005033385, "lasso_alpha": 0.0008813136942182883, "pca_components": 2.474098406973045, "sampling_strategy": 0.39328420699817124, "scaler_choice": 0.5738309085775966, "xgb_colsample_bytree": 0.40790411275214966, "xgb_gamma": 2.545825286283283, "xgb_learning_rate": 0.19963250062652635, "xgb_max_depth": 12.005935915645274, "xgb_n_estimators": 491.72257572487206, "xgb_reg_alpha": 6.048602585716947, "xgb_reg_lambda": 1.3540817772670821, "xgb_scale_pos_weight": 37.09455416798888, "xgb_subsample": 0.8457990163067686}, "datetime": {"datetime": "2023-11-13 19:50:29", "elapsed": 166.215852, "delta": 3.873863}}
{"target": 0.5437417960246393, "params": {"imputer_strategy": 1.0, "knn_imputer": 1.0, "knn_imputer_k": 3.0, "lasso_alpha": 0.001, "pca_components": 2.0, "sampling_strategy": 0.3, "scaler_choice": 1.0, "xgb_colsample_bytree": 1.0, "xgb_gamma": 5.798402401283061, "xgb_learning_rate": 0.0001, "xgb_max_depth": 12.512640427911139, "xgb_n_estimators": 490.7369944438459, "xgb_reg_alpha": 9.034217765641527, "xgb_reg_lambda": 0.0, "xgb_scale_pos_weight": 31.598861074159757, "xgb_subsample": 1.0}, "datetime": {"datetime": "2023-11-13 19:50:35", "elapsed": 172.120752, "delta": 5.9049}}
{"target": 0.4381002067720884, "params": {"imputer_strategy": 0.08721439492074567, "knn_imputer": 0.724843715087482, "knn_imputer_k": 5.594540336462801, "lasso_alpha": 0.00020908212883650752, "pca_components": 2.556045243169841, "sampling_strategy": 0.3766187547925348, "scaler_choice": 0.8006127723510374, "xgb_colsample_bytree": 0.42354208675533633, "xgb_gamma": 2.050993212399961, "xgb_learning_rate": 0.887995564394873, "xgb_max_depth": 17.479650044343185, "xgb_n_estimators": 496.2914206329855, "xgb_reg_alpha": 4.20080368911551, "xgb_reg_lambda": 0.38028862118099194, "xgb_scale_pos_weight": 39.93822639019156, "xgb_subsample": 0.5010134299160407}, "datetime": {"datetime": "2023-11-13 19:50:39", "elapsed": 176.240553, "delta": 4.119801}}
{"target": 0.5645190891169539, "params": {"imputer_strategy": 0.0, "knn_imputer": 0.0, "knn_imputer_k": 3.0, "lasso_alpha": 1e-05, "pca_components": 2.0, "sampling_strategy": 0.3, "scaler_choice": 0.0, "xgb_colsample_bytree": 0.1, "xgb_gamma": 7.942898001721427, "xgb_learning_rate": 0.0001, "xgb_max_depth": 10.42683210015798, "xgb_n_estimators": 494.85305488842033, "xgb_reg_alpha": 1.621788177102867, "xgb_reg_lambda": 0.0, "xgb_scale_pos_weight": 29.644579219052982, "xgb_subsample": 1.0}, "datetime": {"datetime": "2023-11-13 19:50:42", "elapsed": 179.874272, "delta": 3.633719}}
{"target": 0.5502118245318751, "params": {"imputer_strategy": 0.4284518767369164, "knn_imputer": 0.13375115536378113, "knn_imputer_k": 3.8139230561107875, "lasso_alpha": 0.00043141354093283104, "pca_components": 2.3969566433496645, "sampling_strategy": 0.4881019945417971, "scaler_choice": 0.20853446743406945, "xgb_colsample_bytree": 0.7174887807222748, "xgb_gamma": 4.092281276945152, "xgb_learning_rate": 0.8398897287444599, "xgb_max_depth": 5.749696439538357, "xgb_n_estimators": 494.592802161834, "xgb_reg_alpha": 5.267211381551507, "xgb_reg_lambda": 2.138935671895913, "xgb_scale_pos_weight": 36.183669675503154, "xgb_subsample": 0.9903365395768062}, "datetime": {"datetime": "2023-11-13 19:50:46", "elapsed": 183.688037, "delta": 3.813765}}
{"target": 0.5003804963279038, "params": {"imputer_strategy": 0.39657509111127986, "knn_imputer": 0.7962325372278465, "knn_imputer_k": 5.225389514025203, "lasso_alpha": 0.0008297106132384547, "pca_components": 4.3870966061613625, "sampling_strategy": 0.4973349731438004, "scaler_choice": 0.5002702308089075, "xgb_colsample_bytree": 0.5730753377409529, "xgb_gamma": 1.9921407173488803, "xgb_learning_rate": 0.6630545877613667, "xgb_max_depth": 9.061987482978228, "xgb_n_estimators": 485.82418727483486, "xgb_reg_alpha": 7.295511579816456, "xgb_reg_lambda": 3.27377008798446, "xgb_scale_pos_weight": 39.22890275208523, "xgb_subsample": 0.6474062762889156}, "datetime": {"datetime": "2023-11-13 19:50:50", "elapsed": 187.814789, "delta": 4.126752}}
{"target": 0.5373432118727369, "params": {"imputer_strategy": 0.5081505330179066, "knn_imputer": 0.6361913526676597, "knn_imputer_k": 3.4394599638471153, "lasso_alpha": 0.0008189715448376571, "pca_components": 6.640452583421839, "sampling_strategy": 0.45082389345542806, "scaler_choice": 0.16921250537827848, "xgb_colsample_bytree": 0.4972653059853972, "xgb_gamma": 6.777903747826564, "xgb_learning_rate": 0.5680180914597884, "xgb_max_depth": 12.586020085151658, "xgb_n_estimators": 493.2540213556141, "xgb_reg_alpha": 3.3968613598963024, "xgb_reg_lambda": 6.912063632327113, "xgb_scale_pos_weight": 34.62046554460715, "xgb_subsample": 0.6674384812212482}, "datetime": {"datetime": "2023-11-13 19:50:54", "elapsed": 192.040848, "delta": 4.226059}}
{"target": 0.5725869894627296, "params": {"imputer_strategy": 0.8462500304026094, "knn_imputer": 0.9961007156256386, "knn_imputer_k": 6.354102163558936, "lasso_alpha": 0.0009610205848925605, "pca_components": 4.363378051529033, "sampling_strategy": 0.37740390299648763, "scaler_choice": 0.23698243584957623, "xgb_colsample_bytree": 0.5427316738734979, "xgb_gamma": 9.323373142962577, "xgb_learning_rate": 0.19668303630405318, "xgb_max_depth": 12.880935586786578, "xgb_n_estimators": 493.6993904972205, "xgb_reg_alpha": 9.995467970580856, "xgb_reg_lambda": 0.8744192832719067, "xgb_scale_pos_weight": 23.209844966025567, "xgb_subsample": 0.6624612657121219}, "datetime": {"datetime": "2023-11-13 19:50:58", "elapsed": 195.935881, "delta": 3.895033}}
{"target": 0.5674478797694767, "params": {"imputer_strategy": 0.205090284616966, "knn_imputer": 0.712554084725511, "knn_imputer_k": 5.317307716104866, "lasso_alpha": 0.0004802348019066967, "pca_components": 7.683267185674309, "sampling_strategy": 0.492618380924714, "scaler_choice": 0.9668962265310699, "xgb_colsample_bytree": 0.2101582601574919, "xgb_gamma": 9.908921084814796, "xgb_learning_rate": 0.16081008398363286, "xgb_max_depth": 18.610635262949135, "xgb_n_estimators": 488.2350852156038, "xgb_reg_alpha": 9.510080725849713, "xgb_reg_lambda": 2.898570257854456, "xgb_scale_pos_weight": 24.700024324251615, "xgb_subsample": 0.7546411067414771}, "datetime": {"datetime": "2023-11-13 19:51:03", "elapsed": 200.263215, "delta": 4.327334}}
{"target": 0.5729148733520288, "params": {"imputer_strategy": 0.5819008635047175, "knn_imputer": 1.0, "knn_imputer_k": 3.0, "lasso_alpha": 0.001, "pca_components": 2.0, "sampling_strategy": 0.5, "scaler_choice": 0.8606184289411507, "xgb_colsample_bytree": 0.1, "xgb_gamma": 10.0, "xgb_learning_rate": 0.0001, "xgb_max_depth": 13.071860705262406, "xgb_n_estimators": 497.0940713390636, "xgb_reg_alpha": 2.860622973928321, "xgb_reg_lambda": 0.0, "xgb_scale_pos_weight": 20.0, "xgb_subsample": 1.0}, "datetime": {"datetime": "2023-11-13 19:51:06", "elapsed": 203.792109, "delta": 3.528894}}
{"target": 0.5551133692777749, "params": {"imputer_strategy": 0.6577859554071122, "knn_imputer": 0.44225164793566163, "knn_imputer_k": 6.41562131145917, "lasso_alpha": 0.0005569877947011257, "pca_components": 2.710807773655298, "sampling_strategy": 0.48844733688542613, "scaler_choice": 0.26705476204433654, "xgb_colsample_bytree": 0.4801480251595772, "xgb_gamma": 9.324418439408642, "xgb_learning_rate": 0.7986932673672364, "xgb_max_depth": 19.420829210454716, "xgb_n_estimators": 482.8265839059874, "xgb_reg_alpha": 7.441193122945694, "xgb_reg_lambda": 9.167693899132706, "xgb_scale_pos_weight": 23.878399995092924, "xgb_subsample": 0.8444698226591252}, "datetime": {"datetime": "2023-11-13 19:51:10", "elapsed": 207.437775, "delta": 3.645666}}
{"target": 0.5579327000542932, "params": {"imputer_strategy": 0.0, "knn_imputer": 1.0, "knn_imputer_k": 3.0, "lasso_alpha": 0.001, "pca_components": 7.027737823144715, "sampling_strategy": 0.5, "scaler_choice": 0.0, "xgb_colsample_bytree": 0.1, "xgb_gamma": 10.0, "xgb_learning_rate": 1.0, "xgb_max_depth": 13.060718197272964, "xgb_n_estimators": 492.2674351895816, "xgb_reg_alpha": 5.478171590606854, "xgb_reg_lambda": 2.7247287269731557, "xgb_scale_pos_weight": 20.0, "xgb_subsample": 1.0}, "datetime": {"datetime": "2023-11-13 19:51:13", "elapsed": 210.863001, "delta": 3.425226}}
{"target": 0.5435604134636935, "params": {"imputer_strategy": 1.0, "knn_imputer": 0.0, "knn_imputer_k": 7.0, "lasso_alpha": 0.001, "pca_components": 2.0, "sampling_strategy": 0.3, "scaler_choice": 0.0, "xgb_colsample_bytree": 0.1, "xgb_gamma": 10.0, "xgb_learning_rate": 0.0001, "xgb_max_depth": 14.486046578806302, "xgb_n_estimators": 493.14987960371195, "xgb_reg_alpha": 6.359210314231735, "xgb_reg_lambda": 0.42968919573705855, "xgb_scale_pos_weight": 33.62513703902759, "xgb_subsample": 1.0}, "datetime": {"datetime": "2023-11-13 19:51:17", "elapsed": 214.321068, "delta": 3.458067}}
{"target": 0.5644745603997019, "params": {"imputer_strategy": 0.0, "knn_imputer": 1.0, "knn_imputer_k": 3.0, "lasso_alpha": 0.001, "pca_components": 5.58345381905778, "sampling_strategy": 0.5, "scaler_choice": 1.0, "xgb_colsample_bytree": 0.1, "xgb_gamma": 10.0, "xgb_learning_rate": 0.0001, "xgb_max_depth": 20.0, "xgb_n_estimators": 495.58319255322925, "xgb_reg_alpha": 10.0, "xgb_reg_lambda": 0.0, "xgb_scale_pos_weight": 20.0, "xgb_subsample": 0.5}, "datetime": {"datetime": "2023-11-13 19:51:21", "elapsed": 218.938291, "delta": 4.617223}}
{"target": 0.5698680619852012, "params": {"imputer_strategy": 0.0, "knn_imputer": 1.0, "knn_imputer_k": 7.0, "lasso_alpha": 0.001, "pca_components": 4.090951970351436, "sampling_strategy": 0.5, "scaler_choice": 1.0, "xgb_colsample_bytree": 0.1, "xgb_gamma": 6.0524195000729275, "xgb_learning_rate": 0.0001, "xgb_max_depth": 20.0, "xgb_n_estimators": 487.16144181968923, "xgb_reg_alpha": 3.3565000526773976, "xgb_reg_lambda": 0.43426446612913805, "xgb_scale_pos_weight": 20.0, "xgb_subsample": 0.5}, "datetime": {"datetime": "2023-11-13 19:51:26", "elapsed": 223.259475, "delta": 4.321184}}
{"target": 0.5592186050274665, "params": {"imputer_strategy": 1.0, "knn_imputer": 0.0, "knn_imputer_k": 7.0, "lasso_alpha": 0.001, "pca_components": 3.8817588126408267, "sampling_strategy": 0.5, "scaler_choice": 0.0, "xgb_colsample_bytree": 0.1, "xgb_gamma": 10.0, "xgb_learning_rate": 0.0001, "xgb_max_depth": 20.0, "xgb_n_estimators": 494.80129701372056, "xgb_reg_alpha": 0.0, "xgb_reg_lambda": 0.0, "xgb_scale_pos_weight": 20.0, "xgb_subsample": 0.5}, "datetime": {"datetime": "2023-11-13 19:51:30", "elapsed": 227.439081, "delta": 4.179606}}
{"target": 0.5728905568363116, "params": {"imputer_strategy": 0.5422754017843175, "knn_imputer": 0.39804291482521936, "knn_imputer_k": 6.605859144134351, "lasso_alpha": 0.00019212153911300122, "pca_components": 2.134643423335329, "sampling_strategy": 0.45846157375252966, "scaler_choice": 0.5664329360575714, "xgb_colsample_bytree": 0.45222284208058106, "xgb_gamma": 7.934685286890431, "xgb_learning_rate": 0.10629768796402135, "xgb_max_depth": 14.049597690244255, "xgb_n_estimators": 485.76654789959713, "xgb_reg_alpha": 9.959660643256093, "xgb_reg_lambda": 2.328104450730236, "xgb_scale_pos_weight": 21.39173462785066, "xgb_subsample": 0.7083011563948238}, "datetime": {"datetime": "2023-11-13 19:51:34", "elapsed": 231.560344, "delta": 4.121263}}
{"target": 0.3409018927973988, "params": {"imputer_strategy": 0.774750605510018, "knn_imputer": 0.3147275182337218, "knn_imputer_k": 4.660716373152072, "lasso_alpha": 0.0005677528846748512, "pca_components": 5.118560878812975, "sampling_strategy": 0.41545996634235344, "scaler_choice": 0.08530397830823444, "xgb_colsample_bytree": 0.27959949417891344, "xgb_gamma": 1.686920082332325, "xgb_learning_rate": 0.8748461948667254, "xgb_max_depth": 19.08316208225405, "xgb_n_estimators": 480.91552006793034, "xgb_reg_alpha": 4.817666217517735, "xgb_reg_lambda": 1.1305850711356202, "xgb_scale_pos_weight": 20.570725897704303, "xgb_subsample": 0.5403949622068158}, "datetime": {"datetime": "2023-11-13 19:51:39", "elapsed": 236.695955, "delta": 5.135611}}
{"target": 0.5704217405418351, "params": {"imputer_strategy": 0.25078486662646626, "knn_imputer": 0.2596192381451736, "knn_imputer_k": 3.1795900506319126, "lasso_alpha": 0.00013225524678259944, "pca_components": 2.1583373727128876, "sampling_strategy": 0.3750998962872479, "scaler_choice": 0.9459361451128144, "xgb_colsample_bytree": 0.19635540112357852, "xgb_gamma": 2.826035797963299, "xgb_learning_rate": 0.807967206065923, "xgb_max_depth": 3.2964890028379576, "xgb_n_estimators": 112.98736543590482, "xgb_reg_alpha": 0.7999819413689746, "xgb_reg_lambda": 0.24322810900774372, "xgb_scale_pos_weight": 23.483718340145522, "xgb_subsample": 0.8718042995962495}, "datetime": {"datetime": "2023-11-13 19:51:42", "elapsed": 239.230884, "delta": 2.534929}}
{"target": 0.5425735399871972, "params": {"imputer_strategy": 0.0, "knn_imputer": 0.37163452745052666, "knn_imputer_k": 3.0, "lasso_alpha": 2.3502134541216343e-05, "pca_components": 2.0, "sampling_strategy": 0.36918067611036903, "scaler_choice": 1.0, "xgb_colsample_bytree": 0.1, "xgb_gamma": 2.019505521819166, "xgb_learning_rate": 1.0, "xgb_max_depth": 2.0, "xgb_n_estimators": 120.97564844041615, "xgb_reg_alpha": 0.0, "xgb_reg_lambda": 0.0, "xgb_scale_pos_weight": 20.0, "xgb_subsample": 0.7919491761322001}, "datetime": {"datetime": "2023-11-13 19:51:44", "elapsed": 241.800536, "delta": 2.569652}}
{"target": 0.5604578140702132, "params": {"imputer_strategy": 0.48204100101262903, "knn_imputer": 0.144350520545071, "knn_imputer_k": 3.8661433077981813, "lasso_alpha": 0.0004538583977173084, "pca_components": 2.779125211496675, "sampling_strategy": 0.3412045821087024, "scaler_choice": 0.9465420482703326, "xgb_colsample_bytree": 0.47276156261210234, "xgb_gamma": 4.72617474751426, "xgb_learning_rate": 0.8405831356892942, "xgb_max_depth": 9.000552225994284, "xgb_n_estimators": 111.71743674145247, "xgb_reg_alpha": 1.5922920914980228, "xgb_reg_lambda": 4.376812419660658, "xgb_scale_pos_weight": 28.00801242264505, "xgb_subsample": 0.8816947320519427}, "datetime": {"datetime": "2023-11-13 19:51:47", "elapsed": 244.381869, "delta": 2.581333}}
{"target": 0.5679853815037575, "params": {"imputer_strategy": 0.4403541772088079, "knn_imputer": 0.13560377519363798, "knn_imputer_k": 6.392845886361878, "lasso_alpha": 1e-05, "pca_components": 4.487073902010797, "sampling_strategy": 0.467201223590726, "scaler_choice": 0.7170472352961053, "xgb_colsample_bytree": 0.1, "xgb_gamma": 1.3786699618855767, "xgb_learning_rate": 0.06958874377522803, "xgb_max_depth": 2.0, "xgb_n_estimators": 111.5244445926437, "xgb_reg_alpha": 4.689351860457281, "xgb_reg_lambda": 0.0, "xgb_scale_pos_weight": 29.739703865250576, "xgb_subsample": 0.5809629919782022}, "datetime": {"datetime": "2023-11-13 19:51:50", "elapsed": 247.38332, "delta": 3.001451}}
{"target": 0.5472965703101402, "params": {"imputer_strategy": 0.8659650046188999, "knn_imputer": 0.9978452498995005, "knn_imputer_k": 7.0, "lasso_alpha": 8.28265249718989e-05, "pca_components": 3.137519698075426, "sampling_strategy": 0.5, "scaler_choice": 0.6489301153751951, "xgb_colsample_bytree": 0.1, "xgb_gamma": 9.227389903032734, "xgb_learning_rate": 0.9688378570297209, "xgb_max_depth": 2.0, "xgb_n_estimators": 110.08876829529487, "xgb_reg_alpha": 2.300607153957891, "xgb_reg_lambda": 0.0, "xgb_scale_pos_weight": 26.440627798792143, "xgb_subsample": 0.6783161198513851}, "datetime": {"datetime": "2023-11-13 19:51:52", "elapsed": 249.834565, "delta": 2.451245}}
{"target": 0.0956931534074591, "params": {"imputer_strategy": 0.162348329928989, "knn_imputer": 0.0, "knn_imputer_k": 3.0, "lasso_alpha": 1e-05, "pca_components": 7.5271934430642915, "sampling_strategy": 0.40596881905884924, "scaler_choice": 0.3108528478172632, "xgb_colsample_bytree": 0.8767957086416915, "xgb_gamma": 0.0, "xgb_learning_rate": 0.24414872868673068, "xgb_max_depth": 6.676573087839414, "xgb_n_estimators": 110.08581682213145, "xgb_reg_alpha": 5.18136258293597, "xgb_reg_lambda": 0.14218598175151237, "xgb_scale_pos_weight": 23.868254414872474, "xgb_subsample": 0.9493119691318568}, "datetime": {"datetime": "2023-11-13 19:51:57", "elapsed": 254.241213, "delta": 4.406648}}
