{"target": 0.5880086563330941, "params": {"imputer_strategy": 0.8395026816311953, "knn_imputer": 0.2973674549823647, "knn_imputer_k": 4.567750083593241, "lasso_alpha": 0.0005303707410561857, "model_C": 0.8957611582550886, "model_penalty": 0.016169656710534608, "model_pos_class_weight": 19.23446394350687, "pca_components": 7.937397167522323, "sampling_strategy": 0.44721330541444637, "scaler_choice": 0.9090868774239589}, "datetime": {"datetime": "2023-11-13 23:40:57", "elapsed": 53.353053, "delta": 1.780853}}
{"target": 0.5879074573991468, "params": {"imputer_strategy": 0.0, "knn_imputer": 0.0, "knn_imputer_k": 5.826015261446187, "lasso_alpha": 1e-05, "model_C": 1.0, "model_penalty": 1.0, "model_pos_class_weight": 34.71070117336928, "pca_components": 3.0805328431224543, "sampling_strategy": 0.3, "scaler_choice": 0.0}, "datetime": {"datetime": "2023-11-13 23:40:59", "elapsed": 54.835931, "delta": 1.482878}}
{"target": 0.5877135700123876, "params": {"imputer_strategy": 0.0, "knn_imputer": 1.0, "knn_imputer_k": 3.1955902482678735, "lasso_alpha": 0.001, "model_C": 0.3844485080763957, "model_penalty": 1.0, "model_pos_class_weight": 19.843186210562145, "pca_components": 7.9545544307144835, "sampling_strategy": 0.5, "scaler_choice": 1.0}, "datetime": {"datetime": "2023-11-13 23:41:00", "elapsed": 56.450438, "delta": 1.614507}}
{"target": 0.5879933042377599, "params": {"imputer_strategy": 0.776548533874548, "knn_imputer": 0.8711048560655074, "knn_imputer_k": 6.33432638839669, "lasso_alpha": 0.0007127833325765499, "model_C": 0.48194771274278203, "model_penalty": 0.015056280660937893, "model_pos_class_weight": 20.52404583063024, "pca_components": 4.144581449670894, "sampling_strategy": 0.3973708122633515, "scaler_choice": 0.6183892706317048}, "datetime": {"datetime": "2023-11-13 23:41:02", "elapsed": 57.832475, "delta": 1.382037}}
{"target": 0.5828486990733209, "params": {"imputer_strategy": 1.0, "knn_imputer": 1.0, "knn_imputer_k": 4.386239350870842, "lasso_alpha": 1e-05, "model_C": 1e-05, "model_penalty": 0.0, "model_pos_class_weight": 20.473942505687244, "pca_components": 5.0793237617218985, "sampling_strategy": 0.5, "scaler_choice": 1.0}, "datetime": {"datetime": "2023-11-13 23:41:04", "elapsed": 59.738093, "delta": 1.905618}}
{"target": 0.5882485926277444, "params": {"imputer_strategy": 0.9019034108781522, "knn_imputer": 0.8982213084809361, "knn_imputer_k": 6.3401049097451345, "lasso_alpha": 0.00027900144332636495, "model_C": 0.17084596311824016, "model_penalty": 0.7303944937692137, "model_pos_class_weight": 19.593503119624664, "pca_components": 7.7949739132813605, "sampling_strategy": 0.3802172163402767, "scaler_choice": 0.697526783710489}, "datetime": {"datetime": "2023-11-13 23:41:05", "elapsed": 61.229569, "delta": 1.491476}}
{"target": 0.5879410055353264, "params": {"imputer_strategy": 0.047387049676959836, "knn_imputer": 0.9647210652926693, "knn_imputer_k": 6.748232246010913, "lasso_alpha": 0.0005760902613699889, "model_C": 0.5968040465975114, "model_penalty": 0.46443725178747897, "model_pos_class_weight": 21.62715064949341, "pca_components": 7.492914385468259, "sampling_strategy": 0.3698684480501905, "scaler_choice": 0.5434748933963376}, "datetime": {"datetime": "2023-11-13 23:41:07", "elapsed": 62.896338, "delta": 1.666769}}
{"target": 0.5899800052182854, "params": {"imputer_strategy": 0.012822663913136134, "knn_imputer": 0.6228659780543814, "knn_imputer_k": 4.218265533763853, "lasso_alpha": 0.00031970902581341813, "model_C": 0.044483652096020745, "model_penalty": 0.8167872374915031, "model_pos_class_weight": 22.09815829974078, "pca_components": 6.664601635957697, "sampling_strategy": 0.3876542667030801, "scaler_choice": 0.44634280090867573}, "datetime": {"datetime": "2023-11-13 23:41:08", "elapsed": 64.39424, "delta": 1.497902}}
{"target": 0.5878555704411904, "params": {"imputer_strategy": 0.7121768197959905, "knn_imputer": 0.5824166564589958, "knn_imputer_k": 5.882564171553315, "lasso_alpha": 0.00031837499659783, "model_C": 0.2662027224552158, "model_penalty": 0.754410546708107, "model_pos_class_weight": 23.112879613452222, "pca_components": 5.683697328943796, "sampling_strategy": 0.37003766910707797, "scaler_choice": 0.10607135604896734}, "datetime": {"datetime": "2023-11-13 23:41:10", "elapsed": 65.868081, "delta": 1.473841}}
{"target": 0.5879595361825393, "params": {"imputer_strategy": 0.6825755092480231, "knn_imputer": 0.3482393858667089, "knn_imputer_k": 5.436961608040739, "lasso_alpha": 4.0996596951989236e-05, "model_C": 0.7277655445326808, "model_penalty": 0.2534666876062306, "model_pos_class_weight": 23.027942063773168, "pca_components": 7.615622924246005, "sampling_strategy": 0.4019172905083176, "scaler_choice": 0.5193208281167759}, "datetime": {"datetime": "2023-11-13 23:41:11", "elapsed": 67.426148, "delta": 1.558067}}
{"target": 0.5878937425484103, "params": {"imputer_strategy": 0.5294151900055409, "knn_imputer": 0.10202887487788548, "knn_imputer_k": 4.126994433902764, "lasso_alpha": 0.0005072452152055676, "model_C": 0.9503009344762879, "model_penalty": 0.31191716804839287, "model_pos_class_weight": 22.944148584256205, "pca_components": 4.6072930943678925, "sampling_strategy": 0.3907760056658023, "scaler_choice": 0.29358144480087034}, "datetime": {"datetime": "2023-11-13 23:41:13", "elapsed": 69.337156, "delta": 1.911008}}
{"target": 0.5877032553300016, "params": {"imputer_strategy": 0.9772106674903308, "knn_imputer": 0.027724011689098327, "knn_imputer_k": 3.0726900361097966, "lasso_alpha": 0.0006007238137455462, "model_C": 0.6582640139058004, "model_penalty": 0.7876205638251653, "model_pos_class_weight": 23.055513792222683, "pca_components": 6.48481098330331, "sampling_strategy": 0.35618238638422217, "scaler_choice": 0.9891707813118396}, "datetime": {"datetime": "2023-11-13 23:41:15", "elapsed": 70.921918, "delta": 1.584762}}
{"target": 0.5879109831280263, "params": {"imputer_strategy": 0.0, "knn_imputer": 1.0, "knn_imputer_k": 4.134326252461218, "lasso_alpha": 0.0003092366837481704, "model_C": 1.0, "model_penalty": 0.0, "model_pos_class_weight": 23.68090469032234, "pca_components": 6.37849168129194, "sampling_strategy": 0.5, "scaler_choice": 0.0}, "datetime": {"datetime": "2023-11-13 23:41:17", "elapsed": 72.914511, "delta": 1.992593}}
{"target": 0.5877249541731582, "params": {"imputer_strategy": 0.0, "knn_imputer": 1.0, "knn_imputer_k": 3.0, "lasso_alpha": 0.001, "model_C": 1.0, "model_penalty": 1.0, "model_pos_class_weight": 20.828176893686777, "pca_components": 5.979325929398871, "sampling_strategy": 0.3, "scaler_choice": 1.0}, "datetime": {"datetime": "2023-11-13 23:41:19", "elapsed": 74.695065, "delta": 1.780554}}
{"target": 0.5879327691778123, "params": {"imputer_strategy": 1.0, "knn_imputer": 1.0, "knn_imputer_k": 7.0, "lasso_alpha": 0.001, "model_C": 0.7384128589899415, "model_penalty": 0.0, "model_pos_class_weight": 19.501256065330033, "pca_components": 5.845638688646364, "sampling_strategy": 0.5, "scaler_choice": 1.0}, "datetime": {"datetime": "2023-11-13 23:41:20", "elapsed": 76.410329, "delta": 1.715264}}
{"target": 0.589663607357317, "params": {"imputer_strategy": 0.6457578701953858, "knn_imputer": 0.14473183962147107, "knn_imputer_k": 4.690148281093025, "lasso_alpha": 0.0007134878709052336, "model_C": 0.013344921630978168, "model_penalty": 0.9662860595384954, "model_pos_class_weight": 24.439669426661055, "pca_components": 6.213216416403488, "sampling_strategy": 0.32620051453127724, "scaler_choice": 0.7289421684411763}, "datetime": {"datetime": "2023-11-13 23:41:22", "elapsed": 78.081003, "delta": 1.670674}}
{"target": 0.5, "params": {"imputer_strategy": 0.0, "knn_imputer": 0.0, "knn_imputer_k": 3.8006767489836637, "lasso_alpha": 0.001, "model_C": 1e-05, "model_penalty": 1.0, "model_pos_class_weight": 23.776565823341755, "pca_components": 7.892809090808121, "sampling_strategy": 0.3, "scaler_choice": 0.0}, "datetime": {"datetime": "2023-11-13 23:41:24", "elapsed": 79.872314, "delta": 1.791311}}
{"target": 0.5878875236965289, "params": {"imputer_strategy": 1.0, "knn_imputer": 1.0, "knn_imputer_k": 4.59597595532916, "lasso_alpha": 1e-05, "model_C": 1.0, "model_penalty": 0.2400975122188977, "model_pos_class_weight": 22.50582638634987, "pca_components": 6.111969993350215, "sampling_strategy": 0.5, "scaler_choice": 1.0}, "datetime": {"datetime": "2023-11-13 23:41:25", "elapsed": 81.55399, "delta": 1.681676}}
{"target": 0.5878359738653743, "params": {"imputer_strategy": 0.8335926498166957, "knn_imputer": 0.7503112079213327, "knn_imputer_k": 4.952488326295817, "lasso_alpha": 1e-05, "model_C": 0.9091946170155457, "model_penalty": 0.0, "model_pos_class_weight": 24.549307154820223, "pca_components": 5.341735794801287, "sampling_strategy": 0.4902403999709391, "scaler_choice": 1.0}, "datetime": {"datetime": "2023-11-13 23:41:27", "elapsed": 83.218832, "delta": 1.664842}}
{"target": 0.587790085796836, "params": {"imputer_strategy": 0.7780401102950814, "knn_imputer": 0.27285597445696164, "knn_imputer_k": 6.706477144297343, "lasso_alpha": 2.0653710272867428e-05, "model_C": 0.5688865999896388, "model_penalty": 0.2396017023977396, "model_pos_class_weight": 24.615467338221936, "pca_components": 6.5595110084866075, "sampling_strategy": 0.3280631137925511, "scaler_choice": 0.7664067879040921}, "datetime": {"datetime": "2023-11-13 23:41:28", "elapsed": 84.568772, "delta": 1.34994}}
{"target": 0.5, "params": {"imputer_strategy": 0.0, "knn_imputer": 0.0, "knn_imputer_k": 5.204840804937272, "lasso_alpha": 0.001, "model_C": 1e-05, "model_penalty": 1.0, "model_pos_class_weight": 24.19800659259743, "pca_components": 4.614573559092143, "sampling_strategy": 0.3, "scaler_choice": 1.0}, "datetime": {"datetime": "2023-11-13 23:41:30", "elapsed": 86.28304, "delta": 1.714268}}
{"target": 0.5877122276438091, "params": {"imputer_strategy": 0.7633825797094156, "knn_imputer": 0.09295783741943986, "knn_imputer_k": 5.129235524771037, "lasso_alpha": 0.00036764370377779734, "model_C": 0.4903724126121669, "model_penalty": 0.6600954563557773, "model_pos_class_weight": 21.884754086043003, "pca_components": 6.119454974490855, "sampling_strategy": 0.4246967154607368, "scaler_choice": 0.19860522376099243}, "datetime": {"datetime": "2023-11-13 23:41:32", "elapsed": 87.897144, "delta": 1.614104}}
{"target": 0.5879283451988162, "params": {"imputer_strategy": 0.8746862244816436, "knn_imputer": 0.11012395933036245, "knn_imputer_k": 3.3332863082045905, "lasso_alpha": 0.0005794966313431219, "model_C": 0.6956431059616884, "model_penalty": 0.12654874882272604, "model_pos_class_weight": 21.678591966895986, "pca_components": 6.186872421744602, "sampling_strategy": 0.34707676725159786, "scaler_choice": 0.5200925794897338}, "datetime": {"datetime": "2023-11-13 23:41:34", "elapsed": 89.610696, "delta": 1.713552}}
{"target": 0.587943863250038, "params": {"imputer_strategy": 1.0, "knn_imputer": 1.0, "knn_imputer_k": 5.59257544996999, "lasso_alpha": 0.001, "model_C": 1.0, "model_penalty": 1.0, "model_pos_class_weight": 35.324601919687474, "pca_components": 2.6675365718082764, "sampling_strategy": 0.5, "scaler_choice": 1.0}, "datetime": {"datetime": "2023-11-13 23:41:36", "elapsed": 91.671342, "delta": 2.060646}}
{"target": 0.5879354638662231, "params": {"imputer_strategy": 0.8149036744068163, "knn_imputer": 0.8686113446887449, "knn_imputer_k": 6.7535596331260415, "lasso_alpha": 0.0002186745494872252, "model_C": 0.7852584067106139, "model_penalty": 0.1681726521469582, "model_pos_class_weight": 22.963193636483197, "pca_components": 6.790690682363129, "sampling_strategy": 0.305185493153692, "scaler_choice": 0.626719778102321}, "datetime": {"datetime": "2023-11-13 23:41:37", "elapsed": 93.452377, "delta": 1.781035}}
{"target": 0.5878509341117493, "params": {"imputer_strategy": 0.3094186145690647, "knn_imputer": 0.0, "knn_imputer_k": 7.0, "lasso_alpha": 0.0005083704418070903, "model_C": 1.0, "model_penalty": 1.0, "model_pos_class_weight": 31.75646759527318, "pca_components": 3.1634290475406597, "sampling_strategy": 0.5, "scaler_choice": 0.0}, "datetime": {"datetime": "2023-11-13 23:41:39", "elapsed": 95.56655, "delta": 2.114173}}
{"target": 0.587798800903897, "params": {"imputer_strategy": 0.8717081678114016, "knn_imputer": 0.8521804152497704, "knn_imputer_k": 4.082049082281506, "lasso_alpha": 0.0002712147031093068, "model_C": 0.9334491694038145, "model_penalty": 0.16482391578172706, "model_pos_class_weight": 25.4552409298434, "pca_components": 6.6314220825837475, "sampling_strategy": 0.3137247109136638, "scaler_choice": 0.6058064809765561}, "datetime": {"datetime": "2023-11-13 23:41:41", "elapsed": 97.092038, "delta": 1.525488}}
{"target": 0.5878560235693527, "params": {"imputer_strategy": 1.0, "knn_imputer": 1.0, "knn_imputer_k": 5.4396579867347, "lasso_alpha": 1e-05, "model_C": 1.0, "model_penalty": 0.0, "model_pos_class_weight": 24.18238854794104, "pca_components": 6.439558951697959, "sampling_strategy": 0.5, "scaler_choice": 0.0}, "datetime": {"datetime": "2023-11-13 23:41:43", "elapsed": 99.099257, "delta": 2.007219}}
{"target": 0.58276981636574, "params": {"imputer_strategy": 0.0, "knn_imputer": 1.0, "knn_imputer_k": 5.014524432951124, "lasso_alpha": 1e-05, "model_C": 1e-05, "model_penalty": 0.0, "model_pos_class_weight": 20.75870290621945, "pca_components": 6.6019241969551565, "sampling_strategy": 0.5, "scaler_choice": 0.0}, "datetime": {"datetime": "2023-11-13 23:41:44", "elapsed": 100.525254, "delta": 1.425997}}
{"target": 0.5880194483180439, "params": {"imputer_strategy": 0.6548623044671613, "knn_imputer": 0.46079642810797283, "knn_imputer_k": 6.75170867038103, "lasso_alpha": 0.0004416606788979655, "model_C": 0.1997998657635629, "model_penalty": 0.7534329871670347, "model_pos_class_weight": 21.37981728354632, "pca_components": 5.602742176175604, "sampling_strategy": 0.4576948192916861, "scaler_choice": 0.032000899222805135}, "datetime": {"datetime": "2023-11-13 23:41:46", "elapsed": 102.126644, "delta": 1.60139}}
{"target": 0.5878776058168245, "params": {"imputer_strategy": 1.0, "knn_imputer": 1.0, "knn_imputer_k": 3.144504996590214, "lasso_alpha": 1e-05, "model_C": 1.0, "model_penalty": 0.0, "model_pos_class_weight": 23.851677222812928, "pca_components": 5.423360413105627, "sampling_strategy": 0.5, "scaler_choice": 0.6635240585260007}, "datetime": {"datetime": "2023-11-13 23:41:48", "elapsed": 104.027016, "delta": 1.900372}}
{"target": 0.5876625594236686, "params": {"imputer_strategy": 0.10827513309133563, "knn_imputer": 0.567971215773592, "knn_imputer_k": 3.0854933280521872, "lasso_alpha": 0.0003461454472192632, "model_C": 0.5145542550229018, "model_penalty": 0.5044890079988893, "model_pos_class_weight": 21.84875959969153, "pca_components": 4.519576712439403, "sampling_strategy": 0.44159501104186605, "scaler_choice": 0.5215711921706595}, "datetime": {"datetime": "2023-11-13 23:41:50", "elapsed": 105.631304, "delta": 1.604288}}
{"target": 0.5821884242969884, "params": {"imputer_strategy": 1.0, "knn_imputer": 1.0, "knn_imputer_k": 5.450596659810763, "lasso_alpha": 1e-05, "model_C": 1e-05, "model_penalty": 0.0, "model_pos_class_weight": 25.444630495157, "pca_components": 6.751531480830681, "sampling_strategy": 0.5, "scaler_choice": 1.0}, "datetime": {"datetime": "2023-11-13 23:41:51", "elapsed": 107.30653, "delta": 1.675226}}
{"target": 0.5, "params": {"imputer_strategy": 0.0, "knn_imputer": 1.0, "knn_imputer_k": 7.0, "lasso_alpha": 0.001, "model_C": 1e-05, "model_penalty": 1.0, "model_pos_class_weight": 20.292181824940382, "pca_components": 6.3876844273251505, "sampling_strategy": 0.5, "scaler_choice": 1.0}, "datetime": {"datetime": "2023-11-13 23:41:53", "elapsed": 108.971252, "delta": 1.664722}}
{"target": 0.587898706829474, "params": {"imputer_strategy": 0.0, "knn_imputer": 0.5887911977868385, "knn_imputer_k": 6.317071940395493, "lasso_alpha": 0.001, "model_C": 1.0, "model_penalty": 0.0, "model_pos_class_weight": 34.9477303801698, "pca_components": 2.3666815927674647, "sampling_strategy": 0.3, "scaler_choice": 1.0}, "datetime": {"datetime": "2023-11-13 23:41:55", "elapsed": 110.608058, "delta": 1.636806}}
{"target": 0.5878988236906311, "params": {"imputer_strategy": 1.0, "knn_imputer": 1.0, "knn_imputer_k": 5.711771961157519, "lasso_alpha": 1e-05, "model_C": 1.0, "model_penalty": 0.0, "model_pos_class_weight": 21.785742181115022, "pca_components": 7.2316637552706124, "sampling_strategy": 0.3, "scaler_choice": 0.0}, "datetime": {"datetime": "2023-11-13 23:41:56", "elapsed": 112.48275, "delta": 1.874692}}
{"target": 0.5879056734821656, "params": {"imputer_strategy": 1.0, "knn_imputer": 0.8580412961760531, "knn_imputer_k": 5.9310404385742075, "lasso_alpha": 1e-05, "model_C": 1.0, "model_penalty": 0.0, "model_pos_class_weight": 21.838767697122723, "pca_components": 5.129491017589518, "sampling_strategy": 0.3, "scaler_choice": 0.0}, "datetime": {"datetime": "2023-11-13 23:41:58", "elapsed": 114.150792, "delta": 1.668042}}
{"target": 0.5878854711140812, "params": {"imputer_strategy": 1.0, "knn_imputer": 0.0, "knn_imputer_k": 3.5591616394549828, "lasso_alpha": 1e-05, "model_C": 1.0, "model_penalty": 0.0, "model_pos_class_weight": 33.838712203695835, "pca_components": 3.0503623176073296, "sampling_strategy": 0.3, "scaler_choice": 1.0}, "datetime": {"datetime": "2023-11-13 23:42:00", "elapsed": 115.898488, "delta": 1.747696}}
{"target": 0.5877399164008951, "params": {"imputer_strategy": 1.0, "knn_imputer": 1.0, "knn_imputer_k": 4.175554555494198, "lasso_alpha": 0.001, "model_C": 1.0, "model_penalty": 1.0, "model_pos_class_weight": 20.383543235882623, "pca_components": 6.824463670796018, "sampling_strategy": 0.3, "scaler_choice": 0.35466184019988306}, "datetime": {"datetime": "2023-11-13 23:42:02", "elapsed": 118.062972, "delta": 2.164484}}
