{"target": 0.5508101289214635, "params": {"imputer_strategy": 0.03805005524988758, "knn_imputer": 0.4523479768912778, "knn_imputer_k": 4.515034930550286, "lasso_alpha": 0.0006078205875020376, "pca_components": 2.6708480563725265, "sampling_strategy": 0.48779555530291985, "scaler_choice": 0.15009595410128762, "xgb_colsample_bytree": 0.3473716754741034, "xgb_gamma": 6.480110762903663, "xgb_learning_rate": 0.8523979710761859, "xgb_max_depth": 2.1882895329149, "xgb_n_estimators": 116.51266471157115, "xgb_reg_alpha": 0.2489808390765258, "xgb_reg_lambda": 3.777268931603591, "xgb_scale_pos_weight": 33.36209372140395, "xgb_subsample": 0.6510414379301321}, "datetime": {"datetime": "2023-11-13 19:51:59", "elapsed": 256.845766, "delta": 2.604553}}
{"target": 0.5160213538620816, "params": {"imputer_strategy": 1.0, "knn_imputer": 0.0, "knn_imputer_k": 7.0, "lasso_alpha": 1e-05, "pca_components": 2.0, "sampling_strategy": 0.3, "scaler_choice": 1.0, "xgb_colsample_bytree": 0.1, "xgb_gamma": 2.8520226242494435, "xgb_learning_rate": 1.0, "xgb_max_depth": 2.0, "xgb_n_estimators": 115.45719507429604, "xgb_reg_alpha": 0.0, "xgb_reg_lambda": 0.0, "xgb_scale_pos_weight": 28.263813948739188, "xgb_subsample": 0.5}, "datetime": {"datetime": "2023-11-13 19:52:02", "elapsed": 259.373877, "delta": 2.528111}}
{"target": 0.5564128275812139, "params": {"imputer_strategy": 0.8744437583573356, "knn_imputer": 0.9160676687558653, "knn_imputer_k": 5.0499975793750425, "lasso_alpha": 0.00045030398093678014, "pca_components": 2.3000006149361383, "sampling_strategy": 0.45301865555133203, "scaler_choice": 0.954769277674828, "xgb_colsample_bytree": 0.6686535067704182, "xgb_gamma": 7.9602606747047595, "xgb_learning_rate": 0.8189319661440713, "xgb_max_depth": 4.282197498236229, "xgb_n_estimators": 107.77983827050485, "xgb_reg_alpha": 1.1904210490564104, "xgb_reg_lambda": 6.006829056862565, "xgb_scale_pos_weight": 30.454847562486542, "xgb_subsample": 0.6672210593671188}, "datetime": {"datetime": "2023-11-13 19:52:04", "elapsed": 261.568965, "delta": 2.195088}}
{"target": 0.5593849331886854, "params": {"imputer_strategy": 0.9232412212294954, "knn_imputer": 0.5999943113821684, "knn_imputer_k": 3.799161602811056, "lasso_alpha": 0.0001466427752781956, "pca_components": 2.3083679283434817, "sampling_strategy": 0.4940375560778273, "scaler_choice": 0.8389953164912053, "xgb_colsample_bytree": 0.3479805290633467, "xgb_gamma": 9.06552329642112, "xgb_learning_rate": 0.6195364909266046, "xgb_max_depth": 17.88568376240803, "xgb_n_estimators": 489.6665875721621, "xgb_reg_alpha": 2.832698411118746, "xgb_reg_lambda": 6.522247958592687, "xgb_scale_pos_weight": 21.481405021080413, "xgb_subsample": 0.786505430977517}, "datetime": {"datetime": "2023-11-13 19:52:08", "elapsed": 265.49312, "delta": 3.924155}}
{"target": 0.5713947435794242, "params": {"imputer_strategy": 0.0, "knn_imputer": 0.7775375807301845, "knn_imputer_k": 3.0, "lasso_alpha": 0.0008015755357337111, "pca_components": 2.0, "sampling_strategy": 0.41195835501615785, "scaler_choice": 1.0, "xgb_colsample_bytree": 0.1, "xgb_gamma": 7.79577035727587, "xgb_learning_rate": 1.0, "xgb_max_depth": 2.879653070391399, "xgb_n_estimators": 114.38765566336089, "xgb_reg_alpha": 0.0, "xgb_reg_lambda": 5.182048633330078, "xgb_scale_pos_weight": 23.712380071757288, "xgb_subsample": 1.0}, "datetime": {"datetime": "2023-11-13 19:52:10", "elapsed": 267.65125, "delta": 2.15813}}
{"target": 0.5699928188583645, "params": {"imputer_strategy": 0.0, "knn_imputer": 0.0, "knn_imputer_k": 7.0, "lasso_alpha": 0.001, "pca_components": 2.0, "sampling_strategy": 0.3, "scaler_choice": 1.0, "xgb_colsample_bytree": 1.0, "xgb_gamma": 10.0, "xgb_learning_rate": 0.9855819840458707, "xgb_max_depth": 15.38690341909883, "xgb_n_estimators": 489.5774004302594, "xgb_reg_alpha": 10.0, "xgb_reg_lambda": 6.7094126856808325, "xgb_scale_pos_weight": 25.599957983693578, "xgb_subsample": 0.5}, "datetime": {"datetime": "2023-11-13 19:52:14", "elapsed": 271.674431, "delta": 4.023181}}
{"target": 0.553116811855996, "params": {"imputer_strategy": 0.6874859617028205, "knn_imputer": 0.25089822345865775, "knn_imputer_k": 5.784294332791353, "lasso_alpha": 0.0007829665233603643, "pca_components": 3.7009316481981953, "sampling_strategy": 0.47344535177003333, "scaler_choice": 0.8480004952371973, "xgb_colsample_bytree": 0.24680685115462572, "xgb_gamma": 7.954029360271053, "xgb_learning_rate": 0.5205356195692605, "xgb_max_depth": 5.427010490811538, "xgb_n_estimators": 112.96000746211887, "xgb_reg_alpha": 6.346858575636601, "xgb_reg_lambda": 0.49566810922210935, "xgb_scale_pos_weight": 34.25164239289042, "xgb_subsample": 0.5934955083743261}, "datetime": {"datetime": "2023-11-13 19:52:16", "elapsed": 273.846801, "delta": 2.17237}}
{"target": 0.5556704259891928, "params": {"imputer_strategy": 0.018320838541552198, "knn_imputer": 0.7527683511634307, "knn_imputer_k": 4.158326087007188, "lasso_alpha": 0.0006327746520036697, "pca_components": 3.69817627153264, "sampling_strategy": 0.41977639922014276, "scaler_choice": 0.8213621837905392, "xgb_colsample_bytree": 0.2822448027239336, "xgb_gamma": 1.3142113082328544, "xgb_learning_rate": 0.9433205512365824, "xgb_max_depth": 2.100828001241129, "xgb_n_estimators": 108.93468531578092, "xgb_reg_alpha": 4.899715797864435, "xgb_reg_lambda": 4.058754167151859, "xgb_scale_pos_weight": 35.400045997325655, "xgb_subsample": 0.6364593649601634}, "datetime": {"datetime": "2023-11-13 19:52:19", "elapsed": 276.122282, "delta": 2.275481}}
{"target": 0.5568696050661872, "params": {"imputer_strategy": 0.0, "knn_imputer": 0.7694655114214977, "knn_imputer_k": 3.0, "lasso_alpha": 0.001, "pca_components": 2.0, "sampling_strategy": 0.31991570995327423, "scaler_choice": 1.0, "xgb_colsample_bytree": 0.1, "xgb_gamma": 10.0, "xgb_learning_rate": 1.0, "xgb_max_depth": 9.598895580667788, "xgb_n_estimators": 115.04180122138698, "xgb_reg_alpha": 0.0, "xgb_reg_lambda": 7.94832344276908, "xgb_scale_pos_weight": 29.57389443256934, "xgb_subsample": 1.0}, "datetime": {"datetime": "2023-11-13 19:52:21", "elapsed": 278.287686, "delta": 2.165404}}
{"target": 0.5619602492196261, "params": {"imputer_strategy": 0.484704049869365, "knn_imputer": 0.21841950593570325, "knn_imputer_k": 5.252670494015824, "lasso_alpha": 0.00017486541599101235, "pca_components": 4.347084451739405, "sampling_strategy": 0.37421657836905103, "scaler_choice": 0.02411491823709011, "xgb_colsample_bytree": 0.7310396784204983, "xgb_gamma": 6.32571860192682, "xgb_learning_rate": 0.6336669228092043, "xgb_max_depth": 13.674894539217076, "xgb_n_estimators": 113.19643838740481, "xgb_reg_alpha": 4.055823621266964, "xgb_reg_lambda": 8.261266670704083, "xgb_scale_pos_weight": 36.02404812544596, "xgb_subsample": 0.634606739576415}, "datetime": {"datetime": "2023-11-13 19:52:23", "elapsed": 280.902785, "delta": 2.615099}}
{"target": 0.5639121379136959, "params": {"imputer_strategy": 0.0, "knn_imputer": 0.0, "knn_imputer_k": 7.0, "lasso_alpha": 0.0007648833867660972, "pca_components": 2.0, "sampling_strategy": 0.5, "scaler_choice": 1.0, "xgb_colsample_bytree": 0.1, "xgb_gamma": 4.562855108359728, "xgb_learning_rate": 0.0001, "xgb_max_depth": 6.028495435373212, "xgb_n_estimators": 113.843035278125, "xgb_reg_alpha": 4.60420443447104, "xgb_reg_lambda": 9.749138921519426, "xgb_scale_pos_weight": 32.37872826048253, "xgb_subsample": 0.8568527637295276}, "datetime": {"datetime": "2023-11-13 19:52:26", "elapsed": 283.927281, "delta": 3.024496}}
{"target": 0.5629924281905292, "params": {"imputer_strategy": 0.3526594954799628, "knn_imputer": 0.8081048931554767, "knn_imputer_k": 3.7398719925433626, "lasso_alpha": 0.0006023807708035246, "pca_components": 2.138990945206813, "sampling_strategy": 0.4876116516806303, "scaler_choice": 0.6364427944834282, "xgb_colsample_bytree": 0.9625986181505651, "xgb_gamma": 8.505375547182027, "xgb_learning_rate": 0.5195914701889015, "xgb_max_depth": 7.206572268697588, "xgb_n_estimators": 112.5859636840397, "xgb_reg_alpha": 0.32306746479431436, "xgb_reg_lambda": 7.867548253833418, "xgb_scale_pos_weight": 38.53172306472875, "xgb_subsample": 0.5597754328335552}, "datetime": {"datetime": "2023-11-13 19:52:29", "elapsed": 286.257082, "delta": 2.329801}}
{"target": 0.5596090033545961, "params": {"imputer_strategy": 1.0, "knn_imputer": 0.0, "knn_imputer_k": 7.0, "lasso_alpha": 0.001, "pca_components": 2.0, "sampling_strategy": 0.5, "scaler_choice": 1.0, "xgb_colsample_bytree": 0.1, "xgb_gamma": 4.904952307441731, "xgb_learning_rate": 1.0, "xgb_max_depth": 11.608125375733103, "xgb_n_estimators": 108.48141420929653, "xgb_reg_alpha": 0.0, "xgb_reg_lambda": 10.0, "xgb_scale_pos_weight": 32.26598470182481, "xgb_subsample": 0.5}, "datetime": {"datetime": "2023-11-13 19:52:31", "elapsed": 288.662704, "delta": 2.405622}}
{"target": 0.5586834616417387, "params": {"imputer_strategy": 0.0, "knn_imputer": 1.0, "knn_imputer_k": 7.0, "lasso_alpha": 0.001, "pca_components": 2.0, "sampling_strategy": 0.30945584298363576, "scaler_choice": 1.0, "xgb_colsample_bytree": 0.1, "xgb_gamma": 3.093574376682899, "xgb_learning_rate": 0.0001, "xgb_max_depth": 9.384731062671747, "xgb_n_estimators": 111.60252097136173, "xgb_reg_alpha": 0.0, "xgb_reg_lambda": 3.0205570472324097, "xgb_scale_pos_weight": 36.19461693639851, "xgb_subsample": 1.0}, "datetime": {"datetime": "2023-11-13 19:52:33", "elapsed": 291.06404, "delta": 2.401336}}
{"target": 0.5581244167269186, "params": {"imputer_strategy": 1.0, "knn_imputer": 1.0, "knn_imputer_k": 3.0, "lasso_alpha": 0.0008062528377172852, "pca_components": 2.0, "sampling_strategy": 0.3, "scaler_choice": 0.0, "xgb_colsample_bytree": 0.1, "xgb_gamma": 10.0, "xgb_learning_rate": 0.0001, "xgb_max_depth": 11.341806406647214, "xgb_n_estimators": 500.0, "xgb_reg_alpha": 10.0, "xgb_reg_lambda": 0.0, "xgb_scale_pos_weight": 20.0, "xgb_subsample": 1.0}, "datetime": {"datetime": "2023-11-13 19:52:37", "elapsed": 294.488399, "delta": 3.424359}}
{"target": 0.5215586022391175, "params": {"imputer_strategy": 1.0, "knn_imputer": 1.0, "knn_imputer_k": 3.0, "lasso_alpha": 1e-05, "pca_components": 2.0, "sampling_strategy": 0.5, "scaler_choice": 1.0, "xgb_colsample_bytree": 0.20671686041251905, "xgb_gamma": 1.2482806163450326, "xgb_learning_rate": 1.0, "xgb_max_depth": 10.080687598505932, "xgb_n_estimators": 116.41802479950898, "xgb_reg_alpha": 0.0, "xgb_reg_lambda": 9.98242583151347, "xgb_scale_pos_weight": 34.24798356254699, "xgb_subsample": 0.5}, "datetime": {"datetime": "2023-11-13 19:52:39", "elapsed": 296.894795, "delta": 2.406396}}
{"target": 0.5650073658152572, "params": {"imputer_strategy": 0.6289118099490705, "knn_imputer": 0.5023948049015583, "knn_imputer_k": 6.214044224442643, "lasso_alpha": 0.0002142430316626631, "pca_components": 7.711085565890525, "sampling_strategy": 0.3078411601485616, "scaler_choice": 0.9359861503283416, "xgb_colsample_bytree": 0.7084000063106434, "xgb_gamma": 7.0995236085560816, "xgb_learning_rate": 0.21127536960429955, "xgb_max_depth": 6.388536882862278, "xgb_n_estimators": 111.68965967921886, "xgb_reg_alpha": 8.712864662266675, "xgb_reg_lambda": 8.212308160548815, "xgb_scale_pos_weight": 38.82375508043018, "xgb_subsample": 0.9141853479066417}, "datetime": {"datetime": "2023-11-13 19:52:42", "elapsed": 299.562322, "delta": 2.667527}}
{"target": 0.5667738118657999, "params": {"imputer_strategy": 0.7248423248505284, "knn_imputer": 0.14779210089182104, "knn_imputer_k": 6.571165320839588, "lasso_alpha": 0.000933343949186796, "pca_components": 2.5066994284936275, "sampling_strategy": 0.45412956204464183, "scaler_choice": 0.9946589287519092, "xgb_colsample_bytree": 0.6641508235370286, "xgb_gamma": 9.651295221578359, "xgb_learning_rate": 0.36177789317005066, "xgb_max_depth": 9.931447136592855, "xgb_n_estimators": 119.945231131446, "xgb_reg_alpha": 7.222137212860287, "xgb_reg_lambda": 7.844762814835228, "xgb_scale_pos_weight": 37.6721862895766, "xgb_subsample": 0.9703763574136632}, "datetime": {"datetime": "2023-11-13 19:52:44", "elapsed": 301.91852, "delta": 2.356198}}
{"target": 0.5266869319266783, "params": {"imputer_strategy": 0.19747559672109008, "knn_imputer": 0.0, "knn_imputer_k": 7.0, "lasso_alpha": 0.0008958616503732284, "pca_components": 2.0, "sampling_strategy": 0.5, "scaler_choice": 1.0, "xgb_colsample_bytree": 0.1, "xgb_gamma": 10.0, "xgb_learning_rate": 0.0001, "xgb_max_depth": 13.020221073442949, "xgb_n_estimators": 110.3562325228511, "xgb_reg_alpha": 0.5707020834565666, "xgb_reg_lambda": 2.8561157255669833, "xgb_scale_pos_weight": 32.299178517432495, "xgb_subsample": 1.0}, "datetime": {"datetime": "2023-11-13 19:52:47", "elapsed": 304.277984, "delta": 2.359464}}
{"target": 0.5282653873282077, "params": {"imputer_strategy": 1.0, "knn_imputer": 1.0, "knn_imputer_k": 3.0, "lasso_alpha": 0.001, "pca_components": 2.0, "sampling_strategy": 0.48730688147916373, "scaler_choice": 1.0, "xgb_colsample_bytree": 0.1, "xgb_gamma": 10.0, "xgb_learning_rate": 1.0, "xgb_max_depth": 7.92585663739491, "xgb_n_estimators": 112.65162108933974, "xgb_reg_alpha": 8.79926146817685, "xgb_reg_lambda": 10.0, "xgb_scale_pos_weight": 34.80424431623351, "xgb_subsample": 1.0}, "datetime": {"datetime": "2023-11-13 19:52:49", "elapsed": 306.30981, "delta": 2.031826}}
