{"target": 0.583583554563067, "params": {"imputer_strategy": 0.3745401188473625, "knn_imputer": 0.9507143064099162, "knn_imputer_k": 5.92797576724562, "lasso_alpha": 0.0006026718993550663, "model_C": 0.15602708025603212, "model_penalty": 0.15599452033620265, "model_pos_class_weight": 6.750277604651747, "pca_components": 7.197056874649611, "sampling_strategy": 0.32050175528444397, "scaler_choice": 0.7080725777960455}, "datetime": {"datetime": "2023-11-13 15:02:20", "elapsed": 0.0, "delta": 0.0}}
{"target": 0.5780217962129537, "params": {"imputer_strategy": 0.020584494295802447, "knn_imputer": 0.9699098521619943, "knn_imputer_k": 6.329770563201687, "lasso_alpha": 0.00022021571957149338, "model_C": 0.18183314895742855, "model_penalty": 0.18340450985343382, "model_pos_class_weight": 31.119982052994235, "pca_components": 5.148538589793427, "sampling_strategy": 0.24437525838895208, "scaler_choice": 0.2912291401980419}, "datetime": {"datetime": "2023-11-13 15:02:21", "elapsed": 1.088514, "delta": 1.088514}}
{"target": 0.5920565854169323, "params": {"imputer_strategy": 0.6118528947223795, "knn_imputer": 0.13949386065204183, "knn_imputer_k": 4.168578594140873, "lasso_alpha": 0.00037269822486075483, "model_C": 0.45607542351719377, "model_penalty": 0.7851759613930136, "model_pos_class_weight": 20.767704433677615, "pca_components": 5.085406630481669, "sampling_strategy": 0.3165865559879191, "scaler_choice": 0.046450412719997725}, "datetime": {"datetime": "2023-11-13 15:02:31", "elapsed": 11.431394, "delta": 10.34288}}
{"target": 0.5919460905947018, "params": {"imputer_strategy": 0.6075448519014384, "knn_imputer": 0.17052412368729153, "knn_imputer_k": 3.260206371941118, "lasso_alpha": 0.0009493966818807999, "model_C": 0.9656323767542286, "model_penalty": 0.8083973481164611, "model_pos_class_weight": 31.156763148163698, "pca_components": 2.586032684038303, "sampling_strategy": 0.3579048619304706, "scaler_choice": 0.4401524937396013}, "datetime": {"datetime": "2023-11-13 15:02:41", "elapsed": 21.380678, "delta": 9.949284}}
{"target": 0.5914156413184471, "params": {"imputer_strategy": 0.12203823484477883, "knn_imputer": 0.4951769101112702, "knn_imputer_k": 3.1375540844608736, "lasso_alpha": 0.0009102271980579943, "model_C": 0.25878739380020094, "model_penalty": 0.662522284353982, "model_pos_class_weight": 31.859396532851683, "pca_components": 5.120408127066865, "sampling_strategy": 0.2960196257044759, "scaler_choice": 0.18485445552552704}, "datetime": {"datetime": "2023-11-13 15:02:51", "elapsed": 31.260103, "delta": 9.879425}}
{"target": 0.5837589589443537, "params": {"imputer_strategy": 0.1555696243356378, "knn_imputer": 0.493953473250499, "knn_imputer_k": 3.652761837546529, "lasso_alpha": 0.0008771429071820811, "model_C": 0.9322399539583746, "model_penalty": 0.39999588164284783, "model_pos_class_weight": 31.26907752701879, "pca_components": 3.6758965725754926, "sampling_strategy": 0.43687730569583044, "scaler_choice": 0.6824419246266452}, "datetime": {"datetime": "2023-11-13 15:02:52", "elapsed": 32.243751, "delta": 0.983648}}
{"target": 0.5804988356017935, "params": {"imputer_strategy": 0.8885952111277301, "knn_imputer": 0.7116360559045604, "knn_imputer_k": 3.9410247912417105, "lasso_alpha": 0.00040283665975170694, "model_C": 0.10101467439549262, "model_penalty": 0.3727621315817131, "model_pos_class_weight": 1.4880044598678106, "pca_components": 5.255111098912972, "sampling_strategy": 0.07329478484415969, "scaler_choice": 0.11030190523390881}, "datetime": {"datetime": "2023-11-13 15:02:53", "elapsed": 33.221457, "delta": 0.977706}}
{"target": 0.5916733522034602, "params": {"imputer_strategy": 0.8997337416420517, "knn_imputer": 0.21117719718282202, "knn_imputer_k": 5.960177394075348, "lasso_alpha": 0.0007670061470968441, "model_C": 0.38341890175616206, "model_penalty": 0.6494570044271759, "model_pos_class_weight": 12.979467593663934, "pca_components": 4.318017011949422, "sampling_strategy": 0.21449067677708422, "scaler_choice": 0.5539345382508643}, "datetime": {"datetime": "2023-11-13 15:03:05", "elapsed": 45.353931, "delta": 12.132474}}
{"target": 0.5686219303089053, "params": {"imputer_strategy": 0.4477650025189669, "knn_imputer": 0.8247474595486356, "knn_imputer_k": 6.211450559995946, "lasso_alpha": 0.0001777612354860366, "model_C": 0.03515133771644538, "model_penalty": 0.3772250466112428, "model_pos_class_weight": 35.10243650150724, "pca_components": 3.5691182372161223, "sampling_strategy": 0.41900193572585115, "scaler_choice": 0.9794332222263649}, "datetime": {"datetime": "2023-11-13 15:03:06", "elapsed": 46.281174, "delta": 0.927243}}
{"target": 0.5856354919949605, "params": {"imputer_strategy": 0.4021547537408027, "knn_imputer": 0.2274397083723313, "knn_imputer_k": 3.140293654670697, "lasso_alpha": 0.0003626834722951233, "model_C": 0.23109411762480925, "model_penalty": 0.3630189860966291, "model_pos_class_weight": 22.972030148491854, "pca_components": 7.004465476180091, "sampling_strategy": 0.29389468644232986, "scaler_choice": 0.27318427301998016}, "datetime": {"datetime": "2023-11-13 15:03:07", "elapsed": 47.309411, "delta": 1.028237}}
{"target": 0.5792869729029183, "params": {"imputer_strategy": 0.44363097653517247, "knn_imputer": 0.20402933097470732, "knn_imputer_k": 5.49697954243559, "lasso_alpha": 0.0007465021485508985, "model_C": 0.0896344218444451, "model_penalty": 0.3551610176186486, "model_pos_class_weight": 26.543072344469437, "pca_components": 6.202551256483261, "sampling_strategy": 0.4545924547273332, "scaler_choice": 0.06662505321778645}, "datetime": {"datetime": "2023-11-13 15:03:08", "elapsed": 48.250405, "delta": 0.940994}}
{"target": 0.5917996893535805, "params": {"imputer_strategy": 0.4074473570111482, "knn_imputer": 0.22571591693759685, "knn_imputer_k": 3.9463530123928785, "lasso_alpha": 0.0009826374473805616, "model_C": 0.6214788277364369, "model_penalty": 0.8848126620042243, "model_pos_class_weight": 21.05968431145269, "pca_components": 5.23744665773746, "sampling_strategy": 0.20519804945200543, "scaler_choice": 0.16806480538023738}, "datetime": {"datetime": "2023-11-13 15:03:20", "elapsed": 60.083649, "delta": 11.833244}}
{"target": 0.5914024120208571, "params": {"imputer_strategy": 0.044602026579219446, "knn_imputer": 0.6829201650600147, "knn_imputer_k": 3.670469876870826, "lasso_alpha": 0.001, "model_C": 0.9686160719465683, "model_penalty": 0.981152109264182, "model_pos_class_weight": 19.038089696790653, "pca_components": 5.421496585567983, "sampling_strategy": 0.05, "scaler_choice": 0.5542237998918648}, "datetime": {"datetime": "2023-11-13 15:03:32", "elapsed": 71.904207, "delta": 11.820558}}
{"target": 0.5919941222956439, "params": {"imputer_strategy": 0.722526032043522, "knn_imputer": 0.22280381618517192, "knn_imputer_k": 5.20556917230872, "lasso_alpha": 0.0007734983978923201, "model_C": 0.47040846202191006, "model_penalty": 0.7348271070518887, "model_pos_class_weight": 15.960843551363602, "pca_components": 4.6462873111932295, "sampling_strategy": 0.21813669530856686, "scaler_choice": 0.40481431213874186}, "datetime": {"datetime": "2023-11-13 15:03:45", "elapsed": 84.70912, "delta": 12.804913}}
{"target": 0.5755956400347599, "params": {"imputer_strategy": 0.005323213406440042, "knn_imputer": 0.8580484094414627, "knn_imputer_k": 5.212870819181849, "lasso_alpha": 0.00022668841174770408, "model_C": 0.6759260363404128, "model_penalty": 0.3322629570096506, "model_pos_class_weight": 18.421662170491135, "pca_components": 2.70177137337254, "sampling_strategy": 0.0694100690044694, "scaler_choice": 0.6659285848675002}, "datetime": {"datetime": "2023-11-13 15:03:46", "elapsed": 85.999803, "delta": 1.290683}}
{"target": 0.5919753911038994, "params": {"imputer_strategy": 0.9550530586609478, "knn_imputer": 0.03171195751433052, "knn_imputer_k": 4.932194657673617, "lasso_alpha": 0.001, "model_C": 0.5109528592455335, "model_penalty": 1.0, "model_pos_class_weight": 14.303663382238842, "pca_components": 5.934375630799466, "sampling_strategy": 0.23470446377263546, "scaler_choice": 0.3929305306200431}, "datetime": {"datetime": "2023-11-13 15:03:59", "elapsed": 98.923715, "delta": 12.923912}}
{"target": 0.591845142861529, "params": {"imputer_strategy": 0.8255330731240254, "knn_imputer": 0.4898192291492466, "knn_imputer_k": 4.439671438177184, "lasso_alpha": 0.00029575852748785675, "model_C": 0.8032612828252438, "model_penalty": 0.933587958484461, "model_pos_class_weight": 16.947087821179004, "pca_components": 7.041812865749085, "sampling_strategy": 0.33906883931481074, "scaler_choice": 0.5443215733337678}, "datetime": {"datetime": "2023-11-13 15:04:11", "elapsed": 111.459392, "delta": 12.535677}}
{"target": 0.5919695434018054, "params": {"imputer_strategy": 1.0, "knn_imputer": 0.0, "knn_imputer_k": 5.227899228048812, "lasso_alpha": 0.001, "model_C": 1.0, "model_penalty": 1.0, "model_pos_class_weight": 19.735596454348805, "pca_components": 7.37125070322905, "sampling_strategy": 0.05, "scaler_choice": 0.0}, "datetime": {"datetime": "2023-11-13 15:04:23", "elapsed": 123.413411, "delta": 11.954019}}
{"target": 0.4297059201051329, "params": {"imputer_strategy": 0.0, "knn_imputer": 0.0, "knn_imputer_k": 7.0, "lasso_alpha": 0.001, "model_C": 1e-05, "model_penalty": 1.0, "model_pos_class_weight": 15.887924896954297, "pca_components": 6.745882422318818, "sampling_strategy": 0.5, "scaler_choice": 0.0}, "datetime": {"datetime": "2023-11-13 15:04:24", "elapsed": 124.329412, "delta": 0.916001}}
{"target": 0.5920190481280099, "params": {"imputer_strategy": 0.5781660107622051, "knn_imputer": 0.9070741234955818, "knn_imputer_k": 3.1963942551896007, "lasso_alpha": 0.0004823727038278261, "model_C": 0.4612875865238919, "model_penalty": 0.9481645261701444, "model_pos_class_weight": 15.034237358739265, "pca_components": 4.964649787486418, "sampling_strategy": 0.3592708088004553, "scaler_choice": 0.6062283851661555}, "datetime": {"datetime": "2023-11-13 15:04:37", "elapsed": 137.57313, "delta": 13.243718}}
{"target": 0.5896221248998935, "params": {"imputer_strategy": 1.0, "knn_imputer": 0.0, "knn_imputer_k": 4.323991992249665, "lasso_alpha": 0.001, "model_C": 1.0, "model_penalty": 0.0, "model_pos_class_weight": 14.473755844133564, "pca_components": 3.4533169603020326, "sampling_strategy": 0.05, "scaler_choice": 1.0}, "datetime": {"datetime": "2023-11-13 15:04:39", "elapsed": 139.093737, "delta": 1.520607}}
{"target": 0.5878268157637155, "params": {"imputer_strategy": 1.0, "knn_imputer": 0.1956063493844707, "knn_imputer_k": 3.0, "lasso_alpha": 1e-05, "model_C": 1.0, "model_penalty": 0.0, "model_pos_class_weight": 18.64301516457035, "pca_components": 7.6443435765532834, "sampling_strategy": 0.4255244512949638, "scaler_choice": 1.0}, "datetime": {"datetime": "2023-11-13 15:04:40", "elapsed": 140.492083, "delta": 1.398346}}
{"target": 0.5920145913359834, "params": {"imputer_strategy": 0.9121051059653528, "knn_imputer": 0.29017171944365827, "knn_imputer_k": 3.5007961146392446, "lasso_alpha": 0.0007014815373164436, "model_C": 0.6816048286537362, "model_penalty": 0.7502742216296318, "model_pos_class_weight": 12.399182845586981, "pca_components": 5.803542772705628, "sampling_strategy": 0.28910078157848346, "scaler_choice": 0.8236515862080639}, "datetime": {"datetime": "2023-11-13 15:04:53", "elapsed": 153.419595, "delta": 12.927512}}
{"target": 0.5922223105344003, "params": {"imputer_strategy": 1.0, "knn_imputer": 0.0, "knn_imputer_k": 3.0, "lasso_alpha": 1e-05, "model_C": 1.0, "model_penalty": 0.0, "model_pos_class_weight": 15.195444686249122, "pca_components": 7.060619677633938, "sampling_strategy": 0.05, "scaler_choice": 1.0}, "datetime": {"datetime": "2023-11-13 15:04:55", "elapsed": 154.936734, "delta": 1.517139}}
{"target": 0.44898167791419547, "params": {"imputer_strategy": 0.0, "knn_imputer": 0.0, "knn_imputer_k": 3.757467020045852, "lasso_alpha": 1e-05, "model_C": 1e-05, "model_penalty": 1.0, "model_pos_class_weight": 11.616342319624241, "pca_components": 2.9553184038501263, "sampling_strategy": 0.05, "scaler_choice": 0.0}, "datetime": {"datetime": "2023-11-13 15:04:56", "elapsed": 155.957905, "delta": 1.021171}}
{"target": 0.5785819011359797, "params": {"imputer_strategy": 1.0, "knn_imputer": 1.0, "knn_imputer_k": 6.199101324173384, "lasso_alpha": 1e-05, "model_C": 1.0, "model_penalty": 0.0, "model_pos_class_weight": 22.169809905965476, "pca_components": 6.532882685542168, "sampling_strategy": 0.05, "scaler_choice": 1.0}, "datetime": {"datetime": "2023-11-13 15:04:57", "elapsed": 157.213936, "delta": 1.256031}}
{"target": 0.5885660331427607, "params": {"imputer_strategy": 0.9932272789007733, "knn_imputer": 0.4246496921873154, "knn_imputer_k": 3.162456702604234, "lasso_alpha": 0.0007804207277123104, "model_C": 0.9862672806328472, "model_penalty": 0.3039815509700252, "model_pos_class_weight": 16.98073815188107, "pca_components": 3.7488619435112223, "sampling_strategy": 0.23086718929566352, "scaler_choice": 0.02572804872188661}, "datetime": {"datetime": "2023-11-13 15:04:59", "elapsed": 158.845526, "delta": 1.63159}}
{"target": 0.5841890669745439, "params": {"imputer_strategy": 1.0, "knn_imputer": 1.0, "knn_imputer_k": 4.210125349855608, "lasso_alpha": 0.001, "model_C": 1.0, "model_penalty": 0.0, "model_pos_class_weight": 12.096002085938325, "pca_components": 8.0, "sampling_strategy": 0.05, "scaler_choice": 1.0}, "datetime": {"datetime": "2023-11-13 15:05:00", "elapsed": 160.165154, "delta": 1.319628}}
{"target": 0.4065326503156601, "params": {"imputer_strategy": 1.0, "knn_imputer": 0.0, "knn_imputer_k": 3.0, "lasso_alpha": 1e-05, "model_C": 1e-05, "model_penalty": 1.0, "model_pos_class_weight": 28.26347855095821, "pca_components": 2.962837532339331, "sampling_strategy": 0.05, "scaler_choice": 0.0}, "datetime": {"datetime": "2023-11-13 15:05:01", "elapsed": 161.091401, "delta": 0.926247}}
{"target": 0.5918488441097113, "params": {"imputer_strategy": 0.317651725673092, "knn_imputer": 0.0, "knn_imputer_k": 3.0, "lasso_alpha": 0.001, "model_C": 1.0, "model_penalty": 1.0, "model_pos_class_weight": 33.6712626417982, "pca_components": 2.3500963260656738, "sampling_strategy": 0.5, "scaler_choice": 0.02246147964704294}, "datetime": {"datetime": "2023-11-13 15:05:11", "elapsed": 171.642707, "delta": 10.551306}}
{"target": 0.5921084790184131, "params": {"imputer_strategy": 1.0, "knn_imputer": 0.0, "knn_imputer_k": 3.0, "lasso_alpha": 0.001, "model_C": 1.0, "model_penalty": 1.0, "model_pos_class_weight": 34.60316392822387, "pca_components": 6.193386421755521, "sampling_strategy": 0.5, "scaler_choice": 0.0}, "datetime": {"datetime": "2023-11-13 15:05:21", "elapsed": 181.485591, "delta": 9.842884}}
{"target": 0.5732911563007248, "params": {"imputer_strategy": 0.0, "knn_imputer": 0.0, "knn_imputer_k": 4.487857412664596, "lasso_alpha": 0.001, "model_C": 1.0, "model_penalty": 0.0, "model_pos_class_weight": 32.75659235064935, "pca_components": 8.0, "sampling_strategy": 0.05, "scaler_choice": 0.0}, "datetime": {"datetime": "2023-11-13 15:05:22", "elapsed": 182.615557, "delta": 1.129966}}
{"target": 0.5918155144267782, "params": {"imputer_strategy": 0.8358487971713167, "knn_imputer": 0.0, "knn_imputer_k": 3.0, "lasso_alpha": 0.001, "model_C": 1.0, "model_penalty": 1.0, "model_pos_class_weight": 37.94249578407501, "pca_components": 4.848148960737074, "sampling_strategy": 0.05, "scaler_choice": 0.0}, "datetime": {"datetime": "2023-11-13 15:05:33", "elapsed": 193.112071, "delta": 10.496514}}
{"target": 0.5918776139419447, "params": {"imputer_strategy": 0.8826406380381149, "knn_imputer": 0.7555658210418376, "knn_imputer_k": 3.760998304314052, "lasso_alpha": 0.0008902906609164853, "model_C": 0.551814648311033, "model_penalty": 0.7077091568358798, "model_pos_class_weight": 37.88834736108204, "pca_components": 7.762310902769011, "sampling_strategy": 0.4409070172526671, "scaler_choice": 0.7782024201876676}, "datetime": {"datetime": "2023-11-13 15:05:43", "elapsed": 203.29933, "delta": 10.187259}}
{"target": 0.5674062503604704, "params": {"imputer_strategy": 1.0, "knn_imputer": 0.0, "knn_imputer_k": 3.0, "lasso_alpha": 0.0002184866777243812, "model_C": 1.0, "model_penalty": 0.43852822673150793, "model_pos_class_weight": 40.900415564714706, "pca_components": 6.755587451940637, "sampling_strategy": 0.05, "scaler_choice": 0.0}, "datetime": {"datetime": "2023-11-13 15:05:44", "elapsed": 204.479796, "delta": 1.180466}}
{"target": 0.5920613288230183, "params": {"imputer_strategy": 1.0, "knn_imputer": 0.0, "knn_imputer_k": 6.174508189431222, "lasso_alpha": 0.001, "model_C": 1.0, "model_penalty": 1.0, "model_pos_class_weight": 36.80028410877062, "pca_components": 6.86500773142531, "sampling_strategy": 0.05, "scaler_choice": 0.0}, "datetime": {"datetime": "2023-11-13 15:05:54", "elapsed": 214.676661, "delta": 10.196865}}
{"target": 0.5217143451106538, "params": {"imputer_strategy": 0.0, "knn_imputer": 0.0, "knn_imputer_k": 3.0, "lasso_alpha": 1e-05, "model_C": 1e-05, "model_penalty": 0.0, "model_pos_class_weight": 35.60277580374404, "pca_components": 4.633817907718592, "sampling_strategy": 0.05, "scaler_choice": 1.0}, "datetime": {"datetime": "2023-11-13 15:05:56", "elapsed": 215.921973, "delta": 1.245312}}
{"target": 0.5921307969272067, "params": {"imputer_strategy": 1.0, "knn_imputer": 1.0, "knn_imputer_k": 5.0879488957852725, "lasso_alpha": 0.001, "model_C": 1.0, "model_penalty": 1.0, "model_pos_class_weight": 32.53337005734506, "pca_components": 2.0, "sampling_strategy": 0.5, "scaler_choice": 0.0}, "datetime": {"datetime": "2023-11-13 15:06:06", "elapsed": 225.890862, "delta": 9.968889}}
{"target": 0.5874380161177453, "params": {"imputer_strategy": 1.0, "knn_imputer": 1.0, "knn_imputer_k": 5.746810164574712, "lasso_alpha": 0.001, "model_C": 1.0, "model_penalty": 1.0, "model_pos_class_weight": 39.050256598945765, "pca_components": 5.181473085170523, "sampling_strategy": 0.5, "scaler_choice": 0.0}, "datetime": {"datetime": "2023-11-13 15:06:15", "elapsed": 235.044082, "delta": 9.15322}}
{"target": 0.5916804049402472, "params": {"imputer_strategy": 0.03630729414766609, "knn_imputer": 0.47614377856632994, "knn_imputer_k": 6.428377884323801, "lasso_alpha": 0.0007122944864503679, "model_C": 0.3750984232303133, "model_penalty": 0.8913357415196707, "model_pos_class_weight": 39.66250774257792, "pca_components": 7.480289338716514, "sampling_strategy": 0.45078348585001593, "scaler_choice": 0.9800703234262272}, "datetime": {"datetime": "2023-11-13 15:06:25", "elapsed": 245.008703, "delta": 9.964621}}
{"target": 0.5725090972176944, "params": {"imputer_strategy": 0.0454599334437098, "knn_imputer": 0.1459632565170632, "knn_imputer_k": 6.744501730006462, "lasso_alpha": 3.837325658148245e-05, "model_C": 0.06435885760855016, "model_penalty": 0.19463341893023245, "model_pos_class_weight": 41.60019486285273, "pca_components": 5.04065699808524, "sampling_strategy": 0.22261084193422986, "scaler_choice": 0.9513944770410974}, "datetime": {"datetime": "2023-11-13 15:06:26", "elapsed": 246.205545, "delta": 1.196842}}
{"target": 0.5212755898298508, "params": {"imputer_strategy": 0.0, "knn_imputer": 1.0, "knn_imputer_k": 7.0, "lasso_alpha": 0.0004369939855299734, "model_C": 1e-05, "model_penalty": 0.0, "model_pos_class_weight": 37.42878576179712, "pca_components": 8.0, "sampling_strategy": 0.5, "scaler_choice": 0.0}, "datetime": {"datetime": "2023-11-13 15:06:27", "elapsed": 247.51755, "delta": 1.312005}}
{"target": 0.5920985049782572, "params": {"imputer_strategy": 1.0, "knn_imputer": 1.0, "knn_imputer_k": 6.375515026075761, "lasso_alpha": 0.001, "model_C": 1.0, "model_penalty": 1.0, "model_pos_class_weight": 15.190024674428855, "pca_components": 2.5314673153283116, "sampling_strategy": 0.05, "scaler_choice": 1.0}, "datetime": {"datetime": "2023-11-13 15:06:39", "elapsed": 259.621103, "delta": 12.103553}}
{"target": 0.5917528859202424, "params": {"imputer_strategy": 1.0, "knn_imputer": 0.0, "knn_imputer_k": 3.0, "lasso_alpha": 0.001, "model_C": 1.0, "model_penalty": 1.0, "model_pos_class_weight": 36.04243178899163, "pca_components": 8.0, "sampling_strategy": 0.05, "scaler_choice": 0.0}, "datetime": {"datetime": "2023-11-13 15:06:50", "elapsed": 270.110155, "delta": 10.489052}}
{"target": 0.5919836405543567, "params": {"imputer_strategy": 1.0, "knn_imputer": 0.0, "knn_imputer_k": 4.968019789403219, "lasso_alpha": 0.001, "model_C": 1.0, "model_penalty": 1.0, "model_pos_class_weight": 32.99724725497986, "pca_components": 4.722918116822715, "sampling_strategy": 0.5, "scaler_choice": 0.0}, "datetime": {"datetime": "2023-11-13 15:07:00", "elapsed": 280.106507, "delta": 9.996352}}
{"target": 0.5917749283082311, "params": {"imputer_strategy": 1.0, "knn_imputer": 0.0, "knn_imputer_k": 3.539973020891878, "lasso_alpha": 0.001, "model_C": 1.0, "model_penalty": 1.0, "model_pos_class_weight": 39.86462141019789, "pca_components": 2.2410776163954895, "sampling_strategy": 0.5, "scaler_choice": 0.0}, "datetime": {"datetime": "2023-11-13 15:07:10", "elapsed": 290.12961, "delta": 10.023103}}
{"target": 0.5917951653131418, "params": {"imputer_strategy": 1.0, "knn_imputer": 0.0, "knn_imputer_k": 6.491766866732379, "lasso_alpha": 0.001, "model_C": 1.0, "model_penalty": 1.0, "model_pos_class_weight": 38.77802125455625, "pca_components": 2.0, "sampling_strategy": 0.05, "scaler_choice": 0.0}, "datetime": {"datetime": "2023-11-13 15:07:20", "elapsed": 300.446546, "delta": 10.316936}}
{"target": 0.591101598698692, "params": {"imputer_strategy": 1.0, "knn_imputer": 1.0, "knn_imputer_k": 7.0, "lasso_alpha": 0.001, "model_C": 1.0, "model_penalty": 0.0, "model_pos_class_weight": 10.748904489523264, "pca_components": 6.169752677544088, "sampling_strategy": 0.5, "scaler_choice": 1.0}, "datetime": {"datetime": "2023-11-13 15:07:22", "elapsed": 301.942093, "delta": 1.495547}}
