{"target": 0.5670120584849774, "params": {"imputer_strategy": 0.0, "knn_imputer": 0.0, "knn_imputer_k": 3.0, "lasso_alpha": 0.001, "model_penalty": 0.0, "model_pos_class_weight": 73.04578782862986, "pca_components": 8.0, "rf_criterion": 0.0, "rf_max_depth": 2.0, "rf_max_features": 42.71099303547907, "rf_min_samples_split": 10.0, "rf_n_estimators": 360.10262547139604, "sampling_strategy": 0.3, "scaler_choice": 1.0}, "datetime": {"datetime": "2023-11-13 22:25:13", "elapsed": 1001.52313, "delta": 15.626974}}
{"target": 0.5694935808161536, "params": {"imputer_strategy": 0.0, "knn_imputer": 0.0, "knn_imputer_k": 3.0, "lasso_alpha": 0.001, "model_penalty": 0.0, "model_pos_class_weight": 58.451907479327616, "pca_components": 8.0, "rf_criterion": 1.0, "rf_max_depth": 2.0, "rf_max_features": 22.434546814490663, "rf_min_samples_split": 10.0, "rf_n_estimators": 367.57892724982133, "sampling_strategy": 0.3, "scaler_choice": 1.0}, "datetime": {"datetime": "2023-11-13 22:25:28", "elapsed": 1016.213949, "delta": 14.690819}}
{"target": 0.5547534684877095, "params": {"imputer_strategy": 0.0, "knn_imputer": 0.0, "knn_imputer_k": 3.0, "lasso_alpha": 0.001, "model_penalty": 0.0, "model_pos_class_weight": 83.8263525355332, "pca_components": 8.0, "rf_criterion": 0.0, "rf_max_depth": 2.0, "rf_max_features": 18.0276346571758, "rf_min_samples_split": 10.0, "rf_n_estimators": 370.82384401766734, "sampling_strategy": 0.3, "scaler_choice": 0.0}, "datetime": {"datetime": "2023-11-13 22:25:40", "elapsed": 1028.294492, "delta": 12.080543}}
{"target": 0.5609739084349835, "params": {"imputer_strategy": 0.0, "knn_imputer": 0.0, "knn_imputer_k": 3.0, "lasso_alpha": 0.001, "model_penalty": 0.0, "model_pos_class_weight": 65.69082561614785, "pca_components": 8.0, "rf_criterion": 0.0, "rf_max_depth": 2.0, "rf_max_features": 9.16930992914961, "rf_min_samples_split": 10.0, "rf_n_estimators": 389.5853362138231, "sampling_strategy": 0.3, "scaler_choice": 1.0}, "datetime": {"datetime": "2023-11-13 22:25:52", "elapsed": 1040.404173, "delta": 12.109681}}
{"target": 0.5652852265822954, "params": {"imputer_strategy": 0.0, "knn_imputer": 0.0, "knn_imputer_k": 3.0, "lasso_alpha": 0.001, "model_penalty": 0.0, "model_pos_class_weight": 74.25353179017127, "pca_components": 2.0, "rf_criterion": 0.0, "rf_max_depth": 2.0, "rf_max_features": 16.0143262343426, "rf_min_samples_split": 2.0, "rf_n_estimators": 345.91394932523235, "sampling_strategy": 0.5, "scaler_choice": 1.0}, "datetime": {"datetime": "2023-11-13 22:26:03", "elapsed": 1052.158731, "delta": 11.754558}}
{"target": 0.5517887709073322, "params": {"imputer_strategy": 0.7155149115962528, "knn_imputer": 0.20187820003422063, "knn_imputer_k": 6.288373694396377, "lasso_alpha": 0.000656738713624448, "model_penalty": 0.5886355226593324, "model_pos_class_weight": 99.59532966396678, "pca_components": 3.5258511242458312, "rf_criterion": 0.07389887687673469, "rf_max_depth": 3.466428798716416, "rf_max_features": 26.468181173779413, "rf_min_samples_split": 5.468971978862147, "rf_n_estimators": 349.955467642821, "sampling_strategy": 0.3908264636721549, "scaler_choice": 0.18009761337701669}, "datetime": {"datetime": "2023-11-13 22:26:21", "elapsed": 1069.853992, "delta": 17.695261}}
{"target": 0.5654193784342414, "params": {"imputer_strategy": 0.0, "knn_imputer": 0.0, "knn_imputer_k": 3.0, "lasso_alpha": 0.001, "model_penalty": 0.0, "model_pos_class_weight": 94.75496655994212, "pca_components": 8.0, "rf_criterion": 0.01674017418942024, "rf_max_depth": 2.0, "rf_max_features": 60.0, "rf_min_samples_split": 10.0, "rf_n_estimators": 356.5932340504284, "sampling_strategy": 0.3, "scaler_choice": 0.4486855872066366}, "datetime": {"datetime": "2023-11-13 22:26:37", "elapsed": 1085.879694, "delta": 16.025702}}
{"target": 0.5503143205711272, "params": {"imputer_strategy": 0.20286920934557673, "knn_imputer": 0.5732382643749901, "knn_imputer_k": 4.28301631722197, "lasso_alpha": 0.0005762011462762785, "model_penalty": 0.28663349604634647, "model_pos_class_weight": 88.21702093105787, "pca_components": 6.597954026691863, "rf_criterion": 0.8210637442816092, "rf_max_depth": 4.823606357037128, "rf_max_features": 46.58589384652069, "rf_min_samples_split": 5.151171720631707, "rf_n_estimators": 329.5150077920201, "sampling_strategy": 0.30338087139371633, "scaler_choice": 0.6604020046602599}, "datetime": {"datetime": "2023-11-13 22:26:59", "elapsed": 1108.037543, "delta": 22.157849}}
{"target": 0.5738548258384125, "params": {"imputer_strategy": 1.0, "knn_imputer": 1.0, "knn_imputer_k": 7.0, "lasso_alpha": 0.001, "model_penalty": 1.0, "model_pos_class_weight": 69.06213987062075, "pca_components": 2.0, "rf_criterion": 0.0, "rf_max_depth": 2.0, "rf_max_features": 60.0, "rf_min_samples_split": 10.0, "rf_n_estimators": 344.44358972113577, "sampling_strategy": 0.5, "scaler_choice": 1.0}, "datetime": {"datetime": "2023-11-13 22:27:14", "elapsed": 1123.058852, "delta": 15.021309}}
{"target": 0.5583870264561879, "params": {"imputer_strategy": 0.9470123736039661, "knn_imputer": 0.681066877831427, "knn_imputer_k": 6.298767701840589, "lasso_alpha": 0.0006175137749713043, "model_penalty": 0.10417304597754284, "model_pos_class_weight": 57.035003507510055, "pca_components": 7.189757245368083, "rf_criterion": 0.08893453146924635, "rf_max_depth": 3.9906359885063685, "rf_max_features": 35.29222573941837, "rf_min_samples_split": 5.586686415789445, "rf_n_estimators": 340.286872015569, "sampling_strategy": 0.3945255006827988, "scaler_choice": 0.2968290964157715}, "datetime": {"datetime": "2023-11-13 22:27:33", "elapsed": 1141.758791, "delta": 18.699939}}
{"target": 0.18226535771179053, "params": {"imputer_strategy": 0.18093028123662291, "knn_imputer": 0.32235003109811555, "knn_imputer_k": 6.908839926977642, "lasso_alpha": 0.00011967113032696654, "model_penalty": 0.04639563312849371, "model_pos_class_weight": 82.19012592099621, "pca_components": 4.018264247607563, "rf_criterion": 0.9112031658264521, "rf_max_depth": 18.487722210545257, "rf_max_features": 26.0723654969592, "rf_min_samples_split": 8.236270242081106, "rf_n_estimators": 340.59842334803886, "sampling_strategy": 0.41033059187108534, "scaler_choice": 0.4374432842431235}, "datetime": {"datetime": "2023-11-13 22:28:27", "elapsed": 1195.932372, "delta": 54.173581}}
{"target": 0.5638718240656537, "params": {"imputer_strategy": 0.2569375426945505, "knn_imputer": 0.5921004981970431, "knn_imputer_k": 3.99559329325649, "lasso_alpha": 0.0008818543574731608, "model_penalty": 0.5406222939564033, "model_pos_class_weight": 52.25711880066625, "pca_components": 4.04648020996259, "rf_criterion": 0.7791307077238123, "rf_max_depth": 3.203227251380347, "rf_max_features": 10.809823615380203, "rf_min_samples_split": 7.331168904069716, "rf_n_estimators": 346.3601072430148, "sampling_strategy": 0.44284010547296415, "scaler_choice": 0.9308298920264987}, "datetime": {"datetime": "2023-11-13 22:28:39", "elapsed": 1207.445581, "delta": 11.513209}}
{"target": 0.5687062020951855, "params": {"imputer_strategy": 0.029421909358847587, "knn_imputer": 0.6669340646385362, "knn_imputer_k": 5.159633495115068, "lasso_alpha": 0.0008903447585754125, "model_penalty": 0.3552474600997314, "model_pos_class_weight": 95.3613708403513, "pca_components": 4.5299779243995095, "rf_criterion": 0.6752703173522102, "rf_max_depth": 2.8184442934772855, "rf_max_features": 39.61807102654741, "rf_min_samples_split": 2.649092377031711, "rf_n_estimators": 365.59194822970755, "sampling_strategy": 0.4519506442100987, "scaler_choice": 0.44367041693836784}, "datetime": {"datetime": "2023-11-13 22:28:53", "elapsed": 1221.881165, "delta": 14.435584}}
{"target": 0.5686482247658431, "params": {"imputer_strategy": 0.0, "knn_imputer": 0.0, "knn_imputer_k": 3.0, "lasso_alpha": 0.001, "model_penalty": 0.0, "model_pos_class_weight": 45.09023137076635, "pca_components": 8.0, "rf_criterion": 0.0, "rf_max_depth": 2.0, "rf_max_features": 60.0, "rf_min_samples_split": 10.0, "rf_n_estimators": 346.04310877304414, "sampling_strategy": 0.3, "scaler_choice": 1.0}, "datetime": {"datetime": "2023-11-13 22:29:09", "elapsed": 1237.731941, "delta": 15.850776}}
{"target": 0.5650219505929233, "params": {"imputer_strategy": 1.0, "knn_imputer": 0.0, "knn_imputer_k": 3.0, "lasso_alpha": 1e-05, "model_penalty": 1.0, "model_pos_class_weight": 67.42222890935658, "pca_components": 2.0, "rf_criterion": 0.0, "rf_max_depth": 2.0, "rf_max_features": 8.0, "rf_min_samples_split": 2.0, "rf_n_estimators": 364.8876423849307, "sampling_strategy": 0.30562702152590965, "scaler_choice": 1.0}, "datetime": {"datetime": "2023-11-13 22:29:20", "elapsed": 1248.703753, "delta": 10.971812}}
{"target": 0.5708078118180323, "params": {"imputer_strategy": 1.0, "knn_imputer": 0.0, "knn_imputer_k": 7.0, "lasso_alpha": 1e-05, "model_penalty": 1.0, "model_pos_class_weight": 100.0, "pca_components": 2.0, "rf_criterion": 0.0, "rf_max_depth": 2.0, "rf_max_features": 60.0, "rf_min_samples_split": 10.0, "rf_n_estimators": 332.46541199664637, "sampling_strategy": 0.5, "scaler_choice": 1.0}, "datetime": {"datetime": "2023-11-13 22:29:34", "elapsed": 1262.430835, "delta": 13.727082}}
{"target": 0.5662116143349599, "params": {"imputer_strategy": 1.0, "knn_imputer": 1.0, "knn_imputer_k": 7.0, "lasso_alpha": 0.001, "model_penalty": 1.0, "model_pos_class_weight": 100.0, "pca_components": 2.0, "rf_criterion": 1.0, "rf_max_depth": 2.0, "rf_max_features": 8.0, "rf_min_samples_split": 2.0, "rf_n_estimators": 388.71400995496407, "sampling_strategy": 0.5, "scaler_choice": 1.0}, "datetime": {"datetime": "2023-11-13 22:29:50", "elapsed": 1279.132939, "delta": 16.702104}}
{"target": 0.5611092475280587, "params": {"imputer_strategy": 0.0, "knn_imputer": 0.0, "knn_imputer_k": 3.0, "lasso_alpha": 0.001, "model_penalty": 0.0, "model_pos_class_weight": 87.5044357191142, "pca_components": 8.0, "rf_criterion": 0.0, "rf_max_depth": 2.0, "rf_max_features": 8.0, "rf_min_samples_split": 10.0, "rf_n_estimators": 411.04159428456046, "sampling_strategy": 0.3, "scaler_choice": 0.0}, "datetime": {"datetime": "2023-11-13 22:30:09", "elapsed": 1297.733984, "delta": 18.601045}}
{"target": 0.56407889450212, "params": {"imputer_strategy": 0.0, "knn_imputer": 1.0, "knn_imputer_k": 3.0, "lasso_alpha": 0.001, "model_penalty": 0.0, "model_pos_class_weight": 45.22899889851633, "pca_components": 2.0, "rf_criterion": 0.0, "rf_max_depth": 2.0, "rf_max_features": 36.69514259253807, "rf_min_samples_split": 2.0, "rf_n_estimators": 356.69486514527944, "sampling_strategy": 0.5, "scaler_choice": 1.0}, "datetime": {"datetime": "2023-11-13 22:30:29", "elapsed": 1317.82941, "delta": 20.095426}}
{"target": 0.5839234483320761, "params": {"imputer_strategy": 0.6458501713164786, "knn_imputer": 1.0, "knn_imputer_k": 3.0, "lasso_alpha": 0.001, "model_penalty": 0.7352059543711731, "model_pos_class_weight": 100.0, "pca_components": 8.0, "rf_criterion": 0.1845852690467862, "rf_max_depth": 2.0, "rf_max_features": 60.0, "rf_min_samples_split": 2.0, "rf_n_estimators": 307.86715611114937, "sampling_strategy": 0.3, "scaler_choice": 1.0}, "datetime": {"datetime": "2023-11-13 22:30:44", "elapsed": 1332.376864, "delta": 14.547454}}
{"target": 0.3933822990133553, "params": {"imputer_strategy": 0.5027251471190302, "knn_imputer": 0.022504547784400475, "knn_imputer_k": 5.695898346015092, "lasso_alpha": 0.0009635674340653561, "model_penalty": 0.3716666301260557, "model_pos_class_weight": 96.92842931932832, "pca_components": 4.611914033055929, "rf_criterion": 0.15101501172106935, "rf_max_depth": 8.704091690077101, "rf_max_features": 9.048895360875612, "rf_min_samples_split": 4.575502160700573, "rf_n_estimators": 439.94789814329795, "sampling_strategy": 0.4946596573411317, "scaler_choice": 0.4042659532617542}, "datetime": {"datetime": "2023-11-13 22:31:07", "elapsed": 1355.686808, "delta": 23.309944}}
{"target": 0.5581813458905052, "params": {"imputer_strategy": 0.5068105271135283, "knn_imputer": 0.09380736844721038, "knn_imputer_k": 3.7088612017126428, "lasso_alpha": 0.0005217209327299271, "model_penalty": 0.1626460987778945, "model_pos_class_weight": 64.26655400940636, "pca_components": 2.076088444799651, "rf_criterion": 0.9449244233786847, "rf_max_depth": 3.298725084759065, "rf_max_features": 58.877521191056864, "rf_min_samples_split": 3.7584964419164173, "rf_n_estimators": 321.65417012539876, "sampling_strategy": 0.3439986817878201, "scaler_choice": 0.522469997821923}, "datetime": {"datetime": "2023-11-13 22:31:22", "elapsed": 1371.090921, "delta": 15.404113}}
{"target": 0.5621531918602143, "params": {"imputer_strategy": 0.0, "knn_imputer": 0.0, "knn_imputer_k": 3.0, "lasso_alpha": 0.001, "model_penalty": 0.0, "model_pos_class_weight": 60.61454337847864, "pca_components": 8.0, "rf_criterion": 0.0, "rf_max_depth": 2.0, "rf_max_features": 8.0, "rf_min_samples_split": 10.0, "rf_n_estimators": 418.98844071656544, "sampling_strategy": 0.5, "scaler_choice": 1.0}, "datetime": {"datetime": "2023-11-13 22:31:33", "elapsed": 1382.053065, "delta": 10.962144}}
{"target": 0.5607006023399804, "params": {"imputer_strategy": 0.0, "knn_imputer": 0.0, "knn_imputer_k": 3.0, "lasso_alpha": 0.001, "model_penalty": 0.0, "model_pos_class_weight": 81.75924998855155, "pca_components": 2.0, "rf_criterion": 0.0, "rf_max_depth": 2.0, "rf_max_features": 21.40852658420253, "rf_min_samples_split": 2.0, "rf_n_estimators": 396.91547125006116, "sampling_strategy": 0.5, "scaler_choice": 0.0}, "datetime": {"datetime": "2023-11-13 22:31:46", "elapsed": 1394.88094, "delta": 12.827875}}
{"target": 0.21148866914445874, "params": {"imputer_strategy": 0.33296262966428647, "knn_imputer": 0.8546374314528985, "knn_imputer_k": 6.139931033232488, "lasso_alpha": 0.0002590234724341003, "model_penalty": 0.9893473707676274, "model_pos_class_weight": 99.82661580959211, "pca_components": 3.3020226207981485, "rf_criterion": 0.29982923208829093, "rf_max_depth": 16.742468938762467, "rf_max_features": 59.788489570619845, "rf_min_samples_split": 3.8732774118179414, "rf_n_estimators": 285.9756785849796, "sampling_strategy": 0.35662739409387445, "scaler_choice": 0.7625330337448318}, "datetime": {"datetime": "2023-11-13 22:32:31", "elapsed": 1439.644758, "delta": 44.763818}}
{"target": 0.5631555311639974, "params": {"imputer_strategy": 1.0, "knn_imputer": 0.0, "knn_imputer_k": 3.0, "lasso_alpha": 0.001, "model_penalty": 1.0, "model_pos_class_weight": 100.0, "pca_components": 8.0, "rf_criterion": 0.0, "rf_max_depth": 2.0, "rf_max_features": 8.0, "rf_min_samples_split": 2.0, "rf_n_estimators": 361.349367797683, "sampling_strategy": 0.5, "scaler_choice": 1.0}, "datetime": {"datetime": "2023-11-13 22:32:40", "elapsed": 1449.118213, "delta": 9.473455}}
{"target": 0.4050749834574191, "params": {"imputer_strategy": 0.6413000111097602, "knn_imputer": 0.9024042963644513, "knn_imputer_k": 4.5273065142187185, "lasso_alpha": 0.0008978191009692217, "model_penalty": 0.23365929694971144, "model_pos_class_weight": 98.51484703840408, "pca_components": 5.198935039894294, "rf_criterion": 0.5614638856776173, "rf_max_depth": 7.877444073037652, "rf_max_features": 57.207181643326365, "rf_min_samples_split": 8.24705049651531, "rf_n_estimators": 102.31347783348484, "sampling_strategy": 0.33676129075928596, "scaler_choice": 0.833077426100384}, "datetime": {"datetime": "2023-11-13 22:32:50", "elapsed": 1458.485497, "delta": 9.367284}}
{"target": 0.5727538977157985, "params": {"imputer_strategy": 1.0, "knn_imputer": 0.0, "knn_imputer_k": 7.0, "lasso_alpha": 1e-05, "model_penalty": 0.0, "model_pos_class_weight": 24.570189136035367, "pca_components": 8.0, "rf_criterion": 0.7568540625735919, "rf_max_depth": 2.0, "rf_max_features": 8.0, "rf_min_samples_split": 2.0, "rf_n_estimators": 100.0, "sampling_strategy": 0.3, "scaler_choice": 0.0}, "datetime": {"datetime": "2023-11-13 22:32:54", "elapsed": 1462.461208, "delta": 3.975711}}
{"target": 0.5682483543735175, "params": {"imputer_strategy": 0.0, "knn_imputer": 0.0, "knn_imputer_k": 3.0, "lasso_alpha": 0.000949303658694191, "model_penalty": 0.0, "model_pos_class_weight": 52.94494470389172, "pca_components": 8.0, "rf_criterion": 1.0, "rf_max_depth": 2.0, "rf_max_features": 8.0, "rf_min_samples_split": 2.0, "rf_n_estimators": 100.0, "sampling_strategy": 0.3, "scaler_choice": 1.0}, "datetime": {"datetime": "2023-11-13 22:32:58", "elapsed": 1466.409692, "delta": 3.948484}}
{"target": 0.127265154523597, "params": {"imputer_strategy": 1.0, "knn_imputer": 0.0, "knn_imputer_k": 5.020803635685484, "lasso_alpha": 0.001, "model_penalty": 1.0, "model_pos_class_weight": 38.41015375483676, "pca_components": 2.0, "rf_criterion": 0.0, "rf_max_depth": 20.0, "rf_max_features": 8.0, "rf_min_samples_split": 2.0, "rf_n_estimators": 116.27784695632842, "sampling_strategy": 0.3, "scaler_choice": 0.0}, "datetime": {"datetime": "2023-11-13 22:33:10", "elapsed": 1479.163542, "delta": 12.75385}}
{"target": 0.5559072875122887, "params": {"imputer_strategy": 0.0, "knn_imputer": 0.0, "knn_imputer_k": 3.0, "lasso_alpha": 1e-05, "model_penalty": 0.0, "model_pos_class_weight": 80.4321879523029, "pca_components": 8.0, "rf_criterion": 1.0, "rf_max_depth": 2.0, "rf_max_features": 8.0, "rf_min_samples_split": 2.0, "rf_n_estimators": 100.0, "sampling_strategy": 0.3, "scaler_choice": 1.0}, "datetime": {"datetime": "2023-11-13 22:33:14", "elapsed": 1483.045397, "delta": 3.881855}}
{"target": 0.5823511024040936, "params": {"imputer_strategy": 0.0, "knn_imputer": 1.0, "knn_imputer_k": 7.0, "lasso_alpha": 1e-05, "model_penalty": 0.0, "model_pos_class_weight": 1.0, "pca_components": 8.0, "rf_criterion": 1.0, "rf_max_depth": 2.0, "rf_max_features": 8.0, "rf_min_samples_split": 10.0, "rf_n_estimators": 100.0, "sampling_strategy": 0.5, "scaler_choice": 1.0}, "datetime": {"datetime": "2023-11-13 22:33:19", "elapsed": 1487.366288, "delta": 4.320891}}
{"target": 0.5667830570517643, "params": {"imputer_strategy": 0.4476571519864242, "knn_imputer": 0.020364276295380845, "knn_imputer_k": 5.378623171689865, "lasso_alpha": 0.0002720358399154988, "model_penalty": 0.8063994483599333, "model_pos_class_weight": 5.452741837011422, "pca_components": 4.0194822433728365, "rf_criterion": 0.41484576516506, "rf_max_depth": 2.5486825309895256, "rf_max_features": 32.35841212865954, "rf_min_samples_split": 4.294565805287952, "rf_n_estimators": 103.23043963250083, "sampling_strategy": 0.30752591594371537, "scaler_choice": 0.4382463437552492}, "datetime": {"datetime": "2023-11-13 22:33:25", "elapsed": 1493.324129, "delta": 5.957841}}
{"target": 0.5605742842067143, "params": {"imputer_strategy": 0.009499045637683223, "knn_imputer": 0.4264783995776288, "knn_imputer_k": 5.425743525018727, "lasso_alpha": 0.0008316751459288806, "model_penalty": 0.60588380521713, "model_pos_class_weight": 27.677552837457608, "pca_components": 7.8486020046664935, "rf_criterion": 0.12213963976844344, "rf_max_depth": 3.292705110987571, "rf_max_features": 55.95471648257231, "rf_min_samples_split": 2.8537293765319003, "rf_n_estimators": 101.21729806672755, "sampling_strategy": 0.3860121958010022, "scaler_choice": 0.6109088117609676}, "datetime": {"datetime": "2023-11-13 22:33:32", "elapsed": 1500.234298, "delta": 6.910169}}
{"target": 0.270828613109218, "params": {"imputer_strategy": 0.0, "knn_imputer": 1.0, "knn_imputer_k": 7.0, "lasso_alpha": 0.001, "model_penalty": 0.0, "model_pos_class_weight": 1.0, "pca_components": 8.0, "rf_criterion": 1.0, "rf_max_depth": 12.109833450202094, "rf_max_features": 60.0, "rf_min_samples_split": 2.0, "rf_n_estimators": 100.0, "sampling_strategy": 0.5, "scaler_choice": 1.0}, "datetime": {"datetime": "2023-11-13 22:33:49", "elapsed": 1517.414406, "delta": 17.180108}}
{"target": 0.5709644017801531, "params": {"imputer_strategy": 0.0, "knn_imputer": 0.0, "knn_imputer_k": 3.0, "lasso_alpha": 1e-05, "model_penalty": 0.0, "model_pos_class_weight": 47.79029913048657, "pca_components": 8.0, "rf_criterion": 1.0, "rf_max_depth": 2.0, "rf_max_features": 40.02001659654975, "rf_min_samples_split": 5.644857230711592, "rf_n_estimators": 100.0, "sampling_strategy": 0.3, "scaler_choice": 1.0}, "datetime": {"datetime": "2023-11-13 22:33:55", "elapsed": 1523.339798, "delta": 5.925392}}
{"target": 0.4265273297812209, "params": {"imputer_strategy": 0.39029852545977173, "knn_imputer": 0.5602025881648011, "knn_imputer_k": 6.4583117642031365, "lasso_alpha": 0.00010016701158747804, "model_penalty": 0.28125980154383357, "model_pos_class_weight": 48.08057641185376, "pca_components": 5.572130988961294, "rf_criterion": 0.5334915633964716, "rf_max_depth": 7.315296871033765, "rf_max_features": 58.30315586620949, "rf_min_samples_split": 9.177020747814883, "rf_n_estimators": 115.84319819659528, "sampling_strategy": 0.4736737372904673, "scaler_choice": 0.9477257878756378}, "datetime": {"datetime": "2023-11-13 22:34:05", "elapsed": 1533.942351, "delta": 10.602553}}
{"target": 0.5683070731560897, "params": {"imputer_strategy": 1.0, "knn_imputer": 0.0, "knn_imputer_k": 3.0, "lasso_alpha": 1e-05, "model_penalty": 0.0, "model_pos_class_weight": 1.0, "pca_components": 8.0, "rf_criterion": 1.0, "rf_max_depth": 2.0, "rf_max_features": 14.973753506313704, "rf_min_samples_split": 2.0, "rf_n_estimators": 120.43723959879502, "sampling_strategy": 0.3, "scaler_choice": 0.9171750721335316}, "datetime": {"datetime": "2023-11-13 22:34:10", "elapsed": 1538.624945, "delta": 4.682594}}
{"target": 0.5653080494600432, "params": {"imputer_strategy": 0.0, "knn_imputer": 0.0, "knn_imputer_k": 3.0, "lasso_alpha": 1e-05, "model_penalty": 0.0, "model_pos_class_weight": 100.0, "pca_components": 8.0, "rf_criterion": 1.0, "rf_max_depth": 2.0, "rf_max_features": 8.0, "rf_min_samples_split": 2.0, "rf_n_estimators": 125.09331679431806, "sampling_strategy": 0.5, "scaler_choice": 1.0}, "datetime": {"datetime": "2023-11-13 22:34:15", "elapsed": 1543.299755, "delta": 4.67481}}
