{"target": 0.20399706769960912, "params": {"imputer_strategy": 0.3745401188473625, "knn_imputer": 0.9507143064099162, "knn_imputer_k": 5.92797576724562, "lasso_alpha": 0.0006026718993550663, "model_penalty": 0.15601864044243652, "model_pos_class_weight": 16.443457513284063, "pca_components": 2.3485016730091965, "rf_criterion": 0.8661761457749352, "rf_max_depth": 12.82007021137776, "rf_max_features": 44.81977404539437, "rf_min_samples_split": 2.1646759543664196, "rf_n_estimators": 487.96394086479773, "sampling_strategy": 0.46648852816008435, "scaler_choice": 0.21233911067827616}, "datetime": {"datetime": "2023-11-13 22:08:31", "elapsed": 0.0, "delta": 0.0}}
{"target": 0.4705661681585983, "params": {"imputer_strategy": 0.18182496720710062, "knn_imputer": 0.18340450985343382, "knn_imputer_k": 4.216968971838151, "lasso_alpha": 0.0005295088673159155, "model_penalty": 0.43194501864211576, "model_pos_class_weight": 29.83168487960615, "pca_components": 5.671117368334277, "rf_criterion": 0.13949386065204183, "rf_max_depth": 7.258603673633926, "rf_max_features": 27.05081585127197, "rf_min_samples_split": 5.648559873736287, "rf_n_estimators": 414.07038455720544, "sampling_strategy": 0.3399347564316719, "scaler_choice": 0.5142344384136116}, "datetime": {"datetime": "2023-11-13 22:09:05", "elapsed": 33.860708, "delta": 33.860708}}
{"target": 0.40966406334602967, "params": {"imputer_strategy": 0.5924145688620425, "knn_imputer": 0.046450412719997725, "knn_imputer_k": 5.4301794076057535, "lasso_alpha": 0.0001788188824504186, "model_penalty": 0.06505159298527952, "model_pos_class_weight": 94.93966818807999, "pca_components": 7.793792198447356, "rf_criterion": 0.8083973481164611, "rf_max_depth": 7.483047845120672, "rf_max_features": 13.078949928331962, "rf_min_samples_split": 7.473864212097255, "rf_n_estimators": 276.0609974958405, "sampling_strategy": 0.32440764696895574, "scaler_choice": 0.4951769101112702}, "datetime": {"datetime": "2023-11-13 22:09:21", "elapsed": 49.461491, "delta": 15.600783}}
{"target": 0.1794939058067756, "params": {"imputer_strategy": 0.034388521115218396, "knn_imputer": 0.9093204020787821, "knn_imputer_k": 4.035119926400068, "lasso_alpha": 0.0006658970615104422, "model_penalty": 0.31171107608941095, "model_pos_class_weight": 52.48673409660327, "pca_components": 5.280261676059678, "rf_criterion": 0.18485445552552704, "rf_max_depth": 19.452523299762053, "rf_max_features": 48.30690681477796, "rf_min_samples_split": 9.515991532513514, "rf_n_estimators": 457.93094017105955, "sampling_strategy": 0.41957999576221705, "scaler_choice": 0.9218742350231168}, "datetime": {"datetime": "2023-11-13 22:10:43", "elapsed": 132.046921, "delta": 82.58543}}
{"target": 0.43647546674785664, "params": {"imputer_strategy": 0.0884925020519195, "knn_imputer": 0.1959828624191452, "knn_imputer_k": 3.1809091556421523, "lasso_alpha": 0.00033207702745563175, "model_penalty": 0.388677289689482, "model_pos_class_weight": 27.863554145615694, "pca_components": 6.972425054911576, "rf_criterion": 0.3567533266935893, "rf_max_depth": 7.056821174372853, "rf_max_features": 36.22019632422892, "rf_min_samples_split": 3.127393799798101, "rf_n_estimators": 420.8787923016159, "sampling_strategy": 0.31491012873595414, "scaler_choice": 0.9868869366005173}, "datetime": {"datetime": "2023-11-13 22:11:20", "elapsed": 168.790571, "delta": 36.74365}}
{"target": 0.578420437577315, "params": {"imputer_strategy": 0.08666143351570835, "knn_imputer": 0.0, "knn_imputer_k": 3.0, "lasso_alpha": 1e-05, "model_penalty": 0.37593704462139343, "model_pos_class_weight": 11.049614434211062, "pca_components": 8.0, "rf_criterion": 0.8908499338846168, "rf_max_depth": 2.0, "rf_max_features": 33.0279736836265, "rf_min_samples_split": 2.0, "rf_n_estimators": 369.4497427786959, "sampling_strategy": 0.3, "scaler_choice": 1.0}, "datetime": {"datetime": "2023-11-13 22:11:39", "elapsed": 187.825049, "delta": 19.034478}}
{"target": 0.32370982775045554, "params": {"imputer_strategy": 0.41438134502850865, "knn_imputer": 0.7173301718393696, "knn_imputer_k": 6.758101828532345, "lasso_alpha": 4.571104111671724e-05, "model_penalty": 0.872253994973524, "model_pos_class_weight": 29.805304954857675, "pca_components": 5.061713384517991, "rf_criterion": 0.6114228679337828, "rf_max_depth": 9.280106315260499, "rf_max_features": 31.55919300573993, "rf_min_samples_split": 4.271608081858764, "rf_n_estimators": 415.1640631725947, "sampling_strategy": 0.3403006070202766, "scaler_choice": 0.5575905761508209}, "datetime": {"datetime": "2023-11-13 22:12:25", "elapsed": 233.705152, "delta": 45.880103}}
{"target": 0.46515971129428624, "params": {"imputer_strategy": 0.9541447305545063, "knn_imputer": 0.29487799806509984, "knn_imputer_k": 3.723342802263725, "lasso_alpha": 0.0005245747770331739, "model_penalty": 0.8076986144653245, "model_pos_class_weight": 4.074638915372102, "pca_components": 5.818637616817474, "rf_criterion": 0.6482082342084081, "rf_max_depth": 8.845778295304864, "rf_max_features": 17.37316173476093, "rf_min_samples_split": 7.256734113026151, "rf_n_estimators": 190.84000268984283, "sampling_strategy": 0.45592700021791965, "scaler_choice": 0.7253488033413383}, "datetime": {"datetime": "2023-11-13 22:12:40", "elapsed": 248.235694, "delta": 14.530542}}
{"target": 0.21388668308647996, "params": {"imputer_strategy": 0.3265619035673095, "knn_imputer": 0.5018095678146067, "knn_imputer_k": 4.812865882678981, "lasso_alpha": 0.0005746974252309731, "model_penalty": 0.7500752231164316, "model_pos_class_weight": 65.18044047634669, "pca_components": 2.3257318848572224, "rf_criterion": 0.15246463898078133, "rf_max_depth": 17.161808063704967, "rf_max_features": 9.395728992907447, "rf_min_samples_split": 9.036966015542468, "rf_n_estimators": 197.12977584617028, "sampling_strategy": 0.4274090868627455, "scaler_choice": 0.8372010469527875}, "datetime": {"datetime": "2023-11-13 22:12:58", "elapsed": 266.791072, "delta": 18.555378}}
{"target": 0.22285134570152398, "params": {"imputer_strategy": 0.8612603559404052, "knn_imputer": 0.5233720888764171, "knn_imputer_k": 5.772076916427994, "lasso_alpha": 0.000331195642584409, "model_penalty": 0.528471556631061, "model_pos_class_weight": 2.349047355038763, "pca_components": 2.228571297470145, "rf_criterion": 0.4186746868500141, "rf_max_depth": 15.911544543924588, "rf_max_features": 59.812574814283025, "rf_min_samples_split": 9.248299100145235, "rf_n_estimators": 157.4220516018385, "sampling_strategy": 0.4955478858337981, "scaler_choice": 0.8501843247983006}, "datetime": {"datetime": "2023-11-13 22:13:29", "elapsed": 297.270501, "delta": 30.479429}}
{"target": 0.25228111572685774, "params": {"imputer_strategy": 0.965701885910176, "knn_imputer": 0.6418866132711365, "knn_imputer_k": 4.786928935047124, "lasso_alpha": 0.0009887197279163998, "model_penalty": 0.7343521273832673, "model_pos_class_weight": 19.19487499621054, "pca_components": 4.502289684959436, "rf_criterion": 0.43268006070572296, "rf_max_depth": 11.47529394796086, "rf_max_features": 39.80080771946426, "rf_min_samples_split": 4.608706885532712, "rf_n_estimators": 488.94711988229375, "sampling_strategy": 0.3345756028305868, "scaler_choice": 0.7376939168113229}, "datetime": {"datetime": "2023-11-13 22:14:36", "elapsed": 364.710752, "delta": 67.440251}}
{"target": 0.20769900178257328, "params": {"imputer_strategy": 0.04045084921624986, "knn_imputer": 0.8548729911655477, "knn_imputer_k": 6.059981115020781, "lasso_alpha": 1.5038527348109453e-05, "model_penalty": 0.4739583265207117, "model_pos_class_weight": 50.98289146378033, "pca_components": 5.04597099048019, "rf_criterion": 0.02262167064120124, "rf_max_depth": 15.801419773223195, "rf_max_features": 41.00764292063476, "rf_min_samples_split": 2.628538863453021, "rf_n_estimators": 286.8798580566794, "sampling_strategy": 0.4424140171918608, "scaler_choice": 0.019471676082948197}, "datetime": {"datetime": "2023-11-13 22:15:19", "elapsed": 407.932147, "delta": 43.221395}}
{"target": 0.5718113908509295, "params": {"imputer_strategy": 0.0271155953214184, "knn_imputer": 0.09652216221529489, "knn_imputer_k": 3.6714236710036654, "lasso_alpha": 0.00018363148466303994, "model_penalty": 0.25709788204709283, "model_pos_class_weight": 7.723312281507844, "pca_components": 7.273505537812521, "rf_criterion": 0.7768173370023057, "rf_max_depth": 3.5482408205809057, "rf_max_features": 36.278250782870366, "rf_min_samples_split": 2.2770940207633257, "rf_n_estimators": 371.44547305645494, "sampling_strategy": 0.3356391954475376, "scaler_choice": 0.9244751523824488}, "datetime": {"datetime": "2023-11-13 22:15:37", "elapsed": 425.714469, "delta": 17.782322}}
{"target": 0.4047071211941614, "params": {"imputer_strategy": 0.36937209996469356, "knn_imputer": 0.024085539228895364, "knn_imputer_k": 4.654452527992814, "lasso_alpha": 0.00027639616342264384, "model_penalty": 0.43313390994414525, "model_pos_class_weight": 11.116664040058865, "pca_components": 7.952536143059835, "rf_criterion": 0.5642982754898394, "rf_max_depth": 8.747261289016446, "rf_max_features": 36.79218180085862, "rf_min_samples_split": 2.0070949036639396, "rf_n_estimators": 363.54662711488106, "sampling_strategy": 0.30405693195321754, "scaler_choice": 0.624356896754719}, "datetime": {"datetime": "2023-11-13 22:16:12", "elapsed": 460.406901, "delta": 34.692432}}
{"target": 0.40968668885464776, "params": {"imputer_strategy": 0.6265942611778089, "knn_imputer": 0.4674089568730455, "knn_imputer_k": 5.735114176398837, "lasso_alpha": 0.0006112625588595935, "model_penalty": 0.38171660983848343, "model_pos_class_weight": 13.070363084304336, "pca_components": 4.294642526196826, "rf_criterion": 0.3360118916743541, "rf_max_depth": 8.094664405345505, "rf_max_features": 27.946688290628266, "rf_min_samples_split": 4.727676481299847, "rf_n_estimators": 375.65875666015114, "sampling_strategy": 0.4994540427525076, "scaler_choice": 0.8997780048732367}, "datetime": {"datetime": "2023-11-13 22:16:48", "elapsed": 496.464552, "delta": 36.057651}}
{"target": 0.5776907124095344, "params": {"imputer_strategy": 0.0, "knn_imputer": 0.0, "knn_imputer_k": 3.0, "lasso_alpha": 1e-05, "model_penalty": 0.03938947385743092, "model_pos_class_weight": 3.324378295610506, "pca_components": 8.0, "rf_criterion": 1.0, "rf_max_depth": 2.0, "rf_max_features": 29.611187469374766, "rf_min_samples_split": 2.0, "rf_n_estimators": 369.82303224838626, "sampling_strategy": 0.3, "scaler_choice": 1.0}, "datetime": {"datetime": "2023-11-13 22:17:04", "elapsed": 512.23944, "delta": 15.774888}}
{"target": 0.5711108884240885, "params": {"imputer_strategy": 0.0, "knn_imputer": 0.0, "knn_imputer_k": 3.0, "lasso_alpha": 1e-05, "model_penalty": 1.0, "model_pos_class_weight": 1.6793694109636859, "pca_components": 8.0, "rf_criterion": 1.0, "rf_max_depth": 2.0, "rf_max_features": 33.178048699457534, "rf_min_samples_split": 2.0, "rf_n_estimators": 380.4977574216079, "sampling_strategy": 0.3, "scaler_choice": 1.0}, "datetime": {"datetime": "2023-11-13 22:17:17", "elapsed": 525.943379, "delta": 13.703939}}
{"target": 0.5665513806168945, "params": {"imputer_strategy": 0.0, "knn_imputer": 0.0, "knn_imputer_k": 3.0, "lasso_alpha": 0.001, "model_penalty": 0.0, "model_pos_class_weight": 26.640269399517045, "pca_components": 8.0, "rf_criterion": 0.0, "rf_max_depth": 2.0, "rf_max_features": 15.24061541071419, "rf_min_samples_split": 9.60803403227679, "rf_n_estimators": 417.86583122183725, "sampling_strategy": 0.3, "scaler_choice": 0.9913813813708972}, "datetime": {"datetime": "2023-11-13 22:17:34", "elapsed": 542.184071, "delta": 16.240692}}
{"target": 0.5550119209613852, "params": {"imputer_strategy": 0.0, "knn_imputer": 0.0, "knn_imputer_k": 3.0, "lasso_alpha": 0.001, "model_penalty": 0.0, "model_pos_class_weight": 35.20792907157771, "pca_components": 8.0, "rf_criterion": 0.0, "rf_max_depth": 2.0, "rf_max_features": 13.859559588897374, "rf_min_samples_split": 8.867304235401999, "rf_n_estimators": 405.1290004233488, "sampling_strategy": 0.32287279188054, "scaler_choice": 0.0}, "datetime": {"datetime": "2023-11-13 22:17:48", "elapsed": 556.725834, "delta": 14.541763}}
{"target": 0.5710234046943465, "params": {"imputer_strategy": 0.0, "knn_imputer": 0.0, "knn_imputer_k": 3.0, "lasso_alpha": 0.001, "model_penalty": 0.0, "model_pos_class_weight": 18.28400519098402, "pca_components": 8.0, "rf_criterion": 0.0, "rf_max_depth": 2.0, "rf_max_features": 15.65465548589795, "rf_min_samples_split": 2.0, "rf_n_estimators": 405.33667158086706, "sampling_strategy": 0.3, "scaler_choice": 0.0}, "datetime": {"datetime": "2023-11-13 22:18:02", "elapsed": 570.492228, "delta": 13.766394}}
{"target": 0.5698113999923139, "params": {"imputer_strategy": 0.0, "knn_imputer": 0.0, "knn_imputer_k": 3.0, "lasso_alpha": 0.001, "model_penalty": 0.0, "model_pos_class_weight": 7.913045939489755, "pca_components": 8.0, "rf_criterion": 0.0, "rf_max_depth": 2.0, "rf_max_features": 24.25976721536365, "rf_min_samples_split": 10.0, "rf_n_estimators": 416.5081164269461, "sampling_strategy": 0.3, "scaler_choice": 1.0}, "datetime": {"datetime": "2023-11-13 22:18:20", "elapsed": 588.298315, "delta": 17.806087}}
{"target": 0.2767018276079798, "params": {"imputer_strategy": 0.930157972306052, "knn_imputer": 0.34140444005922355, "knn_imputer_k": 3.165483927038719, "lasso_alpha": 0.000790402573886789, "model_penalty": 0.3660604249937157, "model_pos_class_weight": 7.669531842813916, "pca_components": 6.270699390446623, "rf_criterion": 0.45568606566775716, "rf_max_depth": 11.26490881276947, "rf_max_features": 11.507157762595657, "rf_min_samples_split": 4.9898337022122, "rf_n_estimators": 422.9088629032963, "sampling_strategy": 0.37219189738672653, "scaler_choice": 0.9797019518572913}, "datetime": {"datetime": "2023-11-13 22:18:53", "elapsed": 621.3086, "delta": 33.010285}}
{"target": 0.572722174126068, "params": {"imputer_strategy": 0.0, "knn_imputer": 0.0, "knn_imputer_k": 3.0, "lasso_alpha": 0.001, "model_penalty": 0.0, "model_pos_class_weight": 12.773834148599917, "pca_components": 8.0, "rf_criterion": 0.0, "rf_max_depth": 2.0, "rf_max_features": 29.685688712568048, "rf_min_samples_split": 10.0, "rf_n_estimators": 402.04775088405415, "sampling_strategy": 0.3, "scaler_choice": 1.0}, "datetime": {"datetime": "2023-11-13 22:19:08", "elapsed": 636.649574, "delta": 15.340974}}
{"target": 0.5649045661026082, "params": {"imputer_strategy": 0.12024432593865719, "knn_imputer": 0.43506368549605967, "knn_imputer_k": 3.399586856774885, "lasso_alpha": 0.0004366766490146411, "model_penalty": 0.7221399854736482, "model_pos_class_weight": 1.7760309704365411, "pca_components": 7.36676071061269, "rf_criterion": 0.5326870651271022, "rf_max_depth": 3.3345483747873956, "rf_max_features": 40.28586714520024, "rf_min_samples_split": 3.563741815299287, "rf_n_estimators": 421.33803455540647, "sampling_strategy": 0.49720646756620135, "scaler_choice": 0.6602845917236652}, "datetime": {"datetime": "2023-11-13 22:19:30", "elapsed": 659.160877, "delta": 22.511303}}
{"target": 0.5620392441559664, "params": {"imputer_strategy": 0.0, "knn_imputer": 0.0, "knn_imputer_k": 3.0, "lasso_alpha": 0.001, "model_penalty": 0.0, "model_pos_class_weight": 1.0, "pca_components": 8.0, "rf_criterion": 0.0, "rf_max_depth": 2.0, "rf_max_features": 47.780469853494104, "rf_min_samples_split": 10.0, "rf_n_estimators": 402.8656102616622, "sampling_strategy": 0.3, "scaler_choice": 1.0}, "datetime": {"datetime": "2023-11-13 22:19:46", "elapsed": 674.731682, "delta": 15.570805}}
{"target": 0.5753640775760862, "params": {"imputer_strategy": 0.0, "knn_imputer": 0.0, "knn_imputer_k": 3.0, "lasso_alpha": 0.001, "model_penalty": 0.0, "model_pos_class_weight": 9.046742883146605, "pca_components": 8.0, "rf_criterion": 0.0, "rf_max_depth": 2.0, "rf_max_features": 59.620605162811714, "rf_min_samples_split": 10.0, "rf_n_estimators": 421.8727427660398, "sampling_strategy": 0.3, "scaler_choice": 1.0}, "datetime": {"datetime": "2023-11-13 22:20:04", "elapsed": 692.659849, "delta": 17.928167}}
{"target": 0.13968177873024157, "params": {"imputer_strategy": 0.4930294884585017, "knn_imputer": 0.7116895183933728, "knn_imputer_k": 3.9096037892722335, "lasso_alpha": 0.00017791230193706488, "model_penalty": 0.8280058010458443, "model_pos_class_weight": 1.6547386385880656, "pca_components": 3.0795489907244775, "rf_criterion": 0.31984021284673725, "rf_max_depth": 16.694113549713663, "rf_max_features": 58.220058504590924, "rf_min_samples_split": 2.142381336778243, "rf_n_estimators": 432.73639502134137, "sampling_strategy": 0.3829336820586537, "scaler_choice": 0.440105152917743}, "datetime": {"datetime": "2023-11-13 22:21:26", "elapsed": 774.9595, "delta": 82.299651}}
{"target": 0.5764281134788872, "params": {"imputer_strategy": 0.0, "knn_imputer": 0.0, "knn_imputer_k": 3.0, "lasso_alpha": 0.001, "model_penalty": 0.0, "model_pos_class_weight": 18.562287716995645, "pca_components": 8.0, "rf_criterion": 0.0, "rf_max_depth": 2.0, "rf_max_features": 60.0, "rf_min_samples_split": 10.0, "rf_n_estimators": 405.756858537668, "sampling_strategy": 0.3, "scaler_choice": 1.0}, "datetime": {"datetime": "2023-11-13 22:21:43", "elapsed": 791.434979, "delta": 16.475479}}
{"target": 0.5786734787304746, "params": {"imputer_strategy": 0.0, "knn_imputer": 0.0, "knn_imputer_k": 3.0, "lasso_alpha": 1e-05, "model_penalty": 0.0, "model_pos_class_weight": 7.943231477528223, "pca_components": 8.0, "rf_criterion": 1.0, "rf_max_depth": 2.0, "rf_max_features": 60.0, "rf_min_samples_split": 2.0, "rf_n_estimators": 384.618740872376, "sampling_strategy": 0.3, "scaler_choice": 1.0}, "datetime": {"datetime": "2023-11-13 22:21:59", "elapsed": 807.841838, "delta": 16.406859}}
{"target": 0.5635996851688051, "params": {"imputer_strategy": 0.0, "knn_imputer": 0.0, "knn_imputer_k": 3.0, "lasso_alpha": 0.001, "model_penalty": 0.0, "model_pos_class_weight": 28.76532794503887, "pca_components": 8.0, "rf_criterion": 0.0, "rf_max_depth": 2.0, "rf_max_features": 60.0, "rf_min_samples_split": 10.0, "rf_n_estimators": 380.7094378678416, "sampling_strategy": 0.3, "scaler_choice": 1.0}, "datetime": {"datetime": "2023-11-13 22:22:16", "elapsed": 824.190543, "delta": 16.348705}}
{"target": 0.5651591295851126, "params": {"imputer_strategy": 0.9575980076022026, "knn_imputer": 0.7680487059157098, "knn_imputer_k": 6.091293292524702, "lasso_alpha": 0.00034851264247307543, "model_penalty": 0.9094799797108345, "model_pos_class_weight": 53.14083014552483, "pca_components": 6.339142649357024, "rf_criterion": 0.9441966170249918, "rf_max_depth": 3.7256545517933364, "rf_max_features": 53.172146562030555, "rf_min_samples_split": 8.056094915471185, "rf_n_estimators": 370.1948304170696, "sampling_strategy": 0.4094334882989151, "scaler_choice": 0.15675943152833582}, "datetime": {"datetime": "2023-11-13 22:22:35", "elapsed": 843.317936, "delta": 19.127393}}
{"target": 0.5691716795008867, "params": {"imputer_strategy": 0.0, "knn_imputer": 0.0, "knn_imputer_k": 3.0, "lasso_alpha": 0.001, "model_penalty": 0.0, "model_pos_class_weight": 53.955873450438105, "pca_components": 8.0, "rf_criterion": 0.0, "rf_max_depth": 2.0, "rf_max_features": 60.0, "rf_min_samples_split": 10.0, "rf_n_estimators": 392.0020219007011, "sampling_strategy": 0.3, "scaler_choice": 1.0}, "datetime": {"datetime": "2023-11-13 22:22:52", "elapsed": 860.35462, "delta": 17.036684}}
{"target": 0.5697388792305581, "params": {"imputer_strategy": 0.0, "knn_imputer": 0.0, "knn_imputer_k": 3.0, "lasso_alpha": 0.001, "model_penalty": 0.0, "model_pos_class_weight": 76.15845513178917, "pca_components": 8.0, "rf_criterion": 0.0, "rf_max_depth": 2.0, "rf_max_features": 60.0, "rf_min_samples_split": 10.0, "rf_n_estimators": 378.42791219558677, "sampling_strategy": 0.3, "scaler_choice": 1.0}, "datetime": {"datetime": "2023-11-13 22:23:06", "elapsed": 875.163214, "delta": 14.808594}}
{"target": 0.5698380791079283, "params": {"imputer_strategy": 0.0, "knn_imputer": 0.0, "knn_imputer_k": 3.0, "lasso_alpha": 0.001, "model_penalty": 0.0, "model_pos_class_weight": 67.42194053553995, "pca_components": 8.0, "rf_criterion": 0.0, "rf_max_depth": 2.0, "rf_max_features": 36.86614219501059, "rf_min_samples_split": 10.0, "rf_n_estimators": 384.5202973730355, "sampling_strategy": 0.3, "scaler_choice": 1.0}, "datetime": {"datetime": "2023-11-13 22:23:24", "elapsed": 892.676483, "delta": 17.513269}}
{"target": 0.15569681705894378, "params": {"imputer_strategy": 0.4997970219764545, "knn_imputer": 0.06264140769525361, "knn_imputer_k": 4.1729486410024546, "lasso_alpha": 0.0002453917979701756, "model_penalty": 0.33738537851729, "model_pos_class_weight": 73.45514603902195, "pca_components": 4.945147166992121, "rf_criterion": 0.1065746628584675, "rf_max_depth": 19.904391272847374, "rf_max_features": 53.24339410437767, "rf_min_samples_split": 5.901329334111546, "rf_n_estimators": 388.0565740430983, "sampling_strategy": 0.37106612502790803, "scaler_choice": 0.9609998208843702}, "datetime": {"datetime": "2023-11-13 22:24:40", "elapsed": 968.558801, "delta": 75.882318}}
{"target": 0.5676399658206189, "params": {"imputer_strategy": 0.0, "knn_imputer": 0.0, "knn_imputer_k": 3.0, "lasso_alpha": 0.001, "model_penalty": 0.0, "model_pos_class_weight": 44.43228602514646, "pca_components": 8.0, "rf_criterion": 0.0, "rf_max_depth": 2.0, "rf_max_features": 38.528650161455815, "rf_min_samples_split": 10.0, "rf_n_estimators": 383.8874979358566, "sampling_strategy": 0.3, "scaler_choice": 1.0}, "datetime": {"datetime": "2023-11-13 22:24:57", "elapsed": 985.896156, "delta": 17.337355}}
