{"target": 0.530313976956242, "params": {"imputer_strategy": 0.3745401188473625, "knn_imputer": 0.9507143064099162, "knn_imputer_k": 5.92797576724562, "lasso_alpha": 0.0006026718993550663, "pca_components": 2.9361118426546193, "sampling_strategy": 0.3311989040672405, "scaler_choice": 0.05808361216819946, "xgb_colsample_bytree": 0.8795585311974417, "xgb_gamma": 6.011150117432088, "xgb_learning_rate": 0.7081017705382658, "xgb_max_depth": 2.370520897324444, "xgb_n_estimators": 487.96394086479773, "xgb_reg_alpha": 8.324426408004218, "xgb_reg_lambda": 2.1233911067827616, "xgb_scale_pos_weight": 23.636499344142013, "xgb_subsample": 0.5917022549267169}, "datetime": {"datetime": "2023-11-13 19:47:42", "elapsed": 0.0, "delta": 0.0}}
{"target": 0.5148367129348306, "params": {"imputer_strategy": 0.3042422429595377, "knn_imputer": 0.5247564316322378, "knn_imputer_k": 4.727780074568463, "lasso_alpha": 0.0002983168487960615, "pca_components": 5.671117368334277, "sampling_strategy": 0.32789877213040836, "scaler_choice": 0.29214464853521815, "xgb_colsample_bytree": 0.4297256589643226, "xgb_gamma": 4.56069984217036, "xgb_learning_rate": 0.7851974437968743, "xgb_max_depth": 5.594128078850475, "xgb_n_estimators": 305.69377536544465, "xgb_reg_alpha": 5.924145688620425, "xgb_reg_lambda": 0.46450412719997725, "xgb_scale_pos_weight": 32.150897038028766, "xgb_subsample": 0.5852620618436457}, "datetime": {"datetime": "2023-11-13 19:47:45", "elapsed": 2.419377, "delta": 2.419377}}
{"target": 0.4828150442828415, "params": {"imputer_strategy": 0.06505159298527952, "knn_imputer": 0.9488855372533332, "knn_imputer_k": 6.862528132298237, "lasso_alpha": 0.0008103133746352965, "pca_components": 3.8276826150402243, "sampling_strategy": 0.31953442280127675, "scaler_choice": 0.6842330265121569, "xgb_colsample_bytree": 0.4961372443656412, "xgb_gamma": 1.2203823484477883, "xgb_learning_rate": 0.49522739242025904, "xgb_max_depth": 2.618993380073931, "xgb_n_estimators": 463.7281608315128, "xgb_reg_alpha": 2.587799816000169, "xgb_reg_lambda": 6.62522284353982, "xgb_scale_pos_weight": 26.23422152178822, "xgb_subsample": 0.7600340105889054}, "datetime": {"datetime": "2023-11-13 19:47:48", "elapsed": 5.157853, "delta": 2.738476}}
{"target": 0.4668202603976419, "params": {"imputer_strategy": 0.5467102793432796, "knn_imputer": 0.18485445552552704, "knn_imputer_k": 6.878338511058234, "lasso_alpha": 0.0007773814951275034, "pca_components": 7.6369936493851345, "sampling_strategy": 0.47896547008552975, "scaler_choice": 0.5978999788110851, "xgb_colsample_bytree": 0.9296868115208051, "xgb_gamma": 0.884925020519195, "xgb_learning_rate": 0.1960632641329033, "xgb_max_depth": 2.814091200389685, "xgb_n_estimators": 230.13213230530573, "xgb_reg_alpha": 3.8867728968948203, "xgb_reg_lambda": 2.713490317738959, "xgb_scale_pos_weight": 36.57475018303859, "xgb_subsample": 0.6783766633467947}, "datetime": {"datetime": "2023-11-13 19:47:50", "elapsed": 7.581772, "delta": 2.423919}}
{"target": 0.4513226575666145, "params": {"imputer_strategy": 0.28093450968738076, "knn_imputer": 0.5426960831582485, "knn_imputer_k": 3.5636968998990506, "lasso_alpha": 0.0008041750109464993, "pca_components": 2.447303862078625, "sampling_strategy": 0.49737738732010345, "scaler_choice": 0.7722447692966574, "xgb_colsample_bytree": 0.2788441133807552, "xgb_gamma": 0.05522117123602399, "xgb_learning_rate": 0.8154798823119886, "xgb_max_depth": 14.723432189257109, "xgb_n_estimators": 391.60286721639494, "xgb_reg_alpha": 7.712703466859457, "xgb_reg_lambda": 0.7404465173409036, "xgb_scale_pos_weight": 27.169314570885454, "xgb_subsample": 0.5579345297625649}, "datetime": {"datetime": "2023-11-13 19:47:54", "elapsed": 11.187661, "delta": 3.605889}}
{"target": 0.5742646723620805, "params": {"imputer_strategy": 0.9481075067867839, "knn_imputer": 0.21008987168037174, "knn_imputer_k": 6.367447686058195, "lasso_alpha": 0.0009014345635624939, "pca_components": 3.643914946227266, "sampling_strategy": 0.416601552682372, "scaler_choice": 0.7383210303049658, "xgb_colsample_bytree": 0.8876549541148137, "xgb_gamma": 8.329959461661353, "xgb_learning_rate": 0.8174529963865927, "xgb_max_depth": 3.253042224739716, "xgb_n_estimators": 490.8180458456506, "xgb_reg_alpha": 5.220741450083601, "xgb_reg_lambda": 3.0902767157131317, "xgb_scale_pos_weight": 23.908788340758093, "xgb_subsample": 0.9805818499363168}, "datetime": {"datetime": "2023-11-13 19:47:57", "elapsed": 14.138528, "delta": 2.950867}}
{"target": 0.5718130478119592, "params": {"imputer_strategy": 1.0, "knn_imputer": 0.0, "knn_imputer_k": 6.186274177358538, "lasso_alpha": 0.0008520470005659961, "pca_components": 3.9055425651313986, "sampling_strategy": 0.47684918447607344, "scaler_choice": 1.0, "xgb_colsample_bytree": 0.8547260103725858, "xgb_gamma": 8.787944366854466, "xgb_learning_rate": 0.792088787569548, "xgb_max_depth": 7.326918481521506, "xgb_n_estimators": 493.0535247302076, "xgb_reg_alpha": 3.8899039577391727, "xgb_reg_lambda": 3.253239876610402, "xgb_scale_pos_weight": 25.627225159902455, "xgb_subsample": 1.0}, "datetime": {"datetime": "2023-11-13 19:47:59", "elapsed": 16.871113, "delta": 2.732585}}
{"target": 0.5188686782878273, "params": {"imputer_strategy": 0.4357535384108294, "knn_imputer": 0.25380585475508455, "knn_imputer_k": 3.9017660652170214, "lasso_alpha": 0.00044638973624595764, "pca_components": 5.247359778408677, "sampling_strategy": 0.41006229122752846, "scaler_choice": 0.7900730030696798, "xgb_colsample_bytree": 0.8594748203445491, "xgb_gamma": 5.393482841006328, "xgb_learning_rate": 0.9015534649585187, "xgb_max_depth": 4.059113964748554, "xgb_n_estimators": 498.3640848713223, "xgb_reg_alpha": 0.11458250960088678, "xgb_reg_lambda": 1.8938292004808177, "xgb_scale_pos_weight": 20.772897365692046, "xgb_subsample": 0.5806142019090617}, "datetime": {"datetime": "2023-11-13 19:48:04", "elapsed": 21.286499, "delta": 4.415386}}
{"target": 0.5345089722602439, "params": {"imputer_strategy": 0.1268874739196829, "knn_imputer": 0.9009512168263968, "knn_imputer_k": 5.7452370390956595, "lasso_alpha": 0.0003529026262386788, "pca_components": 5.172702267505526, "sampling_strategy": 0.33322719549698526, "scaler_choice": 0.7071700009566076, "xgb_colsample_bytree": 0.6731765659798337, "xgb_gamma": 9.820318090079, "xgb_learning_rate": 0.8025900630364934, "xgb_max_depth": 6.932660625167778, "xgb_n_estimators": 488.82955884224646, "xgb_reg_alpha": 3.9500037212674455, "xgb_reg_lambda": 9.234762870218447, "xgb_scale_pos_weight": 23.65840768083793, "xgb_subsample": 0.6248334900173376}, "datetime": {"datetime": "2023-11-13 19:48:08", "elapsed": 25.43574, "delta": 4.149241}}
{"target": 0.5404960252359504, "params": {"imputer_strategy": 1.0, "knn_imputer": 0.0, "knn_imputer_k": 7.0, "lasso_alpha": 0.001, "pca_components": 2.065791121491848, "sampling_strategy": 0.5, "scaler_choice": 1.0, "xgb_colsample_bytree": 1.0, "xgb_gamma": 10.0, "xgb_learning_rate": 1.0, "xgb_max_depth": 2.0, "xgb_n_estimators": 491.9941463175351, "xgb_reg_alpha": 1.7171452181469715, "xgb_reg_lambda": 2.235163642658093, "xgb_scale_pos_weight": 29.645839862039683, "xgb_subsample": 1.0}, "datetime": {"datetime": "2023-11-13 19:48:11", "elapsed": 28.594742, "delta": 3.159002}}
{"target": 0.5453410002286849, "params": {"imputer_strategy": 1.0, "knn_imputer": 0.0, "knn_imputer_k": 7.0, "lasso_alpha": 0.001, "pca_components": 2.0, "sampling_strategy": 0.5, "scaler_choice": 1.0, "xgb_colsample_bytree": 1.0, "xgb_gamma": 10.0, "xgb_learning_rate": 0.0001, "xgb_max_depth": 6.988279468160213, "xgb_n_estimators": 490.0030968205681, "xgb_reg_alpha": 2.3166955118824033, "xgb_reg_lambda": 0.0, "xgb_scale_pos_weight": 21.062992488550776, "xgb_subsample": 1.0}, "datetime": {"datetime": "2023-11-13 19:48:16", "elapsed": 33.898445, "delta": 5.303703}}
{"target": 0.5618596875073029, "params": {"imputer_strategy": 0.31091561880884266, "knn_imputer": 0.9422029115829839, "knn_imputer_k": 3.6023682883382016, "lasso_alpha": 0.000750823181297882, "pca_components": 7.1532211163878525, "sampling_strategy": 0.48268748724115274, "scaler_choice": 0.8979874077865603, "xgb_colsample_bytree": 0.2498034690634396, "xgb_gamma": 9.802255339533602, "xgb_learning_rate": 0.08475553031232468, "xgb_max_depth": 4.161359802710399, "xgb_n_estimators": 495.083138517917, "xgb_reg_alpha": 8.439104811736847, "xgb_reg_lambda": 0.008118637408573992, "xgb_scale_pos_weight": 21.766058167682935, "xgb_subsample": 0.8365057200886958}, "datetime": {"datetime": "2023-11-13 19:48:20", "elapsed": 37.977043, "delta": 4.078598}}
{"target": 0.5390703974799269, "params": {"imputer_strategy": 1.0, "knn_imputer": 0.0, "knn_imputer_k": 7.0, "lasso_alpha": 0.001, "pca_components": 2.0, "sampling_strategy": 0.5, "scaler_choice": 1.0, "xgb_colsample_bytree": 1.0, "xgb_gamma": 10.0, "xgb_learning_rate": 1.0, "xgb_max_depth": 4.176414159080947, "xgb_n_estimators": 496.66517307342554, "xgb_reg_alpha": 9.339638472572101, "xgb_reg_lambda": 5.086985173200259, "xgb_scale_pos_weight": 24.356986507088017, "xgb_subsample": 1.0}, "datetime": {"datetime": "2023-11-13 19:48:24", "elapsed": 41.171348, "delta": 3.194305}}
{"target": 0.5172958249296703, "params": {"imputer_strategy": 1.0, "knn_imputer": 0.0, "knn_imputer_k": 7.0, "lasso_alpha": 0.001, "pca_components": 8.0, "sampling_strategy": 0.5, "scaler_choice": 1.0, "xgb_colsample_bytree": 0.1, "xgb_gamma": 10.0, "xgb_learning_rate": 1.0, "xgb_max_depth": 5.470445550030953, "xgb_n_estimators": 491.22520183761304, "xgb_reg_alpha": 6.104328882923348, "xgb_reg_lambda": 0.0, "xgb_scale_pos_weight": 26.571758626042797, "xgb_subsample": 1.0}, "datetime": {"datetime": "2023-11-13 19:48:27", "elapsed": 44.814636, "delta": 3.643288}}
{"target": 0.5635764770156739, "params": {"imputer_strategy": 0.3407692281141175, "knn_imputer": 0.6452676397870779, "knn_imputer_k": 6.3481489541316005, "lasso_alpha": 0.0005052484045386786, "pca_components": 2.746706192358136, "sampling_strategy": 0.43595169048972915, "scaler_choice": 0.8444618481473265, "xgb_colsample_bytree": 0.8691745247094659, "xgb_gamma": 9.621421920516955, "xgb_learning_rate": 0.5752776986727927, "xgb_max_depth": 4.6940241844297415, "xgb_n_estimators": 494.654188715686, "xgb_reg_alpha": 4.756050973724625, "xgb_reg_lambda": 3.4690013224467786, "xgb_scale_pos_weight": 20.2139346207534, "xgb_subsample": 0.8189280665716046}, "datetime": {"datetime": "2023-11-13 19:48:31", "elapsed": 48.471994, "delta": 3.657358}}
{"target": 0.5521223898179164, "params": {"imputer_strategy": 1.0, "knn_imputer": 0.0, "knn_imputer_k": 3.0, "lasso_alpha": 0.001, "pca_components": 2.0, "sampling_strategy": 0.5, "scaler_choice": 1.0, "xgb_colsample_bytree": 1.0, "xgb_gamma": 7.776317737332413, "xgb_learning_rate": 0.0001, "xgb_max_depth": 4.083766624883929, "xgb_n_estimators": 492.9000832631077, "xgb_reg_alpha": 3.864633568224873, "xgb_reg_lambda": 4.8136602872266145, "xgb_scale_pos_weight": 24.453801896189525, "xgb_subsample": 1.0}, "datetime": {"datetime": "2023-11-13 19:48:36", "elapsed": 53.389983, "delta": 4.917989}}
{"target": 0.5706970403277178, "params": {"imputer_strategy": 0.6583135988027868, "knn_imputer": 0.02504820806471686, "knn_imputer_k": 3.0064333695453316, "lasso_alpha": 0.0008269889423674476, "pca_components": 2.5009848609576766, "sampling_strategy": 0.30814542688261753, "scaler_choice": 0.14270190580032227, "xgb_colsample_bytree": 0.7014520174961525, "xgb_gamma": 6.852435977970885, "xgb_learning_rate": 0.055725861858200665, "xgb_max_depth": 11.110415536476328, "xgb_n_estimators": 496.215569889452, "xgb_reg_alpha": 6.738396871649233, "xgb_reg_lambda": 1.2576147390951842, "xgb_scale_pos_weight": 24.31740721941556, "xgb_subsample": 0.6743067595098234}, "datetime": {"datetime": "2023-11-13 19:48:40", "elapsed": 57.173951, "delta": 3.783968}}
{"target": 0.5606244283127426, "params": {"imputer_strategy": 0.9259583156401051, "knn_imputer": 0.7850984665309136, "knn_imputer_k": 4.324120213464081, "lasso_alpha": 0.00048047851606438643, "pca_components": 2.1997262822031405, "sampling_strategy": 0.36867714848805994, "scaler_choice": 0.22636758611319518, "xgb_colsample_bytree": 0.21268545244876877, "xgb_gamma": 3.6338478466313173, "xgb_learning_rate": 0.31397020757708133, "xgb_max_depth": 15.657625431474962, "xgb_n_estimators": 493.4141648804899, "xgb_reg_alpha": 3.094672554695004, "xgb_reg_lambda": 1.8821098178011286, "xgb_scale_pos_weight": 24.909645433548636, "xgb_subsample": 0.9589897874096588}, "datetime": {"datetime": "2023-11-13 19:48:43", "elapsed": 60.948274, "delta": 3.774323}}
{"target": 0.5713938153027563, "params": {"imputer_strategy": 0.3285644010872092, "knn_imputer": 0.36892574964517444, "knn_imputer_k": 5.2230031664331555, "lasso_alpha": 3.036702259569487e-05, "pca_components": 3.6412325440695477, "sampling_strategy": 0.4731806173598009, "scaler_choice": 0.07639919831792752, "xgb_colsample_bytree": 0.7352257436391417, "xgb_gamma": 8.194423529195655, "xgb_learning_rate": 0.04426138439389785, "xgb_max_depth": 16.26983573321661, "xgb_n_estimators": 495.4611242456035, "xgb_reg_alpha": 7.361750046637685, "xgb_reg_lambda": 4.393118588290619, "xgb_scale_pos_weight": 28.922467975611195, "xgb_subsample": 0.6050920458523026}, "datetime": {"datetime": "2023-11-13 19:48:48", "elapsed": 65.115534, "delta": 4.16726}}
{"target": 0.56677636464774, "params": {"imputer_strategy": 1.0, "knn_imputer": 1.0, "knn_imputer_k": 7.0, "lasso_alpha": 0.001, "pca_components": 3.363225245037277, "sampling_strategy": 0.3, "scaler_choice": 1.0, "xgb_colsample_bytree": 1.0, "xgb_gamma": 10.0, "xgb_learning_rate": 1.0, "xgb_max_depth": 16.06878191841053, "xgb_n_estimators": 497.0942795387451, "xgb_reg_alpha": 6.218184933184418, "xgb_reg_lambda": 3.604290888094556, "xgb_scale_pos_weight": 21.917734940619276, "xgb_subsample": 1.0}, "datetime": {"datetime": "2023-11-13 19:48:51", "elapsed": 68.469879, "delta": 3.354345}}
{"target": 0.5557521257273738, "params": {"imputer_strategy": 1.0, "knn_imputer": 0.0, "knn_imputer_k": 3.0, "lasso_alpha": 3.257427906146367e-05, "pca_components": 2.0, "sampling_strategy": 0.30198783737078577, "scaler_choice": 1.0, "xgb_colsample_bytree": 1.0, "xgb_gamma": 6.328588319548782, "xgb_learning_rate": 0.0001, "xgb_max_depth": 19.10528338446617, "xgb_n_estimators": 499.3156656319108, "xgb_reg_alpha": 10.0, "xgb_reg_lambda": 0.0, "xgb_scale_pos_weight": 25.424515776819362, "xgb_subsample": 1.0}, "datetime": {"datetime": "2023-11-13 19:48:57", "elapsed": 74.231446, "delta": 5.761567}}
{"target": 0.5690020617626975, "params": {"imputer_strategy": 1.0, "knn_imputer": 0.0, "knn_imputer_k": 5.02525243897632, "lasso_alpha": 0.001, "pca_components": 2.0, "sampling_strategy": 0.3, "scaler_choice": 0.0, "xgb_colsample_bytree": 1.0, "xgb_gamma": 10.0, "xgb_learning_rate": 0.30131552602312295, "xgb_max_depth": 15.109193681488653, "xgb_n_estimators": 499.51129707911497, "xgb_reg_alpha": 1.6303494538094192, "xgb_reg_lambda": 1.91002690714429, "xgb_scale_pos_weight": 28.4389887357606, "xgb_subsample": 1.0}, "datetime": {"datetime": "2023-11-13 19:49:00", "elapsed": 77.382796, "delta": 3.15135}}
{"target": 0.24186646407130086, "params": {"imputer_strategy": 0.5103312227379329, "knn_imputer": 0.42601922791125835, "knn_imputer_k": 6.700512930096412, "lasso_alpha": 0.0007384576905233409, "pca_components": 4.501633751822853, "sampling_strategy": 0.42522252564557395, "scaler_choice": 0.8760443854006709, "xgb_colsample_bytree": 0.6351319478131083, "xgb_gamma": 0.6203735728054438, "xgb_learning_rate": 0.6265458428993875, "xgb_max_depth": 15.103975838288568, "xgb_n_estimators": 499.5475070967701, "xgb_reg_alpha": 7.19795723849642, "xgb_reg_lambda": 6.027241398955275, "xgb_scale_pos_weight": 24.697075052929346, "xgb_subsample": 0.799893325261027}, "datetime": {"datetime": "2023-11-13 19:49:04", "elapsed": 82.015403, "delta": 4.632607}}
{"target": 0.541493018133826, "params": {"imputer_strategy": 1.0, "knn_imputer": 0.5965145679259497, "knn_imputer_k": 3.0, "lasso_alpha": 1e-05, "pca_components": 2.0, "sampling_strategy": 0.3, "scaler_choice": 0.0, "xgb_colsample_bytree": 1.0, "xgb_gamma": 10.0, "xgb_learning_rate": 0.0001, "xgb_max_depth": 17.14840992842957, "xgb_n_estimators": 492.23017817442667, "xgb_reg_alpha": 5.45018051092957, "xgb_reg_lambda": 0.0, "xgb_scale_pos_weight": 25.867369572109695, "xgb_subsample": 1.0}, "datetime": {"datetime": "2023-11-13 19:49:09", "elapsed": 86.898286, "delta": 4.882883}}
{"target": 0.571649527653901, "params": {"imputer_strategy": 0.0, "knn_imputer": 1.0, "knn_imputer_k": 3.0, "lasso_alpha": 0.001, "pca_components": 2.0, "sampling_strategy": 0.3, "scaler_choice": 1.0, "xgb_colsample_bytree": 0.1, "xgb_gamma": 10.0, "xgb_learning_rate": 0.0001, "xgb_max_depth": 12.517896930663563, "xgb_n_estimators": 497.5403473829664, "xgb_reg_alpha": 8.207533565644669, "xgb_reg_lambda": 0.0, "xgb_scale_pos_weight": 31.211101719505166, "xgb_subsample": 0.5}, "datetime": {"datetime": "2023-11-13 19:49:13", "elapsed": 91.087394, "delta": 4.189108}}
{"target": 0.5784011261011688, "params": {"imputer_strategy": 0.45845217507200864, "knn_imputer": 0.7790752213963968, "knn_imputer_k": 3.36213967040016, "lasso_alpha": 0.0006189149811532066, "pca_components": 5.325743756200904, "sampling_strategy": 0.470158045747409, "scaler_choice": 0.08233511082687439, "xgb_colsample_bytree": 0.8723649919899918, "xgb_gamma": 8.688906944852652, "xgb_learning_rate": 0.5351353925633809, "xgb_max_depth": 13.757368475772758, "xgb_n_estimators": 490.70601410645924, "xgb_reg_alpha": 3.075351277657324, "xgb_reg_lambda": 1.5048168688399821, "xgb_scale_pos_weight": 33.52781262069473, "xgb_subsample": 0.9867767383998663}, "datetime": {"datetime": "2023-11-13 19:49:17", "elapsed": 95.031638, "delta": 3.944244}}
{"target": 0.5612806045405561, "params": {"imputer_strategy": 0.9156545121346686, "knn_imputer": 0.07277847626711387, "knn_imputer_k": 3.8669584568564725, "lasso_alpha": 0.0001798397409516043, "pca_components": 5.856469488317313, "sampling_strategy": 0.4188264370805771, "scaler_choice": 0.9357956748864933, "xgb_colsample_bytree": 0.5262883741086145, "xgb_gamma": 8.029157859459419, "xgb_learning_rate": 0.14602044052951121, "xgb_max_depth": 19.87801347757178, "xgb_n_estimators": 493.9993078661389, "xgb_reg_alpha": 9.05264105671679, "xgb_reg_lambda": 0.9174835628997791, "xgb_scale_pos_weight": 35.32431152112454, "xgb_subsample": 0.8921807298438862}, "datetime": {"datetime": "2023-11-13 19:49:21", "elapsed": 98.996861, "delta": 3.965223}}
{"target": 0.5557887960520626, "params": {"imputer_strategy": 0.7219711318199974, "knn_imputer": 0.7152575424083725, "knn_imputer_k": 3.2750440602848823, "lasso_alpha": 0.0006142490153605009, "pca_components": 3.5975688839245357, "sampling_strategy": 0.40409706801151213, "scaler_choice": 0.012314600590442981, "xgb_colsample_bytree": 0.9125755192697178, "xgb_gamma": 9.028920474883913, "xgb_learning_rate": 0.7060631170310034, "xgb_max_depth": 13.260715417929504, "xgb_n_estimators": 496.7327847413972, "xgb_reg_alpha": 2.0281015637829736, "xgb_reg_lambda": 2.1450147014808127, "xgb_scale_pos_weight": 37.211976310614006, "xgb_subsample": 0.7535574582819371}, "datetime": {"datetime": "2023-11-13 19:49:25", "elapsed": 102.89011, "delta": 3.893249}}
{"target": 0.559528266249588, "params": {"imputer_strategy": 0.0, "knn_imputer": 0.0, "knn_imputer_k": 3.0, "lasso_alpha": 1e-05, "pca_components": 2.0, "sampling_strategy": 0.49625435854215655, "scaler_choice": 0.0, "xgb_colsample_bytree": 0.1, "xgb_gamma": 10.0, "xgb_learning_rate": 0.0001, "xgb_max_depth": 13.980880747838302, "xgb_n_estimators": 490.8235701924561, "xgb_reg_alpha": 8.29464211957532, "xgb_reg_lambda": 6.708198295874967, "xgb_scale_pos_weight": 34.41425732721243, "xgb_subsample": 0.5}, "datetime": {"datetime": "2023-11-13 19:49:29", "elapsed": 107.016655, "delta": 4.126545}}
{"target": 0.577075763703747, "params": {"imputer_strategy": 0.024804941068082953, "knn_imputer": 0.444654496820717, "knn_imputer_k": 6.345472642474938, "lasso_alpha": 0.000433045331437749, "pca_components": 2.2537467643603337, "sampling_strategy": 0.3770150313218635, "scaler_choice": 0.38874375846519493, "xgb_colsample_bytree": 0.39538749575190024, "xgb_gamma": 8.663994352580577, "xgb_learning_rate": 0.3664564748945559, "xgb_max_depth": 19.854235128504005, "xgb_n_estimators": 488.58038057970094, "xgb_reg_alpha": 2.860314335483267, "xgb_reg_lambda": 1.1272196935912948, "xgb_scale_pos_weight": 35.60243696546524, "xgb_subsample": 0.9075228349215176}, "datetime": {"datetime": "2023-11-13 19:49:33", "elapsed": 110.690966, "delta": 3.674311}}
{"target": 0.5406094860435742, "params": {"imputer_strategy": 1.0, "knn_imputer": 0.0, "knn_imputer_k": 3.0, "lasso_alpha": 0.001, "pca_components": 2.0, "sampling_strategy": 0.3, "scaler_choice": 0.0, "xgb_colsample_bytree": 0.1, "xgb_gamma": 2.483344295704302, "xgb_learning_rate": 0.0001, "xgb_max_depth": 16.465740671842617, "xgb_n_estimators": 488.83838700665007, "xgb_reg_alpha": 0.0, "xgb_reg_lambda": 0.0, "xgb_scale_pos_weight": 32.245406407828995, "xgb_subsample": 0.5}, "datetime": {"datetime": "2023-11-13 19:49:38", "elapsed": 115.208294, "delta": 4.517328}}
{"target": 0.5694873777704905, "params": {"imputer_strategy": 0.27548622194921735, "knn_imputer": 0.5524076358629528, "knn_imputer_k": 5.6396974147294365, "lasso_alpha": 0.00023200969412542002, "pca_components": 4.879801743609013, "sampling_strategy": 0.3290876821312288, "scaler_choice": 0.12845020014414954, "xgb_colsample_bytree": 0.24348511308943677, "xgb_gamma": 8.06676623885246, "xgb_learning_rate": 0.4338837377989113, "xgb_max_depth": 17.63740593241225, "xgb_n_estimators": 485.0419570820855, "xgb_reg_alpha": 1.3061121278461296, "xgb_reg_lambda": 7.3001857644301635, "xgb_scale_pos_weight": 34.06544210701556, "xgb_subsample": 0.8547563909634591}, "datetime": {"datetime": "2023-11-13 19:49:42", "elapsed": 119.129176, "delta": 3.920882}}
