{"target": 0.5875298092944049, "params": {"imputer_strategy": 0.3745401188473625, "knn_imputer": 0.9507143064099162, "knn_imputer_k": 5.92797576724562, "lasso_alpha": 0.0006026718993550663, "model_C": 0.15602708025603212, "model_penalty": 0.15599452033620265, "model_pos_class_weight": 6.750277604651747, "pca_components": 7.197056874649611, "sampling_strategy": 0.42022300234864174, "scaler_choice": 0.7080725777960455}, "datetime": {"datetime": "2023-11-13 23:40:04", "elapsed": 0.0, "delta": 0.0}}
{"target": 0.5883542283618249, "params": {"imputer_strategy": 0.020584494295802447, "knn_imputer": 0.9699098521619943, "knn_imputer_k": 6.329770563201687, "lasso_alpha": 0.00022021571957149338, "model_C": 0.18183314895742855, "model_penalty": 0.18340450985343382, "model_pos_class_weight": 31.119982052994235, "pca_components": 5.148538589793427, "sampling_strategy": 0.38638900372842316, "scaler_choice": 0.2912291401980419}, "datetime": {"datetime": "2023-11-13 23:40:05", "elapsed": 0.787701, "delta": 0.787701}}
{"target": 0.5876951658448671, "params": {"imputer_strategy": 0.6118528947223795, "knn_imputer": 0.13949386065204183, "knn_imputer_k": 4.168578594140873, "lasso_alpha": 0.00037269822486075483, "model_C": 0.45607542351719377, "model_penalty": 0.7851759613930136, "model_pos_class_weight": 20.767704433677615, "pca_components": 5.085406630481669, "sampling_strategy": 0.4184829137724085, "scaler_choice": 0.046450412719997725}, "datetime": {"datetime": "2023-11-13 23:40:05", "elapsed": 1.599228, "delta": 0.811527}}
{"target": 0.5878457882593746, "params": {"imputer_strategy": 0.6075448519014384, "knn_imputer": 0.17052412368729153, "knn_imputer_k": 3.260206371941118, "lasso_alpha": 0.0009493966818807999, "model_C": 0.9656323767542286, "model_penalty": 0.8083973481164611, "model_pos_class_weight": 31.156763148163698, "pca_components": 2.586032684038303, "sampling_strategy": 0.43684660530243136, "scaler_choice": 0.4401524937396013}, "datetime": {"datetime": "2023-11-13 23:40:06", "elapsed": 2.430782, "delta": 0.831554}}
{"target": 0.5880881582452826, "params": {"imputer_strategy": 0.12203823484477883, "knn_imputer": 0.4951769101112702, "knn_imputer_k": 3.1375540844608736, "lasso_alpha": 0.0009102271980579943, "model_C": 0.25878739380020094, "model_penalty": 0.662522284353982, "model_pos_class_weight": 31.859396532851683, "pca_components": 5.120408127066865, "sampling_strategy": 0.4093420558686559, "scaler_choice": 0.18485445552552704}, "datetime": {"datetime": "2023-11-13 23:40:07", "elapsed": 3.355402, "delta": 0.92462}}
{"target": 0.5880502185106737, "params": {"imputer_strategy": 0.15772031708324974, "knn_imputer": 0.6276247009230531, "knn_imputer_k": 6.603347921129294, "lasso_alpha": 0.0007211766167252378, "model_C": 0.3485531661368616, "model_penalty": 0.5873835952686471, "model_pos_class_weight": 31.765407841869717, "pca_components": 7.994897400671953, "sampling_strategy": 0.4497678376923702, "scaler_choice": 0.6143816397567536}, "datetime": {"datetime": "2023-11-13 23:40:08", "elapsed": 4.331837, "delta": 0.976435}}
{"target": 0.5880689827470973, "params": {"imputer_strategy": 0.6918971678930975, "knn_imputer": 0.8979852106730971, "knn_imputer_k": 6.672335691773142, "lasso_alpha": 0.0007990562130995382, "model_C": 0.2543595159091031, "model_penalty": 0.38504982061380255, "model_pos_class_weight": 33.76999336775506, "pca_components": 4.696046321374758, "sampling_strategy": 0.39117691753484995, "scaler_choice": 0.890513117906607}, "datetime": {"datetime": "2023-11-13 23:40:09", "elapsed": 5.251357, "delta": 0.91952}}
{"target": 0.5815578224224933, "params": {"imputer_strategy": 0.5469331909420583, "knn_imputer": 0.6665078011214266, "knn_imputer_k": 7.0, "lasso_alpha": 0.0007262963146788726, "model_C": 1e-05, "model_penalty": 0.0, "model_pos_class_weight": 28.927451071657526, "pca_components": 5.625403543848451, "sampling_strategy": 0.34173010997776326, "scaler_choice": 0.9729412296323439}, "datetime": {"datetime": "2023-11-13 23:40:10", "elapsed": 6.046127, "delta": 0.79477}}
{"target": 0.5897940388103121, "params": {"imputer_strategy": 0.4477650025189669, "knn_imputer": 0.8247474595486356, "knn_imputer_k": 6.211450559995946, "lasso_alpha": 0.0001777612354860366, "model_C": 0.03515133771644538, "model_penalty": 0.3772250466112428, "model_pos_class_weight": 35.10243650150724, "pca_components": 3.5691182372161223, "sampling_strategy": 0.4640008603226005, "scaler_choice": 0.9794332222263649}, "datetime": {"datetime": "2023-11-13 23:40:11", "elapsed": 6.832132, "delta": 0.786005}}
{"target": 0.5885813263647949, "params": {"imputer_strategy": 0.774367585401301, "knn_imputer": 0.5555297336314484, "knn_imputer_k": 6.410341221028011, "lasso_alpha": 9.455740043201995e-05, "model_C": 0.10875802131442508, "model_penalty": 0.10638194312572968, "model_pos_class_weight": 34.45214161805079, "pca_components": 3.5263434291527034, "sampling_strategy": 0.3874868438167446, "scaler_choice": 0.8062132654332964}, "datetime": {"datetime": "2023-11-13 23:40:11", "elapsed": 7.601328, "delta": 0.769196}}
{"target": 0.5881544260271439, "params": {"imputer_strategy": 0.0, "knn_imputer": 1.0, "knn_imputer_k": 4.966662206596226, "lasso_alpha": 0.00018738961290886116, "model_C": 0.19124930310358035, "model_penalty": 0.8653923837893543, "model_pos_class_weight": 35.29654000634727, "pca_components": 3.7534503573843527, "sampling_strategy": 0.5, "scaler_choice": 0.8593687288986248}, "datetime": {"datetime": "2023-11-13 23:40:12", "elapsed": 8.477511, "delta": 0.876183}}
{"target": 0.5880330676778849, "params": {"imputer_strategy": 0.19397012633741273, "knn_imputer": 0.8601594561191763, "knn_imputer_k": 6.72519304670576, "lasso_alpha": 0.0009891684948051163, "model_C": 0.3323635183548598, "model_penalty": 0.7700476216774762, "model_pos_class_weight": 36.11255544051769, "pca_components": 2.583244504276033, "sampling_strategy": 0.45445990613413, "scaler_choice": 0.4713510852232292}, "datetime": {"datetime": "2023-11-13 23:40:13", "elapsed": 9.246471, "delta": 0.76896}}
{"target": 0.5882075198194976, "params": {"imputer_strategy": 0.12278229492669401, "knn_imputer": 0.27137756966931137, "knn_imputer_k": 6.3356689617192625, "lasso_alpha": 0.0007036105357361114, "model_C": 0.18130268293454951, "model_penalty": 0.7058361093500861, "model_pos_class_weight": 35.497091245324874, "pca_components": 4.521417532883636, "sampling_strategy": 0.35108030123678385, "scaler_choice": 0.8208804575421514}, "datetime": {"datetime": "2023-11-13 23:40:14", "elapsed": 10.063816, "delta": 0.817345}}
{"target": 0.5, "params": {"imputer_strategy": 0.0, "knn_imputer": 1.0, "knn_imputer_k": 5.317877242884568, "lasso_alpha": 1e-05, "model_C": 1e-05, "model_penalty": 0.6078150617417697, "model_pos_class_weight": 32.54900270233364, "pca_components": 6.030911506385769, "sampling_strategy": 0.5, "scaler_choice": 0.0}, "datetime": {"datetime": "2023-11-13 23:40:15", "elapsed": 11.089144, "delta": 1.025328}}
{"target": 0.5880352594878492, "params": {"imputer_strategy": 0.6549025681188702, "knn_imputer": 0.435861659361092, "knn_imputer_k": 5.433880634681364, "lasso_alpha": 0.0009943606453669987, "model_C": 0.3203341510331603, "model_penalty": 0.9181433200502973, "model_pos_class_weight": 36.017714617157004, "pca_components": 3.221328863470637, "sampling_strategy": 0.32220989616961093, "scaler_choice": 0.030847258038332104}, "datetime": {"datetime": "2023-11-13 23:40:16", "elapsed": 11.883877, "delta": 0.794733}}
{"target": 0.589108515726575, "params": {"imputer_strategy": 0.6282181421290103, "knn_imputer": 0.7747888747435364, "knn_imputer_k": 5.265676137750708, "lasso_alpha": 0.0005170623700778411, "model_C": 0.07369399667862624, "model_penalty": 0.3534954383663401, "model_pos_class_weight": 34.91552654189935, "pca_components": 2.0953800857021436, "sampling_strategy": 0.3907318624374755, "scaler_choice": 0.5024977787808199}, "datetime": {"datetime": "2023-11-13 23:40:17", "elapsed": 12.71353, "delta": 0.829653}}
{"target": 0.5877705195993853, "params": {"imputer_strategy": 0.1331948900392127, "knn_imputer": 0.8867085184061687, "knn_imputer_k": 6.73257784651061, "lasso_alpha": 0.0001076850116990611, "model_C": 0.8307558647082434, "model_penalty": 0.17472458423941017, "model_pos_class_weight": 30.254715108471057, "pca_components": 4.233093092339664, "sampling_strategy": 0.3123066956961621, "scaler_choice": 0.70638471965628}, "datetime": {"datetime": "2023-11-13 23:40:17", "elapsed": 13.55313, "delta": 0.8396}}
{"target": 0.5879578105546475, "params": {"imputer_strategy": 0.12269811379743434, "knn_imputer": 0.9697946654554981, "knn_imputer_k": 6.687711375602273, "lasso_alpha": 0.0002636490503359724, "model_C": 0.9259984626139681, "model_penalty": 0.8838322552790661, "model_pos_class_weight": 33.809247571191875, "pca_components": 2.3191851853186947, "sampling_strategy": 0.3260863811112381, "scaler_choice": 0.23775338103161858}, "datetime": {"datetime": "2023-11-13 23:40:18", "elapsed": 14.399867, "delta": 0.846737}}
{"target": 0.5879229524535098, "params": {"imputer_strategy": 0.47249707086617476, "knn_imputer": 0.9052327162030724, "knn_imputer_k": 7.0, "lasso_alpha": 0.001, "model_C": 0.3478434179420324, "model_penalty": 0.0, "model_pos_class_weight": 32.096280891727204, "pca_components": 3.3878110292867745, "sampling_strategy": 0.3, "scaler_choice": 0.9738700421886428}, "datetime": {"datetime": "2023-11-13 23:40:19", "elapsed": 15.301895, "delta": 0.902028}}
{"target": 0.5879595169631542, "params": {"imputer_strategy": 0.827095771744624, "knn_imputer": 0.3029932840507388, "knn_imputer_k": 5.035251024173029, "lasso_alpha": 0.001, "model_C": 0.9554462101542528, "model_penalty": 0.6971201112282623, "model_pos_class_weight": 33.234827111305364, "pca_components": 2.4981427071690816, "sampling_strategy": 0.3250625699947325, "scaler_choice": 1.0}, "datetime": {"datetime": "2023-11-13 23:40:20", "elapsed": 16.340475, "delta": 1.03858}}
{"target": 0.5878868692358399, "params": {"imputer_strategy": 0.314404380964467, "knn_imputer": 0.22118454864947368, "knn_imputer_k": 5.458243910092556, "lasso_alpha": 0.00043421770772790594, "model_C": 0.8612565514751026, "model_penalty": 0.706757821778435, "model_pos_class_weight": 31.1893444196727, "pca_components": 2.1266167191991094, "sampling_strategy": 0.4675033782865143, "scaler_choice": 0.5089700317402153}, "datetime": {"datetime": "2023-11-13 23:40:21", "elapsed": 17.228556, "delta": 0.888081}}
{"target": 0.581335907905234, "params": {"imputer_strategy": 0.2831779723387084, "knn_imputer": 0.6114774095131771, "knn_imputer_k": 4.9100091981393, "lasso_alpha": 0.001, "model_C": 1e-05, "model_penalty": 0.0, "model_pos_class_weight": 30.185280460648997, "pca_components": 3.5061160360950403, "sampling_strategy": 0.3, "scaler_choice": 0.5676353236084745}, "datetime": {"datetime": "2023-11-13 23:40:22", "elapsed": 18.122958, "delta": 0.894402}}
{"target": 0.5881107111566104, "params": {"imputer_strategy": 1.0, "knn_imputer": 1.0, "knn_imputer_k": 6.019032053912189, "lasso_alpha": 1e-05, "model_C": 1.0, "model_penalty": 0.0, "model_pos_class_weight": 36.58699624433302, "pca_components": 4.001910037293672, "sampling_strategy": 0.5, "scaler_choice": 1.0}, "datetime": {"datetime": "2023-11-13 23:40:23", "elapsed": 18.978179, "delta": 0.855221}}
{"target": 0.5879816178483008, "params": {"imputer_strategy": 0.7988517385739744, "knn_imputer": 0.259158818288457, "knn_imputer_k": 3.2823382781927806, "lasso_alpha": 0.0008081674111761356, "model_C": 0.46827458380671577, "model_penalty": 0.8867701364890197, "model_pos_class_weight": 34.69617908688014, "pca_components": 2.1873389646775614, "sampling_strategy": 0.3771977013524358, "scaler_choice": 0.21999912295890856}, "datetime": {"datetime": "2023-11-13 23:40:24", "elapsed": 20.00419, "delta": 1.026011}}
{"target": 0.5880307718626586, "params": {"imputer_strategy": 0.05509069089728824, "knn_imputer": 0.9089236211536713, "knn_imputer_k": 4.0742004476988996, "lasso_alpha": 0.0005234353867098193, "model_C": 0.9933664049304557, "model_penalty": 0.7816966102385996, "model_pos_class_weight": 36.514748506262606, "pca_components": 2.328095494874733, "sampling_strategy": 0.3122647191135906, "scaler_choice": 0.8804969402523347}, "datetime": {"datetime": "2023-11-13 23:40:25", "elapsed": 21.189469, "delta": 1.185279}}
{"target": 0.5808653215100058, "params": {"imputer_strategy": 0.0, "knn_imputer": 0.0, "knn_imputer_k": 5.3087929592867855, "lasso_alpha": 1e-05, "model_C": 1e-05, "model_penalty": 0.0, "model_pos_class_weight": 36.6244336587858, "pca_components": 2.4892524055629375, "sampling_strategy": 0.5, "scaler_choice": 1.0}, "datetime": {"datetime": "2023-11-13 23:40:26", "elapsed": 22.180903, "delta": 0.991434}}
{"target": 0.587901410651642, "params": {"imputer_strategy": 0.0, "knn_imputer": 0.0, "knn_imputer_k": 4.60067035106197, "lasso_alpha": 1e-05, "model_C": 1.0, "model_penalty": 0.0, "model_pos_class_weight": 34.111703830968, "pca_components": 2.0, "sampling_strategy": 0.5, "scaler_choice": 0.0}, "datetime": {"datetime": "2023-11-13 23:40:27", "elapsed": 23.162176, "delta": 0.981273}}
{"target": 0.5879021032246788, "params": {"imputer_strategy": 1.0, "knn_imputer": 1.0, "knn_imputer_k": 4.323900548312508, "lasso_alpha": 0.001, "model_C": 1.0, "model_penalty": 0.0, "model_pos_class_weight": 35.04330443188712, "pca_components": 3.276218201285272, "sampling_strategy": 0.3, "scaler_choice": 0.0}, "datetime": {"datetime": "2023-11-13 23:40:28", "elapsed": 24.543301, "delta": 1.381125}}
{"target": 0.5882654465040819, "params": {"imputer_strategy": 0.38451288228148883, "knn_imputer": 0.7968279338181348, "knn_imputer_k": 3.1036271433515688, "lasso_alpha": 0.000439373479407011, "model_C": 0.21259286191612423, "model_penalty": 0.15324279765754711, "model_pos_class_weight": 32.85294746147829, "pca_components": 2.7602253091130358, "sampling_strategy": 0.35657508301829466, "scaler_choice": 0.3715960885689117}, "datetime": {"datetime": "2023-11-13 23:40:30", "elapsed": 25.958339, "delta": 1.415038}}
{"target": 0.5877470769449851, "params": {"imputer_strategy": 1.0, "knn_imputer": 0.0, "knn_imputer_k": 7.0, "lasso_alpha": 0.001, "model_C": 1.0, "model_penalty": 0.0, "model_pos_class_weight": 32.895647392004854, "pca_components": 2.0, "sampling_strategy": 0.5, "scaler_choice": 1.0}, "datetime": {"datetime": "2023-11-13 23:40:31", "elapsed": 27.092741, "delta": 1.134402}}
{"target": 0.5, "params": {"imputer_strategy": 1.0, "knn_imputer": 1.0, "knn_imputer_k": 7.0, "lasso_alpha": 0.001, "model_C": 1e-05, "model_penalty": 1.0, "model_pos_class_weight": 36.868873431631464, "pca_components": 4.531543806651088, "sampling_strategy": 0.3, "scaler_choice": 0.0}, "datetime": {"datetime": "2023-11-13 23:40:32", "elapsed": 28.057829, "delta": 0.965088}}
{"target": 0.5812524705748211, "params": {"imputer_strategy": 0.4307021564849613, "knn_imputer": 0.8439043516498753, "knn_imputer_k": 5.601704020171591, "lasso_alpha": 0.00030358235571519075, "model_C": 1e-05, "model_penalty": 0.0, "model_pos_class_weight": 32.824851924658844, "pca_components": 2.1059979072740744, "sampling_strategy": 0.5, "scaler_choice": 0.005469726223606121}, "datetime": {"datetime": "2023-11-13 23:40:33", "elapsed": 29.069733, "delta": 1.011904}}
{"target": 0.5879769785147193, "params": {"imputer_strategy": 0.5180831620243688, "knn_imputer": 0.0, "knn_imputer_k": 5.387773174065261, "lasso_alpha": 0.001, "model_C": 1.0, "model_penalty": 0.0, "model_pos_class_weight": 35.262181152612406, "pca_components": 3.600071219885272, "sampling_strategy": 0.5, "scaler_choice": 1.0}, "datetime": {"datetime": "2023-11-13 23:40:34", "elapsed": 30.246402, "delta": 1.176669}}
{"target": 0.5880607005173337, "params": {"imputer_strategy": 0.7326898502363397, "knn_imputer": 0.2506028417893107, "knn_imputer_k": 3.804860131719475, "lasso_alpha": 0.000492299439305406, "model_C": 0.8942948534515099, "model_penalty": 0.24671123203720813, "model_pos_class_weight": 36.284774582096084, "pca_components": 4.027093710873683, "sampling_strategy": 0.4182649680207564, "scaler_choice": 0.5165161569992655}, "datetime": {"datetime": "2023-11-13 23:40:35", "elapsed": 31.592121, "delta": 1.345719}}
{"target": 0.5880442097727908, "params": {"imputer_strategy": 0.35421736942712156, "knn_imputer": 0.47493751042232824, "knn_imputer_k": 3.640914369548018, "lasso_alpha": 0.0003886897394542919, "model_C": 0.34235027937524737, "model_penalty": 0.9809488576984704, "model_pos_class_weight": 34.324512961298794, "pca_components": 3.895032398301641, "sampling_strategy": 0.44246610330859226, "scaler_choice": 0.9109592472619931}, "datetime": {"datetime": "2023-11-13 23:40:37", "elapsed": 33.292188, "delta": 1.700067}}
{"target": 0.5879516216784398, "params": {"imputer_strategy": 0.7948049177014294, "knn_imputer": 0.9928738058007737, "knn_imputer_k": 6.847538660609407, "lasso_alpha": 0.0006647103367579003, "model_C": 0.2655780987966777, "model_penalty": 0.09785350155117412, "model_pos_class_weight": 29.829236824476855, "pca_components": 7.948783259883359, "sampling_strategy": 0.3609477825024618, "scaler_choice": 0.8248372182667472}, "datetime": {"datetime": "2023-11-13 23:40:39", "elapsed": 34.889634, "delta": 1.597446}}
{"target": 0.5878147265392921, "params": {"imputer_strategy": 0.0, "knn_imputer": 0.0, "knn_imputer_k": 3.0, "lasso_alpha": 0.001, "model_C": 1.0, "model_penalty": 0.0, "model_pos_class_weight": 32.181485272477644, "pca_components": 3.9129773904459535, "sampling_strategy": 0.3, "scaler_choice": 1.0}, "datetime": {"datetime": "2023-11-13 23:40:40", "elapsed": 36.41889, "delta": 1.529256}}
{"target": 0.5878107200745624, "params": {"imputer_strategy": 0.7484697002146288, "knn_imputer": 0.37866371293087264, "knn_imputer_k": 3.032792257273028, "lasso_alpha": 0.0005043468530499665, "model_C": 0.4120939529704921, "model_penalty": 0.03157585366872895, "model_pos_class_weight": 30.233709760617387, "pca_components": 4.732827889399292, "sampling_strategy": 0.4504544037812915, "scaler_choice": 0.5116902642720693}, "datetime": {"datetime": "2023-11-13 23:40:42", "elapsed": 37.909663, "delta": 1.490773}}
{"target": 0.5878486948370674, "params": {"imputer_strategy": 1.0, "knn_imputer": 1.0, "knn_imputer_k": 3.0, "lasso_alpha": 1e-05, "model_C": 1.0, "model_penalty": 1.0, "model_pos_class_weight": 32.06862993810908, "pca_components": 3.868130629152509, "sampling_strategy": 0.3, "scaler_choice": 0.0}, "datetime": {"datetime": "2023-11-13 23:40:44", "elapsed": 39.66777, "delta": 1.758107}}
{"target": 0.5881809191007321, "params": {"imputer_strategy": 1.0, "knn_imputer": 0.7259075055409581, "knn_imputer_k": 5.285497222599895, "lasso_alpha": 0.0006135188665972946, "model_C": 0.2500810331084965, "model_penalty": 0.0, "model_pos_class_weight": 19.115084949164753, "pca_components": 5.232026866160659, "sampling_strategy": 0.4067887449892861, "scaler_choice": 0.44711351828319607}, "datetime": {"datetime": "2023-11-13 23:40:45", "elapsed": 41.083619, "delta": 1.415849}}
{"target": 0.5883944771404662, "params": {"imputer_strategy": 0.23086943774843746, "knn_imputer": 0.22215501650064218, "knn_imputer_k": 4.380891737485124, "lasso_alpha": 0.00024479283867484926, "model_C": 0.10448061192473122, "model_penalty": 0.8267399781073062, "model_pos_class_weight": 19.453403394446298, "pca_components": 6.807853615241898, "sampling_strategy": 0.41331331658465603, "scaler_choice": 0.5351067603513653}, "datetime": {"datetime": "2023-11-13 23:40:47", "elapsed": 42.636118, "delta": 1.552499}}
{"target": 0.587727020164017, "params": {"imputer_strategy": 0.7386392734238132, "knn_imputer": 0.4612153372845531, "knn_imputer_k": 3.175201024623106, "lasso_alpha": 0.0006345178755621903, "model_C": 0.617054588442692, "model_penalty": 0.6844271273736616, "model_pos_class_weight": 19.049345397429015, "pca_components": 5.159977784162008, "sampling_strategy": 0.4509870402630995, "scaler_choice": 0.7658729677124078}, "datetime": {"datetime": "2023-11-13 23:40:48", "elapsed": 44.38057, "delta": 1.744452}}
{"target": 0.5, "params": {"imputer_strategy": 0.0, "knn_imputer": 0.0, "knn_imputer_k": 4.567793823837921, "lasso_alpha": 1e-05, "model_C": 1e-05, "model_penalty": 1.0, "model_pos_class_weight": 18.005956307005068, "pca_components": 5.285060433645079, "sampling_strategy": 0.3, "scaler_choice": 0.0}, "datetime": {"datetime": "2023-11-13 23:40:51", "elapsed": 46.795127, "delta": 2.414557}}
{"target": 0.5880867700217174, "params": {"imputer_strategy": 0.8803163002969173, "knn_imputer": 0.0724699821365139, "knn_imputer_k": 3.5615615220566927, "lasso_alpha": 0.0005407234561751342, "model_C": 0.2542487054836087, "model_penalty": 0.15378891550364626, "model_pos_class_weight": 20.26082265915164, "pca_components": 6.705212772892481, "sampling_strategy": 0.489398864748993, "scaler_choice": 0.8459331643156672}, "datetime": {"datetime": "2023-11-13 23:40:52", "elapsed": 48.347918, "delta": 1.552791}}
{"target": 0.5880090749461512, "params": {"imputer_strategy": 0.8912638943389011, "knn_imputer": 0.25491330123126676, "knn_imputer_k": 5.513924097590394, "lasso_alpha": 0.0009199376506508447, "model_C": 0.7592882905271121, "model_penalty": 0.2670334746979023, "model_pos_class_weight": 20.689672861662523, "pca_components": 6.442075408735867, "sampling_strategy": 0.3855322989571808, "scaler_choice": 0.8684717155645599}, "datetime": {"datetime": "2023-11-13 23:40:54", "elapsed": 49.908254, "delta": 1.560336}}
{"target": 0.5880238166520145, "params": {"imputer_strategy": 0.1870039000188295, "knn_imputer": 0.27279489651013344, "knn_imputer_k": 4.498848855083985, "lasso_alpha": 4.276992060048079e-05, "model_C": 0.7671886952132934, "model_penalty": 0.3871180324122957, "model_pos_class_weight": 20.973922496757847, "pca_components": 7.790010222382646, "sampling_strategy": 0.35806092813153445, "scaler_choice": 0.23653988047497565}, "datetime": {"datetime": "2023-11-13 23:40:55", "elapsed": 51.5722, "delta": 1.663946}}
