{"target": 0.5836831714524984, "params": {"imputer_strategy": 0.18374226671741367, "knn_imputer": 0.4098644041024444, "knn_imputer_k": 3.0354628274808095, "lasso_alpha": 0.0006271636407869557, "model_C": 0.031232086631047422, "model_penalty": 0.9712818449609774, "model_pos_class_weight": 42.84169984227734, "pca_components": 2.6710235995916367, "sampling_strategy": 0.30519299413534456, "scaler_choice": 0.24021789672489735}, "datetime": {"datetime": "2023-11-13 15:07:27", "elapsed": 307.145702, "delta": 5.203609}}
{"target": 0.5918932571705438, "params": {"imputer_strategy": 1.0, "knn_imputer": 0.0, "knn_imputer_k": 5.423200433434319, "lasso_alpha": 0.001, "model_C": 1.0, "model_penalty": 1.0, "model_pos_class_weight": 9.421576197169788, "pca_components": 8.0, "sampling_strategy": 0.5, "scaler_choice": 1.0}, "datetime": {"datetime": "2023-11-13 15:07:41", "elapsed": 320.774627, "delta": 13.628925}}
{"target": 0.5894300608529203, "params": {"imputer_strategy": 0.25363982496497794, "knn_imputer": 0.09356133480039541, "knn_imputer_k": 3.216026225647021, "lasso_alpha": 0.00021060482286378512, "model_C": 0.4288394661861882, "model_penalty": 0.21058058966067583, "model_pos_class_weight": 8.472034234643766, "pca_components": 7.994683187851264, "sampling_strategy": 0.13160052756014234, "scaler_choice": 0.20380586595539818}, "datetime": {"datetime": "2023-11-13 15:07:42", "elapsed": 322.205485, "delta": 1.430858}}
{"target": 0.5918422680131936, "params": {"imputer_strategy": 1.0, "knn_imputer": 1.0, "knn_imputer_k": 5.9889788892757165, "lasso_alpha": 0.001, "model_C": 1.0, "model_penalty": 1.0, "model_pos_class_weight": 41.63091315537037, "pca_components": 2.0, "sampling_strategy": 0.5, "scaler_choice": 0.0}, "datetime": {"datetime": "2023-11-13 15:07:52", "elapsed": 331.740599, "delta": 9.535114}}
{"target": 0.5918396093880227, "params": {"imputer_strategy": 0.8859271657177296, "knn_imputer": 0.8800164485657821, "knn_imputer_k": 6.559642832398484, "lasso_alpha": 0.0005311998665082595, "model_C": 0.9021286907829834, "model_penalty": 0.8804525923882283, "model_pos_class_weight": 45.70236870045611, "pca_components": 2.2498672891923133, "sampling_strategy": 0.13254531412803144, "scaler_choice": 0.8194741531237397}, "datetime": {"datetime": "2023-11-13 15:08:01", "elapsed": 341.349242, "delta": 9.608643}}
{"target": 0.5898613777400673, "params": {"imputer_strategy": 1.0, "knn_imputer": 1.0, "knn_imputer_k": 3.7319622343539147, "lasso_alpha": 0.001, "model_C": 1.0, "model_penalty": 0.0, "model_pos_class_weight": 46.13575620112352, "pca_components": 2.0, "sampling_strategy": 0.5, "scaler_choice": 0.0}, "datetime": {"datetime": "2023-11-13 15:08:02", "elapsed": 342.658943, "delta": 1.309701}}
{"target": 0.5909311484593964, "params": {"imputer_strategy": 0.2885678227213938, "knn_imputer": 0.21433671302396085, "knn_imputer_k": 5.11617996905834, "lasso_alpha": 0.0004639898317467954, "model_C": 0.3488789767947414, "model_penalty": 0.9238670622994651, "model_pos_class_weight": 47.75114902214435, "pca_components": 3.8275331520163167, "sampling_strategy": 0.08477473006028388, "scaler_choice": 0.3824755337791137}, "datetime": {"datetime": "2023-11-13 15:08:12", "elapsed": 352.028598, "delta": 9.369655}}
{"target": 0.59173524682361, "params": {"imputer_strategy": 0.7066708085270569, "knn_imputer": 0.7993320186318601, "knn_imputer_k": 4.363407015806892, "lasso_alpha": 0.0005099203456403109, "model_C": 0.6889039691597959, "model_penalty": 0.637032951276271, "model_pos_class_weight": 45.49864001076856, "pca_components": 5.395515455230917, "sampling_strategy": 0.3049551646633909, "scaler_choice": 0.4134567082947387}, "datetime": {"datetime": "2023-11-13 15:08:22", "elapsed": 361.804841, "delta": 9.776243}}
{"target": 0.5680807278103533, "params": {"imputer_strategy": 0.7221126041510826, "knn_imputer": 0.748868517955843, "knn_imputer_k": 6.97566363723822, "lasso_alpha": 6.915046553651074e-05, "model_C": 0.5429567090744254, "model_penalty": 0.0012338008355730068, "model_pos_class_weight": 46.85785278544487, "pca_components": 5.68110611133506, "sampling_strategy": 0.12632349340076832, "scaler_choice": 0.5701874100504171}, "datetime": {"datetime": "2023-11-13 15:08:23", "elapsed": 362.905504, "delta": 1.100663}}
{"target": 0.5663921605715436, "params": {"imputer_strategy": 0.2726680404238554, "knn_imputer": 0.7184632768130678, "knn_imputer_k": 3.139691103837704, "lasso_alpha": 0.00022476627075357112, "model_C": 0.5006869462859663, "model_penalty": 0.3962483715152353, "model_pos_class_weight": 48.22300868956332, "pca_components": 5.844918116852741, "sampling_strategy": 0.1664293761162315, "scaler_choice": 0.11772210225388957}, "datetime": {"datetime": "2023-11-13 15:08:24", "elapsed": 363.945398, "delta": 1.039894}}
{"target": 0.5910687452546657, "params": {"imputer_strategy": 0.009498748130212564, "knn_imputer": 0.4368408732654109, "knn_imputer_k": 4.9734690225875475, "lasso_alpha": 0.0002817433800053483, "model_C": 0.1284139774732687, "model_penalty": 0.5960029002402492, "model_pos_class_weight": 45.01170391927072, "pca_components": 3.0123731135050615, "sampling_strategy": 0.34436946648014605, "scaler_choice": 0.991673989900942}, "datetime": {"datetime": "2023-11-13 15:08:34", "elapsed": 373.725235, "delta": 9.779837}}
{"target": 0.5906916803731165, "params": {"imputer_strategy": 1.0, "knn_imputer": 1.0, "knn_imputer_k": 6.373437463817286, "lasso_alpha": 0.001, "model_C": 1.0, "model_penalty": 1.0, "model_pos_class_weight": 49.09936493286442, "pca_components": 2.0, "sampling_strategy": 0.5, "scaler_choice": 1.0}, "datetime": {"datetime": "2023-11-13 15:08:43", "elapsed": 382.89838, "delta": 9.173145}}
{"target": 0.5918123530902352, "params": {"imputer_strategy": 1.0, "knn_imputer": 0.0, "knn_imputer_k": 3.30640046781324, "lasso_alpha": 0.001, "model_C": 1.0, "model_penalty": 1.0, "model_pos_class_weight": 48.961087912946105, "pca_components": 2.0, "sampling_strategy": 0.5, "scaler_choice": 1.0}, "datetime": {"datetime": "2023-11-13 15:08:52", "elapsed": 392.666394, "delta": 9.768014}}
{"target": 0.59146742350365, "params": {"imputer_strategy": 0.0, "knn_imputer": 0.0, "knn_imputer_k": 5.0089594641440085, "lasso_alpha": 1.0000000000000026e-05, "model_C": 0.1711030604641705, "model_penalty": 1.0, "model_pos_class_weight": 51.21431554679575, "pca_components": 2.0, "sampling_strategy": 0.05, "scaler_choice": 0.08273093091006416}, "datetime": {"datetime": "2023-11-13 15:09:02", "elapsed": 401.804736, "delta": 9.138342}}
{"target": 0.5920053404736288, "params": {"imputer_strategy": 1.0, "knn_imputer": 0.0, "knn_imputer_k": 6.56366041880456, "lasso_alpha": 0.001, "model_C": 1.0, "model_penalty": 1.0, "model_pos_class_weight": 51.64368881893255, "pca_components": 4.131989850999844, "sampling_strategy": 0.5, "scaler_choice": 1.0}, "datetime": {"datetime": "2023-11-13 15:09:11", "elapsed": 410.883751, "delta": 9.079015}}
{"target": 0.5919960438955675, "params": {"imputer_strategy": 1.0, "knn_imputer": 1.0, "knn_imputer_k": 3.51587346169892, "lasso_alpha": 0.001, "model_C": 1.0, "model_penalty": 1.0, "model_pos_class_weight": 52.21298726957408, "pca_components": 3.4539632544378436, "sampling_strategy": 0.5, "scaler_choice": 1.0}, "datetime": {"datetime": "2023-11-13 15:09:20", "elapsed": 419.927004, "delta": 9.043253}}
{"target": 0.5597581448841796, "params": {"imputer_strategy": 1.0, "knn_imputer": 1.0, "knn_imputer_k": 5.994989020138916, "lasso_alpha": 0.001, "model_C": 1.0, "model_penalty": 0.0, "model_pos_class_weight": 53.37959428197913, "pca_components": 2.0, "sampling_strategy": 0.5, "scaler_choice": 1.0}, "datetime": {"datetime": "2023-11-13 15:09:21", "elapsed": 421.12003, "delta": 1.193026}}
{"target": 0.38985098489641984, "params": {"imputer_strategy": 0.0, "knn_imputer": 0.0, "knn_imputer_k": 4.5808790916906865, "lasso_alpha": 1e-05, "model_C": 1e-05, "model_penalty": 1.0, "model_pos_class_weight": 52.24621244560223, "pca_components": 5.37437583240344, "sampling_strategy": 0.05, "scaler_choice": 0.0}, "datetime": {"datetime": "2023-11-13 15:09:22", "elapsed": 422.165958, "delta": 1.045928}}
{"target": 0.5668634661882208, "params": {"imputer_strategy": 1.0, "knn_imputer": 0.0, "knn_imputer_k": 4.943130968407902, "lasso_alpha": 1e-05, "model_C": 1.0, "model_penalty": 0.0, "model_pos_class_weight": 50.26469637399513, "pca_components": 2.0, "sampling_strategy": 0.05, "scaler_choice": 1.0}, "datetime": {"datetime": "2023-11-13 15:09:23", "elapsed": 423.523534, "delta": 1.357576}}
{"target": 0.5191866012649262, "params": {"imputer_strategy": 0.0, "knn_imputer": 1.0, "knn_imputer_k": 5.733704441654011, "lasso_alpha": 1e-05, "model_C": 1e-05, "model_penalty": 0.0, "model_pos_class_weight": 47.31116178174344, "pca_components": 2.0, "sampling_strategy": 0.5, "scaler_choice": 0.0}, "datetime": {"datetime": "2023-11-13 15:09:25", "elapsed": 424.828521, "delta": 1.304987}}
{"target": 0.5917211975255636, "params": {"imputer_strategy": 0.8615148551765468, "knn_imputer": 0.9835587740990145, "knn_imputer_k": 3.2333731550191, "lasso_alpha": 0.00021000479232178535, "model_C": 0.6273681337811073, "model_penalty": 0.7037404601910099, "model_pos_class_weight": 17.396122394818583, "pca_components": 5.870437387702099, "sampling_strategy": 0.48628011668276194, "scaler_choice": 0.5611022873936388}, "datetime": {"datetime": "2023-11-13 15:09:37", "elapsed": 437.170888, "delta": 12.342367}}
{"target": 0.5938461412702541, "params": {"imputer_strategy": 1.0, "knn_imputer": 1.0, "knn_imputer_k": 5.334691593214774, "lasso_alpha": 0.001, "model_C": 1.0, "model_penalty": 1.0, "model_pos_class_weight": 43.86369633087157, "pca_components": 3.415412582084649, "sampling_strategy": 0.05, "scaler_choice": 0.0}, "datetime": {"datetime": "2023-11-13 15:09:46", "elapsed": 445.770414, "delta": 8.599526}}
{"target": 0.5919264023151298, "params": {"imputer_strategy": 1.0, "knn_imputer": 0.0, "knn_imputer_k": 3.3758430207071695, "lasso_alpha": 0.001, "model_C": 1.0, "model_penalty": 1.0, "model_pos_class_weight": 46.18681021818464, "pca_components": 3.505851852837559, "sampling_strategy": 0.05, "scaler_choice": 1.0}, "datetime": {"datetime": "2023-11-13 15:09:56", "elapsed": 455.794295, "delta": 10.023881}}
{"target": 0.5918442220550498, "params": {"imputer_strategy": 0.020516066317699533, "knn_imputer": 0.8243403946767174, "knn_imputer_k": 4.632230072709053, "lasso_alpha": 0.0003287035941768104, "model_C": 0.4316198320874217, "model_penalty": 0.565455702530421, "model_pos_class_weight": 39.83112380380436, "pca_components": 3.209783049712132, "sampling_strategy": 0.3634108823494314, "scaler_choice": 0.4139859697839099}, "datetime": {"datetime": "2023-11-13 15:10:06", "elapsed": 466.303263, "delta": 10.508968}}
{"target": 0.5916351898073873, "params": {"imputer_strategy": 0.0849889924980729, "knn_imputer": 0.8020328240673301, "knn_imputer_k": 3.304200032019917, "lasso_alpha": 8.27385131852975e-05, "model_C": 0.3524767616575372, "model_penalty": 0.8374671984932271, "model_pos_class_weight": 20.491216838907715, "pca_components": 7.511533525518826, "sampling_strategy": 0.2895310154547498, "scaler_choice": 0.6082770880921133}, "datetime": {"datetime": "2023-11-13 15:10:18", "elapsed": 477.984526, "delta": 11.681263}}
{"target": 0.5919941197302978, "params": {"imputer_strategy": 1.0, "knn_imputer": 0.0, "knn_imputer_k": 7.0, "lasso_alpha": 0.001, "model_C": 1.0, "model_penalty": 1.0, "model_pos_class_weight": 49.37407267077418, "pca_components": 4.012728505654456, "sampling_strategy": 0.5, "scaler_choice": 1.0}, "datetime": {"datetime": "2023-11-13 15:10:27", "elapsed": 487.440865, "delta": 9.456339}}
{"target": 0.5777635541119562, "params": {"imputer_strategy": 0.0, "knn_imputer": 1.0, "knn_imputer_k": 3.0, "lasso_alpha": 1e-05, "model_C": 1.0, "model_penalty": 0.0, "model_pos_class_weight": 44.09715294492038, "pca_components": 4.370087776859961, "sampling_strategy": 0.5, "scaler_choice": 1.0}, "datetime": {"datetime": "2023-11-13 15:10:28", "elapsed": 488.653719, "delta": 1.212854}}
{"target": 0.5919828618324247, "params": {"imputer_strategy": 1.0, "knn_imputer": 0.0, "knn_imputer_k": 3.148834640706097, "lasso_alpha": 0.001, "model_C": 1.0, "model_penalty": 1.0, "model_pos_class_weight": 5.704424536554823, "pca_components": 8.0, "sampling_strategy": 0.5, "scaler_choice": 1.0}, "datetime": {"datetime": "2023-11-13 15:10:42", "elapsed": 502.673172, "delta": 14.019453}}
{"target": 0.39032363198379616, "params": {"imputer_strategy": 1.0, "knn_imputer": 1.0, "knn_imputer_k": 3.0, "lasso_alpha": 0.001, "model_C": 1e-05, "model_penalty": 1.0, "model_pos_class_weight": 51.24386840680525, "pca_components": 2.0, "sampling_strategy": 0.5, "scaler_choice": 1.0}, "datetime": {"datetime": "2023-11-13 15:10:44", "elapsed": 503.792373, "delta": 1.119201}}
{"target": 0.5916171255448749, "params": {"imputer_strategy": 0.9343697896223706, "knn_imputer": 0.5421999045497988, "knn_imputer_k": 3.984065409008027, "lasso_alpha": 1e-05, "model_C": 0.3344334590052673, "model_penalty": 0.8887284058382213, "model_pos_class_weight": 19.029603688167928, "pca_components": 6.71830577006967, "sampling_strategy": 0.45647479841812044, "scaler_choice": 0.27546498576269574}, "datetime": {"datetime": "2023-11-13 15:10:55", "elapsed": 514.987108, "delta": 11.194735}}
{"target": 0.5919342499127997, "params": {"imputer_strategy": 1.0, "knn_imputer": 0.6587994577739482, "knn_imputer_k": 4.999108411186353, "lasso_alpha": 0.001, "model_C": 1.0, "model_penalty": 1.0, "model_pos_class_weight": 45.72482849463083, "pca_components": 3.661608114549002, "sampling_strategy": 0.05, "scaler_choice": 0.33088360673007294}, "datetime": {"datetime": "2023-11-13 15:11:04", "elapsed": 524.534194, "delta": 9.547086}}
{"target": 0.5847504329508743, "params": {"imputer_strategy": 1.0, "knn_imputer": 0.8928308533889109, "knn_imputer_k": 4.221659733231723, "lasso_alpha": 1e-05, "model_C": 1.0, "model_penalty": 0.0, "model_pos_class_weight": 14.100149200509613, "pca_components": 5.430074731992779, "sampling_strategy": 0.05, "scaler_choice": 1.0}, "datetime": {"datetime": "2023-11-13 15:11:06", "elapsed": 525.97974, "delta": 1.445546}}
{"target": 0.5920684491523781, "params": {"imputer_strategy": 1.0, "knn_imputer": 0.0, "knn_imputer_k": 4.216806089925644, "lasso_alpha": 0.001, "model_C": 1.0, "model_penalty": 1.0, "model_pos_class_weight": 37.128348440012196, "pca_components": 6.455569858010769, "sampling_strategy": 0.28353948753043656, "scaler_choice": 0.0}, "datetime": {"datetime": "2023-11-13 15:11:17", "elapsed": 536.739504, "delta": 10.759764}}
{"target": 0.5919290977969528, "params": {"imputer_strategy": 1.0, "knn_imputer": 0.0, "knn_imputer_k": 3.7630996845314506, "lasso_alpha": 0.001, "model_C": 1.0, "model_penalty": 1.0, "model_pos_class_weight": 16.094167102657423, "pca_components": 5.495083734537963, "sampling_strategy": 0.05, "scaler_choice": 1.0}, "datetime": {"datetime": "2023-11-13 15:11:31", "elapsed": 551.14672, "delta": 14.407216}}
{"target": 0.5919417723259144, "params": {"imputer_strategy": 1.0, "knn_imputer": 0.0, "knn_imputer_k": 5.547241704575619, "lasso_alpha": 0.001, "model_C": 1.0, "model_penalty": 0.862059754210418, "model_pos_class_weight": 11.997616087883369, "pca_components": 6.3633815388556325, "sampling_strategy": 0.43827582641690377, "scaler_choice": 1.0}, "datetime": {"datetime": "2023-11-13 15:11:44", "elapsed": 564.06858, "delta": 12.92186}}
{"target": 0.5920441731994937, "params": {"imputer_strategy": 0.6041113177352252, "knn_imputer": 0.25923176685536853, "knn_imputer_k": 6.791853140859404, "lasso_alpha": 0.0007571819161648068, "model_C": 0.6728772153660609, "model_penalty": 0.9417965600593997, "model_pos_class_weight": 43.635131603212066, "pca_components": 2.015548994061475, "sampling_strategy": 0.26755897345758967, "scaler_choice": 0.5263417504682575}, "datetime": {"datetime": "2023-11-13 15:11:54", "elapsed": 573.758075, "delta": 9.689495}}
{"target": 0.5868534986766436, "params": {"imputer_strategy": 1.0, "knn_imputer": 0.8819738114026886, "knn_imputer_k": 4.68186347213618, "lasso_alpha": 0.000891006330592424, "model_C": 0.43005124975410813, "model_penalty": 0.0, "model_pos_class_weight": 10.09769741559967, "pca_components": 6.641432964052415, "sampling_strategy": 0.5, "scaler_choice": 0.8884770714879341}, "datetime": {"datetime": "2023-11-13 15:11:55", "elapsed": 575.389975, "delta": 1.6319}}
