{"target": 0.3303664444638097, "params": {"imputer_strategy": 0.48211092401589584, "knn_imputer": 0.17373434904498597, "knn_imputer_k": 6.627903281124737, "lasso_alpha": 0.00037437790231823246, "model_penalty": 0.5167456955947829, "model_pos_class_weight": 98.8569032159962, "pca_components": 4.176795263065261, "rf_criterion": 0.17323789092185693, "rf_max_depth": 11.898782309958978, "rf_max_features": 24.840031126219785, "rf_min_samples_split": 6.188115532307956, "rf_n_estimators": 142.43752364447047, "sampling_strategy": 0.4795942383406745, "scaler_choice": 0.3502530682325393}, "datetime": {"datetime": "2023-11-13 22:34:31", "elapsed": 1559.332131, "delta": 16.032376}}
{"target": 0.5762020881441304, "params": {"imputer_strategy": 0.0, "knn_imputer": 1.0, "knn_imputer_k": 3.0, "lasso_alpha": 1e-05, "model_penalty": 1.0, "model_pos_class_weight": 68.26724348800866, "pca_components": 8.0, "rf_criterion": 0.0, "rf_max_depth": 2.0, "rf_max_features": 28.431450809793958, "rf_min_samples_split": 2.0, "rf_n_estimators": 100.0, "sampling_strategy": 0.3, "scaler_choice": 0.0}, "datetime": {"datetime": "2023-11-13 22:34:37", "elapsed": 1565.829325, "delta": 6.497194}}
{"target": 0.2074165636677806, "params": {"imputer_strategy": 0.7940748801205121, "knn_imputer": 0.25757397461431397, "knn_imputer_k": 6.162714342131132, "lasso_alpha": 0.00023987134732241124, "model_penalty": 0.1846286912951174, "model_pos_class_weight": 99.75746739991213, "pca_components": 2.9274539591786177, "rf_criterion": 0.4721972682144504, "rf_max_depth": 16.728762377294153, "rf_max_features": 14.4415592134335, "rf_min_samples_split": 7.402873805467758, "rf_n_estimators": 101.75733732601802, "sampling_strategy": 0.4473411802613504, "scaler_choice": 0.534908087385841}, "datetime": {"datetime": "2023-11-13 22:34:53", "elapsed": 1581.599114, "delta": 15.769789}}
{"target": 0.21228231124598995, "params": {"imputer_strategy": 1.0, "knn_imputer": 1.0, "knn_imputer_k": 7.0, "lasso_alpha": 1e-05, "model_penalty": 1.0, "model_pos_class_weight": 86.09024929680055, "pca_components": 8.0, "rf_criterion": 1.0, "rf_max_depth": 20.0, "rf_max_features": 8.0, "rf_min_samples_split": 10.0, "rf_n_estimators": 393.7243819980774, "sampling_strategy": 0.5, "scaler_choice": 1.0}, "datetime": {"datetime": "2023-11-13 22:35:34", "elapsed": 1622.602453, "delta": 41.003339}}
{"target": 0.5672790439654714, "params": {"imputer_strategy": 0.0, "knn_imputer": 1.0, "knn_imputer_k": 3.0, "lasso_alpha": 1e-05, "model_penalty": 0.0, "model_pos_class_weight": 26.458387564786822, "pca_components": 8.0, "rf_criterion": 1.0, "rf_max_depth": 2.0, "rf_max_features": 31.165650500620014, "rf_min_samples_split": 2.0, "rf_n_estimators": 100.0, "sampling_strategy": 0.3, "scaler_choice": 1.0}, "datetime": {"datetime": "2023-11-13 22:35:41", "elapsed": 1629.936376, "delta": 7.333923}}
{"target": 0.5622190211527817, "params": {"imputer_strategy": 0.0, "knn_imputer": 0.0, "knn_imputer_k": 3.0, "lasso_alpha": 1e-05, "model_penalty": 1.0, "model_pos_class_weight": 42.748836283320244, "pca_components": 8.0, "rf_criterion": 0.0, "rf_max_depth": 2.0, "rf_max_features": 8.0, "rf_min_samples_split": 2.0, "rf_n_estimators": 375.99079528323836, "sampling_strategy": 0.3, "scaler_choice": 0.0}, "datetime": {"datetime": "2023-11-13 22:35:55", "elapsed": 1644.046286, "delta": 14.10991}}
{"target": 0.5689703126351738, "params": {"imputer_strategy": 0.0, "knn_imputer": 1.0, "knn_imputer_k": 3.0, "lasso_alpha": 1e-05, "model_penalty": 0.0, "model_pos_class_weight": 74.66974865192296, "pca_components": 8.0, "rf_criterion": 1.0, "rf_max_depth": 2.0, "rf_max_features": 8.0, "rf_min_samples_split": 2.0, "rf_n_estimators": 122.53775240765769, "sampling_strategy": 0.3, "scaler_choice": 1.0}, "datetime": {"datetime": "2023-11-13 22:36:02", "elapsed": 1650.244681, "delta": 6.198395}}
{"target": 0.5637364206415593, "params": {"imputer_strategy": 1.0, "knn_imputer": 0.0, "knn_imputer_k": 3.0, "lasso_alpha": 0.001, "model_penalty": 1.0, "model_pos_class_weight": 29.11970841124354, "pca_components": 8.0, "rf_criterion": 0.0, "rf_max_depth": 2.0, "rf_max_features": 8.0, "rf_min_samples_split": 2.0, "rf_n_estimators": 329.8117056137346, "sampling_strategy": 0.3, "scaler_choice": 1.0}, "datetime": {"datetime": "2023-11-13 22:36:14", "elapsed": 1662.836807, "delta": 12.592126}}
{"target": 0.5686947391686181, "params": {"imputer_strategy": 1.0, "knn_imputer": 1.0, "knn_imputer_k": 7.0, "lasso_alpha": 0.001, "model_penalty": 1.0, "model_pos_class_weight": 84.7963822834741, "pca_components": 8.0, "rf_criterion": 0.0, "rf_max_depth": 2.0, "rf_max_features": 60.0, "rf_min_samples_split": 2.0, "rf_n_estimators": 319.63240739081124, "sampling_strategy": 0.5, "scaler_choice": 0.0}, "datetime": {"datetime": "2023-11-13 22:36:31", "elapsed": 1679.592627, "delta": 16.75582}}
{"target": 0.5734112063036468, "params": {"imputer_strategy": 0.8279966724673862, "knn_imputer": 0.0, "knn_imputer_k": 3.0, "lasso_alpha": 0.001, "model_penalty": 0.9754682478860414, "model_pos_class_weight": 1.0, "pca_components": 8.0, "rf_criterion": 1.0, "rf_max_depth": 2.0, "rf_max_features": 8.0, "rf_min_samples_split": 6.101997155834567, "rf_n_estimators": 316.69919590408904, "sampling_strategy": 0.3, "scaler_choice": 1.0}, "datetime": {"datetime": "2023-11-13 22:36:43", "elapsed": 1692.021797, "delta": 12.42917}}
