{"target": 0.561729550977154, "params": {"imputer_strategy": 0.3745401188473625, "knn_imputer": 0.9507143064099162, "knn_imputer_k": 5.92797576724562, "lasso_alpha": 0.0006026718993550663, "model_C": 0.15602708025603212, "model_penalty": 0.15599452033620265, "model_pos_class_weight": 6.750277604651747, "pca_components": 7.197056874649611, "sampling_strategy": 0.32050175528444397, "scaler_choice": 0.7080725777960455}, "datetime": {"datetime": "2023-11-13 15:59:14", "elapsed": 0.0, "delta": 0.0}}
{"target": 0.5599830062105345, "params": {"imputer_strategy": 0.020584494295802447, "knn_imputer": 0.9699098521619943, "knn_imputer_k": 6.329770563201687, "lasso_alpha": 0.00022021571957149338, "model_C": 0.18183314895742855, "model_penalty": 0.18340450985343382, "model_pos_class_weight": 31.119982052994235, "pca_components": 5.148538589793427, "sampling_strategy": 0.24437525838895208, "scaler_choice": 0.2912291401980419}, "datetime": {"datetime": "2023-11-13 15:59:15", "elapsed": 1.324145, "delta": 1.324145}}
{"target": 0.5584548381378027, "params": {"imputer_strategy": 0.6118528947223795, "knn_imputer": 0.13949386065204183, "knn_imputer_k": 4.168578594140873, "lasso_alpha": 0.00037269822486075483, "model_C": 0.45607542351719377, "model_penalty": 0.7851759613930136, "model_pos_class_weight": 20.767704433677615, "pca_components": 5.085406630481669, "sampling_strategy": 0.3165865559879191, "scaler_choice": 0.046450412719997725}, "datetime": {"datetime": "2023-11-13 15:59:17", "elapsed": 2.776453, "delta": 1.452308}}
{"target": 0.5576929068724923, "params": {"imputer_strategy": 0.6075448519014384, "knn_imputer": 0.17052412368729153, "knn_imputer_k": 3.260206371941118, "lasso_alpha": 0.0009493966818807999, "model_C": 0.9656323767542286, "model_penalty": 0.8083973481164611, "model_pos_class_weight": 31.156763148163698, "pca_components": 2.586032684038303, "sampling_strategy": 0.3579048619304706, "scaler_choice": 0.4401524937396013}, "datetime": {"datetime": "2023-11-13 15:59:18", "elapsed": 4.250348, "delta": 1.473895}}
{"target": 0.5596585940187636, "params": {"imputer_strategy": 0.12203823484477883, "knn_imputer": 0.4951769101112702, "knn_imputer_k": 3.1375540844608736, "lasso_alpha": 0.0009102271980579943, "model_C": 0.25878739380020094, "model_penalty": 0.662522284353982, "model_pos_class_weight": 31.859396532851683, "pca_components": 5.120408127066865, "sampling_strategy": 0.2960196257044759, "scaler_choice": 0.18485445552552704}, "datetime": {"datetime": "2023-11-13 15:59:20", "elapsed": 5.907526, "delta": 1.657178}}
{"target": 0.5601326753887342, "params": {"imputer_strategy": 0.5773417251963703, "knn_imputer": 0.8897353347830567, "knn_imputer_k": 5.801225415535228, "lasso_alpha": 0.00020968296300471516, "model_C": 0.429751083621856, "model_penalty": 0.4940428669357333, "model_pos_class_weight": 6.466545048290159, "pca_components": 7.7278250801603345, "sampling_strategy": 0.10785976735859532, "scaler_choice": 0.6974612672267269}, "datetime": {"datetime": "2023-11-13 15:59:21", "elapsed": 7.183457, "delta": 1.275931}}
{"target": 0.5608552351951338, "params": {"imputer_strategy": 0.21876970023655806, "knn_imputer": 0.5581474345853914, "knn_imputer_k": 5.777118406214191, "lasso_alpha": 0.0002729868860147676, "model_C": 0.23135755386738546, "model_penalty": 0.1862139728281056, "model_pos_class_weight": 6.957452133416203, "pca_components": 7.4947008594664615, "sampling_strategy": 0.4590871304256538, "scaler_choice": 0.152564129299246}, "datetime": {"datetime": "2023-11-13 15:59:23", "elapsed": 8.706349, "delta": 1.522892}}
{"target": 0.5616191365096895, "params": {"imputer_strategy": 0.8642158898233302, "knn_imputer": 0.8360465186702567, "knn_imputer_k": 6.067183598347547, "lasso_alpha": 0.0003028812832137371, "model_C": 0.1573575866183123, "model_penalty": 0.002958376855243694, "model_pos_class_weight": 6.660556530984956, "pca_components": 6.7254364835919, "sampling_strategy": 0.2793457059934349, "scaler_choice": 0.17280079537846937}, "datetime": {"datetime": "2023-11-13 15:59:24", "elapsed": 9.984677, "delta": 1.278328}}
{"target": 0.5208364201531176, "params": {"imputer_strategy": 0.05785322927448012, "knn_imputer": 1.0, "knn_imputer_k": 6.235093494487883, "lasso_alpha": 0.001, "model_C": 1e-05, "model_penalty": 0.0, "model_pos_class_weight": 7.187462314668513, "pca_components": 6.069915065211491, "sampling_strategy": 0.5, "scaler_choice": 1.0}, "datetime": {"datetime": "2023-11-13 15:59:25", "elapsed": 11.40167, "delta": 1.416993}}
{"target": 0.5608507860070485, "params": {"imputer_strategy": 0.8757524062249689, "knn_imputer": 0.009314025410035343, "knn_imputer_k": 5.927554818459746, "lasso_alpha": 0.0005123659511421169, "model_C": 0.2461060324647991, "model_penalty": 0.010975666747629731, "model_pos_class_weight": 6.908085395133895, "pca_components": 7.827924930117465, "sampling_strategy": 0.05271288502840724, "scaler_choice": 0.49186162735179106}, "datetime": {"datetime": "2023-11-13 15:59:27", "elapsed": 12.72256, "delta": 1.32089}}
{"target": 0.5474747009040667, "params": {"imputer_strategy": 1.0, "knn_imputer": 0.7446486462138222, "knn_imputer_k": 5.4554685931390035, "lasso_alpha": 0.001, "model_C": 1e-05, "model_penalty": 0.0, "model_pos_class_weight": 6.1714368874723355, "pca_components": 7.4018083369663294, "sampling_strategy": 0.5, "scaler_choice": 0.1508381128793435}, "datetime": {"datetime": "2023-11-13 15:59:28", "elapsed": 13.996482, "delta": 1.273922}}
{"target": 0.5716785928930054, "params": {"imputer_strategy": 0.33318342229958586, "knn_imputer": 0.9626221244851358, "knn_imputer_k": 5.8995103506286455, "lasso_alpha": 0.00018861213308644486, "model_C": 0.010160008649256657, "model_penalty": 0.5390069840643887, "model_pos_class_weight": 6.551174922951713, "pca_components": 7.390894108859827, "sampling_strategy": 0.41930625048107134, "scaler_choice": 0.7785390866722497}, "datetime": {"datetime": "2023-11-13 15:59:29", "elapsed": 15.240833, "delta": 1.244351}}
{"target": 0.5617335765130285, "params": {"imputer_strategy": 0.8471708207880344, "knn_imputer": 0.19474469646697545, "knn_imputer_k": 6.367640327496641, "lasso_alpha": 0.00016277915133213006, "model_C": 0.3512037935626281, "model_penalty": 0.8472546037133046, "model_pos_class_weight": 6.154543380478707, "pca_components": 7.440433788826508, "sampling_strategy": 0.18042518048425304, "scaler_choice": 0.9148367078860324}, "datetime": {"datetime": "2023-11-13 15:59:31", "elapsed": 16.847384, "delta": 1.606551}}
{"target": 0.5607992718876349, "params": {"imputer_strategy": 0.5007679625034844, "knn_imputer": 0.8967569096687147, "knn_imputer_k": 6.636971057068836, "lasso_alpha": 0.00046505752517893214, "model_C": 0.28866468167286513, "model_penalty": 0.4046661795189086, "model_pos_class_weight": 6.546767997317994, "pca_components": 7.996133855965248, "sampling_strategy": 0.34928428176061205, "scaler_choice": 0.868549816084549}, "datetime": {"datetime": "2023-11-13 15:59:32", "elapsed": 18.216086, "delta": 1.368702}}
{"target": 0.5575538344385578, "params": {"imputer_strategy": 0.40287987814862536, "knn_imputer": 0.292536007673462, "knn_imputer_k": 6.1388322941142235, "lasso_alpha": 0.00023791277130986763, "model_C": 0.500042565952646, "model_penalty": 0.8148380609034058, "model_pos_class_weight": 90.23702972093938, "pca_components": 6.026487620473116, "sampling_strategy": 0.38001105568179405, "scaler_choice": 0.3272844476916421}, "datetime": {"datetime": "2023-11-13 15:59:34", "elapsed": 19.764555, "delta": 1.548469}}
{"target": 0.5621251772633623, "params": {"imputer_strategy": 0.5825341552463845, "knn_imputer": 0.9762352877380227, "knn_imputer_k": 3.5304374348431975, "lasso_alpha": 0.0008755334279955554, "model_C": 0.06156902281748744, "model_penalty": 0.6644785768802924, "model_pos_class_weight": 14.985677444086718, "pca_components": 6.820077596683138, "sampling_strategy": 0.2745387620306072, "scaler_choice": 0.6569207547906084}, "datetime": {"datetime": "2023-11-13 15:59:35", "elapsed": 21.237931, "delta": 1.473376}}
{"target": 0.5623156007067218, "params": {"imputer_strategy": 0.49213975449962266, "knn_imputer": 0.3867051548202858, "knn_imputer_k": 6.013045626719248, "lasso_alpha": 0.000920612913655071, "model_C": 0.26550408861761354, "model_penalty": 0.8548069159707468, "model_pos_class_weight": 6.033394043638469, "pca_components": 6.9427299284467345, "sampling_strategy": 0.26726925331071827, "scaler_choice": 0.6411664280315506}, "datetime": {"datetime": "2023-11-13 15:59:37", "elapsed": 22.920827, "delta": 1.682896}}
{"target": 0.5, "params": {"imputer_strategy": 0.08425601002428251, "knn_imputer": 0.7727444875627418, "knn_imputer_k": 6.0545272272962425, "lasso_alpha": 1e-05, "model_C": 1e-05, "model_penalty": 1.0, "model_pos_class_weight": 6.547273783822314, "pca_components": 7.51027498099965, "sampling_strategy": 0.5, "scaler_choice": 0.8021879168406477}, "datetime": {"datetime": "2023-11-13 15:59:38", "elapsed": 24.369211, "delta": 1.448384}}
{"target": 0.5603290752631365, "params": {"imputer_strategy": 0.2514281023775682, "knn_imputer": 0.38920210343339634, "knn_imputer_k": 6.319343776689504, "lasso_alpha": 0.0007251943150986135, "model_C": 0.7037856176518152, "model_penalty": 0.07595223680720942, "model_pos_class_weight": 2.4373690452702617, "pca_components": 5.513623270532821, "sampling_strategy": 0.26728094689737253, "scaler_choice": 0.9152784824155521}, "datetime": {"datetime": "2023-11-13 15:59:40", "elapsed": 25.764583, "delta": 1.395372}}
{"target": 0.5576523582016005, "params": {"imputer_strategy": 0.7247065242359217, "knn_imputer": 0.29953441455990115, "knn_imputer_k": 5.05278438019975, "lasso_alpha": 0.0006484269718054668, "model_C": 0.5731206523717637, "model_penalty": 0.4425311052145344, "model_pos_class_weight": 52.70162047119475, "pca_components": 3.1199258508695937, "sampling_strategy": 0.3997743632966013, "scaler_choice": 0.43466276010640437}, "datetime": {"datetime": "2023-11-13 15:59:41", "elapsed": 27.192999, "delta": 1.428416}}
{"target": 0.5607096881620559, "params": {"imputer_strategy": 0.24563284523602757, "knn_imputer": 0.5073121897195179, "knn_imputer_k": 5.2270675824574475, "lasso_alpha": 0.00020266140560381768, "model_C": 0.1797419922869462, "model_penalty": 0.6370671563593936, "model_pos_class_weight": 46.32581912834892, "pca_components": 4.6818761936126645, "sampling_strategy": 0.09112576579315053, "scaler_choice": 0.8894931905120804}, "datetime": {"datetime": "2023-11-13 15:59:42", "elapsed": 28.653735, "delta": 1.460736}}
{"target": 0.5623856207063148, "params": {"imputer_strategy": 0.5035123993752888, "knn_imputer": 0.3826405393456178, "knn_imputer_k": 5.977569705578482, "lasso_alpha": 0.0009050186453059201, "model_C": 0.3146073780596132, "model_penalty": 0.8964574896664321, "model_pos_class_weight": 5.772159049616857, "pca_components": 6.603706987247012, "sampling_strategy": 0.3789723596659843, "scaler_choice": 0.4880531456369773}, "datetime": {"datetime": "2023-11-13 15:59:44", "elapsed": 30.139906, "delta": 1.486171}}
{"target": 0.562224120776759, "params": {"imputer_strategy": 0.9091698069728192, "knn_imputer": 0.22781986468924353, "knn_imputer_k": 6.102189671487535, "lasso_alpha": 0.0005523714299560424, "model_C": 0.21448940283261744, "model_penalty": 0.7422571194895332, "model_pos_class_weight": 5.847949653844424, "pca_components": 7.217961743970597, "sampling_strategy": 0.35239487912825557, "scaler_choice": 0.7229802536623932}, "datetime": {"datetime": "2023-11-13 15:59:45", "elapsed": 31.606603, "delta": 1.466697}}
{"target": 0.5610223495617359, "params": {"imputer_strategy": 0.043987880069192964, "knn_imputer": 0.6163918263684737, "knn_imputer_k": 5.99577457926536, "lasso_alpha": 0.00021585836295466484, "model_C": 0.5018769395517331, "model_penalty": 0.6509560128606645, "model_pos_class_weight": 5.781741470796096, "pca_components": 6.223129067562355, "sampling_strategy": 0.2830992644151892, "scaler_choice": 0.06968003379736465}, "datetime": {"datetime": "2023-11-13 15:59:47", "elapsed": 33.160992, "delta": 1.554389}}
{"target": 0.5583744511899784, "params": {"imputer_strategy": 0.009923297452359425, "knn_imputer": 0.9672563426858769, "knn_imputer_k": 3.57932210339961, "lasso_alpha": 0.0001439925189815616, "model_C": 0.27112281290385365, "model_penalty": 0.36530350976707715, "model_pos_class_weight": 51.453053442103936, "pca_components": 6.979653547687462, "sampling_strategy": 0.339806900311754, "scaler_choice": 0.11920491940724809}, "datetime": {"datetime": "2023-11-13 15:59:48", "elapsed": 34.473317, "delta": 1.312325}}
{"target": 0.5628994556977713, "params": {"imputer_strategy": 0.3636232575646019, "knn_imputer": 0.5278837193825561, "knn_imputer_k": 5.783428725261318, "lasso_alpha": 0.00014637731223164857, "model_C": 0.04721760986527493, "model_penalty": 0.5631675407414146, "model_pos_class_weight": 5.928891646914984, "pca_components": 6.717766846954952, "sampling_strategy": 0.3665606344907437, "scaler_choice": 0.3755605993087171}, "datetime": {"datetime": "2023-11-13 15:59:50", "elapsed": 35.862542, "delta": 1.389225}}
{"target": 0.5573054788744508, "params": {"imputer_strategy": 0.10708560377302101, "knn_imputer": 0.447421433267989, "knn_imputer_k": 6.667232898403073, "lasso_alpha": 0.0003737893172994579, "model_C": 0.820552858237202, "model_penalty": 0.21412901091586978, "model_pos_class_weight": 47.72799504411537, "pca_components": 4.205030912502306, "sampling_strategy": 0.15625263924723734, "scaler_choice": 0.8772721873358476}, "datetime": {"datetime": "2023-11-13 15:59:51", "elapsed": 37.338426, "delta": 1.475884}}
{"target": 0.5619852817360143, "params": {"imputer_strategy": 0.8166935147465919, "knn_imputer": 0.45949983447437637, "knn_imputer_k": 3.636589261857839, "lasso_alpha": 0.0002667287900349238, "model_C": 0.0740665275373217, "model_penalty": 0.6948625969497331, "model_pos_class_weight": 25.9469910041368, "pca_components": 5.759165070075277, "sampling_strategy": 0.21716657945639106, "scaler_choice": 0.5386333316403098}, "datetime": {"datetime": "2023-11-13 15:59:53", "elapsed": 38.853922, "delta": 1.515496}}
{"target": 0.560482552705159, "params": {"imputer_strategy": 0.3051840468066621, "knn_imputer": 0.9362973812354, "knn_imputer_k": 6.258581282599581, "lasso_alpha": 0.00045515097826161254, "model_C": 0.3191845308421681, "model_penalty": 0.22424652566559067, "model_pos_class_weight": 6.455617946001336, "pca_components": 6.938752904925356, "sampling_strategy": 0.41037973860672083, "scaler_choice": 0.6148346035001573}, "datetime": {"datetime": "2023-11-13 15:59:54", "elapsed": 40.371245, "delta": 1.517323}}
{"target": 0.5585506408608077, "params": {"imputer_strategy": 0.8867817012518301, "knn_imputer": 0.8974265939998786, "knn_imputer_k": 5.618328500225042, "lasso_alpha": 0.0006521748940535111, "model_C": 0.6176137420394949, "model_penalty": 0.017752785071979638, "model_pos_class_weight": 17.83893779747208, "pca_components": 3.9085240967356194, "sampling_strategy": 0.05817918372212434, "scaler_choice": 0.8845750348041713}, "datetime": {"datetime": "2023-11-13 15:59:56", "elapsed": 41.700574, "delta": 1.329329}}
{"target": 0.561566234706711, "params": {"imputer_strategy": 0.6464917023922285, "knn_imputer": 0.34574920364882633, "knn_imputer_k": 3.863346890635092, "lasso_alpha": 0.0007134695512130502, "model_C": 0.12962845030142778, "model_penalty": 0.6845748953794863, "model_pos_class_weight": 11.415589247044332, "pca_components": 6.213120476317725, "sampling_strategy": 0.2887146654872179, "scaler_choice": 0.9233184834229616}, "datetime": {"datetime": "2023-11-13 15:59:57", "elapsed": 43.277742, "delta": 1.577168}}
{"target": 0.5577288395546776, "params": {"imputer_strategy": 0.9034868927585683, "knn_imputer": 0.5140014075495314, "knn_imputer_k": 6.260326729917131, "lasso_alpha": 7.374026635864938e-05, "model_C": 0.47296389951849943, "model_penalty": 0.2060439765087677, "model_pos_class_weight": 55.63278120708848, "pca_components": 4.49367129596119, "sampling_strategy": 0.4446204151065725, "scaler_choice": 0.6090893175596639}, "datetime": {"datetime": "2023-11-13 15:59:58", "elapsed": 44.606647, "delta": 1.328905}}
{"target": 0.5609559214361056, "params": {"imputer_strategy": 0.1521478189555615, "knn_imputer": 0.7079267849461424, "knn_imputer_k": 5.7516853850767085, "lasso_alpha": 0.0005038529139399329, "model_C": 0.23474210755944966, "model_penalty": 0.07065113565366066, "model_pos_class_weight": 6.777276211515418, "pca_components": 7.408239885048024, "sampling_strategy": 0.3861481395062827, "scaler_choice": 0.8375216533972644}, "datetime": {"datetime": "2023-11-13 16:00:00", "elapsed": 45.928091, "delta": 1.321444}}
{"target": 0.5577131121237033, "params": {"imputer_strategy": 0.5629925083051492, "knn_imputer": 0.5411945651599377, "knn_imputer_k": 3.302094606499229, "lasso_alpha": 0.0008621106613135239, "model_C": 0.8884067134117277, "model_penalty": 0.8134095494902575, "model_pos_class_weight": 31.41296787127823, "pca_components": 2.6798511776473304, "sampling_strategy": 0.22172031456570956, "scaler_choice": 0.362537817497802}, "datetime": {"datetime": "2023-11-13 16:00:01", "elapsed": 47.541308, "delta": 1.613217}}
{"target": 0.5570887290164668, "params": {"imputer_strategy": 0.9192183498055657, "knn_imputer": 0.6401257526119557, "knn_imputer_k": 4.2529748401479, "lasso_alpha": 0.00023163989850263068, "model_C": 0.8482628650363067, "model_penalty": 0.7749089478999633, "model_pos_class_weight": 62.778910865063594, "pca_components": 6.9699812508855, "sampling_strategy": 0.1748603914614039, "scaler_choice": 0.8298549596522592}, "datetime": {"datetime": "2023-11-13 16:00:03", "elapsed": 49.104625, "delta": 1.563317}}
{"target": 0.5576447755394279, "params": {"imputer_strategy": 0.9244130853105059, "knn_imputer": 0.44110598660687916, "knn_imputer_k": 5.94222079554636, "lasso_alpha": 0.0004563316611460277, "model_C": 0.4121609493427061, "model_penalty": 0.0478931561410173, "model_pos_class_weight": 55.682599240938096, "pca_components": 4.201195468997771, "sampling_strategy": 0.3181433852855058, "scaler_choice": 0.7608541301710324}, "datetime": {"datetime": "2023-11-13 16:00:04", "elapsed": 50.507694, "delta": 1.403069}}
{"target": 0.5572245529673587, "params": {"imputer_strategy": 0.5075635579036264, "knn_imputer": 0.1664710732167889, "knn_imputer_k": 6.505740379354915, "lasso_alpha": 0.000990400838741702, "model_C": 0.6118051995812404, "model_penalty": 0.07970242665417349, "model_pos_class_weight": 75.98020761383555, "pca_components": 4.074103826675731, "sampling_strategy": 0.050201291793449024, "scaler_choice": 0.5591811264956043}, "datetime": {"datetime": "2023-11-13 16:00:06", "elapsed": 51.923352, "delta": 1.415658}}
{"target": 0.5574253172417284, "params": {"imputer_strategy": 0.32935830008486533, "knn_imputer": 0.187605758366992, "knn_imputer_k": 5.264980011473069, "lasso_alpha": 0.00029026193065981374, "model_C": 0.8297215870694036, "model_penalty": 0.7536742970171216, "model_pos_class_weight": 55.255934483621665, "pca_components": 5.945377960169887, "sampling_strategy": 0.06035225817776919, "scaler_choice": 0.8108902056710986}, "datetime": {"datetime": "2023-11-13 16:00:08", "elapsed": 53.935224, "delta": 2.011872}}
{"target": 0.5571031591225419, "params": {"imputer_strategy": 0.9479309424477679, "knn_imputer": 0.6966064071858225, "knn_imputer_k": 3.620601743128363, "lasso_alpha": 0.0007936054220004509, "model_C": 0.8595010433224722, "model_penalty": 0.7264028426641027, "model_pos_class_weight": 90.31038449125575, "pca_components": 3.3727010647803324, "sampling_strategy": 0.10582475495747315, "scaler_choice": 0.7973761913065937}, "datetime": {"datetime": "2023-11-13 16:00:09", "elapsed": 55.470652, "delta": 1.535428}}
{"target": 0.5607262818681796, "params": {"imputer_strategy": 0.2251458283287724, "knn_imputer": 0.7896122897165404, "knn_imputer_k": 6.838672337393147, "lasso_alpha": 0.0006596511534207318, "model_C": 0.2627615773179032, "model_penalty": 0.1718736664230296, "model_pos_class_weight": 6.923351975771019, "pca_components": 7.996685275780718, "sampling_strategy": 0.31764965414772883, "scaler_choice": 0.718828112040773}, "datetime": {"datetime": "2023-11-13 16:00:11", "elapsed": 57.036648, "delta": 1.565996}}
{"target": 0.5615492886059882, "params": {"imputer_strategy": 0.5572002469803554, "knn_imputer": 0.5187342310432226, "knn_imputer_k": 6.03192609208448, "lasso_alpha": 0.00011504654643570733, "model_C": 0.37141288634584796, "model_penalty": 0.9101958162050184, "model_pos_class_weight": 6.026483445343252, "pca_components": 7.223940397810828, "sampling_strategy": 0.05950808521240403, "scaler_choice": 0.58363515469425}, "datetime": {"datetime": "2023-11-13 16:00:13", "elapsed": 58.848834, "delta": 1.812186}}
{"target": 0.561467296063327, "params": {"imputer_strategy": 0.4386976164839461, "knn_imputer": 0.35060556685400945, "knn_imputer_k": 6.027650610650397, "lasso_alpha": 3.1178154739999106e-05, "model_C": 0.4147839213865593, "model_penalty": 0.7931223186118906, "model_pos_class_weight": 5.238453655889279, "pca_components": 6.496796325344057, "sampling_strategy": 0.31275189131841075, "scaler_choice": 0.33424009512428354}, "datetime": {"datetime": "2023-11-13 16:00:14", "elapsed": 60.491593, "delta": 1.642759}}
{"target": 0.5581083692620139, "params": {"imputer_strategy": 0.9476083550228895, "knn_imputer": 0.2855472229945175, "knn_imputer_k": 4.924977576322513, "lasso_alpha": 0.0002161946392403012, "model_C": 0.360921420248747, "model_penalty": 0.1056750258867506, "model_pos_class_weight": 81.80178467961481, "pca_components": 4.244981304079117, "sampling_strategy": 0.46069966364272535, "scaler_choice": 0.3477978994254671}, "datetime": {"datetime": "2023-11-13 16:00:16", "elapsed": 61.85059, "delta": 1.358997}}
