{"target": 0.5613246040551598, "params": {"imputer_strategy": 0.3311345509565754, "knn_imputer": 0.3971822458753482, "knn_imputer_k": 6.062326364080013, "lasso_alpha": 0.0003879003656788684, "model_C": 0.09756697278663187, "model_penalty": 0.9843252289556012, "model_pos_class_weight": 44.340023828837374, "pca_components": 7.810233210557559, "sampling_strategy": 0.16921939663971364, "scaler_choice": 0.3993152497495458}, "datetime": {"datetime": "2023-11-13 16:00:18", "elapsed": 63.741928, "delta": 1.891338}}
{"target": 0.5602923287743796, "params": {"imputer_strategy": 0.8166307679262682, "knn_imputer": 0.2311924366841741, "knn_imputer_k": 5.041960154117101, "lasso_alpha": 0.0002953015967929477, "model_C": 0.9878233890854518, "model_penalty": 0.694745234957667, "model_pos_class_weight": 3.9604236785372007, "pca_components": 4.758233298979407, "sampling_strategy": 0.12745605444052222, "scaler_choice": 0.1449900926425498}, "datetime": {"datetime": "2023-11-13 16:00:19", "elapsed": 65.241954, "delta": 1.500026}}
{"target": 0.5623682049810006, "params": {"imputer_strategy": 0.32401902309216724, "knn_imputer": 0.4701237887256394, "knn_imputer_k": 5.634882684255823, "lasso_alpha": 0.000533389027296456, "model_C": 0.22870027969066084, "model_penalty": 0.8779950989617941, "model_pos_class_weight": 5.880720329680337, "pca_components": 6.770995324992013, "sampling_strategy": 0.1839256879898234, "scaler_choice": 0.5835138823776485}, "datetime": {"datetime": "2023-11-13 16:00:21", "elapsed": 66.863329, "delta": 1.621375}}
{"target": 0.5605579628612488, "params": {"imputer_strategy": 0.7223410491776852, "knn_imputer": 0.4047013763932449, "knn_imputer_k": 4.965257923082924, "lasso_alpha": 0.00017136377228132234, "model_C": 0.8332682773528661, "model_penalty": 0.8174645946074565, "model_pos_class_weight": 4.187644109166085, "pca_components": 4.707800435765527, "sampling_strategy": 0.35993053471498204, "scaler_choice": 0.16083023413312514}, "datetime": {"datetime": "2023-11-13 16:00:23", "elapsed": 68.722032, "delta": 1.858703}}
{"target": 0.5574550010909038, "params": {"imputer_strategy": 0.06432863374230935, "knn_imputer": 0.013595997366536494, "knn_imputer_k": 6.93932522948259, "lasso_alpha": 0.0008219597673605275, "model_C": 0.00444160248338231, "model_penalty": 0.06546016722368708, "model_pos_class_weight": 41.29767638689738, "pca_components": 3.2805492282643254, "sampling_strategy": 0.4363743599885608, "scaler_choice": 0.7699973697135536}, "datetime": {"datetime": "2023-11-13 16:00:24", "elapsed": 70.137226, "delta": 1.415194}}
{"target": 0.5621759972478102, "params": {"imputer_strategy": 0.4818696627651847, "knn_imputer": 0.5952957022510198, "knn_imputer_k": 3.7358744303241878, "lasso_alpha": 0.0008788103699131563, "model_C": 0.044064920396059505, "model_penalty": 0.8581255183244069, "model_pos_class_weight": 11.327373964336156, "pca_components": 5.951492985347769, "sampling_strategy": 0.44623138453345096, "scaler_choice": 0.7616011041720243}, "datetime": {"datetime": "2023-11-13 16:00:26", "elapsed": 71.680997, "delta": 1.543771}}
{"target": 0.5572861500099919, "params": {"imputer_strategy": 0.9148972621261946, "knn_imputer": 0.9251243704654347, "knn_imputer_k": 4.220773807804607, "lasso_alpha": 0.0006678832991663739, "model_C": 0.9720939372951857, "model_penalty": 0.5912560871894995, "model_pos_class_weight": 51.13836358161712, "pca_components": 6.898838757314424, "sampling_strategy": 0.14138887318208707, "scaler_choice": 0.9805750509400138}, "datetime": {"datetime": "2023-11-13 16:00:27", "elapsed": 73.265827, "delta": 1.58483}}
{"target": 0.5623975712894814, "params": {"imputer_strategy": 0.9019800064477501, "knn_imputer": 0.5596758151635737, "knn_imputer_k": 6.100881006923867, "lasso_alpha": 0.00023816548144477669, "model_C": 0.05721857696623199, "model_penalty": 0.5948971572662993, "model_pos_class_weight": 6.377969412880015, "pca_components": 7.38919778332275, "sampling_strategy": 0.05860721164595834, "scaler_choice": 0.8467271510635827}, "datetime": {"datetime": "2023-11-13 16:00:29", "elapsed": 75.117368, "delta": 1.851541}}
{"target": 0.5572307612153088, "params": {"imputer_strategy": 0.21608514335702012, "knn_imputer": 0.9837559493212766, "knn_imputer_k": 6.884330333644246, "lasso_alpha": 0.0005336433036200051, "model_C": 0.8187194592812945, "model_penalty": 0.9981234885483607, "model_pos_class_weight": 60.23513471873119, "pca_components": 6.495193964290328, "sampling_strategy": 0.32988663734359297, "scaler_choice": 0.3740334383073508}, "datetime": {"datetime": "2023-11-13 16:00:31", "elapsed": 76.693343, "delta": 1.575975}}
{"target": 0.5595394387204599, "params": {"imputer_strategy": 0.5179183863715207, "knn_imputer": 0.6774847055161205, "knn_imputer_k": 6.707092630895167, "lasso_alpha": 0.0005600901844174747, "model_C": 0.733168720616589, "model_penalty": 0.4424802218650885, "model_pos_class_weight": 6.944009403989671, "pca_components": 7.856984112182483, "sampling_strategy": 0.2794592742260748, "scaler_choice": 0.5791811260811225}, "datetime": {"datetime": "2023-11-13 16:00:32", "elapsed": 78.068615, "delta": 1.375272}}
{"target": 0.5581928038548548, "params": {"imputer_strategy": 0.015802166005341012, "knn_imputer": 0.1754272545644886, "knn_imputer_k": 5.546057154050413, "lasso_alpha": 0.0004019528091727449, "model_C": 0.3290504674229683, "model_penalty": 0.9316408649325311, "model_pos_class_weight": 80.49575407981995, "pca_components": 3.6144213821211713, "sampling_strategy": 0.36487195098910613, "scaler_choice": 0.142183599348233}, "datetime": {"datetime": "2023-11-13 16:00:34", "elapsed": 80.047565, "delta": 1.97895}}
{"target": 0.560304204588315, "params": {"imputer_strategy": 0.6506207098166096, "knn_imputer": 0.5783395260177402, "knn_imputer_k": 5.7276268371764925, "lasso_alpha": 0.0006745806708556163, "model_C": 0.4007563385289175, "model_penalty": 0.3970047082557795, "model_pos_class_weight": 5.720587370024048, "pca_components": 6.843279763804919, "sampling_strategy": 0.3131960817371999, "scaler_choice": 0.23613480261075104}, "datetime": {"datetime": "2023-11-13 16:00:35", "elapsed": 81.417177, "delta": 1.369612}}
{"target": 0.5623373689735943, "params": {"imputer_strategy": 0.24470094140307375, "knn_imputer": 0.25384598014591153, "knn_imputer_k": 6.120868091895078, "lasso_alpha": 0.00012672449653103047, "model_C": 0.2745423311567244, "model_penalty": 0.9872413157746189, "model_pos_class_weight": 5.565261233259155, "pca_components": 6.96633972304096, "sampling_strategy": 0.3679167411868541, "scaler_choice": 0.5548480171647537}, "datetime": {"datetime": "2023-11-13 16:00:37", "elapsed": 83.060891, "delta": 1.643714}}
{"target": 0.5574616654795864, "params": {"imputer_strategy": 0.9162206764178037, "knn_imputer": 0.8970320292066584, "knn_imputer_k": 4.693958105738418, "lasso_alpha": 0.00021303930628629693, "model_C": 0.4825955571771314, "model_penalty": 0.22468289298968247, "model_pos_class_weight": 62.161574649343414, "pca_components": 5.9767508005007235, "sampling_strategy": 0.2862479064534936, "scaler_choice": 0.7463367715108}, "datetime": {"datetime": "2023-11-13 16:00:38", "elapsed": 84.566824, "delta": 1.505933}}
{"target": 0.5577359973175992, "params": {"imputer_strategy": 0.4266338704493705, "knn_imputer": 0.42131401740640684, "knn_imputer_k": 5.795171594012678, "lasso_alpha": 0.00021025744434144508, "model_C": 0.5543904622966593, "model_penalty": 0.979868484843921, "model_pos_class_weight": 61.41368934383404, "pca_components": 5.644338772945685, "sampling_strategy": 0.3768684934635241, "scaler_choice": 0.12588149100010493}, "datetime": {"datetime": "2023-11-13 16:00:40", "elapsed": 86.164553, "delta": 1.597729}}
{"target": 0.5598469804008889, "params": {"imputer_strategy": 0.6604020046602599, "knn_imputer": 0.8414753668532865, "knn_imputer_k": 6.105029086045371, "lasso_alpha": 0.0005979701876964457, "model_C": 0.5314070403730402, "model_penalty": 0.06309484555269507, "model_pos_class_weight": 7.046674678318838, "pca_components": 6.859416176804095, "sampling_strategy": 0.2586044736981775, "scaler_choice": 0.14924834205825066}, "datetime": {"datetime": "2023-11-13 16:00:41", "elapsed": 87.578851, "delta": 1.414298}}
{"target": 0.5579664344419051, "params": {"imputer_strategy": 0.126354730932707, "knn_imputer": 0.9858503558700524, "knn_imputer_k": 3.045812586521103, "lasso_alpha": 0.0009787152712133179, "model_C": 0.5682178755253159, "model_penalty": 0.6473763713749164, "model_pos_class_weight": 50.42420025095078, "pca_components": 2.473421698843156, "sampling_strategy": 0.3122033373340106, "scaler_choice": 0.5677936394574203}, "datetime": {"datetime": "2023-11-13 16:00:43", "elapsed": 89.160697, "delta": 1.581846}}
{"target": 0.5596181951005819, "params": {"imputer_strategy": 0.6572615447335637, "knn_imputer": 0.7443307268025573, "knn_imputer_k": 6.80943748927818, "lasso_alpha": 0.0007024270621628083, "model_C": 0.7246233110576273, "model_penalty": 0.3157350794393866, "model_pos_class_weight": 6.973179959497338, "pca_components": 7.419758138015201, "sampling_strategy": 0.1888214644135202, "scaler_choice": 0.4391636556677513}, "datetime": {"datetime": "2023-11-13 16:00:44", "elapsed": 90.622343, "delta": 1.461646}}
{"target": 0.5614857517677844, "params": {"imputer_strategy": 0.9659678536624235, "knn_imputer": 0.8234145417590015, "knn_imputer_k": 3.5369498551409855, "lasso_alpha": 0.0005205889527409889, "model_C": 0.21108761485941122, "model_penalty": 0.7009953204915015, "model_pos_class_weight": 12.603394003889836, "pca_components": 3.7583984852434287, "sampling_strategy": 0.13051591149327546, "scaler_choice": 0.4855219614862766}, "datetime": {"datetime": "2023-11-13 16:00:46", "elapsed": 92.339292, "delta": 1.716949}}
{"target": 0.5600123594410642, "params": {"imputer_strategy": 0.3257748078314494, "knn_imputer": 0.4021614015458569, "knn_imputer_k": 6.376700566096044, "lasso_alpha": 0.00010551737454018158, "model_C": 0.1526639362135138, "model_penalty": 0.3791748128115855, "model_pos_class_weight": 83.42121819005516, "pca_components": 7.321409083734508, "sampling_strategy": 0.2968248967139229, "scaler_choice": 0.41098458503484203}, "datetime": {"datetime": "2023-11-13 16:00:48", "elapsed": 93.785325, "delta": 1.446033}}
{"target": 0.5623878874916451, "params": {"imputer_strategy": 0.07494407835940642, "knn_imputer": 0.20273619559995126, "knn_imputer_k": 6.264915196934604, "lasso_alpha": 0.00010037855064987187, "model_C": 0.3114134849938156, "model_penalty": 0.6881922152326485, "model_pos_class_weight": 5.832071857576745, "pca_components": 6.964067377765376, "sampling_strategy": 0.35169312567824396, "scaler_choice": 0.5782839155006367}, "datetime": {"datetime": "2023-11-13 16:00:50", "elapsed": 95.808655, "delta": 2.02333}}
{"target": 0.5597084050491886, "params": {"imputer_strategy": 0.2653243208276461, "knn_imputer": 0.5475933572561279, "knn_imputer_k": 3.4587482279017996, "lasso_alpha": 0.00042566015828371026, "model_C": 0.1803716818414408, "model_penalty": 0.3863859698364849, "model_pos_class_weight": 72.65438676119585, "pca_components": 4.257241070531248, "sampling_strategy": 0.349337799438768, "scaler_choice": 0.5175111862423142}, "datetime": {"datetime": "2023-11-13 16:00:51", "elapsed": 97.175054, "delta": 1.366399}}
{"target": 0.5579478963740094, "params": {"imputer_strategy": 0.3333870003613617, "knn_imputer": 0.9358909945416213, "knn_imputer_k": 6.978936419260349, "lasso_alpha": 0.0004508561764050543, "model_C": 0.4366124788482537, "model_penalty": 0.44630326952288424, "model_pos_class_weight": 90.84110138162228, "pca_components": 6.990922654579685, "sampling_strategy": 0.19594755320534546, "scaler_choice": 0.6753897400477711}, "datetime": {"datetime": "2023-11-13 16:00:52", "elapsed": 98.552933, "delta": 1.377879}}
{"target": 0.5609968109423182, "params": {"imputer_strategy": 0.3453335905155044, "knn_imputer": 0.4065105097168866, "knn_imputer_k": 6.1226566821736075, "lasso_alpha": 0.0005908257515907832, "model_C": 0.45499658981034036, "model_penalty": 0.5530943808129669, "model_pos_class_weight": 6.290085604480078, "pca_components": 6.839839423089603, "sampling_strategy": 0.22251193011157305, "scaler_choice": 0.8114444945938625}, "datetime": {"datetime": "2023-11-13 16:00:54", "elapsed": 100.402109, "delta": 1.849176}}
{"target": 0.5612878194774017, "params": {"imputer_strategy": 0.9833635612962162, "knn_imputer": 0.6926372903111855, "knn_imputer_k": 6.578480412168046, "lasso_alpha": 0.0007917890569959483, "model_C": 0.14109744987316947, "model_penalty": 0.13501233560954928, "model_pos_class_weight": 22.661192592206834, "pca_components": 2.6273900191998614, "sampling_strategy": 0.1945093323582754, "scaler_choice": 0.4995850410632533}, "datetime": {"datetime": "2023-11-13 16:00:56", "elapsed": 101.787015, "delta": 1.384906}}
{"target": 0.5581144230024139, "params": {"imputer_strategy": 0.3532530763102777, "knn_imputer": 0.3576506877636493, "knn_imputer_k": 6.37165179313701, "lasso_alpha": 0.0008326982045923308, "model_C": 0.36529631255327727, "model_penalty": 0.17228874718346576, "model_pos_class_weight": 97.40118985855382, "pca_components": 7.372669419201922, "sampling_strategy": 0.24305007396259154, "scaler_choice": 0.6472584432577225}, "datetime": {"datetime": "2023-11-13 16:00:57", "elapsed": 103.265715, "delta": 1.4787}}
{"target": 0.5573328263954308, "params": {"imputer_strategy": 0.34538003120392347, "knn_imputer": 0.6851166981204014, "knn_imputer_k": 3.4446296740112605, "lasso_alpha": 0.00013962775463636078, "model_C": 0.9897947437046791, "model_penalty": 0.3040615948586387, "model_pos_class_weight": 42.81736195209895, "pca_components": 3.1860809066407043, "sampling_strategy": 0.4715958288406647, "scaler_choice": 0.15342377086046988}, "datetime": {"datetime": "2023-11-13 16:00:59", "elapsed": 104.762544, "delta": 1.496829}}
{"target": 0.5689565095123439, "params": {"imputer_strategy": 0.06675424598572166, "knn_imputer": 0.5973730240244981, "knn_imputer_k": 5.629494372200017, "lasso_alpha": 0.0003679375649133361, "model_C": 0.016471401231860756, "model_penalty": 0.2889385550780298, "model_pos_class_weight": 7.0302396070323, "pca_components": 7.608684765712773, "sampling_strategy": 0.07281421383698096, "scaler_choice": 0.21333648000538108}, "datetime": {"datetime": "2023-11-13 16:01:00", "elapsed": 106.286294, "delta": 1.52375}}
{"target": 0.5571992637838437, "params": {"imputer_strategy": 0.10083685807517906, "knn_imputer": 0.08657565621978369, "knn_imputer_k": 5.268783419771152, "lasso_alpha": 0.0006667087181467215, "model_C": 0.7684695648443423, "model_penalty": 0.5096159419059173, "model_pos_class_weight": 75.4098849580526, "pca_components": 3.4593540100629525, "sampling_strategy": 0.24876955628155756, "scaler_choice": 0.34381915270857244}, "datetime": {"datetime": "2023-11-13 16:01:02", "elapsed": 107.923414, "delta": 1.63712}}
{"target": 0.5623971945274936, "params": {"imputer_strategy": 0.5874888756932893, "knn_imputer": 0.6605940172967633, "knn_imputer_k": 5.877226007019431, "lasso_alpha": 0.0004316896420276523, "model_C": 0.1595566661152954, "model_penalty": 0.9110707883250576, "model_pos_class_weight": 5.931830888963597, "pca_components": 6.475709532951425, "sampling_strategy": 0.2011994523470605, "scaler_choice": 0.5857901025932207}, "datetime": {"datetime": "2023-11-13 16:01:04", "elapsed": 109.817141, "delta": 1.893727}}
{"target": 0.5622757664817568, "params": {"imputer_strategy": 0.6520267691586459, "knn_imputer": 0.6452050448194181, "knn_imputer_k": 5.548169154421933, "lasso_alpha": 0.0002564769754430694, "model_C": 0.270621675584875, "model_penalty": 0.9644129127004125, "model_pos_class_weight": 5.774919492884745, "pca_components": 6.584832102693764, "sampling_strategy": 0.36121844396558206, "scaler_choice": 0.3083737130830104}, "datetime": {"datetime": "2023-11-13 16:01:05", "elapsed": 111.61436, "delta": 1.797219}}
{"target": 0.5690901937666171, "params": {"imputer_strategy": 0.437720046934606, "knn_imputer": 0.7078053364566396, "knn_imputer_k": 5.32014377163058, "lasso_alpha": 0.00010103053470437832, "model_C": 0.01711104959688638, "model_penalty": 0.16860864287936828, "model_pos_class_weight": 6.914449240618398, "pca_components": 7.567223054419173, "sampling_strategy": 0.37705484480214047, "scaler_choice": 0.7243687667237624}, "datetime": {"datetime": "2023-11-13 16:01:07", "elapsed": 112.973411, "delta": 1.359051}}
{"target": 0.5573019356597297, "params": {"imputer_strategy": 0.8057019988937966, "knn_imputer": 0.47185757208265766, "knn_imputer_k": 4.067434233753152, "lasso_alpha": 0.00015778963257338425, "model_C": 0.7025343993448482, "model_penalty": 0.31690042633470894, "model_pos_class_weight": 61.211557311612225, "pca_components": 5.526590160488917, "sampling_strategy": 0.17203826241182565, "scaler_choice": 0.8798980064685827}, "datetime": {"datetime": "2023-11-13 16:01:08", "elapsed": 114.404929, "delta": 1.431518}}
{"target": 0.5571754607768501, "params": {"imputer_strategy": 0.6863427627086318, "knn_imputer": 0.4211961257428867, "knn_imputer_k": 4.559297000991041, "lasso_alpha": 0.0003576353312941851, "model_C": 0.7148880025600621, "model_penalty": 0.8471791051181948, "model_pos_class_weight": 93.00706529533949, "pca_components": 3.0052775227704176, "sampling_strategy": 0.3706920134187676, "scaler_choice": 0.9680470814519708}, "datetime": {"datetime": "2023-11-13 16:01:10", "elapsed": 116.267342, "delta": 1.862413}}
{"target": 0.5574363809768549, "params": {"imputer_strategy": 0.5841799894339539, "knn_imputer": 0.034274890988031714, "knn_imputer_k": 5.303291445083474, "lasso_alpha": 0.00027171822795154604, "model_C": 0.6846936247830686, "model_penalty": 0.6463612802030525, "model_pos_class_weight": 61.625505778392714, "pca_components": 4.888842261319996, "sampling_strategy": 0.43094026441208516, "scaler_choice": 0.8791923774275884}, "datetime": {"datetime": "2023-11-13 16:01:12", "elapsed": 117.861904, "delta": 1.594562}}
{"target": 0.5591496930482069, "params": {"imputer_strategy": 0.9374618953627383, "knn_imputer": 0.02860393054512511, "knn_imputer_k": 3.7025038026245705, "lasso_alpha": 0.0005789811048942658, "model_C": 0.2928554339473223, "model_penalty": 0.5678352185394882, "model_pos_class_weight": 47.6582272770407, "pca_components": 5.502362647690159, "sampling_strategy": 0.1488481289570897, "scaler_choice": 0.05561413529307291}, "datetime": {"datetime": "2023-11-13 16:01:13", "elapsed": 119.434586, "delta": 1.572682}}
{"target": 0.5582890429999309, "params": {"imputer_strategy": 0.7218090027491537, "knn_imputer": 0.11592345860733777, "knn_imputer_k": 6.854581896832274, "lasso_alpha": 0.00019488205661824366, "model_C": 0.2972457466876653, "model_penalty": 0.010317323322884264, "model_pos_class_weight": 39.741509415057315, "pca_components": 5.717571114180961, "sampling_strategy": 0.2514749428646793, "scaler_choice": 0.004008281044708184}, "datetime": {"datetime": "2023-11-13 16:01:15", "elapsed": 121.041793, "delta": 1.607207}}
{"target": 0.558365298728307, "params": {"imputer_strategy": 0.5039689856827833, "knn_imputer": 0.6085181528288013, "knn_imputer_k": 3.271971461462463, "lasso_alpha": 0.0009761705201697254, "model_C": 0.26043288216337035, "model_penalty": 0.30800201356733126, "model_pos_class_weight": 72.57804430471809, "pca_components": 4.17965084253504, "sampling_strategy": 0.308555233234062, "scaler_choice": 0.6351044910722485}, "datetime": {"datetime": "2023-11-13 16:01:16", "elapsed": 122.477625, "delta": 1.435832}}
{"target": 0.5608346939262213, "params": {"imputer_strategy": 0.14567823941726077, "knn_imputer": 0.9969179745659503, "knn_imputer_k": 6.888619577699327, "lasso_alpha": 0.00023459216074305357, "model_C": 0.1456783148767159, "model_penalty": 0.6684859734799019, "model_pos_class_weight": 77.65732547402958, "pca_components": 3.9199485756456207, "sampling_strategy": 0.15580548496555624, "scaler_choice": 0.7693971898826879}, "datetime": {"datetime": "2023-11-13 16:01:18", "elapsed": 124.069994, "delta": 1.592369}}
{"target": 0.5623407667890946, "params": {"imputer_strategy": 0.5688423225588393, "knn_imputer": 0.6964994000235891, "knn_imputer_k": 5.206332055387422, "lasso_alpha": 0.0009610123080692038, "model_C": 0.05866177145513426, "model_penalty": 0.2687650213301338, "model_pos_class_weight": 46.90614843554735, "pca_components": 6.600984620723917, "sampling_strategy": 0.2685487357854136, "scaler_choice": 0.9176476994080008}, "datetime": {"datetime": "2023-11-13 16:01:19", "elapsed": 125.634906, "delta": 1.564912}}
{"target": 0.5610247643856957, "params": {"imputer_strategy": 0.20724847552290548, "knn_imputer": 0.7418082149306364, "knn_imputer_k": 6.055130708989632, "lasso_alpha": 0.0005596407056655737, "model_C": 0.20257197920006179, "model_penalty": 0.469138298695816, "model_pos_class_weight": 7.0574733893055415, "pca_components": 7.563882515660028, "sampling_strategy": 0.25551465551299296, "scaler_choice": 0.14823212883061332}, "datetime": {"datetime": "2023-11-13 16:01:21", "elapsed": 127.195827, "delta": 1.560921}}
{"target": 0.5582014666566725, "params": {"imputer_strategy": 0.17262208552529212, "knn_imputer": 0.39393762257470444, "knn_imputer_k": 4.754756207081199, "lasso_alpha": 0.0009385777467487863, "model_C": 0.9362182639594839, "model_penalty": 0.27834690544353924, "model_pos_class_weight": 19.30117347340305, "pca_components": 2.6123899979672176, "sampling_strategy": 0.2420138315054865, "scaler_choice": 0.03461976176071013}, "datetime": {"datetime": "2023-11-13 16:01:23", "elapsed": 128.689181, "delta": 1.493354}}
