{"target": 0.5934403134548459, "params": {"imputer_strategy": 0.3745401188473625, "knn_imputer": 0.9507143064099162, "knn_imputer_k": 5.92797576724562, "lasso_alpha": 0.0006026718993550663, "model_C": 0.15602708025603212, "model_penalty": 0.15599452033620265, "model_pos_class_weight": 6.750277604651747, "pca_components": 7.197056874649611, "sampling_strategy": 0.32050175528444397, "scaler_choice": 0.7080725777960455}, "datetime": {"datetime": "2023-11-13 18:00:37", "elapsed": 0.0, "delta": 0.0}}
{"target": 0.5804900886899398, "params": {"imputer_strategy": 0.020584494295802447, "knn_imputer": 0.9699098521619943, "knn_imputer_k": 6.329770563201687, "lasso_alpha": 0.00022021571957149338, "model_C": 0.18183314895742855, "model_penalty": 0.18340450985343382, "model_pos_class_weight": 31.119982052994235, "pca_components": 5.148538589793427, "sampling_strategy": 0.24437525838895208, "scaler_choice": 0.2912291401980419}, "datetime": {"datetime": "2023-11-13 18:00:38", "elapsed": 0.805019, "delta": 0.805019}}
{"target": 0.5800774285948563, "params": {"imputer_strategy": 0.6118528947223795, "knn_imputer": 0.13949386065204183, "knn_imputer_k": 4.168578594140873, "lasso_alpha": 0.00037269822486075483, "model_C": 0.45607542351719377, "model_penalty": 0.7851759613930136, "model_pos_class_weight": 20.767704433677615, "pca_components": 5.085406630481669, "sampling_strategy": 0.3165865559879191, "scaler_choice": 0.046450412719997725}, "datetime": {"datetime": "2023-11-13 18:00:39", "elapsed": 1.738749, "delta": 0.93373}}
{"target": 0.5772978248401436, "params": {"imputer_strategy": 0.6075448519014384, "knn_imputer": 0.17052412368729153, "knn_imputer_k": 3.260206371941118, "lasso_alpha": 0.0009493966818807999, "model_C": 0.9656323767542286, "model_penalty": 0.8083973481164611, "model_pos_class_weight": 31.156763148163698, "pca_components": 2.586032684038303, "sampling_strategy": 0.3579048619304706, "scaler_choice": 0.4401524937396013}, "datetime": {"datetime": "2023-11-13 18:00:40", "elapsed": 2.523985, "delta": 0.785236}}
{"target": 0.5800973167393138, "params": {"imputer_strategy": 0.12203823484477883, "knn_imputer": 0.4951769101112702, "knn_imputer_k": 3.1375540844608736, "lasso_alpha": 0.0009102271980579943, "model_C": 0.25878739380020094, "model_penalty": 0.662522284353982, "model_pos_class_weight": 31.859396532851683, "pca_components": 5.120408127066865, "sampling_strategy": 0.2960196257044759, "scaler_choice": 0.18485445552552704}, "datetime": {"datetime": "2023-11-13 18:00:41", "elapsed": 3.428447, "delta": 0.904462}}
{"target": 0.5882746697990487, "params": {"imputer_strategy": 0.5529514038238501, "knn_imputer": 0.5631965072758726, "knn_imputer_k": 5.096509081747932, "lasso_alpha": 0.00013383549793105973, "model_C": 0.6356561475273096, "model_penalty": 0.7231756782348331, "model_pos_class_weight": 1.027524551730465, "pca_components": 2.5000896737777385, "sampling_strategy": 0.2937571950164942, "scaler_choice": 0.8389450259459531}, "datetime": {"datetime": "2023-11-13 18:00:41", "elapsed": 4.368074, "delta": 0.939627}}
{"target": 0.5307445654983514, "params": {"imputer_strategy": 1.0, "knn_imputer": 1.0, "knn_imputer_k": 3.0, "lasso_alpha": 0.001, "model_C": 1e-05, "model_penalty": 0.0, "model_pos_class_weight": 2.961614969327827, "pca_components": 8.0, "sampling_strategy": 0.05, "scaler_choice": 0.0}, "datetime": {"datetime": "2023-11-13 18:00:42", "elapsed": 5.175293, "delta": 0.807219}}
{"target": 0.5857854036199667, "params": {"imputer_strategy": 0.8666757105971536, "knn_imputer": 0.3913812651133378, "knn_imputer_k": 6.519199080183845, "lasso_alpha": 0.00023571961268639918, "model_C": 0.011978708019384091, "model_penalty": 0.45278320948165307, "model_pos_class_weight": 7.336110096951935, "pca_components": 7.5278286020422085, "sampling_strategy": 0.437445773198129, "scaler_choice": 0.14465625626120304}, "datetime": {"datetime": "2023-11-13 18:00:43", "elapsed": 6.15271, "delta": 0.977417}}
{"target": 0.5861470716593273, "params": {"imputer_strategy": 0.0, "knn_imputer": 1.0, "knn_imputer_k": 6.366912207613962, "lasso_alpha": 0.001, "model_C": 0.80048407428401, "model_penalty": 0.0, "model_pos_class_weight": 7.3788973023503, "pca_components": 4.952684857878408, "sampling_strategy": 0.16617788569053973, "scaler_choice": 1.0}, "datetime": {"datetime": "2023-11-13 18:00:44", "elapsed": 7.161175, "delta": 1.008465}}
{"target": 0.593253624252654, "params": {"imputer_strategy": 0.3474938955882987, "knn_imputer": 0.8963236473165838, "knn_imputer_k": 3.7496170496071524, "lasso_alpha": 0.0007667754739576677, "model_C": 0.7368717412719876, "model_penalty": 0.6583592752378681, "model_pos_class_weight": 8.756450662228414, "pca_components": 7.813339614420919, "sampling_strategy": 0.317356608538529, "scaler_choice": 0.9805005853624577}, "datetime": {"datetime": "2023-11-13 18:00:45", "elapsed": 8.011006, "delta": 0.849831}}
{"target": 0.5863935484028797, "params": {"imputer_strategy": 0.0, "knn_imputer": 1.0, "knn_imputer_k": 5.172256295434416, "lasso_alpha": 0.00029007109115095525, "model_C": 1e-05, "model_penalty": 0.0, "model_pos_class_weight": 10.95265231219113, "pca_components": 6.5847906835077525, "sampling_strategy": 0.5, "scaler_choice": 1.0}, "datetime": {"datetime": "2023-11-13 18:00:46", "elapsed": 9.016274, "delta": 1.005268}}
{"target": 0.5, "params": {"imputer_strategy": 1.0, "knn_imputer": 1.0, "knn_imputer_k": 3.0, "lasso_alpha": 1e-05, "model_C": 1e-05, "model_penalty": 1.0, "model_pos_class_weight": 8.930219196370363, "pca_components": 4.74969578371544, "sampling_strategy": 0.05, "scaler_choice": 1.0}, "datetime": {"datetime": "2023-11-13 18:00:47", "elapsed": 9.823973, "delta": 0.807699}}
{"target": 0.5933031428581664, "params": {"imputer_strategy": 0.0, "knn_imputer": 1.0, "knn_imputer_k": 5.625964481368718, "lasso_alpha": 0.001, "model_C": 0.9757893435299343, "model_penalty": 0.0, "model_pos_class_weight": 8.635305316924816, "pca_components": 7.750825767692869, "sampling_strategy": 0.43362495522562905, "scaler_choice": 1.0}, "datetime": {"datetime": "2023-11-13 18:00:48", "elapsed": 10.765055, "delta": 0.941082}}
{"target": 0.5916343796420986, "params": {"imputer_strategy": 0.0, "knn_imputer": 0.0, "knn_imputer_k": 5.1782255043478225, "lasso_alpha": 0.001, "model_C": 1.0, "model_penalty": 1.0, "model_pos_class_weight": 10.470166602055567, "pca_components": 8.0, "sampling_strategy": 0.05, "scaler_choice": 0.0}, "datetime": {"datetime": "2023-11-13 18:00:49", "elapsed": 12.182909, "delta": 1.417854}}
{"target": 0.5920723205323705, "params": {"imputer_strategy": 0.0, "knn_imputer": 1.0, "knn_imputer_k": 7.0, "lasso_alpha": 0.001, "model_C": 1.0, "model_penalty": 0.0, "model_pos_class_weight": 12.645732107789305, "pca_components": 8.0, "sampling_strategy": 0.5, "scaler_choice": 1.0}, "datetime": {"datetime": "2023-11-13 18:00:50", "elapsed": 13.034939, "delta": 0.85203}}
{"target": 0.5921257241653188, "params": {"imputer_strategy": 0.0, "knn_imputer": 0.0, "knn_imputer_k": 4.072446863254653, "lasso_alpha": 0.001, "model_C": 1.0, "model_penalty": 0.0, "model_pos_class_weight": 13.667553089181732, "pca_components": 8.0, "sampling_strategy": 0.5, "scaler_choice": 1.0}, "datetime": {"datetime": "2023-11-13 18:00:51", "elapsed": 14.114072, "delta": 1.079133}}
{"target": 0.5808362016612054, "params": {"imputer_strategy": 0.002670220872910245, "knn_imputer": 0.201838846339215, "knn_imputer_k": 6.540407912233677, "lasso_alpha": 0.000743572046654006, "model_C": 0.13994496049501784, "model_penalty": 0.7635541668310173, "model_pos_class_weight": 14.860430706311332, "pca_components": 5.84900914963755, "sampling_strategy": 0.36974806360993173, "scaler_choice": 0.15045359432781502}, "datetime": {"datetime": "2023-11-13 18:00:52", "elapsed": 15.059895, "delta": 0.945823}}
{"target": 0.5877742279203624, "params": {"imputer_strategy": 0.0, "knn_imputer": 0.0, "knn_imputer_k": 7.0, "lasso_alpha": 0.001, "model_C": 1.0, "model_penalty": 0.0, "model_pos_class_weight": 3.953472747852991, "pca_components": 3.2072246878294868, "sampling_strategy": 0.5, "scaler_choice": 1.0}, "datetime": {"datetime": "2023-11-13 18:00:53", "elapsed": 16.090065, "delta": 1.03017}}
{"target": 0.5924562265160763, "params": {"imputer_strategy": 0.0, "knn_imputer": 1.0, "knn_imputer_k": 3.0, "lasso_alpha": 0.001, "model_C": 1.0, "model_penalty": 0.0, "model_pos_class_weight": 17.001088792095, "pca_components": 8.0, "sampling_strategy": 0.5, "scaler_choice": 1.0}, "datetime": {"datetime": "2023-11-13 18:00:54", "elapsed": 17.074146, "delta": 0.984081}}
{"target": 0.592791774699193, "params": {"imputer_strategy": 0.7552392567706131, "knn_imputer": 0.3883054976737408, "knn_imputer_k": 6.156647647100405, "lasso_alpha": 0.0003351719695399922, "model_C": 0.7625933981309879, "model_penalty": 0.3094235598247549, "model_pos_class_weight": 18.281534876663272, "pca_components": 7.669591564525538, "sampling_strategy": 0.34571692695782913, "scaler_choice": 0.5141341283761265}, "datetime": {"datetime": "2023-11-13 18:00:55", "elapsed": 18.235808, "delta": 1.161662}}
{"target": 0.5855715473411414, "params": {"imputer_strategy": 1.0, "knn_imputer": 1.0, "knn_imputer_k": 3.0, "lasso_alpha": 0.001, "model_C": 1.0, "model_penalty": 0.0, "model_pos_class_weight": 16.667370004304637, "pca_components": 4.767308986570224, "sampling_strategy": 0.5, "scaler_choice": 1.0}, "datetime": {"datetime": "2023-11-13 18:00:56", "elapsed": 19.209675, "delta": 0.973867}}
{"target": 0.5924197718971286, "params": {"imputer_strategy": 0.0, "knn_imputer": 1.0, "knn_imputer_k": 7.0, "lasso_alpha": 0.001, "model_C": 0.327601665150434, "model_penalty": 0.0, "model_pos_class_weight": 21.53757442439782, "pca_components": 8.0, "sampling_strategy": 0.2935965723299181, "scaler_choice": 1.0}, "datetime": {"datetime": "2023-11-13 18:00:57", "elapsed": 20.155889, "delta": 0.946214}}
{"target": 0.5922700115928459, "params": {"imputer_strategy": 1.0, "knn_imputer": 1.0, "knn_imputer_k": 7.0, "lasso_alpha": 0.0009872738481604248, "model_C": 1.0, "model_penalty": 0.0, "model_pos_class_weight": 25.092553221382435, "pca_components": 8.0, "sampling_strategy": 0.18589861603321903, "scaler_choice": 1.0}, "datetime": {"datetime": "2023-11-13 18:00:58", "elapsed": 21.036584, "delta": 0.880695}}
{"target": 0.5766366272032488, "params": {"imputer_strategy": 0.0, "knn_imputer": 1.0, "knn_imputer_k": 7.0, "lasso_alpha": 0.001, "model_C": 1.0, "model_penalty": 0.0, "model_pos_class_weight": 24.295223984862197, "pca_components": 4.903083031994173, "sampling_strategy": 0.05, "scaler_choice": 0.010353732810736885}, "datetime": {"datetime": "2023-11-13 18:00:59", "elapsed": 21.97207, "delta": 0.935486}}
{"target": 0.5837479648318831, "params": {"imputer_strategy": 1.0, "knn_imputer": 1.0, "knn_imputer_k": 3.9873156692941123, "lasso_alpha": 0.001, "model_C": 1e-05, "model_penalty": 0.0, "model_pos_class_weight": 23.614665949926337, "pca_components": 8.0, "sampling_strategy": 0.5, "scaler_choice": 1.0}, "datetime": {"datetime": "2023-11-13 18:01:00", "elapsed": 22.980803, "delta": 1.008733}}
{"target": 0.5838151371661071, "params": {"imputer_strategy": 0.7499096884580535, "knn_imputer": 0.012440204115459763, "knn_imputer_k": 6.527605350065358, "lasso_alpha": 0.0003593307715054929, "model_C": 0.9102554834568262, "model_penalty": 0.8218181317476677, "model_pos_class_weight": 28.36167734627545, "pca_components": 7.963696519932278, "sampling_strategy": 0.3319938593846752, "scaler_choice": 0.3254513491786646}, "datetime": {"datetime": "2023-11-13 18:01:01", "elapsed": 23.97704, "delta": 0.996237}}
{"target": 0.5820835445954088, "params": {"imputer_strategy": 0.9335803473074936, "knn_imputer": 0.059646661327286465, "knn_imputer_k": 3.0904244177012696, "lasso_alpha": 0.0008497924546334489, "model_C": 0.07842399454237232, "model_penalty": 0.8780525367022505, "model_pos_class_weight": 18.78156285185372, "pca_components": 7.819569628789196, "sampling_strategy": 0.3814036384420291, "scaler_choice": 0.13215686305311258}, "datetime": {"datetime": "2023-11-13 18:01:02", "elapsed": 24.923537, "delta": 0.946497}}
{"target": 0.5855864956883845, "params": {"imputer_strategy": 0.9838201754063451, "knn_imputer": 0.4666463817983386, "knn_imputer_k": 6.740776449185196, "lasso_alpha": 0.00014818530233303538, "model_C": 0.8051809546165963, "model_penalty": 0.3898466605666181, "model_pos_class_weight": 70.60173312148932, "pca_components": 4.920412566245527, "sampling_strategy": 0.1301289437737862, "scaler_choice": 0.6129856037234268}, "datetime": {"datetime": "2023-11-13 18:01:03", "elapsed": 25.885201, "delta": 0.961664}}
{"target": 0.5904101329815113, "params": {"imputer_strategy": 0.0, "knn_imputer": 1.0, "knn_imputer_k": 7.0, "lasso_alpha": 0.001, "model_C": 1.0, "model_penalty": 0.0, "model_pos_class_weight": 18.912122746990036, "pca_components": 5.065455371585694, "sampling_strategy": 0.5, "scaler_choice": 1.0}, "datetime": {"datetime": "2023-11-13 18:01:04", "elapsed": 26.836408, "delta": 0.951207}}
{"target": 0.5839770492918803, "params": {"imputer_strategy": 0.27351110067006956, "knn_imputer": 0.02630346120746363, "knn_imputer_k": 5.346277776327792, "lasso_alpha": 0.0006458160011295472, "model_C": 0.25253902283837665, "model_penalty": 0.6682758635347363, "model_pos_class_weight": 66.81067620914183, "pca_components": 7.327472496673199, "sampling_strategy": 0.13773588065906076, "scaler_choice": 0.4373856333593885}, "datetime": {"datetime": "2023-11-13 18:01:05", "elapsed": 27.866718, "delta": 1.03031}}
{"target": 0.5919790020882405, "params": {"imputer_strategy": 1.0, "knn_imputer": 1.0, "knn_imputer_k": 5.185147887919524, "lasso_alpha": 0.001, "model_C": 1.0, "model_penalty": 0.0, "model_pos_class_weight": 15.637483496040458, "pca_components": 8.0, "sampling_strategy": 0.5, "scaler_choice": 0.0}, "datetime": {"datetime": "2023-11-13 18:01:06", "elapsed": 28.857484, "delta": 0.990766}}
{"target": 0.5873951220899353, "params": {"imputer_strategy": 0.3419429955976685, "knn_imputer": 0.4338447585824703, "knn_imputer_k": 3.10484085515265, "lasso_alpha": 0.0001796743305014951, "model_C": 0.7617543335074449, "model_penalty": 0.5780712320780511, "model_pos_class_weight": 68.14392786527297, "pca_components": 2.1892065608491773, "sampling_strategy": 0.4899797178226528, "scaler_choice": 0.5759520529480741}, "datetime": {"datetime": "2023-11-13 18:01:07", "elapsed": 29.779071, "delta": 0.921587}}
{"target": 0.587677650630451, "params": {"imputer_strategy": 0.39870797446409356, "knn_imputer": 0.9865291279139132, "knn_imputer_k": 6.974859484723851, "lasso_alpha": 0.0008726280543477857, "model_C": 0.2687862330721996, "model_penalty": 0.8993574174589986, "model_pos_class_weight": 66.59842287418599, "pca_components": 2.653513862494303, "sampling_strategy": 0.050610893448873734, "scaler_choice": 0.5458412917091019}, "datetime": {"datetime": "2023-11-13 18:01:08", "elapsed": 30.926237, "delta": 1.147166}}
{"target": 0.5249900305165478, "params": {"imputer_strategy": 1.0, "knn_imputer": 1.0, "knn_imputer_k": 3.707749372495371, "lasso_alpha": 1e-05, "model_C": 1e-05, "model_penalty": 0.0, "model_pos_class_weight": 63.9920012650755, "pca_components": 2.761737374565554, "sampling_strategy": 0.05001929825840068, "scaler_choice": 0.0}, "datetime": {"datetime": "2023-11-13 18:01:09", "elapsed": 31.866647, "delta": 0.94041}}
{"target": 0.5881022452887662, "params": {"imputer_strategy": 0.3556680998640145, "knn_imputer": 0.023956192541708998, "knn_imputer_k": 3.6074828672877324, "lasso_alpha": 0.00025656301174305376, "model_C": 0.05509575178440195, "model_penalty": 0.5865840190182641, "model_pos_class_weight": 71.83428025404993, "pca_components": 2.186252532728856, "sampling_strategy": 0.3723112195939876, "scaler_choice": 0.8667806778298169}, "datetime": {"datetime": "2023-11-13 18:01:10", "elapsed": 32.955985, "delta": 1.089338}}
{"target": 0.5, "params": {"imputer_strategy": 0.0, "knn_imputer": 0.0, "knn_imputer_k": 7.0, "lasso_alpha": 0.001, "model_C": 1e-05, "model_penalty": 1.0, "model_pos_class_weight": 69.6669334256516, "pca_components": 2.0, "sampling_strategy": 0.5, "scaler_choice": 1.0}, "datetime": {"datetime": "2023-11-13 18:01:11", "elapsed": 33.890002, "delta": 0.934017}}
{"target": 0.59258683309302, "params": {"imputer_strategy": 0.0, "knn_imputer": 1.0, "knn_imputer_k": 4.885788393656456, "lasso_alpha": 0.001, "model_C": 1.0, "model_penalty": 1.0, "model_pos_class_weight": 17.080211166530244, "pca_components": 6.558114206728605, "sampling_strategy": 0.05, "scaler_choice": 1.0}, "datetime": {"datetime": "2023-11-13 18:01:12", "elapsed": 35.116429, "delta": 1.226427}}
{"target": 0.5846891054625877, "params": {"imputer_strategy": 0.7362464031537497, "knn_imputer": 0.6922536305327841, "knn_imputer_k": 3.0456823416354415, "lasso_alpha": 0.0005201352120261854, "model_C": 0.05001618152434671, "model_penalty": 0.17714964442843872, "model_pos_class_weight": 15.255109228777957, "pca_components": 7.10583122148881, "sampling_strategy": 0.2513115857834899, "scaler_choice": 0.4769590680088114}, "datetime": {"datetime": "2023-11-13 18:01:13", "elapsed": 36.070396, "delta": 0.953967}}
{"target": 0.5, "params": {"imputer_strategy": 0.0, "knn_imputer": 0.0, "knn_imputer_k": 7.0, "lasso_alpha": 1e-05, "model_C": 1e-05, "model_penalty": 1.0, "model_pos_class_weight": 23.617702173569384, "pca_components": 8.0, "sampling_strategy": 0.5, "scaler_choice": 0.0}, "datetime": {"datetime": "2023-11-13 18:01:14", "elapsed": 37.038915, "delta": 0.968519}}
{"target": 0.5834297082532587, "params": {"imputer_strategy": 1.0, "knn_imputer": 0.9475912324714072, "knn_imputer_k": 4.452809175390335, "lasso_alpha": 0.0006388630439933512, "model_C": 1.0, "model_penalty": 0.0, "model_pos_class_weight": 17.40914270023822, "pca_components": 7.250637787995121, "sampling_strategy": 0.5, "scaler_choice": 0.22846462040182874}, "datetime": {"datetime": "2023-11-13 18:01:15", "elapsed": 38.173413, "delta": 1.134498}}
{"target": 0.592697128164363, "params": {"imputer_strategy": 0.0, "knn_imputer": 1.0, "knn_imputer_k": 6.550372072344769, "lasso_alpha": 0.001, "model_C": 0.6654923849924189, "model_penalty": 0.0, "model_pos_class_weight": 19.859327094718292, "pca_components": 7.087031486551305, "sampling_strategy": 0.11312807862642296, "scaler_choice": 1.0}, "datetime": {"datetime": "2023-11-13 18:01:16", "elapsed": 39.137218, "delta": 0.963805}}
{"target": 0.5922448333518008, "params": {"imputer_strategy": 1.0, "knn_imputer": 0.5685402574993452, "knn_imputer_k": 6.423334128386889, "lasso_alpha": 0.001, "model_C": 1.0, "model_penalty": 0.0, "model_pos_class_weight": 10.641840817522228, "pca_components": 8.0, "sampling_strategy": 0.5, "scaler_choice": 1.0}, "datetime": {"datetime": "2023-11-13 18:01:17", "elapsed": 40.270863, "delta": 1.133645}}
{"target": 0.5931525243047354, "params": {"imputer_strategy": 0.9909373788371549, "knn_imputer": 0.9812479267609198, "knn_imputer_k": 4.493994308043755, "lasso_alpha": 0.0004643632892872987, "model_C": 0.9179695916306765, "model_penalty": 0.9728749774255919, "model_pos_class_weight": 12.154427298972925, "pca_components": 7.687950284335699, "sampling_strategy": 0.4416181063522262, "scaler_choice": 0.7557059900102087}, "datetime": {"datetime": "2023-11-13 18:01:18", "elapsed": 41.378192, "delta": 1.107329}}
{"target": 0.5886327751797613, "params": {"imputer_strategy": 0.8925836350665647, "knn_imputer": 0.1726921903713221, "knn_imputer_k": 6.3412246481940695, "lasso_alpha": 0.0003416754430299503, "model_C": 0.010179921230462052, "model_penalty": 0.7201613723382808, "model_pos_class_weight": 12.609979337731374, "pca_components": 7.625974308779784, "sampling_strategy": 0.2941482469475068, "scaler_choice": 0.7114189892417558}, "datetime": {"datetime": "2023-11-13 18:01:20", "elapsed": 42.535469, "delta": 1.157277}}
{"target": 0.5928918763915639, "params": {"imputer_strategy": 0.3200177362075366, "knn_imputer": 0.24988025763537125, "knn_imputer_k": 6.983261782906188, "lasso_alpha": 0.0005575272144667777, "model_C": 0.33152237165160814, "model_penalty": 0.09158950048019143, "model_pos_class_weight": 16.163897859931637, "pca_components": 7.90040513904667, "sampling_strategy": 0.48788326115768765, "scaler_choice": 0.7346850443724544}, "datetime": {"datetime": "2023-11-13 18:01:21", "elapsed": 43.636281, "delta": 1.100812}}
{"target": 0.5, "params": {"imputer_strategy": 1.0, "knn_imputer": 1.0, "knn_imputer_k": 7.0, "lasso_alpha": 1e-05, "model_C": 1e-05, "model_penalty": 1.0, "model_pos_class_weight": 17.659365893943757, "pca_components": 6.015357279369772, "sampling_strategy": 0.05, "scaler_choice": 0.0}, "datetime": {"datetime": "2023-11-13 18:01:22", "elapsed": 44.553332, "delta": 0.917051}}
{"target": 0.5924534090617494, "params": {"imputer_strategy": 0.0, "knn_imputer": 0.0, "knn_imputer_k": 5.197743140066945, "lasso_alpha": 0.001, "model_C": 1.0, "model_penalty": 0.2596536432646998, "model_pos_class_weight": 16.57141293354487, "pca_components": 8.0, "sampling_strategy": 0.37252707380703787, "scaler_choice": 1.0}, "datetime": {"datetime": "2023-11-13 18:01:23", "elapsed": 45.632871, "delta": 1.079539}}
{"target": 0.5921224946101655, "params": {"imputer_strategy": 0.0, "knn_imputer": 0.8361274076448555, "knn_imputer_k": 5.768575525205128, "lasso_alpha": 0.0006564616254600524, "model_C": 0.9799618260999466, "model_penalty": 0.6982001375602341, "model_pos_class_weight": 14.44507937479901, "pca_components": 8.0, "sampling_strategy": 0.46003023043144803, "scaler_choice": 1.0}, "datetime": {"datetime": "2023-11-13 18:01:24", "elapsed": 46.697464, "delta": 1.064593}}
