{"target": 0.5923677836709671, "params": {"imputer_strategy": 0.0, "knn_imputer": 0.019016832289257643, "knn_imputer_k": 5.065243186383738, "lasso_alpha": 0.001, "model_C": 1.0, "model_penalty": 0.0, "model_pos_class_weight": 19.285874420491687, "pca_components": 8.0, "sampling_strategy": 0.5, "scaler_choice": 1.0}, "datetime": {"datetime": "2023-11-13 18:01:25", "elapsed": 47.756313, "delta": 1.058849}}
{"target": 0.5840502152393352, "params": {"imputer_strategy": 0.0, "knn_imputer": 1.0, "knn_imputer_k": 5.203513003441752, "lasso_alpha": 0.001, "model_C": 1.0, "model_penalty": 0.0, "model_pos_class_weight": 13.122340553242749, "pca_components": 6.730829003898545, "sampling_strategy": 0.5, "scaler_choice": 0.0}, "datetime": {"datetime": "2023-11-13 18:01:26", "elapsed": 49.082734, "delta": 1.326421}}
{"target": 0.5904650148456716, "params": {"imputer_strategy": 0.0, "knn_imputer": 0.0, "knn_imputer_k": 4.389392450048668, "lasso_alpha": 0.001, "model_C": 1.0, "model_penalty": 0.0, "model_pos_class_weight": 18.58771585347814, "pca_components": 5.80425774179966, "sampling_strategy": 0.5, "scaler_choice": 1.0}, "datetime": {"datetime": "2023-11-13 18:01:27", "elapsed": 50.388189, "delta": 1.305455}}
{"target": 0.5927472305667459, "params": {"imputer_strategy": 0.0, "knn_imputer": 0.08634319269441743, "knn_imputer_k": 7.0, "lasso_alpha": 0.001, "model_C": 1.0, "model_penalty": 0.0, "model_pos_class_weight": 5.221067706027728, "pca_components": 6.101139636144911, "sampling_strategy": 0.5, "scaler_choice": 1.0}, "datetime": {"datetime": "2023-11-13 18:01:29", "elapsed": 51.411331, "delta": 1.023142}}
{"target": 0.5921999489000861, "params": {"imputer_strategy": 0.0, "knn_imputer": 0.0, "knn_imputer_k": 3.4749237185411794, "lasso_alpha": 0.001, "model_C": 1.0, "model_penalty": 0.0, "model_pos_class_weight": 10.937145378494893, "pca_components": 8.0, "sampling_strategy": 0.5, "scaler_choice": 1.0}, "datetime": {"datetime": "2023-11-13 18:01:30", "elapsed": 52.620886, "delta": 1.209555}}
{"target": 0.591742756585924, "params": {"imputer_strategy": 0.0, "knn_imputer": 0.0, "knn_imputer_k": 4.581276726658055, "lasso_alpha": 0.001, "model_C": 1.0, "model_penalty": 1.0, "model_pos_class_weight": 7.2105731763255125, "pca_components": 8.0, "sampling_strategy": 0.5, "scaler_choice": 0.0}, "datetime": {"datetime": "2023-11-13 18:01:31", "elapsed": 53.82628, "delta": 1.205394}}
{"target": 0.5873439279801327, "params": {"imputer_strategy": 0.0, "knn_imputer": 1.0, "knn_imputer_k": 6.780251439895742, "lasso_alpha": 0.001, "model_C": 1.0, "model_penalty": 0.0, "model_pos_class_weight": 20.7961638025874, "pca_components": 3.633336873985648, "sampling_strategy": 0.5, "scaler_choice": 1.0}, "datetime": {"datetime": "2023-11-13 18:01:32", "elapsed": 55.046945, "delta": 1.220665}}
{"target": 0.5764180594369204, "params": {"imputer_strategy": 1.0, "knn_imputer": 0.6274248962744711, "knn_imputer_k": 3.0, "lasso_alpha": 1e-05, "model_C": 1.0, "model_penalty": 0.03050643570923744, "model_pos_class_weight": 70.75391781585942, "pca_components": 4.524192890966881, "sampling_strategy": 0.08374863169846852, "scaler_choice": 0.3684107231673129}, "datetime": {"datetime": "2023-11-13 18:01:34", "elapsed": 56.540001, "delta": 1.493056}}
{"target": 0.5923327504372254, "params": {"imputer_strategy": 1.0, "knn_imputer": 1.0, "knn_imputer_k": 4.984898086131762, "lasso_alpha": 0.001, "model_C": 1.0, "model_penalty": 0.0, "model_pos_class_weight": 26.53398265279719, "pca_components": 8.0, "sampling_strategy": 0.05, "scaler_choice": 1.0}, "datetime": {"datetime": "2023-11-13 18:01:35", "elapsed": 57.553983, "delta": 1.013982}}
{"target": 0.587597228391528, "params": {"imputer_strategy": 0.0, "knn_imputer": 1.0, "knn_imputer_k": 4.703035297916639, "lasso_alpha": 0.001, "model_C": 1.0, "model_penalty": 0.0, "model_pos_class_weight": 18.751743211109225, "pca_components": 2.816509874365142, "sampling_strategy": 0.5, "scaler_choice": 1.0}, "datetime": {"datetime": "2023-11-13 18:01:36", "elapsed": 58.582876, "delta": 1.028893}}
{"target": 0.5925386037654597, "params": {"imputer_strategy": 1.0, "knn_imputer": 1.0, "knn_imputer_k": 7.0, "lasso_alpha": 0.001, "model_C": 1.0, "model_penalty": 0.0, "model_pos_class_weight": 26.901471885339564, "pca_components": 6.3539584691570035, "sampling_strategy": 0.05, "scaler_choice": 1.0}, "datetime": {"datetime": "2023-11-13 18:01:37", "elapsed": 59.981624, "delta": 1.398748}}
{"target": 0.5903771791498997, "params": {"imputer_strategy": 1.0, "knn_imputer": 1.0, "knn_imputer_k": 4.2803046439301555, "lasso_alpha": 0.001, "model_C": 1.0, "model_penalty": 0.0, "model_pos_class_weight": 26.98462456509624, "pca_components": 5.344442212692713, "sampling_strategy": 0.05, "scaler_choice": 1.0}, "datetime": {"datetime": "2023-11-13 18:01:38", "elapsed": 61.029953, "delta": 1.048329}}
{"target": 0.5927095409670298, "params": {"imputer_strategy": 1.0, "knn_imputer": 1.0, "knn_imputer_k": 3.0, "lasso_alpha": 0.001, "model_C": 1.0, "model_penalty": 0.0, "model_pos_class_weight": 28.62387454053969, "pca_components": 7.49415716106991, "sampling_strategy": 0.05, "scaler_choice": 1.0}, "datetime": {"datetime": "2023-11-13 18:01:39", "elapsed": 62.064092, "delta": 1.034139}}
{"target": 0.5817855011248857, "params": {"imputer_strategy": 0.5994787603469948, "knn_imputer": 0.11677853490382095, "knn_imputer_k": 3.064803315692446, "lasso_alpha": 1.7531113760962136e-05, "model_C": 0.03598410877655533, "model_penalty": 0.6237980494733023, "model_pos_class_weight": 28.203644710915956, "pca_components": 5.661637839664867, "sampling_strategy": 0.42657301966156924, "scaler_choice": 0.14474664557692252}, "datetime": {"datetime": "2023-11-13 18:01:40", "elapsed": 63.03953, "delta": 0.975438}}
{"target": 0.5922133035428753, "params": {"imputer_strategy": 1.0, "knn_imputer": 0.0, "knn_imputer_k": 3.0, "lasso_alpha": 0.001, "model_C": 1.0, "model_penalty": 1.0, "model_pos_class_weight": 26.468436043608207, "pca_components": 8.0, "sampling_strategy": 0.05, "scaler_choice": 1.0}, "datetime": {"datetime": "2023-11-13 18:01:41", "elapsed": 64.24515, "delta": 1.20562}}
{"target": 0.5926567793123965, "params": {"imputer_strategy": 0.0, "knn_imputer": 1.0, "knn_imputer_k": 3.0, "lasso_alpha": 0.001, "model_C": 1.0, "model_penalty": 0.0, "model_pos_class_weight": 25.34039582286831, "pca_components": 6.4358023027586375, "sampling_strategy": 0.05, "scaler_choice": 1.0}, "datetime": {"datetime": "2023-11-13 18:01:42", "elapsed": 65.347344, "delta": 1.102194}}
{"target": 0.5876134679910118, "params": {"imputer_strategy": 1.0, "knn_imputer": 1.0, "knn_imputer_k": 3.0, "lasso_alpha": 0.001, "model_C": 1.0, "model_penalty": 0.0, "model_pos_class_weight": 24.450616162316354, "pca_components": 3.7970625450061215, "sampling_strategy": 0.05, "scaler_choice": 1.0}, "datetime": {"datetime": "2023-11-13 18:01:44", "elapsed": 66.527724, "delta": 1.18038}}
{"target": 0.5921170607188463, "params": {"imputer_strategy": 0.21270890460312097, "knn_imputer": 0.8218096608620467, "knn_imputer_k": 6.591312227321348, "lasso_alpha": 0.0002959924081585974, "model_C": 0.9269475580755044, "model_penalty": 0.37069493112982266, "model_pos_class_weight": 71.08222037684305, "pca_components": 7.964307911013148, "sampling_strategy": 0.20937956543715391, "scaler_choice": 0.685286092214291}, "datetime": {"datetime": "2023-11-13 18:01:45", "elapsed": 67.720692, "delta": 1.192968}}
{"target": 0.5840994512475925, "params": {"imputer_strategy": 1.0, "knn_imputer": 0.46442477084537664, "knn_imputer_k": 7.0, "lasso_alpha": 1e-05, "model_C": 1.0, "model_penalty": 0.0, "model_pos_class_weight": 73.16861724075204, "pca_components": 6.5907956207260145, "sampling_strategy": 0.05, "scaler_choice": 0.0}, "datetime": {"datetime": "2023-11-13 18:01:46", "elapsed": 68.789637, "delta": 1.068945}}
{"target": 0.5921151028902312, "params": {"imputer_strategy": 1.0, "knn_imputer": 1.0, "knn_imputer_k": 4.6760599085235075, "lasso_alpha": 0.001, "model_C": 1.0, "model_penalty": 0.0, "model_pos_class_weight": 69.62926139927859, "pca_components": 8.0, "sampling_strategy": 0.5, "scaler_choice": 0.0}, "datetime": {"datetime": "2023-11-13 18:01:47", "elapsed": 70.161634, "delta": 1.371997}}
{"target": 0.5919747482090322, "params": {"imputer_strategy": 0.1609038959121608, "knn_imputer": 0.6068306882143791, "knn_imputer_k": 4.133653297749504, "lasso_alpha": 9.134817395042327e-05, "model_C": 0.3076302329046951, "model_penalty": 0.8805378886261321, "model_pos_class_weight": 72.3142814076824, "pca_components": 7.872604928736742, "sampling_strategy": 0.16221490081911455, "scaler_choice": 0.5781959232661714}, "datetime": {"datetime": "2023-11-13 18:01:48", "elapsed": 71.174659, "delta": 1.013025}}
{"target": 0.5921861427376897, "params": {"imputer_strategy": 0.7295343569618519, "knn_imputer": 0.5739666535908816, "knn_imputer_k": 3.6776248874805098, "lasso_alpha": 0.00011572989848611953, "model_C": 0.9491219749031886, "model_penalty": 0.9755306193702776, "model_pos_class_weight": 75.13465969149513, "pca_components": 7.255965857803116, "sampling_strategy": 0.11744588427061078, "scaler_choice": 0.6312876382631104}, "datetime": {"datetime": "2023-11-13 18:01:49", "elapsed": 72.226924, "delta": 1.052265}}
{"target": 0.585631484953257, "params": {"imputer_strategy": 0.19906687511041876, "knn_imputer": 0.44135259278901195, "knn_imputer_k": 3.8825249710890652, "lasso_alpha": 0.0005340645448348254, "model_C": 0.6916523816095383, "model_penalty": 0.042805411405979266, "model_pos_class_weight": 74.41896714113143, "pca_components": 4.7496924445072, "sampling_strategy": 0.3696031272276014, "scaler_choice": 0.6657803387473615}, "datetime": {"datetime": "2023-11-13 18:01:50", "elapsed": 73.328112, "delta": 1.101188}}
{"target": 0.5, "params": {"imputer_strategy": 0.0, "knn_imputer": 0.0, "knn_imputer_k": 5.762159518511399, "lasso_alpha": 0.001, "model_C": 1e-05, "model_penalty": 1.0, "model_pos_class_weight": 74.60774437305989, "pca_components": 8.0, "sampling_strategy": 0.5, "scaler_choice": 1.0}, "datetime": {"datetime": "2023-11-13 18:01:51", "elapsed": 74.375284, "delta": 1.047172}}
{"target": 0.5, "params": {"imputer_strategy": 0.0, "knn_imputer": 1.0, "knn_imputer_k": 3.635773666783904, "lasso_alpha": 1e-05, "model_C": 1e-05, "model_penalty": 1.0, "model_pos_class_weight": 70.22571415052192, "pca_components": 8.0, "sampling_strategy": 0.05, "scaler_choice": 1.0}, "datetime": {"datetime": "2023-11-13 18:01:53", "elapsed": 75.629616, "delta": 1.254332}}
{"target": 0.5926396874298776, "params": {"imputer_strategy": 0.0, "knn_imputer": 1.0, "knn_imputer_k": 3.645533234353302, "lasso_alpha": 0.000753793870812554, "model_C": 1.0, "model_penalty": 0.26136006439335024, "model_pos_class_weight": 27.08502436121288, "pca_components": 7.117164154531636, "sampling_strategy": 0.05, "scaler_choice": 1.0}, "datetime": {"datetime": "2023-11-13 18:01:54", "elapsed": 76.911012, "delta": 1.281396}}
{"target": 0.5931744965567528, "params": {"imputer_strategy": 1.0, "knn_imputer": 0.018504535087453877, "knn_imputer_k": 3.9642581909260715, "lasso_alpha": 0.001, "model_C": 0.10778384915231734, "model_penalty": 0.0, "model_pos_class_weight": 26.08437183574462, "pca_components": 6.759890535478851, "sampling_strategy": 0.05, "scaler_choice": 1.0}, "datetime": {"datetime": "2023-11-13 18:01:55", "elapsed": 78.072263, "delta": 1.161251}}
{"target": 0.584135130575688, "params": {"imputer_strategy": 0.8165214380164076, "knn_imputer": 0.8402243978815419, "knn_imputer_k": 3.0729717863705432, "lasso_alpha": 1e-05, "model_C": 1.0, "model_penalty": 0.594067986826537, "model_pos_class_weight": 73.40589994005231, "pca_components": 7.172822725886741, "sampling_strategy": 0.05, "scaler_choice": 0.0}, "datetime": {"datetime": "2023-11-13 18:01:56", "elapsed": 79.190651, "delta": 1.118388}}
{"target": 0.5838302229453173, "params": {"imputer_strategy": 1.0, "knn_imputer": 1.0, "knn_imputer_k": 3.8961758045377715, "lasso_alpha": 1e-05, "model_C": 1.0, "model_penalty": 1.0, "model_pos_class_weight": 26.01908557991112, "pca_components": 6.7253075549985315, "sampling_strategy": 0.5, "scaler_choice": 0.0}, "datetime": {"datetime": "2023-11-13 18:01:58", "elapsed": 80.716791, "delta": 1.52614}}
{"target": 0.5843946595790457, "params": {"imputer_strategy": 1.0, "knn_imputer": 0.7675167084897441, "knn_imputer_k": 6.567810623175856, "lasso_alpha": 0.000912248116810748, "model_C": 1.0, "model_penalty": 0.0, "model_pos_class_weight": 69.42593158976429, "pca_components": 7.3990621106003704, "sampling_strategy": 0.5, "scaler_choice": 0.0}, "datetime": {"datetime": "2023-11-13 18:01:59", "elapsed": 81.881104, "delta": 1.164313}}
{"target": 0.5843976905489398, "params": {"imputer_strategy": 1.0, "knn_imputer": 1.0, "knn_imputer_k": 5.035997976437283, "lasso_alpha": 0.001, "model_C": 1e-05, "model_penalty": 0.0, "model_pos_class_weight": 28.040012043222596, "pca_components": 6.891182576798821, "sampling_strategy": 0.05, "scaler_choice": 1.0}, "datetime": {"datetime": "2023-11-13 18:02:00", "elapsed": 83.161276, "delta": 1.280172}}
{"target": 0.5843606302495545, "params": {"imputer_strategy": 1.0, "knn_imputer": 1.0, "knn_imputer_k": 5.3011266875313146, "lasso_alpha": 0.001, "model_C": 1.0, "model_penalty": 0.0, "model_pos_class_weight": 71.72071777406184, "pca_components": 7.08693016043366, "sampling_strategy": 0.5, "scaler_choice": 0.0}, "datetime": {"datetime": "2023-11-13 18:02:01", "elapsed": 84.208594, "delta": 1.047318}}
{"target": 0.5, "params": {"imputer_strategy": 0.0, "knn_imputer": 0.0, "knn_imputer_k": 3.9057028117890846, "lasso_alpha": 1e-05, "model_C": 1e-05, "model_penalty": 1.0, "model_pos_class_weight": 12.300908052158906, "pca_components": 8.0, "sampling_strategy": 0.05, "scaler_choice": 0.0}, "datetime": {"datetime": "2023-11-13 18:02:03", "elapsed": 85.409673, "delta": 1.201079}}
{"target": 0.5931207522130373, "params": {"imputer_strategy": 0.5527423527106887, "knn_imputer": 0.7460079923498136, "knn_imputer_k": 4.770754238810482, "lasso_alpha": 0.001, "model_C": 1.0, "model_penalty": 0.24996444157318679, "model_pos_class_weight": 10.10796154185731, "pca_components": 7.942030252736934, "sampling_strategy": 0.5, "scaler_choice": 1.0}, "datetime": {"datetime": "2023-11-13 18:02:04", "elapsed": 86.721827, "delta": 1.312154}}
{"target": 0.5930737299456145, "params": {"imputer_strategy": 0.0, "knn_imputer": 0.7185243760505365, "knn_imputer_k": 4.499733088005067, "lasso_alpha": 0.001, "model_C": 1.0, "model_penalty": 0.0, "model_pos_class_weight": 15.30436470501904, "pca_components": 7.239443591121762, "sampling_strategy": 0.5, "scaler_choice": 1.0}, "datetime": {"datetime": "2023-11-13 18:02:05", "elapsed": 88.00873, "delta": 1.286903}}
{"target": 0.5931860144644027, "params": {"imputer_strategy": 1.0, "knn_imputer": 1.0, "knn_imputer_k": 5.910995587972534, "lasso_alpha": 0.001, "model_C": 1.0, "model_penalty": 1.0, "model_pos_class_weight": 11.582485010434668, "pca_components": 7.091046355348585, "sampling_strategy": 0.5, "scaler_choice": 1.0}, "datetime": {"datetime": "2023-11-13 18:02:06", "elapsed": 89.169805, "delta": 1.161075}}
{"target": 0.5929820196689193, "params": {"imputer_strategy": 1.0, "knn_imputer": 0.0, "knn_imputer_k": 5.51334857703761, "lasso_alpha": 0.001, "model_C": 1.0, "model_penalty": 0.0, "model_pos_class_weight": 14.208640750507183, "pca_components": 7.357104874794201, "sampling_strategy": 0.5, "scaler_choice": 1.0}, "datetime": {"datetime": "2023-11-13 18:02:08", "elapsed": 90.534358, "delta": 1.364553}}
