{"target": 0.591686479759682, "params": {"imputer_strategy": 0.3745401188473625, "knn_imputer": 0.9507143064099162, "knn_imputer_k": 5.92797576724562, "lasso_alpha": 0.0006026718993550663, "model_C": 0.15602708025603212, "model_penalty": 0.15599452033620265, "model_pos_class_weight": 6.750277604651747, "pca_components": 7.197056874649611, "sampling_strategy": 0.42022300234864174, "scaler_choice": 0.7080725777960455}, "datetime": {"datetime": "2023-11-13 18:24:03", "elapsed": 0.0, "delta": 0.0}}
{"target": 0.5911753860848524, "params": {"imputer_strategy": 0.020584494295802447, "knn_imputer": 0.9699098521619943, "knn_imputer_k": 6.329770563201687, "lasso_alpha": 0.00022021571957149338, "model_C": 0.18183314895742855, "model_penalty": 0.18340450985343382, "model_pos_class_weight": 31.119982052994235, "pca_components": 5.148538589793427, "sampling_strategy": 0.38638900372842316, "scaler_choice": 0.2912291401980419}, "datetime": {"datetime": "2023-11-13 18:24:04", "elapsed": 0.895545, "delta": 0.895545}}
{"target": 0.5912427668590914, "params": {"imputer_strategy": 0.6118528947223795, "knn_imputer": 0.13949386065204183, "knn_imputer_k": 4.168578594140873, "lasso_alpha": 0.00037269822486075483, "model_C": 0.45607542351719377, "model_penalty": 0.7851759613930136, "model_pos_class_weight": 20.767704433677615, "pca_components": 5.085406630481669, "sampling_strategy": 0.4184829137724085, "scaler_choice": 0.046450412719997725}, "datetime": {"datetime": "2023-11-13 18:24:05", "elapsed": 2.072914, "delta": 1.177369}}
{"target": 0.5912931852098315, "params": {"imputer_strategy": 0.6075448519014384, "knn_imputer": 0.17052412368729153, "knn_imputer_k": 3.260206371941118, "lasso_alpha": 0.0009493966818807999, "model_C": 0.9656323767542286, "model_penalty": 0.8083973481164611, "model_pos_class_weight": 31.156763148163698, "pca_components": 2.586032684038303, "sampling_strategy": 0.43684660530243136, "scaler_choice": 0.4401524937396013}, "datetime": {"datetime": "2023-11-13 18:24:06", "elapsed": 3.162431, "delta": 1.089517}}
{"target": 0.591189715029224, "params": {"imputer_strategy": 0.12203823484477883, "knn_imputer": 0.4951769101112702, "knn_imputer_k": 3.1375540844608736, "lasso_alpha": 0.0009102271980579943, "model_C": 0.25878739380020094, "model_penalty": 0.662522284353982, "model_pos_class_weight": 31.859396532851683, "pca_components": 5.120408127066865, "sampling_strategy": 0.4093420558686559, "scaler_choice": 0.18485445552552704}, "datetime": {"datetime": "2023-11-13 18:24:07", "elapsed": 4.12498, "delta": 0.962549}}
{"target": 0.5908232500174482, "params": {"imputer_strategy": 0.03717772693254717, "knn_imputer": 0.20897176377208815, "knn_imputer_k": 6.683491832904049, "lasso_alpha": 0.0005992655091737074, "model_C": 0.45551377332632237, "model_penalty": 0.5219723653513615, "model_pos_class_weight": 1.002905646824336, "pca_components": 4.757596607930769, "sampling_strategy": 0.3287964968399149, "scaler_choice": 0.8581330138345077}, "datetime": {"datetime": "2023-11-13 18:24:08", "elapsed": 5.101773, "delta": 0.976793}}
{"target": 0.5916131564395654, "params": {"imputer_strategy": 0.34586360194082344, "knn_imputer": 0.7659811949411501, "knn_imputer_k": 5.623194012324539, "lasso_alpha": 0.00040896444618416557, "model_C": 0.07669161394778756, "model_penalty": 0.6155412934163175, "model_pos_class_weight": 8.1247371694048, "pca_components": 7.7561258078365, "sampling_strategy": 0.38576681356789366, "scaler_choice": 0.2910214132236323}, "datetime": {"datetime": "2023-11-13 18:24:09", "elapsed": 6.061015, "delta": 0.959242}}
{"target": 0.5924418459970382, "params": {"imputer_strategy": 0.31140809783006174, "knn_imputer": 0.9086312224240062, "knn_imputer_k": 5.220224610062182, "lasso_alpha": 0.0003219736586670687, "model_C": 0.45082327599189426, "model_penalty": 0.06280582741075558, "model_pos_class_weight": 7.984249368077215, "pca_components": 4.141472345030813, "sampling_strategy": 0.32062539478001933, "scaler_choice": 0.5394652509759312}, "datetime": {"datetime": "2023-11-13 18:24:10", "elapsed": 7.007347, "delta": 0.946332}}
{"target": 0.5902146476407208, "params": {"imputer_strategy": 0.6578019951702325, "knn_imputer": 0.6808537071858214, "knn_imputer_k": 3.8511470691482796, "lasso_alpha": 0.0003045689844627018, "model_C": 0.9143260656145357, "model_penalty": 0.15145231658193858, "model_pos_class_weight": 9.207371432850339, "pca_components": 2.325373506675753, "sampling_strategy": 0.37398302329706967, "scaler_choice": 0.8087900393194745}, "datetime": {"datetime": "2023-11-13 18:24:11", "elapsed": 8.107432, "delta": 1.100085}}
{"target": 0.5909803369413473, "params": {"imputer_strategy": 0.41283997079379675, "knn_imputer": 0.8035112163230543, "knn_imputer_k": 5.433925361978913, "lasso_alpha": 0.0007537091350152127, "model_C": 0.29224828964996336, "model_penalty": 0.3574204722218207, "model_pos_class_weight": 7.979513058211488, "pca_components": 3.637580525849886, "sampling_strategy": 0.33253812105369757, "scaler_choice": 0.47824971094673807}, "datetime": {"datetime": "2023-11-13 18:24:12", "elapsed": 8.997882, "delta": 0.89045}}
{"target": 0.5907445279132506, "params": {"imputer_strategy": 0.44363097653517247, "knn_imputer": 0.20402933097470732, "knn_imputer_k": 5.49697954243559, "lasso_alpha": 0.0007465021485508985, "model_C": 0.0896344218444451, "model_penalty": 0.3551610176186486, "model_pos_class_weight": 26.543072344469437, "pca_components": 6.202551256483261, "sampling_strategy": 0.47981886876770363, "scaler_choice": 0.06662505321778645}, "datetime": {"datetime": "2023-11-13 18:24:13", "elapsed": 9.991718, "delta": 0.993836}}
{"target": 0.5918477544990809, "params": {"imputer_strategy": 0.946727418127642, "knn_imputer": 0.8220942550570861, "knn_imputer_k": 3.6561355942745357, "lasso_alpha": 0.00027061052163293976, "model_C": 0.1922325761272816, "model_penalty": 0.450195438248428, "model_pos_class_weight": 9.73733861407927, "pca_components": 6.806616909920837, "sampling_strategy": 0.430609898223153, "scaler_choice": 0.2850525564818419}, "datetime": {"datetime": "2023-11-13 18:24:14", "elapsed": 10.899263, "delta": 0.907545}}
{"target": 0.5912124744565992, "params": {"imputer_strategy": 0.6673066523093035, "knn_imputer": 0.7006522455506095, "knn_imputer_k": 4.416301606955555, "lasso_alpha": 0.00014149903838324695, "model_C": 0.17828418142924593, "model_penalty": 0.0414530228560992, "model_pos_class_weight": 73.73318488942876, "pca_components": 7.69562317037744, "sampling_strategy": 0.39421216727932357, "scaler_choice": 0.5538013666133337}, "datetime": {"datetime": "2023-11-13 18:24:15", "elapsed": 11.931652, "delta": 1.032389}}
{"target": 0.5904125373462527, "params": {"imputer_strategy": 0.7333116420290569, "knn_imputer": 0.5804338258963315, "knn_imputer_k": 5.054658154378755, "lasso_alpha": 0.00019068224256988374, "model_C": 0.7983557806550337, "model_penalty": 0.4741642114747251, "model_pos_class_weight": 21.71365980156723, "pca_components": 6.731098407863128, "sampling_strategy": 0.45180302653195936, "scaler_choice": 0.7914085726265032}, "datetime": {"datetime": "2023-11-13 18:24:16", "elapsed": 12.857001, "delta": 0.925349}}
{"target": 0.5908987569999801, "params": {"imputer_strategy": 0.40287987814862536, "knn_imputer": 0.292536007673462, "knn_imputer_k": 6.1388322941142235, "lasso_alpha": 0.00023791277130986763, "model_C": 0.500042565952646, "model_penalty": 0.8148380609034058, "model_pos_class_weight": 90.23702972093938, "pca_components": 6.026487620473116, "sampling_strategy": 0.44667158030301957, "scaler_choice": 0.3272844476916421}, "datetime": {"datetime": "2023-11-13 18:24:17", "elapsed": 13.96534, "delta": 1.108339}}
{"target": 0.5923261768465224, "params": {"imputer_strategy": 0.5825341552463845, "knn_imputer": 0.9762352877380227, "knn_imputer_k": 3.5304374348431975, "lasso_alpha": 0.0008755334279955554, "model_C": 0.06156902281748744, "model_penalty": 0.6644785768802924, "model_pos_class_weight": 14.985677444086718, "pca_components": 6.820077596683138, "sampling_strategy": 0.3997950053469365, "scaler_choice": 0.6569207547906084}, "datetime": {"datetime": "2023-11-13 18:24:18", "elapsed": 15.156777, "delta": 1.191437}}
{"target": 0.5918715318980985, "params": {"imputer_strategy": 0.05994471272479329, "knn_imputer": 0.815813274735, "knn_imputer_k": 6.220232904865343, "lasso_alpha": 0.0007762162945841256, "model_C": 0.42374710945630584, "model_penalty": 0.037812517284350644, "model_pos_class_weight": 93.25380630729988, "pca_components": 5.655495751044752, "sampling_strategy": 0.3288048194529452, "scaler_choice": 0.046279964300189325}, "datetime": {"datetime": "2023-11-13 18:24:19", "elapsed": 16.131818, "delta": 0.975041}}
{"target": 0.590765514626405, "params": {"imputer_strategy": 0.03225137710150516, "knn_imputer": 0.6530920171413865, "knn_imputer_k": 6.440862296672272, "lasso_alpha": 0.00019145155441032766, "model_C": 0.11150819334137908, "model_penalty": 0.37299375150721503, "model_pos_class_weight": 7.7827847909995835, "pca_components": 2.1657116104551646, "sampling_strategy": 0.3698475122228554, "scaler_choice": 0.20264664656734954}, "datetime": {"datetime": "2023-11-13 18:24:20", "elapsed": 17.093965, "delta": 0.962147}}
{"target": 0.5897613976853422, "params": {"imputer_strategy": 0.2514281023775682, "knn_imputer": 0.38920210343339634, "knn_imputer_k": 6.319343776689504, "lasso_alpha": 0.0007251943150986135, "model_C": 0.7037856176518152, "model_penalty": 0.07595223680720942, "model_pos_class_weight": 2.4373690452702617, "pca_components": 5.513623270532821, "sampling_strategy": 0.39656930973216553, "scaler_choice": 0.9152784824155521}, "datetime": {"datetime": "2023-11-13 18:24:21", "elapsed": 18.1157, "delta": 1.021735}}
{"target": 0.590547228740507, "params": {"imputer_strategy": 0.7247065242359217, "knn_imputer": 0.29953441455990115, "knn_imputer_k": 5.05278438019975, "lasso_alpha": 0.0006484269718054668, "model_C": 0.5731206523717637, "model_penalty": 0.4425311052145344, "model_pos_class_weight": 52.70162047119475, "pca_components": 3.1199258508695937, "sampling_strategy": 0.4554552725762673, "scaler_choice": 0.43466276010640437}, "datetime": {"datetime": "2023-11-13 18:24:22", "elapsed": 19.204927, "delta": 1.089227}}
{"target": 0.5930219920329638, "params": {"imputer_strategy": 0.24563284523602757, "knn_imputer": 0.5073121897195179, "knn_imputer_k": 5.2270675824574475, "lasso_alpha": 0.00020266140560381768, "model_C": 0.1797419922869462, "model_penalty": 0.6370671563593936, "model_pos_class_weight": 46.32581912834892, "pca_components": 4.6818761936126645, "sampling_strategy": 0.3182781181302891, "scaler_choice": 0.8894931905120804}, "datetime": {"datetime": "2023-11-13 18:24:23", "elapsed": 20.202272, "delta": 0.997345}}
{"target": 0.5906425464845283, "params": {"imputer_strategy": 0.7661262675601256, "knn_imputer": 0.8839514313126008, "knn_imputer_k": 5.787387966534084, "lasso_alpha": 0.0007795935989389793, "model_C": 0.12659466006115322, "model_penalty": 0.2428007107044634, "model_pos_class_weight": 17.079074760458354, "pca_components": 7.102992674716182, "sampling_strategy": 0.47874130456719133, "scaler_choice": 0.3714439309029558}, "datetime": {"datetime": "2023-11-13 18:24:24", "elapsed": 21.157284, "delta": 0.955012}}
{"target": 0.5902019916037763, "params": {"imputer_strategy": 0.2847492829624767, "knn_imputer": 0.6770050322306461, "knn_imputer_k": 6.55101126906698, "lasso_alpha": 0.00032503373137253015, "model_C": 0.31706243073041945, "model_penalty": 0.47538539066659835, "model_pos_class_weight": 38.722560425104774, "pca_components": 5.813866119261295, "sampling_strategy": 0.47714846732173133, "scaler_choice": 0.42549793495024}, "datetime": {"datetime": "2023-11-13 18:24:25", "elapsed": 22.125581, "delta": 0.968297}}
{"target": 0.5906216978495121, "params": {"imputer_strategy": 0.043987880069192964, "knn_imputer": 0.6163918263684737, "knn_imputer_k": 5.99577457926536, "lasso_alpha": 0.00021585836295466484, "model_C": 0.5018769395517331, "model_penalty": 0.6509560128606645, "model_pos_class_weight": 5.781741470796096, "pca_components": 6.223129067562355, "sampling_strategy": 0.4035996730734174, "scaler_choice": 0.06968003379736465}, "datetime": {"datetime": "2023-11-13 18:24:26", "elapsed": 23.292213, "delta": 1.166632}}
{"target": 0.5919351895049986, "params": {"imputer_strategy": 0.009923297452359425, "knn_imputer": 0.9672563426858769, "knn_imputer_k": 3.57932210339961, "lasso_alpha": 0.0001439925189815616, "model_C": 0.27112281290385365, "model_penalty": 0.36530350976707715, "model_pos_class_weight": 51.453053442103936, "pca_components": 6.979653547687462, "sampling_strategy": 0.42880306680522395, "scaler_choice": 0.11920491940724809}, "datetime": {"datetime": "2023-11-13 18:24:28", "elapsed": 24.653801, "delta": 1.361588}}
{"target": 0.5907606671332924, "params": {"imputer_strategy": 0.3514204619038678, "knn_imputer": 0.392033914837855, "knn_imputer_k": 3.482714486212612, "lasso_alpha": 0.0008942704988721067, "model_C": 0.9906164258647367, "model_penalty": 0.4905843419221031, "model_pos_class_weight": 71.7391972210043, "pca_components": 5.2943715188808245, "sampling_strategy": 0.4471139937823436, "scaler_choice": 0.49955152989620566}, "datetime": {"datetime": "2023-11-13 18:24:29", "elapsed": 25.981516, "delta": 1.327715}}
{"target": 0.5903063722327955, "params": {"imputer_strategy": 0.10708560377302101, "knn_imputer": 0.447421433267989, "knn_imputer_k": 6.667232898403073, "lasso_alpha": 0.0003737893172994579, "model_C": 0.820552858237202, "model_penalty": 0.21412901091586978, "model_pos_class_weight": 47.72799504411537, "pca_components": 4.205030912502306, "sampling_strategy": 0.3472233952209944, "scaler_choice": 0.8772721873358476}, "datetime": {"datetime": "2023-11-13 18:24:30", "elapsed": 27.263936, "delta": 1.28242}}
{"target": 0.5911793875356199, "params": {"imputer_strategy": 0.8166935147465919, "knn_imputer": 0.45949983447437637, "knn_imputer_k": 3.636589261857839, "lasso_alpha": 0.0002667287900349238, "model_C": 0.0740665275373217, "model_penalty": 0.6948625969497331, "model_pos_class_weight": 25.9469910041368, "pca_components": 5.759165070075277, "sampling_strategy": 0.3742962575361738, "scaler_choice": 0.5386333316403098}, "datetime": {"datetime": "2023-11-13 18:24:32", "elapsed": 28.65702, "delta": 1.393084}}
{"target": 0.5912451814804954, "params": {"imputer_strategy": 0.1668566163076367, "knn_imputer": 0.07521054840693653, "knn_imputer_k": 5.282758595582892, "lasso_alpha": 0.0006949210485426719, "model_C": 0.5444762398317606, "model_penalty": 0.5854455152354968, "model_pos_class_weight": 45.434691932844665, "pca_components": 2.876444310873506, "sampling_strategy": 0.33964931521208935, "scaler_choice": 0.18555276985951275}, "datetime": {"datetime": "2023-11-13 18:24:33", "elapsed": 30.006661, "delta": 1.349641}}
{"target": 0.5931910080919058, "params": {"imputer_strategy": 0.8867817012518301, "knn_imputer": 0.8974265939998786, "knn_imputer_k": 5.618328500225042, "lasso_alpha": 0.0006521748940535111, "model_C": 0.6176137420394949, "model_penalty": 0.017752785071979638, "model_pos_class_weight": 17.83893779747208, "pca_components": 3.9085240967356194, "sampling_strategy": 0.3036351927653886, "scaler_choice": 0.8845750348041713}, "datetime": {"datetime": "2023-11-13 18:24:34", "elapsed": 31.152461, "delta": 1.1458}}
{"target": 0.5916602900212586, "params": {"imputer_strategy": 0.6464917023922285, "knn_imputer": 0.34574920364882633, "knn_imputer_k": 3.863346890635092, "lasso_alpha": 0.0007134695512130502, "model_C": 0.12962845030142778, "model_penalty": 0.6845748953794863, "model_pos_class_weight": 11.415589247044332, "pca_components": 6.213120476317725, "sampling_strategy": 0.40609540688320794, "scaler_choice": 0.9233184834229616}, "datetime": {"datetime": "2023-11-13 18:24:36", "elapsed": 32.353648, "delta": 1.201187}}
{"target": 0.5905017210500911, "params": {"imputer_strategy": 0.9034868927585683, "knn_imputer": 0.5140014075495314, "knn_imputer_k": 6.260326729917131, "lasso_alpha": 7.374026635864938e-05, "model_C": 0.47296389951849943, "model_penalty": 0.2060439765087677, "model_pos_class_weight": 55.63278120708848, "pca_components": 4.49367129596119, "sampling_strategy": 0.4753868511584767, "scaler_choice": 0.6090893175596639}, "datetime": {"datetime": "2023-11-13 18:24:37", "elapsed": 33.606724, "delta": 1.253076}}
{"target": 0.5911228655243347, "params": {"imputer_strategy": 0.2574031458999432, "knn_imputer": 0.40614066230367274, "knn_imputer_k": 6.3337581904862486, "lasso_alpha": 3.4372473018531125e-05, "model_C": 0.21226810074034913, "model_penalty": 0.06800317667544209, "model_pos_class_weight": 15.856991686700077, "pca_components": 3.222910326596116, "sampling_strategy": 0.44869641397003024, "scaler_choice": 0.7422985818830807}, "datetime": {"datetime": "2023-11-13 18:24:38", "elapsed": 35.053537, "delta": 1.446813}}
{"target": 0.5915032286596084, "params": {"imputer_strategy": 0.42992148537015085, "knn_imputer": 0.4208639167613659, "knn_imputer_k": 3.1189772408229097, "lasso_alpha": 0.0005789827793206422, "model_C": 0.9925437270525204, "model_penalty": 0.9880053468792049, "model_pos_class_weight": 90.2353821980607, "pca_components": 3.55242075240732, "sampling_strategy": 0.3389090976093673, "scaler_choice": 0.29007430983005744}, "datetime": {"datetime": "2023-11-13 18:24:39", "elapsed": 36.29932, "delta": 1.245783}}
{"target": 0.5903472806355046, "params": {"imputer_strategy": 0.9192183498055657, "knn_imputer": 0.6401257526119557, "knn_imputer_k": 4.2529748401479, "lasso_alpha": 0.00023163989850263068, "model_C": 0.8482628650363067, "model_penalty": 0.7749089478999633, "model_pos_class_weight": 62.778910865063594, "pca_components": 6.9699812508855, "sampling_strategy": 0.3554935073161795, "scaler_choice": 0.8298549596522592}, "datetime": {"datetime": "2023-11-13 18:24:41", "elapsed": 37.558108, "delta": 1.258788}}
{"target": 0.5907897960309474, "params": {"imputer_strategy": 0.40368789520744186, "knn_imputer": 0.17008192660485055, "knn_imputer_k": 3.3672147550575584, "lasso_alpha": 0.0007986362061700095, "model_C": 0.7799794089239375, "model_penalty": 0.8141035724164215, "model_pos_class_weight": 5.936698016575668, "pca_components": 2.3256236287149896, "sampling_strategy": 0.4087736794879578, "scaler_choice": 0.43871431994807597}, "datetime": {"datetime": "2023-11-13 18:24:42", "elapsed": 38.844831, "delta": 1.286723}}
{"target": 0.5930168071786298, "params": {"imputer_strategy": 0.5075635579036264, "knn_imputer": 0.1664710732167889, "knn_imputer_k": 6.505740379354915, "lasso_alpha": 0.000990400838741702, "model_C": 0.6118051995812404, "model_penalty": 0.07970242665417349, "model_pos_class_weight": 75.98020761383555, "pca_components": 4.074103826675731, "sampling_strategy": 0.30008946301931066, "scaler_choice": 0.5591811264956043}, "datetime": {"datetime": "2023-11-13 18:24:43", "elapsed": 40.229537, "delta": 1.384706}}
{"target": 0.5932377750653665, "params": {"imputer_strategy": 0.32935830008486533, "knn_imputer": 0.187605758366992, "knn_imputer_k": 5.264980011473069, "lasso_alpha": 0.00029026193065981374, "model_C": 0.8297215870694036, "model_penalty": 0.7536742970171216, "model_pos_class_weight": 55.255934483621665, "pca_components": 5.945377960169887, "sampling_strategy": 0.30460100363456405, "scaler_choice": 0.8108902056710986}, "datetime": {"datetime": "2023-11-13 18:24:45", "elapsed": 41.590986, "delta": 1.361449}}
{"target": 0.5924209536141316, "params": {"imputer_strategy": 0.9479309424477679, "knn_imputer": 0.6966064071858225, "knn_imputer_k": 3.620601743128363, "lasso_alpha": 0.0007936054220004509, "model_C": 0.8595010433224722, "model_penalty": 0.7264028426641027, "model_pos_class_weight": 90.31038449125575, "pca_components": 3.3727010647803324, "sampling_strategy": 0.3248110022033214, "scaler_choice": 0.7973761913065937}, "datetime": {"datetime": "2023-11-13 18:24:46", "elapsed": 42.781472, "delta": 1.190486}}
{"target": 0.5907198052931371, "params": {"imputer_strategy": 0.23622073620584716, "knn_imputer": 0.8984103583027211, "knn_imputer_k": 5.941676229597624, "lasso_alpha": 0.0003152831650778729, "model_C": 0.5287573949298615, "model_penalty": 0.9391473853795872, "model_pos_class_weight": 63.33357716428122, "pca_components": 7.44674885193953, "sampling_strategy": 0.38562392558748876, "scaler_choice": 0.8689817303701214}, "datetime": {"datetime": "2023-11-13 18:24:47", "elapsed": 43.974091, "delta": 1.192619}}
{"target": 0.589878057738826, "params": {"imputer_strategy": 0.22761063915205393, "knn_imputer": 0.9045489179449278, "knn_imputer_k": 6.4689779034752695, "lasso_alpha": 0.000998126581904149, "model_C": 0.6791033900500703, "model_penalty": 0.8444644088838367, "model_pos_class_weight": 86.54233041976732, "pca_components": 5.281484902578768, "sampling_strategy": 0.3618533908936912, "scaler_choice": 0.7538802569383448}, "datetime": {"datetime": "2023-11-13 18:24:49", "elapsed": 45.510299, "delta": 1.536208}}
{"target": 0.591244393809958, "params": {"imputer_strategy": 0.6527366758368467, "knn_imputer": 0.34185016427991766, "knn_imputer_k": 5.03930331622049, "lasso_alpha": 0.0008196221086442237, "model_C": 0.8053523521827398, "model_penalty": 0.42464930168024173, "model_pos_class_weight": 9.26302395856105, "pca_components": 6.554404254179378, "sampling_strategy": 0.4170587008546579, "scaler_choice": 0.09263804910439821}, "datetime": {"datetime": "2023-11-13 18:24:50", "elapsed": 46.646428, "delta": 1.136129}}
