{"target": 0.5903201982602696, "params": {"imputer_strategy": 0.17262208552529212, "knn_imputer": 0.39393762257470444, "knn_imputer_k": 4.754756207081199, "lasso_alpha": 0.0009385777467487863, "model_C": 0.9362182639594839, "model_penalty": 0.27834690544353924, "model_pos_class_weight": 19.30117347340305, "pca_components": 2.6123899979672176, "sampling_strategy": 0.3853394806691051, "scaler_choice": 0.03461976176071013}, "datetime": {"datetime": "2023-11-13 18:26:03", "elapsed": 119.753721, "delta": 1.694008}}
