{"target": 0.5902789541716381, "params": {"imputer_strategy": 0.9476083550228895, "knn_imputer": 0.2855472229945175, "knn_imputer_k": 4.924977576322513, "lasso_alpha": 0.0002161946392403012, "model_C": 0.360921420248747, "model_penalty": 0.1056750258867506, "model_pos_class_weight": 81.80178467961481, "pca_components": 4.244981304079117, "sampling_strategy": 0.48253318384121124, "scaler_choice": 0.3477978994254671}, "datetime": {"datetime": "2023-11-13 18:24:51", "elapsed": 47.800742, "delta": 1.154314}}
{"target": 0.5911956461486196, "params": {"imputer_strategy": 0.3311345509565754, "knn_imputer": 0.3971822458753482, "knn_imputer_k": 6.062326364080013, "lasso_alpha": 0.0003879003656788684, "model_C": 0.09756697278663187, "model_penalty": 0.9843252289556012, "model_pos_class_weight": 44.340023828837374, "pca_components": 7.810233210557559, "sampling_strategy": 0.3529863985065394, "scaler_choice": 0.3993152497495458}, "datetime": {"datetime": "2023-11-13 18:24:52", "elapsed": 49.011737, "delta": 1.210995}}
{"target": 0.590616691854934, "params": {"imputer_strategy": 0.8166307679262682, "knn_imputer": 0.2311924366841741, "knn_imputer_k": 5.041960154117101, "lasso_alpha": 0.0002953015967929477, "model_C": 0.9878233890854518, "model_penalty": 0.694745234957667, "model_pos_class_weight": 3.9604236785372007, "pca_components": 4.758233298979407, "sampling_strategy": 0.33442491308467653, "scaler_choice": 0.1449900926425498}, "datetime": {"datetime": "2023-11-13 18:24:54", "elapsed": 50.333908, "delta": 1.322171}}
{"target": 0.5918501011353111, "params": {"imputer_strategy": 0.5120385240240287, "knn_imputer": 0.3036254042326133, "knn_imputer_k": 4.525414263610499, "lasso_alpha": 0.0008991284374558303, "model_C": 0.4295132149956394, "model_penalty": 0.035537012081428676, "model_pos_class_weight": 73.96865971777164, "pca_components": 5.790109855574889, "sampling_strategy": 0.42875873303042733, "scaler_choice": 0.5237267579829366}, "datetime": {"datetime": "2023-11-13 18:24:55", "elapsed": 51.739217, "delta": 1.405309}}
{"target": 0.591299242159737, "params": {"imputer_strategy": 0.23683304527128324, "knn_imputer": 0.29266498936122176, "knn_imputer_k": 6.855525359399655, "lasso_alpha": 0.0006673314486460008, "model_C": 0.533711648453049, "model_penalty": 0.1750353506843737, "model_pos_class_weight": 49.71637912232801, "pca_components": 4.642513261968209, "sampling_strategy": 0.4496351260169632, "scaler_choice": 0.18999376433709947}, "datetime": {"datetime": "2023-11-13 18:24:57", "elapsed": 53.384364, "delta": 1.645147}}
{"target": 0.5955796772016748, "params": {"imputer_strategy": 0.06432863374230935, "knn_imputer": 0.013595997366536494, "knn_imputer_k": 6.93932522948259, "lasso_alpha": 0.0008219597673605275, "model_C": 0.00444160248338231, "model_penalty": 0.06546016722368708, "model_pos_class_weight": 41.29767638689738, "pca_components": 3.2805492282643254, "sampling_strategy": 0.47172193777269367, "scaler_choice": 0.7699973697135536}, "datetime": {"datetime": "2023-11-13 18:24:58", "elapsed": 54.734569, "delta": 1.350205}}
{"target": 0.5919332643712096, "params": {"imputer_strategy": 0.30050088543638365, "knn_imputer": 0.06939277307019864, "knn_imputer_k": 6.710335091670352, "lasso_alpha": 0.0006143547079410151, "model_C": 0.07058406371823411, "model_penalty": 0.22459657555032297, "model_pos_class_weight": 41.48755427936218, "pca_components": 3.0259001685740197, "sampling_strategy": 0.4691407982496345, "scaler_choice": 0.9093170206894782}, "datetime": {"datetime": "2023-11-13 18:25:00", "elapsed": 56.424379, "delta": 1.68981}}
{"target": 0.5913946257564485, "params": {"imputer_strategy": 0.9148972621261946, "knn_imputer": 0.9251243704654347, "knn_imputer_k": 4.220773807804607, "lasso_alpha": 0.0006678832991663739, "model_C": 0.9720939372951857, "model_penalty": 0.5912560871894995, "model_pos_class_weight": 51.13836358161712, "pca_components": 6.898838757314424, "sampling_strategy": 0.3406172769698165, "scaler_choice": 0.9805750509400138}, "datetime": {"datetime": "2023-11-13 18:25:01", "elapsed": 57.780991, "delta": 1.356612}}
{"target": 0.5916021681542855, "params": {"imputer_strategy": 0.7230592528242354, "knn_imputer": 0.9468665915779081, "knn_imputer_k": 5.4840491636440465, "lasso_alpha": 0.0009497499416327835, "model_C": 0.6100198384477153, "model_penalty": 0.33660617403721227, "model_pos_class_weight": 17.67839222354095, "pca_components": 4.191258569313884, "sampling_strategy": 0.42225454504788384, "scaler_choice": 0.5427594874684947}, "datetime": {"datetime": "2023-11-13 18:25:02", "elapsed": 58.977839, "delta": 1.196848}}
{"target": 0.5918957158121584, "params": {"imputer_strategy": 0.21608514335702012, "knn_imputer": 0.9837559493212766, "knn_imputer_k": 6.884330333644246, "lasso_alpha": 0.0005336433036200051, "model_C": 0.8187194592812945, "model_penalty": 0.9981234885483607, "model_pos_class_weight": 60.23513471873119, "pca_components": 6.495193964290328, "sampling_strategy": 0.4243940610415969, "scaler_choice": 0.3740334383073508}, "datetime": {"datetime": "2023-11-13 18:25:03", "elapsed": 60.152835, "delta": 1.174996}}
{"target": 0.5908409786284978, "params": {"imputer_strategy": 0.030637266879895098, "knn_imputer": 0.6863389874458303, "knn_imputer_k": 4.814840540211383, "lasso_alpha": 0.000676707400087158, "model_C": 0.13566961621288648, "model_penalty": 0.6828810688420882, "model_pos_class_weight": 46.325929750797336, "pca_components": 4.5896669570046535, "sampling_strategy": 0.46643351170031166, "scaler_choice": 0.6091175078495222}, "datetime": {"datetime": "2023-11-13 18:25:05", "elapsed": 61.466444, "delta": 1.313609}}
{"target": 0.5919537499845149, "params": {"imputer_strategy": 0.015802166005341012, "knn_imputer": 0.1754272545644886, "knn_imputer_k": 5.546057154050413, "lasso_alpha": 0.0004019528091727449, "model_C": 0.3290504674229683, "model_penalty": 0.9316408649325311, "model_pos_class_weight": 80.49575407981995, "pca_components": 3.6144213821211713, "sampling_strategy": 0.4399430893284916, "scaler_choice": 0.142183599348233}, "datetime": {"datetime": "2023-11-13 18:25:06", "elapsed": 62.908185, "delta": 1.441741}}
{"target": 0.5917816469717228, "params": {"imputer_strategy": 0.10022975606694429, "knn_imputer": 0.11538505832999058, "knn_imputer_k": 6.431455358132387, "lasso_alpha": 0.0006678615180506592, "model_C": 0.8893340065190193, "model_penalty": 0.09700923433857478, "model_pos_class_weight": 75.88887234286715, "pca_components": 4.0696788335142475, "sampling_strategy": 0.3384140285804722, "scaler_choice": 0.41895597929930417}, "datetime": {"datetime": "2023-11-13 18:25:07", "elapsed": 64.107159, "delta": 1.198974}}
{"target": 0.5908453332422718, "params": {"imputer_strategy": 0.2822471709561971, "knn_imputer": 0.5742883481951027, "knn_imputer_k": 5.370045011894573, "lasso_alpha": 0.00022931967037994374, "model_C": 0.14782148463742048, "model_penalty": 0.044466865530597977, "model_pos_class_weight": 1.6354242715690717, "pca_components": 2.1886968625463923, "sampling_strategy": 0.33112312657779597, "scaler_choice": 0.28306106470996073}, "datetime": {"datetime": "2023-11-13 18:25:09", "elapsed": 65.348276, "delta": 1.241117}}
{"target": 0.5909860671714207, "params": {"imputer_strategy": 0.9162206764178037, "knn_imputer": 0.8970320292066584, "knn_imputer_k": 4.693958105738418, "lasso_alpha": 0.00021303930628629693, "model_C": 0.4825955571771314, "model_penalty": 0.22468289298968247, "model_pos_class_weight": 62.161574649343414, "pca_components": 5.9767508005007235, "sampling_strategy": 0.404999069534886, "scaler_choice": 0.7463367715108}, "datetime": {"datetime": "2023-11-13 18:25:10", "elapsed": 67.069212, "delta": 1.720936}}
{"target": 0.5911598242546747, "params": {"imputer_strategy": 0.4266338704493705, "knn_imputer": 0.42131401740640684, "knn_imputer_k": 5.795171594012678, "lasso_alpha": 0.00021025744434144508, "model_C": 0.5543904622966593, "model_penalty": 0.979868484843921, "model_pos_class_weight": 61.41368934383404, "pca_components": 5.644338772945685, "sampling_strategy": 0.4452748859837885, "scaler_choice": 0.12588149100010493}, "datetime": {"datetime": "2023-11-13 18:25:12", "elapsed": 68.425272, "delta": 1.35606}}
{"target": 0.5925625176869256, "params": {"imputer_strategy": 0.08999118893817892, "knn_imputer": 0.374091830376736, "knn_imputer_k": 5.29449332037911, "lasso_alpha": 0.00042975557322741864, "model_C": 0.10968696240292708, "model_penalty": 0.4244223034169582, "model_pos_class_weight": 46.81149535018937, "pca_components": 4.633779064503235, "sampling_strategy": 0.3286591668400408, "scaler_choice": 0.6402535217229491}, "datetime": {"datetime": "2023-11-13 18:25:13", "elapsed": 69.744345, "delta": 1.319073}}
{"target": 0.5911760808308405, "params": {"imputer_strategy": 0.126354730932707, "knn_imputer": 0.9858503558700524, "knn_imputer_k": 3.045812586521103, "lasso_alpha": 0.0009787152712133179, "model_C": 0.5682178755253159, "model_penalty": 0.6473763713749164, "model_pos_class_weight": 50.42420025095078, "pca_components": 2.473421698843156, "sampling_strategy": 0.4165348165928936, "scaler_choice": 0.5677936394574203}, "datetime": {"datetime": "2023-11-13 18:25:14", "elapsed": 70.949521, "delta": 1.205176}}
{"target": 0.5928544534534451, "params": {"imputer_strategy": 0.289812524832356, "knn_imputer": 0.8143160331479561, "knn_imputer_k": 3.4497830096125464, "lasso_alpha": 0.0005821999499037403, "model_C": 0.5176097434052206, "model_penalty": 0.5925101346528105, "model_pos_class_weight": 91.55058900597498, "pca_components": 7.664870340860824, "sampling_strategy": 0.3209743159701977, "scaler_choice": 0.8904017612997168}, "datetime": {"datetime": "2023-11-13 18:25:15", "elapsed": 72.282196, "delta": 1.332675}}
{"target": 0.5913459278099504, "params": {"imputer_strategy": 0.9659678536624235, "knn_imputer": 0.8234145417590015, "knn_imputer_k": 3.5369498551409855, "lasso_alpha": 0.0005205889527409889, "model_C": 0.21108761485941122, "model_penalty": 0.7009953204915015, "model_pos_class_weight": 12.603394003889836, "pca_components": 3.7583984852434287, "sampling_strategy": 0.3357848495525669, "scaler_choice": 0.4855219614862766}, "datetime": {"datetime": "2023-11-13 18:25:17", "elapsed": 73.928782, "delta": 1.646586}}
{"target": 0.5922042699896135, "params": {"imputer_strategy": 0.3257748078314494, "knn_imputer": 0.4021614015458569, "knn_imputer_k": 6.376700566096044, "lasso_alpha": 0.00010551737454018158, "model_C": 0.1526639362135138, "model_penalty": 0.3791748128115855, "model_pos_class_weight": 83.42121819005516, "pca_components": 7.321409083734508, "sampling_strategy": 0.40969995409507687, "scaler_choice": 0.41098458503484203}, "datetime": {"datetime": "2023-11-13 18:25:19", "elapsed": 75.387775, "delta": 1.458993}}
{"target": 0.5896870639184083, "params": {"imputer_strategy": 0.5701876096856121, "knn_imputer": 0.21268967304348818, "knn_imputer_k": 4.691157329137785, "lasso_alpha": 0.0008587221676620391, "model_C": 0.5435889899899454, "model_penalty": 0.059038044028833725, "model_pos_class_weight": 30.55172802100546, "pca_components": 4.22628613265839, "sampling_strategy": 0.36007261470946234, "scaler_choice": 0.5455565653470443}, "datetime": {"datetime": "2023-11-13 18:25:20", "elapsed": 76.746158, "delta": 1.358383}}
{"target": 0.5922675004989078, "params": {"imputer_strategy": 0.2653243208276461, "knn_imputer": 0.5475933572561279, "knn_imputer_k": 3.4587482279017996, "lasso_alpha": 0.00042566015828371026, "model_C": 0.1803716818414408, "model_penalty": 0.3863859698364849, "model_pos_class_weight": 72.65438676119585, "pca_components": 4.257241070531248, "sampling_strategy": 0.43303902197278576, "scaler_choice": 0.5175111862423142}, "datetime": {"datetime": "2023-11-13 18:25:21", "elapsed": 77.979193, "delta": 1.233035}}
{"target": 0.5905812554416201, "params": {"imputer_strategy": 0.3333870003613617, "knn_imputer": 0.9358909945416213, "knn_imputer_k": 6.978936419260349, "lasso_alpha": 0.0004508561764050543, "model_C": 0.4366124788482537, "model_penalty": 0.44630326952288424, "model_pos_class_weight": 90.84110138162228, "pca_components": 6.990922654579685, "sampling_strategy": 0.3648655792023758, "scaler_choice": 0.6753897400477711}, "datetime": {"datetime": "2023-11-13 18:25:23", "elapsed": 79.459441, "delta": 1.480248}}
{"target": 0.5907384976108614, "params": {"imputer_strategy": 0.1503483109207313, "knn_imputer": 0.9390553092462539, "knn_imputer_k": 3.4804777871391814, "lasso_alpha": 0.0006849091706901024, "model_C": 0.4433909574300932, "model_penalty": 0.6996781509951991, "model_pos_class_weight": 51.32994678009402, "pca_components": 6.9060448094459055, "sampling_strategy": 0.35236650910488826, "scaler_choice": 0.06204117600727366}, "datetime": {"datetime": "2023-11-13 18:25:24", "elapsed": 80.746663, "delta": 1.287222}}
{"target": 0.5907569569907395, "params": {"imputer_strategy": 0.9833635612962162, "knn_imputer": 0.6926372903111855, "knn_imputer_k": 6.578480412168046, "lasso_alpha": 0.0007917890569959483, "model_C": 0.14109744987316947, "model_penalty": 0.13501233560954928, "model_pos_class_weight": 22.661192592206834, "pca_components": 2.6273900191998614, "sampling_strategy": 0.3642263699370113, "scaler_choice": 0.4995850410632533}, "datetime": {"datetime": "2023-11-13 18:25:28", "elapsed": 84.63927, "delta": 3.892607}}
{"target": 0.5910888743181275, "params": {"imputer_strategy": 0.3532530763102777, "knn_imputer": 0.3576506877636493, "knn_imputer_k": 6.37165179313701, "lasso_alpha": 0.0008326982045923308, "model_C": 0.36529631255327727, "model_penalty": 0.17228874718346576, "model_pos_class_weight": 97.40118985855382, "pca_components": 7.372669419201922, "sampling_strategy": 0.3858000328722629, "scaler_choice": 0.6472584432577225}, "datetime": {"datetime": "2023-11-13 18:25:34", "elapsed": 90.542927, "delta": 5.903657}}
{"target": 0.5904408040367605, "params": {"imputer_strategy": 0.34538003120392347, "knn_imputer": 0.6851166981204014, "knn_imputer_k": 3.4446296740112605, "lasso_alpha": 0.00013962775463636078, "model_C": 0.9897947437046791, "model_penalty": 0.3040615948586387, "model_pos_class_weight": 42.81736195209895, "pca_components": 3.1860809066407043, "sampling_strategy": 0.48737592392918433, "scaler_choice": 0.15342377086046988}, "datetime": {"datetime": "2023-11-13 18:25:37", "elapsed": 94.270395, "delta": 3.727468}}
{"target": 0.5901618674275582, "params": {"imputer_strategy": 0.19990605782396798, "knn_imputer": 0.19519776892791663, "knn_imputer_k": 6.678713466360186, "lasso_alpha": 0.0005833422969199617, "model_C": 0.5505799288483123, "model_penalty": 0.45945594195243256, "model_pos_class_weight": 76.05064643239655, "pca_components": 4.12154410562708, "sampling_strategy": 0.489705153766556, "scaler_choice": 0.4899220995527226}, "datetime": {"datetime": "2023-11-13 18:25:40", "elapsed": 97.009265, "delta": 2.73887}}
{"target": 0.5906815175903966, "params": {"imputer_strategy": 0.10083685807517906, "knn_imputer": 0.08657565621978369, "knn_imputer_k": 5.268783419771152, "lasso_alpha": 0.0006667087181467215, "model_C": 0.7684695648443423, "model_penalty": 0.5096159419059173, "model_pos_class_weight": 75.4098849580526, "pca_components": 3.4593540100629525, "sampling_strategy": 0.3883420250140256, "scaler_choice": 0.34381915270857244}, "datetime": {"datetime": "2023-11-13 18:25:43", "elapsed": 99.69188, "delta": 2.682615}}
{"target": 0.5903413750111937, "params": {"imputer_strategy": 0.6029527071427232, "knn_imputer": 0.8752211110916142, "knn_imputer_k": 6.470369393954324, "lasso_alpha": 0.0007324475398462295, "model_C": 0.21645686457622165, "model_penalty": 0.9835492204883518, "model_pos_class_weight": 75.1193089011701, "pca_components": 2.2025304866193762, "sampling_strategy": 0.48114779352491954, "scaler_choice": 0.1298928349417613}, "datetime": {"datetime": "2023-11-13 18:25:45", "elapsed": 101.426133, "delta": 1.734253}}
{"target": 0.593528223400298, "params": {"imputer_strategy": 0.23126403429133469, "knn_imputer": 0.5586082475620945, "knn_imputer_k": 5.50958328894156, "lasso_alpha": 0.0008811575364540927, "model_C": 0.1956426082626467, "model_penalty": 0.3645737444167265, "model_pos_class_weight": 46.6914359669943, "pca_components": 4.673475285176669, "sampling_strategy": 0.3076751431985473, "scaler_choice": 0.34199360015553393}, "datetime": {"datetime": "2023-11-13 18:25:46", "elapsed": 102.74089, "delta": 1.314757}}
{"target": 0.5908564842398873, "params": {"imputer_strategy": 0.4690143092834519, "knn_imputer": 0.4853161114540363, "knn_imputer_k": 5.112922147905129, "lasso_alpha": 0.0009456459175818698, "model_C": 0.34848817910083635, "model_penalty": 0.5769019400341352, "model_pos_class_weight": 55.07306994057666, "pca_components": 5.995141565916549, "sampling_strategy": 0.4509696885609847, "scaler_choice": 0.8471155279424503}, "datetime": {"datetime": "2023-11-13 18:25:47", "elapsed": 104.095488, "delta": 1.354598}}
{"target": 0.5902993789573671, "params": {"imputer_strategy": 0.8057019988937966, "knn_imputer": 0.47185757208265766, "knn_imputer_k": 4.067434233753152, "lasso_alpha": 0.00015778963257338425, "model_C": 0.7025343993448482, "model_penalty": 0.31690042633470894, "model_pos_class_weight": 61.211557311612225, "pca_components": 5.526590160488917, "sampling_strategy": 0.3542392277385892, "scaler_choice": 0.8798980064685827}, "datetime": {"datetime": "2023-11-13 18:25:49", "elapsed": 105.531422, "delta": 1.435934}}
{"target": 0.5917146038911554, "params": {"imputer_strategy": 0.6863427627086318, "knn_imputer": 0.4211961257428867, "knn_imputer_k": 4.559297000991041, "lasso_alpha": 0.0003576353312941851, "model_C": 0.7148880025600621, "model_penalty": 0.8471791051181948, "model_pos_class_weight": 93.00706529533949, "pca_components": 3.0052775227704176, "sampling_strategy": 0.4425297837416745, "scaler_choice": 0.9680470814519708}, "datetime": {"datetime": "2023-11-13 18:25:50", "elapsed": 107.061894, "delta": 1.530472}}
{"target": 0.5906142447211277, "params": {"imputer_strategy": 0.5841799894339539, "knn_imputer": 0.034274890988031714, "knn_imputer_k": 5.303291445083474, "lasso_alpha": 0.00027171822795154604, "model_C": 0.6846936247830686, "model_penalty": 0.6463612802030525, "model_pos_class_weight": 61.625505778392714, "pca_components": 4.888842261319996, "sampling_strategy": 0.469306784183149, "scaler_choice": 0.8791923774275884}, "datetime": {"datetime": "2023-11-13 18:25:52", "elapsed": 108.537034, "delta": 1.47514}}
{"target": 0.5911875362927627, "params": {"imputer_strategy": 0.9374618953627383, "knn_imputer": 0.02860393054512511, "knn_imputer_k": 3.7025038026245705, "lasso_alpha": 0.0005789811048942658, "model_C": 0.2928554339473223, "model_penalty": 0.5678352185394882, "model_pos_class_weight": 47.6582272770407, "pca_components": 5.502362647690159, "sampling_strategy": 0.34393250175870654, "scaler_choice": 0.05561413529307291}, "datetime": {"datetime": "2023-11-13 18:25:54", "elapsed": 110.644439, "delta": 2.107405}}
{"target": 0.5909970026196826, "params": {"imputer_strategy": 0.7218090027491537, "knn_imputer": 0.11592345860733777, "knn_imputer_k": 6.854581896832274, "lasso_alpha": 0.00019488205661824366, "model_C": 0.2972457466876653, "model_penalty": 0.010317323322884264, "model_pos_class_weight": 39.741509415057315, "pca_components": 5.717571114180961, "sampling_strategy": 0.3895444190509686, "scaler_choice": 0.004008281044708184}, "datetime": {"datetime": "2023-11-13 18:25:55", "elapsed": 112.053257, "delta": 1.408818}}
{"target": 0.5914154270604927, "params": {"imputer_strategy": 0.5039689856827833, "knn_imputer": 0.6085181528288013, "knn_imputer_k": 3.271971461462463, "lasso_alpha": 0.0009761705201697254, "model_C": 0.26043288216337035, "model_penalty": 0.30800201356733126, "model_pos_class_weight": 72.57804430471809, "pca_components": 4.17965084253504, "sampling_strategy": 0.41491343699291644, "scaler_choice": 0.6351044910722485}, "datetime": {"datetime": "2023-11-13 18:25:57", "elapsed": 113.32778, "delta": 1.274523}}
{"target": 0.5908486700508528, "params": {"imputer_strategy": 0.14567823941726077, "knn_imputer": 0.9969179745659503, "knn_imputer_k": 6.888619577699327, "lasso_alpha": 0.00023459216074305357, "model_C": 0.1456783148767159, "model_penalty": 0.6684859734799019, "model_pos_class_weight": 77.65732547402958, "pca_components": 3.9199485756456207, "sampling_strategy": 0.3470246599846917, "scaler_choice": 0.7693971898826879}, "datetime": {"datetime": "2023-11-13 18:25:58", "elapsed": 114.725413, "delta": 1.397633}}
{"target": 0.5926200022621901, "params": {"imputer_strategy": 0.5688423225588393, "knn_imputer": 0.6964994000235891, "knn_imputer_k": 5.206332055387422, "lasso_alpha": 0.0009610123080692038, "model_C": 0.05866177145513426, "model_penalty": 0.2687650213301338, "model_pos_class_weight": 46.90614843554735, "pca_components": 6.600984620723917, "sampling_strategy": 0.39713277146018383, "scaler_choice": 0.9176476994080008}, "datetime": {"datetime": "2023-11-13 18:26:00", "elapsed": 116.363821, "delta": 1.638408}}
{"target": 0.5924868903416048, "params": {"imputer_strategy": 0.5461719344026613, "knn_imputer": 0.20811845632136527, "knn_imputer_k": 5.6423848980383795, "lasso_alpha": 0.00020538582707597247, "model_C": 0.10010276328965372, "model_penalty": 0.42287864481986925, "model_pos_class_weight": 46.853572635642095, "pca_components": 4.609948261807184, "sampling_strategy": 0.4349367601482145, "scaler_choice": 0.6871355873393157}, "datetime": {"datetime": "2023-11-13 18:26:01", "elapsed": 118.059713, "delta": 1.695892}}
