{"target": 0.565047164530538, "params": {"imputer_strategy": 1.0, "knn_imputer": 0.0, "knn_imputer_k": 7.0, "lasso_alpha": 0.001, "pca_components": 2.0, "sampling_strategy": 0.5, "scaler_choice": 0.0, "xgb_colsample_bytree": 1.0, "xgb_gamma": 10.0, "xgb_learning_rate": 1.0, "xgb_max_depth": 20.0, "xgb_n_estimators": 474.8813157949066, "xgb_reg_alpha": 10.0, "xgb_reg_lambda": 10.0, "xgb_scale_pos_weight": 20.0, "xgb_subsample": 1.0}, "datetime": {"datetime": "2023-11-13 18:48:58", "elapsed": 503.526167, "delta": 5.544517}}
{"target": 0.36608105108555977, "params": {"imputer_strategy": 1.0, "knn_imputer": 0.0, "knn_imputer_k": 3.0, "lasso_alpha": 0.001, "pca_components": 2.0, "sampling_strategy": 0.5, "scaler_choice": 0.0, "xgb_colsample_bytree": 1.0, "xgb_gamma": 0.0, "xgb_learning_rate": 0.0001, "xgb_max_depth": 20.0, "xgb_n_estimators": 457.3671250577329, "xgb_reg_alpha": 10.0, "xgb_reg_lambda": 0.0, "xgb_scale_pos_weight": 20.0, "xgb_subsample": 1.0}, "datetime": {"datetime": "2023-11-13 18:49:23", "elapsed": 528.535537, "delta": 25.00937}}
{"target": 0.21762180189529745, "params": {"imputer_strategy": 0.8098581689944155, "knn_imputer": 0.8757746161180016, "knn_imputer_k": 3.431945313279561, "lasso_alpha": 0.00041105763118234293, "pca_components": 6.031187346553182, "sampling_strategy": 0.4792358327987177, "scaler_choice": 0.7228969590590576, "xgb_colsample_bytree": 0.5630668847903737, "xgb_gamma": 0.1247315806360938, "xgb_learning_rate": 0.7200620919220052, "xgb_max_depth": 5.710639104447944, "xgb_n_estimators": 448.9438021533614, "xgb_reg_alpha": 1.0832288088293873, "xgb_reg_lambda": 9.869431131170773, "xgb_scale_pos_weight": 39.08819990034971, "xgb_subsample": 0.8457303311458992}, "datetime": {"datetime": "2023-11-13 18:49:32", "elapsed": 536.75479, "delta": 8.219253}}
{"target": 0.5704125564524561, "params": {"imputer_strategy": 0.0, "knn_imputer": 0.0, "knn_imputer_k": 7.0, "lasso_alpha": 0.001, "pca_components": 8.0, "sampling_strategy": 0.5, "scaler_choice": 1.0, "xgb_colsample_bytree": 0.1, "xgb_gamma": 10.0, "xgb_learning_rate": 0.0001, "xgb_max_depth": 10.80019535960096, "xgb_n_estimators": 343.47481907236573, "xgb_reg_alpha": 5.882577658698432, "xgb_reg_lambda": 10.0, "xgb_scale_pos_weight": 20.0, "xgb_subsample": 1.0}, "datetime": {"datetime": "2023-11-13 18:49:37", "elapsed": 541.894076, "delta": 5.139286}}
{"target": 0.549259621788203, "params": {"imputer_strategy": 0.0, "knn_imputer": 0.0, "knn_imputer_k": 7.0, "lasso_alpha": 1e-05, "pca_components": 8.0, "sampling_strategy": 0.3, "scaler_choice": 1.0, "xgb_colsample_bytree": 1.0, "xgb_gamma": 10.0, "xgb_learning_rate": 0.0001, "xgb_max_depth": 8.890135352507116, "xgb_n_estimators": 423.40373984084766, "xgb_reg_alpha": 0.0, "xgb_reg_lambda": 0.0, "xgb_scale_pos_weight": 40.0, "xgb_subsample": 1.0}, "datetime": {"datetime": "2023-11-13 18:49:45", "elapsed": 550.352348, "delta": 8.458272}}
{"target": 0.561670565518717, "params": {"imputer_strategy": 1.0, "knn_imputer": 1.0, "knn_imputer_k": 7.0, "lasso_alpha": 0.001, "pca_components": 8.0, "sampling_strategy": 0.3, "scaler_choice": 0.0, "xgb_colsample_bytree": 0.1, "xgb_gamma": 10.0, "xgb_learning_rate": 1.0, "xgb_max_depth": 20.0, "xgb_n_estimators": 417.1599211765903, "xgb_reg_alpha": 0.0, "xgb_reg_lambda": 10.0, "xgb_scale_pos_weight": 40.0, "xgb_subsample": 1.0}, "datetime": {"datetime": "2023-11-13 18:49:51", "elapsed": 555.771609, "delta": 5.419261}}
{"target": 0.5621217591300394, "params": {"imputer_strategy": 0.0, "knn_imputer": 0.0, "knn_imputer_k": 3.0, "lasso_alpha": 1e-05, "pca_components": 8.0, "sampling_strategy": 0.3, "scaler_choice": 1.0, "xgb_colsample_bytree": 1.0, "xgb_gamma": 10.0, "xgb_learning_rate": 0.0001, "xgb_max_depth": 15.266284761080442, "xgb_n_estimators": 202.6602560996894, "xgb_reg_alpha": 10.0, "xgb_reg_lambda": 10.0, "xgb_scale_pos_weight": 27.709211785319795, "xgb_subsample": 1.0}, "datetime": {"datetime": "2023-11-13 18:49:56", "elapsed": 560.70895, "delta": 4.937341}}
{"target": 0.5801204139514521, "params": {"imputer_strategy": 0.0, "knn_imputer": 1.0, "knn_imputer_k": 7.0, "lasso_alpha": 1e-05, "pca_components": 8.0, "sampling_strategy": 0.3, "scaler_choice": 1.0, "xgb_colsample_bytree": 0.1, "xgb_gamma": 10.0, "xgb_learning_rate": 0.0001, "xgb_max_depth": 20.0, "xgb_n_estimators": 439.3438291360821, "xgb_reg_alpha": 0.0, "xgb_reg_lambda": 0.0, "xgb_scale_pos_weight": 20.0, "xgb_subsample": 0.5}, "datetime": {"datetime": "2023-11-13 18:50:02", "elapsed": 566.671814, "delta": 5.962864}}
