{"target": 0.5450241018528604, "params": {"imputer_strategy": 0.3745401188473625, "knn_imputer": 0.9507143064099162, "knn_imputer_k": 5.92797576724562, "lasso_alpha": 0.0006026718993550663, "pca_components": 2.9361118426546193, "sampling_strategy": 0.3311989040672405, "scaler_choice": 0.05808361216819946, "xgb_colsample_bytree": 0.8795585311974417, "xgb_gamma": 6.011150117432088, "xgb_learning_rate": 0.7081017705382658, "xgb_max_depth": 2.370520897324444, "xgb_n_estimators": 487.96394086479773, "xgb_reg_alpha": 8.324426408004218, "xgb_reg_lambda": 2.1233911067827616, "xgb_scale_pos_weight": 23.636499344142013, "xgb_subsample": 0.5917022549267169}, "datetime": {"datetime": "2023-11-13 18:40:35", "elapsed": 0.0, "delta": 0.0}}
{"target": 0.5206318475528952, "params": {"imputer_strategy": 0.3042422429595377, "knn_imputer": 0.5247564316322378, "knn_imputer_k": 4.727780074568463, "lasso_alpha": 0.0002983168487960615, "pca_components": 5.671117368334277, "sampling_strategy": 0.32789877213040836, "scaler_choice": 0.29214464853521815, "xgb_colsample_bytree": 0.4297256589643226, "xgb_gamma": 4.56069984217036, "xgb_learning_rate": 0.7851974437968743, "xgb_max_depth": 5.594128078850475, "xgb_n_estimators": 305.69377536544465, "xgb_reg_alpha": 5.924145688620425, "xgb_reg_lambda": 0.46450412719997725, "xgb_scale_pos_weight": 32.150897038028766, "xgb_subsample": 0.5852620618436457}, "datetime": {"datetime": "2023-11-13 18:40:38", "elapsed": 3.141309, "delta": 3.141309}}
{"target": 0.4920941956979603, "params": {"imputer_strategy": 0.06505159298527952, "knn_imputer": 0.9488855372533332, "knn_imputer_k": 6.862528132298237, "lasso_alpha": 0.0008103133746352965, "pca_components": 3.8276826150402243, "sampling_strategy": 0.31953442280127675, "scaler_choice": 0.6842330265121569, "xgb_colsample_bytree": 0.4961372443656412, "xgb_gamma": 1.2203823484477883, "xgb_learning_rate": 0.49522739242025904, "xgb_max_depth": 2.618993380073931, "xgb_n_estimators": 463.7281608315128, "xgb_reg_alpha": 2.587799816000169, "xgb_reg_lambda": 6.62522284353982, "xgb_scale_pos_weight": 26.23422152178822, "xgb_subsample": 0.7600340105889054}, "datetime": {"datetime": "2023-11-13 18:40:42", "elapsed": 6.826499, "delta": 3.68519}}
{"target": 0.4826058025492729, "params": {"imputer_strategy": 0.5467102793432796, "knn_imputer": 0.18485445552552704, "knn_imputer_k": 6.878338511058234, "lasso_alpha": 0.0007773814951275034, "pca_components": 7.6369936493851345, "sampling_strategy": 0.47896547008552975, "scaler_choice": 0.5978999788110851, "xgb_colsample_bytree": 0.9296868115208051, "xgb_gamma": 0.884925020519195, "xgb_learning_rate": 0.1960632641329033, "xgb_max_depth": 2.814091200389685, "xgb_n_estimators": 230.13213230530573, "xgb_reg_alpha": 3.8867728968948203, "xgb_reg_lambda": 2.713490317738959, "xgb_scale_pos_weight": 36.57475018303859, "xgb_subsample": 0.6783766633467947}, "datetime": {"datetime": "2023-11-13 18:40:45", "elapsed": 9.885751, "delta": 3.059252}}
{"target": 0.3211251581808512, "params": {"imputer_strategy": 0.28093450968738076, "knn_imputer": 0.5426960831582485, "knn_imputer_k": 3.5636968998990506, "lasso_alpha": 0.0008041750109464993, "pca_components": 2.447303862078625, "sampling_strategy": 0.49737738732010345, "scaler_choice": 0.7722447692966574, "xgb_colsample_bytree": 0.2788441133807552, "xgb_gamma": 0.05522117123602399, "xgb_learning_rate": 0.8154798823119886, "xgb_max_depth": 14.723432189257109, "xgb_n_estimators": 391.60286721639494, "xgb_reg_alpha": 7.712703466859457, "xgb_reg_lambda": 0.7404465173409036, "xgb_scale_pos_weight": 27.169314570885454, "xgb_subsample": 0.5579345297625649}, "datetime": {"datetime": "2023-11-13 18:40:50", "elapsed": 15.400418, "delta": 5.514667}}
{"target": 0.5404576505743324, "params": {"imputer_strategy": 0.1443953811426587, "knn_imputer": 0.712503036424561, "knn_imputer_k": 3.01415515128654, "lasso_alpha": 0.0009196367877862341, "pca_components": 6.964332870761552, "sampling_strategy": 0.43659269214580493, "scaler_choice": 0.09446777906975468, "xgb_colsample_bytree": 0.8424896964033849, "xgb_gamma": 8.751738143940646, "xgb_learning_rate": 0.688019004743132, "xgb_max_depth": 19.56595941392191, "xgb_n_estimators": 137.1517473829155, "xgb_reg_alpha": 7.086495819268754, "xgb_reg_lambda": 5.247960346509216, "xgb_scale_pos_weight": 22.912122576215364, "xgb_subsample": 0.8292070566384133}, "datetime": {"datetime": "2023-11-13 18:40:54", "elapsed": 19.025768, "delta": 3.62535}}
{"target": 0.26980841443937675, "params": {"imputer_strategy": 0.20730609105113218, "knn_imputer": 0.10996310141705845, "knn_imputer_k": 4.550050343545653, "lasso_alpha": 0.000673628315216384, "pca_components": 7.240320625439168, "sampling_strategy": 0.38702303239907965, "scaler_choice": 0.6711425331603419, "xgb_colsample_bytree": 0.9089257118766504, "xgb_gamma": 0.2005463387984685, "xgb_learning_rate": 0.9965199742131187, "xgb_max_depth": 5.097338958472889, "xgb_n_estimators": 100.10906325203925, "xgb_reg_alpha": 2.4405404911508786, "xgb_reg_lambda": 1.9894583829312662, "xgb_scale_pos_weight": 36.49493711763587, "xgb_subsample": 0.9413615794807318}, "datetime": {"datetime": "2023-11-13 18:40:58", "elapsed": 23.47803, "delta": 4.452262}}
{"target": 0.5466268483651369, "params": {"imputer_strategy": 0.33009784218659155, "knn_imputer": 0.24996857609823486, "knn_imputer_k": 4.307079253876894, "lasso_alpha": 0.00028939116129587787, "pca_components": 5.480532165139166, "sampling_strategy": 0.3558611716859327, "scaler_choice": 0.9263494966003939, "xgb_colsample_bytree": 0.42628407864571205, "xgb_gamma": 6.527179737673411, "xgb_learning_rate": 0.20607188648661873, "xgb_max_depth": 18.63610231993081, "xgb_n_estimators": 138.6663120828727, "xgb_reg_alpha": 5.259508541092282, "xgb_reg_lambda": 4.863811118270169, "xgb_scale_pos_weight": 21.98434987416531, "xgb_subsample": 0.5487070431857081}, "datetime": {"datetime": "2023-11-13 18:41:02", "elapsed": 27.198886, "delta": 3.720856}}
{"target": 0.5554114848815561, "params": {"imputer_strategy": 0.0, "knn_imputer": 1.0, "knn_imputer_k": 3.0, "lasso_alpha": 0.001, "pca_components": 7.351344227245731, "sampling_strategy": 0.5, "scaler_choice": 0.0, "xgb_colsample_bytree": 1.0, "xgb_gamma": 10.0, "xgb_learning_rate": 0.6111156167747512, "xgb_max_depth": 20.0, "xgb_n_estimators": 170.59388405234878, "xgb_reg_alpha": 10.0, "xgb_reg_lambda": 8.456266189118276, "xgb_scale_pos_weight": 20.0, "xgb_subsample": 0.8436828900852803}, "datetime": {"datetime": "2023-11-13 18:41:06", "elapsed": 31.265895, "delta": 4.067009}}
{"target": 0.4814045084437646, "params": {"imputer_strategy": 0.0, "knn_imputer": 1.0, "knn_imputer_k": 3.0, "lasso_alpha": 1e-05, "pca_components": 2.0, "sampling_strategy": 0.3, "scaler_choice": 0.0, "xgb_colsample_bytree": 1.0, "xgb_gamma": 0.0, "xgb_learning_rate": 1.0, "xgb_max_depth": 2.0, "xgb_n_estimators": 167.63433470141138, "xgb_reg_alpha": 10.0, "xgb_reg_lambda": 0.0, "xgb_scale_pos_weight": 40.0, "xgb_subsample": 1.0}, "datetime": {"datetime": "2023-11-13 18:41:09", "elapsed": 34.612284, "delta": 3.346389}}
{"target": 0.559529072379228, "params": {"imputer_strategy": 1.0, "knn_imputer": 0.0, "knn_imputer_k": 3.0, "lasso_alpha": 0.001, "pca_components": 8.0, "sampling_strategy": 0.5, "scaler_choice": 1.0, "xgb_colsample_bytree": 0.1, "xgb_gamma": 10.0, "xgb_learning_rate": 0.0001, "xgb_max_depth": 20.0, "xgb_n_estimators": 500.0, "xgb_reg_alpha": 0.0, "xgb_reg_lambda": 0.0, "xgb_scale_pos_weight": 40.0, "xgb_subsample": 1.0}, "datetime": {"datetime": "2023-11-13 18:41:14", "elapsed": 39.484525, "delta": 4.872241}}
{"target": 0.5245413800304323, "params": {"imputer_strategy": 0.39494521436909535, "knn_imputer": 0.4518758998055936, "knn_imputer_k": 3.7158939685209775, "lasso_alpha": 0.0008759117444235524, "pca_components": 4.298758944415294, "sampling_strategy": 0.37327293532667183, "scaler_choice": 0.2836521400790444, "xgb_colsample_bytree": 0.7240709092739335, "xgb_gamma": 8.7212318581003, "xgb_learning_rate": 0.9681090674185444, "xgb_max_depth": 19.91025152613919, "xgb_n_estimators": 268.94305566069846, "xgb_reg_alpha": 3.0346483573057235, "xgb_reg_lambda": 0.10627043993318486, "xgb_scale_pos_weight": 21.082618768312855, "xgb_subsample": 0.7475437737716923}, "datetime": {"datetime": "2023-11-13 18:41:19", "elapsed": 44.504873, "delta": 5.020348}}
{"target": 0.5801932968662441, "params": {"imputer_strategy": 1.0, "knn_imputer": 0.0, "knn_imputer_k": 3.0, "lasso_alpha": 1e-05, "pca_components": 2.0, "sampling_strategy": 0.3, "scaler_choice": 1.0, "xgb_colsample_bytree": 0.1, "xgb_gamma": 10.0, "xgb_learning_rate": 0.0001, "xgb_max_depth": 20.0, "xgb_n_estimators": 204.6576362786302, "xgb_reg_alpha": 0.0, "xgb_reg_lambda": 10.0, "xgb_scale_pos_weight": 20.0, "xgb_subsample": 0.5}, "datetime": {"datetime": "2023-11-13 18:41:24", "elapsed": 49.071467, "delta": 4.566594}}
{"target": 0.5514823437673614, "params": {"imputer_strategy": 0.0, "knn_imputer": 0.0, "knn_imputer_k": 3.0, "lasso_alpha": 1e-05, "pca_components": 2.0, "sampling_strategy": 0.3, "scaler_choice": 0.0, "xgb_colsample_bytree": 0.1, "xgb_gamma": 10.0, "xgb_learning_rate": 1.0, "xgb_max_depth": 20.0, "xgb_n_estimators": 231.3045894997156, "xgb_reg_alpha": 10.0, "xgb_reg_lambda": 10.0, "xgb_scale_pos_weight": 20.0, "xgb_subsample": 1.0}, "datetime": {"datetime": "2023-11-13 18:41:28", "elapsed": 53.09148, "delta": 4.020013}}
{"target": 0.5666972396934312, "params": {"imputer_strategy": 1.0, "knn_imputer": 0.0, "knn_imputer_k": 3.0, "lasso_alpha": 1e-05, "pca_components": 8.0, "sampling_strategy": 0.5, "scaler_choice": 0.0, "xgb_colsample_bytree": 1.0, "xgb_gamma": 10.0, "xgb_learning_rate": 1.0, "xgb_max_depth": 20.0, "xgb_n_estimators": 500.0, "xgb_reg_alpha": 10.0, "xgb_reg_lambda": 0.0, "xgb_scale_pos_weight": 20.0, "xgb_subsample": 1.0}, "datetime": {"datetime": "2023-11-13 18:41:33", "elapsed": 58.177416, "delta": 5.085936}}
{"target": 0.5762454750524121, "params": {"imputer_strategy": 0.0, "knn_imputer": 0.0, "knn_imputer_k": 7.0, "lasso_alpha": 1e-05, "pca_components": 2.0, "sampling_strategy": 0.5, "scaler_choice": 0.0, "xgb_colsample_bytree": 1.0, "xgb_gamma": 10.0, "xgb_learning_rate": 1.0, "xgb_max_depth": 20.0, "xgb_n_estimators": 483.851143252612, "xgb_reg_alpha": 10.0, "xgb_reg_lambda": 10.0, "xgb_scale_pos_weight": 40.0, "xgb_subsample": 0.5}, "datetime": {"datetime": "2023-11-13 18:41:40", "elapsed": 65.163146, "delta": 6.98573}}
{"target": 0.5556884803572276, "params": {"imputer_strategy": 0.0, "knn_imputer": 0.0, "knn_imputer_k": 7.0, "lasso_alpha": 0.001, "pca_components": 2.0, "sampling_strategy": 0.5, "scaler_choice": 1.0, "xgb_colsample_bytree": 1.0, "xgb_gamma": 10.0, "xgb_learning_rate": 0.0001, "xgb_max_depth": 20.0, "xgb_n_estimators": 500.0, "xgb_reg_alpha": 0.0, "xgb_reg_lambda": 10.0, "xgb_scale_pos_weight": 20.0, "xgb_subsample": 0.5}, "datetime": {"datetime": "2023-11-13 18:41:49", "elapsed": 73.770589, "delta": 8.607443}}
{"target": 0.5588157260571082, "params": {"imputer_strategy": 0.0, "knn_imputer": 0.0, "knn_imputer_k": 3.0, "lasso_alpha": 1e-05, "pca_components": 8.0, "sampling_strategy": 0.5, "scaler_choice": 2.7755575615628914e-17, "xgb_colsample_bytree": 1.0, "xgb_gamma": 10.0, "xgb_learning_rate": 1.0, "xgb_max_depth": 2.0, "xgb_n_estimators": 500.0, "xgb_reg_alpha": 10.0, "xgb_reg_lambda": 10.0, "xgb_scale_pos_weight": 40.0, "xgb_subsample": 1.0}, "datetime": {"datetime": "2023-11-13 18:41:54", "elapsed": 79.253051, "delta": 5.482462}}
{"target": 0.41588044234998456, "params": {"imputer_strategy": 1.0, "knn_imputer": 1.0, "knn_imputer_k": 7.0, "lasso_alpha": 0.001, "pca_components": 8.0, "sampling_strategy": 0.5, "scaler_choice": 0.0, "xgb_colsample_bytree": 0.1, "xgb_gamma": 0.0, "xgb_learning_rate": 1.0, "xgb_max_depth": 20.0, "xgb_n_estimators": 192.57200430596882, "xgb_reg_alpha": 0.0, "xgb_reg_lambda": 0.0, "xgb_scale_pos_weight": 20.0, "xgb_subsample": 0.5}, "datetime": {"datetime": "2023-11-13 18:42:00", "elapsed": 85.375402, "delta": 6.122351}}
{"target": 0.5691208286882183, "params": {"imputer_strategy": 0.0, "knn_imputer": 0.0, "knn_imputer_k": 3.0, "lasso_alpha": 1e-05, "pca_components": 2.0, "sampling_strategy": 0.3, "scaler_choice": 1.0, "xgb_colsample_bytree": 0.1, "xgb_gamma": 10.0, "xgb_learning_rate": 0.0001, "xgb_max_depth": 20.0, "xgb_n_estimators": 208.2868804571955, "xgb_reg_alpha": 10.0, "xgb_reg_lambda": 10.0, "xgb_scale_pos_weight": 40.0, "xgb_subsample": 1.0}, "datetime": {"datetime": "2023-11-13 18:42:04", "elapsed": 89.591682, "delta": 4.21628}}
{"target": 0.5671680681243375, "params": {"imputer_strategy": 1.0, "knn_imputer": 0.0, "knn_imputer_k": 7.0, "lasso_alpha": 0.001, "pca_components": 2.0, "sampling_strategy": 0.5, "scaler_choice": 1.0, "xgb_colsample_bytree": 0.1, "xgb_gamma": 10.0, "xgb_learning_rate": 0.0001, "xgb_max_depth": 20.0, "xgb_n_estimators": 330.93122551189384, "xgb_reg_alpha": 0.0, "xgb_reg_lambda": 10.0, "xgb_scale_pos_weight": 20.0, "xgb_subsample": 0.5}, "datetime": {"datetime": "2023-11-13 18:42:11", "elapsed": 95.878194, "delta": 6.286512}}
{"target": 0.545491498977804, "params": {"imputer_strategy": 0.0, "knn_imputer": 1.0, "knn_imputer_k": 7.0, "lasso_alpha": 1e-05, "pca_components": 8.0, "sampling_strategy": 0.3, "scaler_choice": 0.0, "xgb_colsample_bytree": 1.0, "xgb_gamma": 10.0, "xgb_learning_rate": 0.0001, "xgb_max_depth": 2.0, "xgb_n_estimators": 337.9576311301766, "xgb_reg_alpha": 10.0, "xgb_reg_lambda": 10.0, "xgb_scale_pos_weight": 40.0, "xgb_subsample": 1.0}, "datetime": {"datetime": "2023-11-13 18:42:16", "elapsed": 100.933251, "delta": 5.055057}}
{"target": 0.5457165894002513, "params": {"imputer_strategy": 0.0, "knn_imputer": 0.0, "knn_imputer_k": 7.0, "lasso_alpha": 0.001, "pca_components": 8.0, "sampling_strategy": 0.3, "scaler_choice": 1.0, "xgb_colsample_bytree": 1.0, "xgb_gamma": 10.0, "xgb_learning_rate": 0.0001, "xgb_max_depth": 2.0, "xgb_n_estimators": 335.88338448150256, "xgb_reg_alpha": 0.0, "xgb_reg_lambda": 0.0, "xgb_scale_pos_weight": 20.0, "xgb_subsample": 1.0}, "datetime": {"datetime": "2023-11-13 18:42:21", "elapsed": 106.258957, "delta": 5.325706}}
{"target": 0.04961529685658006, "params": {"imputer_strategy": 1.0, "knn_imputer": 0.0, "knn_imputer_k": 3.0, "lasso_alpha": 1e-05, "pca_components": 2.0, "sampling_strategy": 0.3, "scaler_choice": 0.0, "xgb_colsample_bytree": 1.0, "xgb_gamma": 0.0, "xgb_learning_rate": 1.0, "xgb_max_depth": 20.0, "xgb_n_estimators": 330.6088039362334, "xgb_reg_alpha": 10.0, "xgb_reg_lambda": 0.0, "xgb_scale_pos_weight": 40.0, "xgb_subsample": 0.5}, "datetime": {"datetime": "2023-11-13 18:42:35", "elapsed": 120.542632, "delta": 14.283675}}
{"target": 0.5504116913398361, "params": {"imputer_strategy": 1.0, "knn_imputer": 1.0, "knn_imputer_k": 3.0, "lasso_alpha": 1e-05, "pca_components": 8.0, "sampling_strategy": 0.3, "scaler_choice": 1.0, "xgb_colsample_bytree": 1.0, "xgb_gamma": 10.0, "xgb_learning_rate": 0.0001, "xgb_max_depth": 20.0, "xgb_n_estimators": 483.7065675178858, "xgb_reg_alpha": 0.0, "xgb_reg_lambda": 1.3999257921603818, "xgb_scale_pos_weight": 27.845255819289395, "xgb_subsample": 1.0}, "datetime": {"datetime": "2023-11-13 18:42:44", "elapsed": 129.332555, "delta": 8.789923}}
{"target": 0.5795384117929243, "params": {"imputer_strategy": 0.0, "knn_imputer": 0.0, "knn_imputer_k": 3.0, "lasso_alpha": 1e-05, "pca_components": 2.0, "sampling_strategy": 0.3, "scaler_choice": 1.0, "xgb_colsample_bytree": 0.1, "xgb_gamma": 10.0, "xgb_learning_rate": 0.0001, "xgb_max_depth": 6.786043871518875, "xgb_n_estimators": 212.49700139058248, "xgb_reg_alpha": 10.0, "xgb_reg_lambda": 10.0, "xgb_scale_pos_weight": 21.587326386521124, "xgb_subsample": 1.0}, "datetime": {"datetime": "2023-11-13 18:42:50", "elapsed": 134.645609, "delta": 5.313054}}
{"target": 0.5457165894002513, "params": {"imputer_strategy": 1.0, "knn_imputer": 0.0, "knn_imputer_k": 3.0, "lasso_alpha": 1e-05, "pca_components": 2.0, "sampling_strategy": 0.3, "scaler_choice": 1.0, "xgb_colsample_bytree": 1.0, "xgb_gamma": 10.0, "xgb_learning_rate": 0.0001, "xgb_max_depth": 2.0, "xgb_n_estimators": 202.0415942738166, "xgb_reg_alpha": 0.0, "xgb_reg_lambda": 10.0, "xgb_scale_pos_weight": 36.86559840890101, "xgb_subsample": 1.0}, "datetime": {"datetime": "2023-11-13 18:42:54", "elapsed": 139.253781, "delta": 4.608172}}
{"target": 0.5703627888243537, "params": {"imputer_strategy": 1.0, "knn_imputer": 1.0, "knn_imputer_k": 7.0, "lasso_alpha": 0.001, "pca_components": 8.0, "sampling_strategy": 0.5, "scaler_choice": 1.0, "xgb_colsample_bytree": 0.1, "xgb_gamma": 10.0, "xgb_learning_rate": 0.0001, "xgb_max_depth": 2.0, "xgb_n_estimators": 316.96003148877077, "xgb_reg_alpha": 0.0, "xgb_reg_lambda": 10.0, "xgb_scale_pos_weight": 20.0, "xgb_subsample": 1.0}, "datetime": {"datetime": "2023-11-13 18:43:02", "elapsed": 147.011367, "delta": 7.757586}}
{"target": 0.5639107827789879, "params": {"imputer_strategy": 0.0, "knn_imputer": 1.0, "knn_imputer_k": 7.0, "lasso_alpha": 0.001, "pca_components": 8.0, "sampling_strategy": 0.5, "scaler_choice": 1.0, "xgb_colsample_bytree": 0.1, "xgb_gamma": 10.0, "xgb_learning_rate": 0.0001, "xgb_max_depth": 2.0, "xgb_n_estimators": 280.6187905433728, "xgb_reg_alpha": 9.915120270369833, "xgb_reg_lambda": 10.0, "xgb_scale_pos_weight": 40.0, "xgb_subsample": 1.0}, "datetime": {"datetime": "2023-11-13 18:43:11", "elapsed": 155.735139, "delta": 8.723772}}
{"target": 0.5696529145503875, "params": {"imputer_strategy": 0.0, "knn_imputer": 1.0, "knn_imputer_k": 7.0, "lasso_alpha": 0.001, "pca_components": 8.0, "sampling_strategy": 0.5, "scaler_choice": 1.0, "xgb_colsample_bytree": 0.1, "xgb_gamma": 10.0, "xgb_learning_rate": 0.0001, "xgb_max_depth": 2.0, "xgb_n_estimators": 289.7661464077636, "xgb_reg_alpha": 0.0, "xgb_reg_lambda": 10.0, "xgb_scale_pos_weight": 20.0, "xgb_subsample": 1.0}, "datetime": {"datetime": "2023-11-13 18:43:18", "elapsed": 162.992462, "delta": 7.257323}}
{"target": 0.5692289751421921, "params": {"imputer_strategy": 0.0, "knn_imputer": 1.0, "knn_imputer_k": 3.0, "lasso_alpha": 1e-05, "pca_components": 2.0, "sampling_strategy": 0.5, "scaler_choice": 0.0, "xgb_colsample_bytree": 0.1, "xgb_gamma": 0.0, "xgb_learning_rate": 0.0001, "xgb_max_depth": 2.0, "xgb_n_estimators": 267.7389485773588, "xgb_reg_alpha": 0.0, "xgb_reg_lambda": 0.0, "xgb_scale_pos_weight": 40.0, "xgb_subsample": 0.5}, "datetime": {"datetime": "2023-11-13 18:43:25", "elapsed": 170.417901, "delta": 7.425439}}
{"target": 0.11505133822197022, "params": {"imputer_strategy": 1.0, "knn_imputer": 1.0, "knn_imputer_k": 3.0, "lasso_alpha": 0.001, "pca_components": 2.0, "sampling_strategy": 0.5, "scaler_choice": 0.0, "xgb_colsample_bytree": 1.0, "xgb_gamma": 0.0, "xgb_learning_rate": 0.0001, "xgb_max_depth": 20.0, "xgb_n_estimators": 281.9198708814715, "xgb_reg_alpha": 0.0, "xgb_reg_lambda": 10.0, "xgb_scale_pos_weight": 40.0, "xgb_subsample": 1.0}, "datetime": {"datetime": "2023-11-13 18:44:23", "elapsed": 228.197072, "delta": 57.779171}}
{"target": 0.4328734340241496, "params": {"imputer_strategy": 0.0, "knn_imputer": 1.0, "knn_imputer_k": 3.0, "lasso_alpha": 1e-05, "pca_components": 2.0, "sampling_strategy": 0.3, "scaler_choice": 0.0, "xgb_colsample_bytree": 0.1, "xgb_gamma": 0.0, "xgb_learning_rate": 1.0, "xgb_max_depth": 18.724822787318487, "xgb_n_estimators": 498.3154021246649, "xgb_reg_alpha": 10.0, "xgb_reg_lambda": 10.0, "xgb_scale_pos_weight": 33.56567751917662, "xgb_subsample": 0.5}, "datetime": {"datetime": "2023-11-13 18:44:32", "elapsed": 236.812273, "delta": 8.615201}}
{"target": 0.5510791006939735, "params": {"imputer_strategy": 1.0, "knn_imputer": 1.0, "knn_imputer_k": 3.0, "lasso_alpha": 1e-05, "pca_components": 2.0, "sampling_strategy": 0.3, "scaler_choice": 1.0, "xgb_colsample_bytree": 1.0, "xgb_gamma": 10.0, "xgb_learning_rate": 1.0, "xgb_max_depth": 17.59528863221626, "xgb_n_estimators": 217.655880743918, "xgb_reg_alpha": 0.0, "xgb_reg_lambda": 10.0, "xgb_scale_pos_weight": 29.2621347910949, "xgb_subsample": 0.5}, "datetime": {"datetime": "2023-11-13 18:44:37", "elapsed": 241.912378, "delta": 5.100105}}
{"target": 0.547408657302179, "params": {"imputer_strategy": 0.0, "knn_imputer": 0.9916077303990917, "knn_imputer_k": 7.0, "lasso_alpha": 1e-05, "pca_components": 8.0, "sampling_strategy": 0.48741187037742933, "scaler_choice": 1.0, "xgb_colsample_bytree": 0.1, "xgb_gamma": 10.0, "xgb_learning_rate": 0.07386963078968331, "xgb_max_depth": 2.0, "xgb_n_estimators": 266.42149504698193, "xgb_reg_alpha": 10.0, "xgb_reg_lambda": 0.0, "xgb_scale_pos_weight": 29.000373517185366, "xgb_subsample": 0.5}, "datetime": {"datetime": "2023-11-13 18:44:45", "elapsed": 249.847697, "delta": 7.935319}}
{"target": 0.45477921437689317, "params": {"imputer_strategy": 0.0, "knn_imputer": 0.33126930105783225, "knn_imputer_k": 3.0, "lasso_alpha": 1e-05, "pca_components": 2.0, "sampling_strategy": 0.3, "scaler_choice": 0.0, "xgb_colsample_bytree": 0.1, "xgb_gamma": 0.0, "xgb_learning_rate": 1.0, "xgb_max_depth": 2.0, "xgb_n_estimators": 255.46258106449, "xgb_reg_alpha": 0.0, "xgb_reg_lambda": 0.0, "xgb_scale_pos_weight": 20.0, "xgb_subsample": 0.8980684890163122}, "datetime": {"datetime": "2023-11-13 18:44:51", "elapsed": 255.976828, "delta": 6.129131}}
{"target": 0.5471642249945632, "params": {"imputer_strategy": 1.0, "knn_imputer": 0.0, "knn_imputer_k": 7.0, "lasso_alpha": 0.001, "pca_components": 8.0, "sampling_strategy": 0.5, "scaler_choice": 1.0, "xgb_colsample_bytree": 1.0, "xgb_gamma": 10.0, "xgb_learning_rate": 0.0001, "xgb_max_depth": 4.761835419712096, "xgb_n_estimators": 486.4077134479517, "xgb_reg_alpha": 0.0, "xgb_reg_lambda": 0.0, "xgb_scale_pos_weight": 40.0, "xgb_subsample": 1.0}, "datetime": {"datetime": "2023-11-13 18:44:58", "elapsed": 263.047639, "delta": 7.070811}}
