{"target": 0.5757239568254369, "params": {"imputer_strategy": 0.0, "knn_imputer": 1.0, "knn_imputer_k": 3.0189314903268047, "lasso_alpha": 0.001, "pca_components": 8.0, "sampling_strategy": 0.3, "scaler_choice": 0.0, "xgb_colsample_bytree": 0.1, "xgb_gamma": 10.0, "xgb_learning_rate": 0.0001, "xgb_max_depth": 11.063303457022146, "xgb_n_estimators": 492.3031211896163, "xgb_reg_alpha": 10.0, "xgb_reg_lambda": 4.328746290394912, "xgb_scale_pos_weight": 25.25855970340028, "xgb_subsample": 1.0}, "datetime": {"datetime": "2023-11-13 19:12:01", "elapsed": 105.632249, "delta": 3.220373}}
{"target": 0.5921302330810855, "params": {"imputer_strategy": 0.5983046119236353, "knn_imputer": 0.7438741959126756, "knn_imputer_k": 4.674492971741354, "lasso_alpha": 0.0008001838197875766, "pca_components": 2.9481448844279976, "sampling_strategy": 0.4218963978938244, "scaler_choice": 0.22408558515606214, "xgb_colsample_bytree": 0.29235089708611983, "xgb_gamma": 9.443609591269638, "xgb_learning_rate": 0.9246678463099719, "xgb_max_depth": 3.367696295941947, "xgb_n_estimators": 488.3711948853038, "xgb_reg_alpha": 1.9642847221749626, "xgb_reg_lambda": 9.245265677025436, "xgb_scale_pos_weight": 23.785303768631913, "xgb_subsample": 0.5625843313026183}, "datetime": {"datetime": "2023-11-13 19:12:04", "elapsed": 109.280771, "delta": 3.648522}}
{"target": 0.5803792228082102, "params": {"imputer_strategy": 0.0, "knn_imputer": 1.0, "knn_imputer_k": 3.0, "lasso_alpha": 1e-05, "pca_components": 2.0, "sampling_strategy": 0.3, "scaler_choice": 0.0, "xgb_colsample_bytree": 0.1, "xgb_gamma": 10.0, "xgb_learning_rate": 0.9958485402517135, "xgb_max_depth": 2.0, "xgb_n_estimators": 494.7781689087505, "xgb_reg_alpha": 0.0, "xgb_reg_lambda": 4.901464618709938, "xgb_scale_pos_weight": 20.0, "xgb_subsample": 0.5}, "datetime": {"datetime": "2023-11-13 19:12:08", "elapsed": 113.416199, "delta": 4.135428}}
{"target": 0.5687730022195044, "params": {"imputer_strategy": 0.957915573912225, "knn_imputer": 0.5569771975571252, "knn_imputer_k": 6.616799482130199, "lasso_alpha": 0.00030430760204911144, "pca_components": 2.3582873533035027, "sampling_strategy": 0.44430353039214565, "scaler_choice": 0.5727097503544023, "xgb_colsample_bytree": 0.7389976609498881, "xgb_gamma": 9.010896661492826, "xgb_learning_rate": 0.4295575326918796, "xgb_max_depth": 2.2509498226410036, "xgb_n_estimators": 487.70169619522494, "xgb_reg_alpha": 0.23736698543415535, "xgb_reg_lambda": 3.450669187315656, "xgb_scale_pos_weight": 31.986666844654366, "xgb_subsample": 0.5859058554147993}, "datetime": {"datetime": "2023-11-13 19:12:12", "elapsed": 116.750828, "delta": 3.334629}}
{"target": 0.5704718217439918, "params": {"imputer_strategy": 0.6477398506264872, "knn_imputer": 0.8301598066963702, "knn_imputer_k": 5.045591566041885, "lasso_alpha": 0.00038944369537621245, "pca_components": 6.758378261855466, "sampling_strategy": 0.47669706536728396, "scaler_choice": 0.8432960445272234, "xgb_colsample_bytree": 0.9333473174211758, "xgb_gamma": 8.537440884749635, "xgb_learning_rate": 0.9403421246675647, "xgb_max_depth": 2.3584722381252137, "xgb_n_estimators": 480.99652472650195, "xgb_reg_alpha": 2.530972017932711, "xgb_reg_lambda": 8.377466653579644, "xgb_scale_pos_weight": 21.201422841401108, "xgb_subsample": 0.9654103962492966}, "datetime": {"datetime": "2023-11-13 19:12:15", "elapsed": 120.187968, "delta": 3.43714}}
{"target": 0.581755935016759, "params": {"imputer_strategy": 1.0, "knn_imputer": 0.0, "knn_imputer_k": 7.0, "lasso_alpha": 0.001, "pca_components": 2.0, "sampling_strategy": 0.5, "scaler_choice": 1.0, "xgb_colsample_bytree": 0.1, "xgb_gamma": 10.0, "xgb_learning_rate": 1.0, "xgb_max_depth": 20.0, "xgb_n_estimators": 500.0, "xgb_reg_alpha": 4.379229743570703, "xgb_reg_lambda": 0.0, "xgb_scale_pos_weight": 35.64786729868097, "xgb_subsample": 1.0}, "datetime": {"datetime": "2023-11-13 19:12:18", "elapsed": 122.721041, "delta": 2.533073}}
{"target": 0.5873830536642219, "params": {"imputer_strategy": 1.0, "knn_imputer": 0.0, "knn_imputer_k": 3.0, "lasso_alpha": 0.001, "pca_components": 2.0, "sampling_strategy": 0.5, "scaler_choice": 0.0, "xgb_colsample_bytree": 0.1, "xgb_gamma": 10.0, "xgb_learning_rate": 1.0, "xgb_max_depth": 15.483407564576272, "xgb_n_estimators": 480.7557032604197, "xgb_reg_alpha": 10.0, "xgb_reg_lambda": 0.0, "xgb_scale_pos_weight": 33.97035621543383, "xgb_subsample": 1.0}, "datetime": {"datetime": "2023-11-13 19:12:21", "elapsed": 125.631098, "delta": 2.910057}}
{"target": 0.5772373100159557, "params": {"imputer_strategy": 0.43143951008006065, "knn_imputer": 1.0, "knn_imputer_k": 7.0, "lasso_alpha": 0.001, "pca_components": 8.0, "sampling_strategy": 0.5, "scaler_choice": 0.0, "xgb_colsample_bytree": 0.1, "xgb_gamma": 10.0, "xgb_learning_rate": 0.0001, "xgb_max_depth": 20.0, "xgb_n_estimators": 477.1893449530568, "xgb_reg_alpha": 10.0, "xgb_reg_lambda": 2.263541454732403, "xgb_scale_pos_weight": 35.06037382668127, "xgb_subsample": 1.0}, "datetime": {"datetime": "2023-11-13 19:12:24", "elapsed": 128.823828, "delta": 3.19273}}
{"target": 0.5800327839642643, "params": {"imputer_strategy": 1.0, "knn_imputer": 0.0, "knn_imputer_k": 3.0, "lasso_alpha": 0.001, "pca_components": 2.0, "sampling_strategy": 0.3, "scaler_choice": 0.0, "xgb_colsample_bytree": 0.1, "xgb_gamma": 10.0, "xgb_learning_rate": 1.0, "xgb_max_depth": 8.990266081290455, "xgb_n_estimators": 477.78994751398676, "xgb_reg_alpha": 10.0, "xgb_reg_lambda": 4.235179859193508, "xgb_scale_pos_weight": 40.0, "xgb_subsample": 0.5}, "datetime": {"datetime": "2023-11-13 19:12:28", "elapsed": 133.418817, "delta": 4.594989}}
{"target": 0.5817774590009633, "params": {"imputer_strategy": 0.8834841668398914, "knn_imputer": 0.5547544697355226, "knn_imputer_k": 6.502341726794455, "lasso_alpha": 0.0008766241805803361, "pca_components": 2.3911898420737234, "sampling_strategy": 0.48854260509531033, "scaler_choice": 0.1005282622578223, "xgb_colsample_bytree": 0.651704704324309, "xgb_gamma": 4.411196876436147, "xgb_learning_rate": 0.04567313590927831, "xgb_max_depth": 13.020694082563391, "xgb_n_estimators": 480.01213989676535, "xgb_reg_alpha": 9.051250513770558, "xgb_reg_lambda": 9.292309759898549, "xgb_scale_pos_weight": 30.477897888205433, "xgb_subsample": 0.7953901379466268}, "datetime": {"datetime": "2023-11-13 19:12:32", "elapsed": 136.951442, "delta": 3.532625}}
{"target": 0.5764881918786531, "params": {"imputer_strategy": 1.0, "knn_imputer": 0.0, "knn_imputer_k": 3.0, "lasso_alpha": 0.001, "pca_components": 2.0, "sampling_strategy": 0.5, "scaler_choice": 0.0, "xgb_colsample_bytree": 0.1, "xgb_gamma": 0.6067938317063619, "xgb_learning_rate": 0.0001, "xgb_max_depth": 15.746309362632049, "xgb_n_estimators": 476.7289640958092, "xgb_reg_alpha": 10.0, "xgb_reg_lambda": 0.025092827145592474, "xgb_scale_pos_weight": 36.380374015076846, "xgb_subsample": 1.0}, "datetime": {"datetime": "2023-11-13 19:12:36", "elapsed": 140.776766, "delta": 3.825324}}
{"target": 0.5807994780485413, "params": {"imputer_strategy": 1.0, "knn_imputer": 0.0, "knn_imputer_k": 3.0, "lasso_alpha": 0.001, "pca_components": 2.0, "sampling_strategy": 0.3, "scaler_choice": 0.0, "xgb_colsample_bytree": 0.1, "xgb_gamma": 10.0, "xgb_learning_rate": 1.0, "xgb_max_depth": 20.0, "xgb_n_estimators": 480.93870717946265, "xgb_reg_alpha": 2.971239080078111, "xgb_reg_lambda": 0.0, "xgb_scale_pos_weight": 40.0, "xgb_subsample": 1.0}, "datetime": {"datetime": "2023-11-13 19:12:38", "elapsed": 143.49537, "delta": 2.718604}}
{"target": 0.5879188459714252, "params": {"imputer_strategy": 1.0, "knn_imputer": 0.0, "knn_imputer_k": 3.0, "lasso_alpha": 1e-05, "pca_components": 2.0, "sampling_strategy": 0.3, "scaler_choice": 0.0, "xgb_colsample_bytree": 0.1, "xgb_gamma": 10.0, "xgb_learning_rate": 1.0, "xgb_max_depth": 20.0, "xgb_n_estimators": 478.2097840881422, "xgb_reg_alpha": 10.0, "xgb_reg_lambda": 10.0, "xgb_scale_pos_weight": 35.887643603383644, "xgb_subsample": 1.0}, "datetime": {"datetime": "2023-11-13 19:12:41", "elapsed": 146.413073, "delta": 2.917703}}
{"target": 0.5763026636256675, "params": {"imputer_strategy": 0.262508786569708, "knn_imputer": 0.5349630800248051, "knn_imputer_k": 3.7483024514428553, "lasso_alpha": 4.2184547728666684e-05, "pca_components": 4.692711480399508, "sampling_strategy": 0.40641224885826327, "scaler_choice": 0.05184556646845295, "xgb_colsample_bytree": 0.648009180368145, "xgb_gamma": 8.541416285644717, "xgb_learning_rate": 0.7774130191515041, "xgb_max_depth": 18.829853642479996, "xgb_n_estimators": 468.3623016414122, "xgb_reg_alpha": 7.835936505566425, "xgb_reg_lambda": 6.334978855351634, "xgb_scale_pos_weight": 38.92350259430633, "xgb_subsample": 0.78600819947273}, "datetime": {"datetime": "2023-11-13 19:12:45", "elapsed": 149.769238, "delta": 3.356165}}
{"target": 0.4760580734522256, "params": {"imputer_strategy": 0.29230538355795144, "knn_imputer": 0.961994258674133, "knn_imputer_k": 4.341034310997292, "lasso_alpha": 0.0008705225682146982, "pca_components": 4.573615259186123, "sampling_strategy": 0.32623842422029775, "scaler_choice": 0.22023460953302232, "xgb_colsample_bytree": 0.8688260670392075, "xgb_gamma": 2.942888840911584, "xgb_learning_rate": 0.5086187867516482, "xgb_max_depth": 19.88494827155116, "xgb_n_estimators": 473.78186204101394, "xgb_reg_alpha": 3.1358455902226137, "xgb_reg_lambda": 9.850079906060035, "xgb_scale_pos_weight": 33.286228355064054, "xgb_subsample": 0.5222183909489135}, "datetime": {"datetime": "2023-11-13 19:12:50", "elapsed": 155.137348, "delta": 5.36811}}
{"target": 0.5745204481719697, "params": {"imputer_strategy": 0.3087289546340435, "knn_imputer": 0.4119095989326014, "knn_imputer_k": 5.420595435920444, "lasso_alpha": 0.0002719880998084964, "pca_components": 2.235341468732692, "sampling_strategy": 0.32379349386250156, "scaler_choice": 0.2929209515554003, "xgb_colsample_bytree": 0.18696496616492414, "xgb_gamma": 0.7327768362695586, "xgb_learning_rate": 0.2653983534023767, "xgb_max_depth": 5.538990990306225, "xgb_n_estimators": 485.0416764531725, "xgb_reg_alpha": 8.096573924857038, "xgb_reg_lambda": 4.680008842384311, "xgb_scale_pos_weight": 36.87428250543202, "xgb_subsample": 0.9501783397593735}, "datetime": {"datetime": "2023-11-13 19:12:55", "elapsed": 159.754712, "delta": 4.617364}}
{"target": 0.5812490158877859, "params": {"imputer_strategy": 0.1686784184854332, "knn_imputer": 0.2915031764344178, "knn_imputer_k": 3.1484501911803604, "lasso_alpha": 0.0007586056539034758, "pca_components": 7.511419690493513, "sampling_strategy": 0.3892529016387413, "scaler_choice": 0.0051405938315691735, "xgb_colsample_bytree": 0.16871661185109194, "xgb_gamma": 6.599381354278866, "xgb_learning_rate": 0.5769222803173284, "xgb_max_depth": 2.2399914366143268, "xgb_n_estimators": 493.5134975631049, "xgb_reg_alpha": 4.824898035536458, "xgb_reg_lambda": 9.251397399778114, "xgb_scale_pos_weight": 28.83246055983627, "xgb_subsample": 0.7920917037978306}, "datetime": {"datetime": "2023-11-13 19:12:59", "elapsed": 163.870217, "delta": 4.115505}}
{"target": 0.5734190215674182, "params": {"imputer_strategy": 0.540211164342856, "knn_imputer": 0.6513476008269754, "knn_imputer_k": 6.296366135988491, "lasso_alpha": 0.0007627527928235523, "pca_components": 4.222882207265553, "sampling_strategy": 0.45068819241315256, "scaler_choice": 0.7285025729618516, "xgb_colsample_bytree": 0.4016601666537134, "xgb_gamma": 9.605825294047973, "xgb_learning_rate": 0.8496410626578621, "xgb_max_depth": 14.684404226671484, "xgb_n_estimators": 472.6588244160085, "xgb_reg_alpha": 9.743602590480064, "xgb_reg_lambda": 0.6456452632266807, "xgb_scale_pos_weight": 38.83244711563317, "xgb_subsample": 0.858095930322547}, "datetime": {"datetime": "2023-11-13 19:13:03", "elapsed": 167.915536, "delta": 4.045319}}
{"target": 0.5768697089752621, "params": {"imputer_strategy": 1.0, "knn_imputer": 0.0, "knn_imputer_k": 3.0, "lasso_alpha": 1e-05, "pca_components": 2.0, "sampling_strategy": 0.5, "scaler_choice": 0.0, "xgb_colsample_bytree": 0.1, "xgb_gamma": 10.0, "xgb_learning_rate": 0.0001, "xgb_max_depth": 12.944054844527159, "xgb_n_estimators": 482.72961107217293, "xgb_reg_alpha": 10.0, "xgb_reg_lambda": 8.261463354957515, "xgb_scale_pos_weight": 32.45015498313361, "xgb_subsample": 1.0}, "datetime": {"datetime": "2023-11-13 19:13:06", "elapsed": 171.346129, "delta": 3.430593}}
{"target": 0.5658874039899241, "params": {"imputer_strategy": 0.7820012530523094, "knn_imputer": 0.562562216912135, "knn_imputer_k": 3.5038702841560987, "lasso_alpha": 0.00011252492929349705, "pca_components": 2.966960296807854, "sampling_strategy": 0.420764750033354, "scaler_choice": 0.6515095399191759, "xgb_colsample_bytree": 0.5356089439319477, "xgb_gamma": 3.017133979948884, "xgb_learning_rate": 0.7890453933008615, "xgb_max_depth": 17.39202967697177, "xgb_n_estimators": 113.72381801352938, "xgb_reg_alpha": 5.510810827548118, "xgb_reg_lambda": 2.268915601665179, "xgb_scale_pos_weight": 38.20574934463651, "xgb_subsample": 0.8144649560598807}, "datetime": {"datetime": "2023-11-13 19:13:08", "elapsed": 173.363223, "delta": 2.017094}}
{"target": 0.5879391719766596, "params": {"imputer_strategy": 1.0, "knn_imputer": 0.0, "knn_imputer_k": 3.0, "lasso_alpha": 1e-05, "pca_components": 8.0, "sampling_strategy": 0.5, "scaler_choice": 1.0, "xgb_colsample_bytree": 0.1, "xgb_gamma": 10.0, "xgb_learning_rate": 1.0, "xgb_max_depth": 20.0, "xgb_n_estimators": 486.9175912520275, "xgb_reg_alpha": 10.0, "xgb_reg_lambda": 0.0, "xgb_scale_pos_weight": 34.93646743402774, "xgb_subsample": 1.0}, "datetime": {"datetime": "2023-11-13 19:13:11", "elapsed": 175.926261, "delta": 2.563038}}
{"target": 0.585043980488807, "params": {"imputer_strategy": 0.0, "knn_imputer": 1.0, "knn_imputer_k": 7.0, "lasso_alpha": 0.001, "pca_components": 8.0, "sampling_strategy": 0.3, "scaler_choice": 0.0, "xgb_colsample_bytree": 0.9855445915373975, "xgb_gamma": 10.0, "xgb_learning_rate": 0.0001, "xgb_max_depth": 2.0, "xgb_n_estimators": 491.67493461091203, "xgb_reg_alpha": 5.777912186227575, "xgb_reg_lambda": 10.0, "xgb_scale_pos_weight": 20.0, "xgb_subsample": 0.5}, "datetime": {"datetime": "2023-11-13 19:13:15", "elapsed": 179.931564, "delta": 4.005303}}
{"target": 0.5910126815620961, "params": {"imputer_strategy": 1.0, "knn_imputer": 1.0, "knn_imputer_k": 7.0, "lasso_alpha": 0.0002154149584431728, "pca_components": 2.0, "sampling_strategy": 0.3, "scaler_choice": 0.0, "xgb_colsample_bytree": 0.1, "xgb_gamma": 4.622232032948387, "xgb_learning_rate": 0.0001, "xgb_max_depth": 2.0, "xgb_n_estimators": 482.3842041549459, "xgb_reg_alpha": 10.0, "xgb_reg_lambda": 10.0, "xgb_scale_pos_weight": 28.81058379123993, "xgb_subsample": 0.9943088208163389}, "datetime": {"datetime": "2023-11-13 19:13:19", "elapsed": 183.822688, "delta": 3.891124}}
{"target": 0.5852209367500235, "params": {"imputer_strategy": 0.4613713466448636, "knn_imputer": 0.0, "knn_imputer_k": 3.0, "lasso_alpha": 1e-05, "pca_components": 2.0, "sampling_strategy": 0.5, "scaler_choice": 0.0, "xgb_colsample_bytree": 0.1, "xgb_gamma": 10.0, "xgb_learning_rate": 0.97643579968484, "xgb_max_depth": 20.0, "xgb_n_estimators": 458.73692731772064, "xgb_reg_alpha": 10.0, "xgb_reg_lambda": 1.5038118163256706, "xgb_scale_pos_weight": 40.0, "xgb_subsample": 1.0}, "datetime": {"datetime": "2023-11-13 19:13:21", "elapsed": 186.301285, "delta": 2.478597}}
{"target": 0.5772585301968652, "params": {"imputer_strategy": 0.7009413213986702, "knn_imputer": 0.1345069163126672, "knn_imputer_k": 3.0848592629917424, "lasso_alpha": 0.00019918304851512865, "pca_components": 7.7523019541985425, "sampling_strategy": 0.37245566669610786, "scaler_choice": 0.4223310504340886, "xgb_colsample_bytree": 0.9206070302626452, "xgb_gamma": 8.063314971672664, "xgb_learning_rate": 0.37763121205523775, "xgb_max_depth": 17.04867624545974, "xgb_n_estimators": 450.71599970370124, "xgb_reg_alpha": 7.4336198796269795, "xgb_reg_lambda": 4.743018790434476, "xgb_scale_pos_weight": 38.42230169471231, "xgb_subsample": 0.8982390141673118}, "datetime": {"datetime": "2023-11-13 19:13:25", "elapsed": 189.635263, "delta": 3.333978}}
{"target": 0.5852209367500235, "params": {"imputer_strategy": 0.0, "knn_imputer": 0.0, "knn_imputer_k": 3.0, "lasso_alpha": 1e-05, "pca_components": 2.0, "sampling_strategy": 0.5, "scaler_choice": 0.0, "xgb_colsample_bytree": 0.1, "xgb_gamma": 10.0, "xgb_learning_rate": 1.0, "xgb_max_depth": 8.952085056634708, "xgb_n_estimators": 458.2235497243909, "xgb_reg_alpha": 10.0, "xgb_reg_lambda": 0.0, "xgb_scale_pos_weight": 40.0, "xgb_subsample": 1.0}, "datetime": {"datetime": "2023-11-13 19:13:27", "elapsed": 192.190286, "delta": 2.555023}}
{"target": 0.569709024993036, "params": {"imputer_strategy": 1.0, "knn_imputer": 0.0, "knn_imputer_k": 7.0, "lasso_alpha": 1e-05, "pca_components": 2.0, "sampling_strategy": 0.5, "scaler_choice": 0.0, "xgb_colsample_bytree": 0.1, "xgb_gamma": 1.0658575739167158, "xgb_learning_rate": 0.0001, "xgb_max_depth": 14.43070978800414, "xgb_n_estimators": 455.7877872023951, "xgb_reg_alpha": 10.0, "xgb_reg_lambda": 0.0, "xgb_scale_pos_weight": 40.0, "xgb_subsample": 1.0}, "datetime": {"datetime": "2023-11-13 19:13:31", "elapsed": 196.174451, "delta": 3.984165}}
{"target": 0.588141645837656, "params": {"imputer_strategy": 0.0, "knn_imputer": 0.0, "knn_imputer_k": 3.0, "lasso_alpha": 1e-05, "pca_components": 2.0, "sampling_strategy": 0.5, "scaler_choice": 0.0, "xgb_colsample_bytree": 0.1, "xgb_gamma": 10.0, "xgb_learning_rate": 1.0, "xgb_max_depth": 15.502756898580527, "xgb_n_estimators": 455.7243541253375, "xgb_reg_alpha": 10.0, "xgb_reg_lambda": 0.0, "xgb_scale_pos_weight": 30.05892335690635, "xgb_subsample": 1.0}, "datetime": {"datetime": "2023-11-13 19:13:35", "elapsed": 199.919925, "delta": 3.745474}}
{"target": 0.5706701896042381, "params": {"imputer_strategy": 0.6450912230397791, "knn_imputer": 0.288626805290066, "knn_imputer_k": 4.046025308471508, "lasso_alpha": 0.0009977492966437374, "pca_components": 7.505504233775845, "sampling_strategy": 0.45304339951797395, "scaler_choice": 0.2877439208177841, "xgb_colsample_bytree": 0.4388263090393777, "xgb_gamma": 8.903077196240986, "xgb_learning_rate": 0.843358223553815, "xgb_max_depth": 17.851103134344882, "xgb_n_estimators": 448.2352046778444, "xgb_reg_alpha": 7.477918326370515, "xgb_reg_lambda": 0.5651853725575084, "xgb_scale_pos_weight": 23.010496039388343, "xgb_subsample": 0.5399785787452293}, "datetime": {"datetime": "2023-11-13 19:13:38", "elapsed": 203.328914, "delta": 3.408989}}
{"target": 0.578156583304567, "params": {"imputer_strategy": 0.7479629669532565, "knn_imputer": 0.3019369072512811, "knn_imputer_k": 6.544528953572673, "lasso_alpha": 0.0009618281478682984, "pca_components": 2.024626879120138, "sampling_strategy": 0.3628367517994963, "scaler_choice": 0.6453557225051122, "xgb_colsample_bytree": 0.9375443450130677, "xgb_gamma": 7.970976719707938, "xgb_learning_rate": 0.9243178448056787, "xgb_max_depth": 6.093056387936763, "xgb_n_estimators": 444.9078669804618, "xgb_reg_alpha": 8.577784868008623, "xgb_reg_lambda": 0.43386441827918065, "xgb_scale_pos_weight": 31.94643826894953, "xgb_subsample": 0.8817914448176781}, "datetime": {"datetime": "2023-11-13 19:13:42", "elapsed": 206.627483, "delta": 3.298569}}
{"target": 0.5852209367500235, "params": {"imputer_strategy": 0.0, "knn_imputer": 0.0, "knn_imputer_k": 3.0, "lasso_alpha": 1e-05, "pca_components": 2.0, "sampling_strategy": 0.5, "scaler_choice": 0.0, "xgb_colsample_bytree": 0.1, "xgb_gamma": 10.0, "xgb_learning_rate": 1.0, "xgb_max_depth": 11.637823733620305, "xgb_n_estimators": 447.6967990394171, "xgb_reg_alpha": 10.0, "xgb_reg_lambda": 0.0, "xgb_scale_pos_weight": 40.0, "xgb_subsample": 1.0}, "datetime": {"datetime": "2023-11-13 19:13:44", "elapsed": 209.2116, "delta": 2.584117}}
{"target": 0.582511725565212, "params": {"imputer_strategy": 1.0, "knn_imputer": 1.0, "knn_imputer_k": 7.0, "lasso_alpha": 1e-05, "pca_components": 2.0, "sampling_strategy": 0.5, "scaler_choice": 0.0, "xgb_colsample_bytree": 0.1, "xgb_gamma": 10.0, "xgb_learning_rate": 0.0001, "xgb_max_depth": 2.0, "xgb_n_estimators": 477.781956749512, "xgb_reg_alpha": 10.0, "xgb_reg_lambda": 10.0, "xgb_scale_pos_weight": 34.75746931887919, "xgb_subsample": 0.5}, "datetime": {"datetime": "2023-11-13 19:13:48", "elapsed": 212.830502, "delta": 3.618902}}
{"target": 0.5814601213256008, "params": {"imputer_strategy": 0.0, "knn_imputer": 0.0, "knn_imputer_k": 3.0, "lasso_alpha": 1e-05, "pca_components": 2.0, "sampling_strategy": 0.5, "scaler_choice": 0.0, "xgb_colsample_bytree": 0.1, "xgb_gamma": 10.0, "xgb_learning_rate": 1.0, "xgb_max_depth": 12.662650437665596, "xgb_n_estimators": 453.6059806758405, "xgb_reg_alpha": 1.0277931396410585, "xgb_reg_lambda": 0.0, "xgb_scale_pos_weight": 35.94372241592506, "xgb_subsample": 1.0}, "datetime": {"datetime": "2023-11-13 19:13:51", "elapsed": 216.029058, "delta": 3.198556}}
{"target": 0.58043607944472, "params": {"imputer_strategy": 0.2766447868372367, "knn_imputer": 0.0, "knn_imputer_k": 3.0, "lasso_alpha": 1e-05, "pca_components": 2.0, "sampling_strategy": 0.5, "scaler_choice": 0.0, "xgb_colsample_bytree": 0.1, "xgb_gamma": 10.0, "xgb_learning_rate": 1.0, "xgb_max_depth": 2.0, "xgb_n_estimators": 450.3488481849337, "xgb_reg_alpha": 4.219006154881438, "xgb_reg_lambda": 0.0, "xgb_scale_pos_weight": 40.0, "xgb_subsample": 1.0}, "datetime": {"datetime": "2023-11-13 19:13:54", "elapsed": 218.878174, "delta": 2.849116}}
