{"target": 0.5879188459714252, "params": {"imputer_strategy": 0.0, "knn_imputer": 0.0, "knn_imputer_k": 3.0, "lasso_alpha": 1e-05, "pca_components": 2.0, "sampling_strategy": 0.5, "scaler_choice": 0.0, "xgb_colsample_bytree": 0.1, "xgb_gamma": 10.0, "xgb_learning_rate": 1.0, "xgb_max_depth": 10.123885021575706, "xgb_n_estimators": 453.91941894239, "xgb_reg_alpha": 10.0, "xgb_reg_lambda": 8.701211070112192, "xgb_scale_pos_weight": 34.97010465138063, "xgb_subsample": 1.0}, "datetime": {"datetime": "2023-11-13 19:13:57", "elapsed": 221.892902, "delta": 3.014728}}
{"target": 0.5852209367500235, "params": {"imputer_strategy": 0.0, "knn_imputer": 1.0, "knn_imputer_k": 3.0, "lasso_alpha": 1e-05, "pca_components": 2.0, "sampling_strategy": 0.5, "scaler_choice": 0.0, "xgb_colsample_bytree": 0.1, "xgb_gamma": 10.0, "xgb_learning_rate": 1.0, "xgb_max_depth": 5.375596765338525, "xgb_n_estimators": 445.13722153603726, "xgb_reg_alpha": 10.0, "xgb_reg_lambda": 10.0, "xgb_scale_pos_weight": 40.0, "xgb_subsample": 1.0}, "datetime": {"datetime": "2023-11-13 19:13:59", "elapsed": 224.231583, "delta": 2.338681}}
{"target": 0.5780413468191695, "params": {"imputer_strategy": 0.0, "knn_imputer": 0.0, "knn_imputer_k": 3.0, "lasso_alpha": 1e-05, "pca_components": 8.0, "sampling_strategy": 0.5, "scaler_choice": 0.0, "xgb_colsample_bytree": 0.1, "xgb_gamma": 10.0, "xgb_learning_rate": 1.0, "xgb_max_depth": 2.594841261662246, "xgb_n_estimators": 454.5304960499418, "xgb_reg_alpha": 10.0, "xgb_reg_lambda": 8.913242465124567, "xgb_scale_pos_weight": 40.0, "xgb_subsample": 1.0}, "datetime": {"datetime": "2023-11-13 19:14:02", "elapsed": 227.068318, "delta": 2.836735}}
{"target": 0.5756048768151402, "params": {"imputer_strategy": 0.06284388052159995, "knn_imputer": 0.25826303779153037, "knn_imputer_k": 5.10768964162465, "lasso_alpha": 0.000273236683577809, "pca_components": 3.0399882907392026, "sampling_strategy": 0.40718028998838984, "scaler_choice": 0.9182853787638685, "xgb_colsample_bytree": 0.8382309915533743, "xgb_gamma": 9.795836550096157, "xgb_learning_rate": 0.07567972727358602, "xgb_max_depth": 15.821540350232388, "xgb_n_estimators": 437.53033021952723, "xgb_reg_alpha": 7.866554370230748, "xgb_reg_lambda": 9.417830517032625, "xgb_scale_pos_weight": 35.684649469855685, "xgb_subsample": 0.8507723431992409}, "datetime": {"datetime": "2023-11-13 19:14:06", "elapsed": 230.938899, "delta": 3.870581}}
{"target": 0.5852209367500235, "params": {"imputer_strategy": 1.0, "knn_imputer": 0.0, "knn_imputer_k": 7.0, "lasso_alpha": 1e-05, "pca_components": 2.0, "sampling_strategy": 0.3, "scaler_choice": 1.0, "xgb_colsample_bytree": 0.1, "xgb_gamma": 10.0, "xgb_learning_rate": 1.0, "xgb_max_depth": 20.0, "xgb_n_estimators": 483.14485227125067, "xgb_reg_alpha": 10.0, "xgb_reg_lambda": 4.73211891359457, "xgb_scale_pos_weight": 40.0, "xgb_subsample": 1.0}, "datetime": {"datetime": "2023-11-13 19:14:09", "elapsed": 233.79507, "delta": 2.856171}}
{"target": 0.5800123293354145, "params": {"imputer_strategy": 0.7034147338689152, "knn_imputer": 0.6414676254762762, "knn_imputer_k": 6.600879952733955, "lasso_alpha": 0.00016961136595704417, "pca_components": 4.777437388831183, "sampling_strategy": 0.46400349274633673, "scaler_choice": 0.767282140819344, "xgb_colsample_bytree": 0.1417646291721686, "xgb_gamma": 3.646532781773918, "xgb_learning_rate": 0.5232662623039847, "xgb_max_depth": 4.668783740443902, "xgb_n_estimators": 440.22394481039373, "xgb_reg_alpha": 1.600569470677945, "xgb_reg_lambda": 9.276122841639744, "xgb_scale_pos_weight": 37.40242065458882, "xgb_subsample": 0.6713138709270879}, "datetime": {"datetime": "2023-11-13 19:14:12", "elapsed": 237.371737, "delta": 3.576667}}
{"target": 0.5765059041078283, "params": {"imputer_strategy": 0.6738209789368527, "knn_imputer": 1.0, "knn_imputer_k": 3.0, "lasso_alpha": 1e-05, "pca_components": 8.0, "sampling_strategy": 0.32844152519433334, "scaler_choice": 0.0, "xgb_colsample_bytree": 0.603274575982798, "xgb_gamma": 10.0, "xgb_learning_rate": 0.0001, "xgb_max_depth": 2.0, "xgb_n_estimators": 437.81863369059397, "xgb_reg_alpha": 10.0, "xgb_reg_lambda": 2.631805496535307, "xgb_scale_pos_weight": 40.0, "xgb_subsample": 1.0}, "datetime": {"datetime": "2023-11-13 19:14:15", "elapsed": 240.547766, "delta": 3.176029}}
{"target": 0.5323779965684184, "params": {"imputer_strategy": 0.7765007311037971, "knn_imputer": 0.4055316686376751, "knn_imputer_k": 3.5236982600469147, "lasso_alpha": 0.0006444469829202371, "pca_components": 7.125204546031105, "sampling_strategy": 0.33355311728824216, "scaler_choice": 0.7841639798471273, "xgb_colsample_bytree": 0.9546944475063109, "xgb_gamma": 0.3708643691314095, "xgb_learning_rate": 0.2902962977987047, "xgb_max_depth": 2.539645572115221, "xgb_n_estimators": 446.09419186237824, "xgb_reg_alpha": 9.327454972771278, "xgb_reg_lambda": 9.570482712672474, "xgb_scale_pos_weight": 34.12351219643444, "xgb_subsample": 0.7326360292202709}, "datetime": {"datetime": "2023-11-13 19:14:20", "elapsed": 244.812517, "delta": 4.264751}}
{"target": 0.5786623152986325, "params": {"imputer_strategy": 0.0, "knn_imputer": 1.0, "knn_imputer_k": 7.0, "lasso_alpha": 1e-05, "pca_components": 2.0, "sampling_strategy": 0.5, "scaler_choice": 0.0, "xgb_colsample_bytree": 0.1, "xgb_gamma": 10.0, "xgb_learning_rate": 1.0, "xgb_max_depth": 9.934353074064095, "xgb_n_estimators": 447.3283044961531, "xgb_reg_alpha": 0.8851180461922665, "xgb_reg_lambda": 9.274685008762393, "xgb_scale_pos_weight": 40.0, "xgb_subsample": 0.6814453245396992}, "datetime": {"datetime": "2023-11-13 19:14:23", "elapsed": 248.479887, "delta": 3.66737}}
{"target": 0.5788439667690175, "params": {"imputer_strategy": 0.0, "knn_imputer": 0.9736169476404631, "knn_imputer_k": 6.9729014187431275, "lasso_alpha": 1e-05, "pca_components": 2.0, "sampling_strategy": 0.5, "scaler_choice": 0.932901885953721, "xgb_colsample_bytree": 0.1, "xgb_gamma": 10.0, "xgb_learning_rate": 1.0, "xgb_max_depth": 7.187431709419119, "xgb_n_estimators": 437.4375975514316, "xgb_reg_alpha": 0.0, "xgb_reg_lambda": 0.5102394261725649, "xgb_scale_pos_weight": 40.0, "xgb_subsample": 0.9821065214275467}, "datetime": {"datetime": "2023-11-13 19:14:27", "elapsed": 252.252796, "delta": 3.772909}}
{"target": 0.5748435700761003, "params": {"imputer_strategy": 0.013539716392001359, "knn_imputer": 0.0, "knn_imputer_k": 3.0, "lasso_alpha": 1e-05, "pca_components": 2.0, "sampling_strategy": 0.5, "scaler_choice": 0.0, "xgb_colsample_bytree": 0.1, "xgb_gamma": 10.0, "xgb_learning_rate": 1.0, "xgb_max_depth": 2.0, "xgb_n_estimators": 432.33465023002964, "xgb_reg_alpha": 0.1782730364858121, "xgb_reg_lambda": 10.0, "xgb_scale_pos_weight": 40.0, "xgb_subsample": 0.5}, "datetime": {"datetime": "2023-11-13 19:14:31", "elapsed": 255.787348, "delta": 3.534552}}
{"target": 0.5852209367500235, "params": {"imputer_strategy": 1.0, "knn_imputer": 0.0, "knn_imputer_k": 3.0, "lasso_alpha": 1e-05, "pca_components": 2.0, "sampling_strategy": 0.5, "scaler_choice": 0.0, "xgb_colsample_bytree": 0.1, "xgb_gamma": 10.0, "xgb_learning_rate": 1.0, "xgb_max_depth": 13.661693102089176, "xgb_n_estimators": 460.9203200938945, "xgb_reg_alpha": 10.0, "xgb_reg_lambda": 10.0, "xgb_scale_pos_weight": 40.0, "xgb_subsample": 1.0}, "datetime": {"datetime": "2023-11-13 19:14:34", "elapsed": 258.744011, "delta": 2.956663}}
{"target": 0.5881663412363154, "params": {"imputer_strategy": 1.0, "knn_imputer": 0.0, "knn_imputer_k": 3.0, "lasso_alpha": 1e-05, "pca_components": 2.0, "sampling_strategy": 0.5, "scaler_choice": 0.0, "xgb_colsample_bytree": 0.1, "xgb_gamma": 10.0, "xgb_learning_rate": 1.0, "xgb_max_depth": 20.0, "xgb_n_estimators": 454.54459933461874, "xgb_reg_alpha": 10.0, "xgb_reg_lambda": 10.0, "xgb_scale_pos_weight": 31.779020948552088, "xgb_subsample": 1.0}, "datetime": {"datetime": "2023-11-13 19:14:37", "elapsed": 262.02916, "delta": 3.285149}}
{"target": 0.4847806900000504, "params": {"imputer_strategy": 1.0, "knn_imputer": 1.0, "knn_imputer_k": 7.0, "lasso_alpha": 1e-05, "pca_components": 7.179743770707734, "sampling_strategy": 0.5, "scaler_choice": 0.4086951908578673, "xgb_colsample_bytree": 0.1, "xgb_gamma": 0.0, "xgb_learning_rate": 1.0, "xgb_max_depth": 11.68574922594407, "xgb_n_estimators": 429.5911119706629, "xgb_reg_alpha": 0.0, "xgb_reg_lambda": 5.89725228075304, "xgb_scale_pos_weight": 40.0, "xgb_subsample": 1.0}, "datetime": {"datetime": "2023-11-13 19:14:41", "elapsed": 266.115313, "delta": 4.086153}}
{"target": 0.4272209110325925, "params": {"imputer_strategy": 0.3129881758011188, "knn_imputer": 0.6761886958377935, "knn_imputer_k": 5.369733573031329, "lasso_alpha": 0.0008266304553204948, "pca_components": 2.305753277075971, "sampling_strategy": 0.35212430608897977, "scaler_choice": 0.7613964170454798, "xgb_colsample_bytree": 0.7544498215625545, "xgb_gamma": 0.7429311408039541, "xgb_learning_rate": 0.3447785171024772, "xgb_max_depth": 19.03007558704883, "xgb_n_estimators": 188.93739341003266, "xgb_reg_alpha": 5.633853997420245, "xgb_reg_lambda": 8.897353095896136, "xgb_scale_pos_weight": 38.241005057619034, "xgb_subsample": 0.57491779167057}, "datetime": {"datetime": "2023-11-13 19:14:45", "elapsed": 269.947588, "delta": 3.832275}}
{"target": 0.5750565903385527, "params": {"imputer_strategy": 0.14724006247587176, "knn_imputer": 1.0, "knn_imputer_k": 3.0, "lasso_alpha": 0.0003597395778544096, "pca_components": 2.0, "sampling_strategy": 0.3, "scaler_choice": 1.0, "xgb_colsample_bytree": 0.1, "xgb_gamma": 0.0, "xgb_learning_rate": 0.0001, "xgb_max_depth": 20.0, "xgb_n_estimators": 264.64592688232096, "xgb_reg_alpha": 10.0, "xgb_reg_lambda": 0.0, "xgb_scale_pos_weight": 20.0, "xgb_subsample": 0.9955984698614372}, "datetime": {"datetime": "2023-11-13 19:14:49", "elapsed": 273.906619, "delta": 3.959031}}
{"target": 0.5760456884031535, "params": {"imputer_strategy": 0.10385936903218784, "knn_imputer": 0.005719769274247999, "knn_imputer_k": 6.7709893318552155, "lasso_alpha": 0.0009625145849223655, "pca_components": 6.385100162375901, "sampling_strategy": 0.3643307434208009, "scaler_choice": 0.014349204668507864, "xgb_colsample_bytree": 0.512337653354733, "xgb_gamma": 9.667534552815782, "xgb_learning_rate": 0.17183710715117986, "xgb_max_depth": 19.62855029773073, "xgb_n_estimators": 266.56532347649716, "xgb_reg_alpha": 0.2940146013113665, "xgb_reg_lambda": 3.717111850487951, "xgb_scale_pos_weight": 39.48693405500204, "xgb_subsample": 0.7839782836283395}, "datetime": {"datetime": "2023-11-13 19:14:52", "elapsed": 276.865168, "delta": 2.958549}}
{"target": 0.5818926348895949, "params": {"imputer_strategy": 1.0, "knn_imputer": 0.0, "knn_imputer_k": 5.012092087512979, "lasso_alpha": 1e-05, "pca_components": 4.024069134220335, "sampling_strategy": 0.5, "scaler_choice": 1.0, "xgb_colsample_bytree": 1.0, "xgb_gamma": 0.2957164651646475, "xgb_learning_rate": 0.0001, "xgb_max_depth": 2.0, "xgb_n_estimators": 266.901679015837, "xgb_reg_alpha": 0.0, "xgb_reg_lambda": 10.0, "xgb_scale_pos_weight": 21.944067358065716, "xgb_subsample": 0.5}, "datetime": {"datetime": "2023-11-13 19:14:55", "elapsed": 280.067749, "delta": 3.202581}}
{"target": 0.49574663145473385, "params": {"imputer_strategy": 1.0, "knn_imputer": 1.0, "knn_imputer_k": 3.0, "lasso_alpha": 0.001, "pca_components": 2.0, "sampling_strategy": 0.5, "scaler_choice": 0.14220868048813642, "xgb_colsample_bytree": 1.0, "xgb_gamma": 0.0, "xgb_learning_rate": 1.0, "xgb_max_depth": 2.0, "xgb_n_estimators": 265.9332915866285, "xgb_reg_alpha": 9.779563625026512, "xgb_reg_lambda": 10.0, "xgb_scale_pos_weight": 39.1818725284122, "xgb_subsample": 0.9512772276019887}, "datetime": {"datetime": "2023-11-13 19:14:58", "elapsed": 283.16523, "delta": 3.097481}}
