{"target": 0.5772385886404234, "params": {"imputer_strategy": 0.3745401188473625, "knn_imputer": 0.9507143064099162, "knn_imputer_k": 5.92797576724562, "lasso_alpha": 0.0006026718993550663, "pca_components": 2.9361118426546193, "sampling_strategy": 0.3311989040672405, "scaler_choice": 0.05808361216819946, "xgb_colsample_bytree": 0.8795585311974417, "xgb_gamma": 6.011150117432088, "xgb_learning_rate": 0.7081017705382658, "xgb_max_depth": 2.370520897324444, "xgb_n_estimators": 487.96394086479773, "xgb_reg_alpha": 8.324426408004218, "xgb_reg_lambda": 2.1233911067827616, "xgb_scale_pos_weight": 23.636499344142013, "xgb_subsample": 0.5917022549267169}, "datetime": {"datetime": "2023-11-13 19:10:15", "elapsed": 0.0, "delta": 0.0}}
{"target": 0.5446870528468956, "params": {"imputer_strategy": 0.3042422429595377, "knn_imputer": 0.5247564316322378, "knn_imputer_k": 4.727780074568463, "lasso_alpha": 0.0002983168487960615, "pca_components": 5.671117368334277, "sampling_strategy": 0.32789877213040836, "scaler_choice": 0.29214464853521815, "xgb_colsample_bytree": 0.4297256589643226, "xgb_gamma": 4.56069984217036, "xgb_learning_rate": 0.7851974437968743, "xgb_max_depth": 5.594128078850475, "xgb_n_estimators": 305.69377536544465, "xgb_reg_alpha": 5.924145688620425, "xgb_reg_lambda": 0.46450412719997725, "xgb_scale_pos_weight": 32.150897038028766, "xgb_subsample": 0.5852620618436457}, "datetime": {"datetime": "2023-11-13 19:10:17", "elapsed": 2.202157, "delta": 2.202157}}
{"target": 0.546417048772161, "params": {"imputer_strategy": 0.06505159298527952, "knn_imputer": 0.9488855372533332, "knn_imputer_k": 6.862528132298237, "lasso_alpha": 0.0008103133746352965, "pca_components": 3.8276826150402243, "sampling_strategy": 0.31953442280127675, "scaler_choice": 0.6842330265121569, "xgb_colsample_bytree": 0.4961372443656412, "xgb_gamma": 1.2203823484477883, "xgb_learning_rate": 0.49522739242025904, "xgb_max_depth": 2.618993380073931, "xgb_n_estimators": 463.7281608315128, "xgb_reg_alpha": 2.587799816000169, "xgb_reg_lambda": 6.62522284353982, "xgb_scale_pos_weight": 26.23422152178822, "xgb_subsample": 0.7600340105889054}, "datetime": {"datetime": "2023-11-13 19:10:20", "elapsed": 4.663506, "delta": 2.461349}}
{"target": 0.5576210883142136, "params": {"imputer_strategy": 0.5467102793432796, "knn_imputer": 0.18485445552552704, "knn_imputer_k": 6.878338511058234, "lasso_alpha": 0.0007773814951275034, "pca_components": 7.6369936493851345, "sampling_strategy": 0.47896547008552975, "scaler_choice": 0.5978999788110851, "xgb_colsample_bytree": 0.9296868115208051, "xgb_gamma": 0.884925020519195, "xgb_learning_rate": 0.1960632641329033, "xgb_max_depth": 2.814091200389685, "xgb_n_estimators": 230.13213230530573, "xgb_reg_alpha": 3.8867728968948203, "xgb_reg_lambda": 2.713490317738959, "xgb_scale_pos_weight": 36.57475018303859, "xgb_subsample": 0.6783766633467947}, "datetime": {"datetime": "2023-11-13 19:10:22", "elapsed": 6.681871, "delta": 2.018365}}
{"target": 0.4834669410943735, "params": {"imputer_strategy": 0.28093450968738076, "knn_imputer": 0.5426960831582485, "knn_imputer_k": 3.5636968998990506, "lasso_alpha": 0.0008041750109464993, "pca_components": 2.447303862078625, "sampling_strategy": 0.49737738732010345, "scaler_choice": 0.7722447692966574, "xgb_colsample_bytree": 0.2788441133807552, "xgb_gamma": 0.05522117123602399, "xgb_learning_rate": 0.8154798823119886, "xgb_max_depth": 14.723432189257109, "xgb_n_estimators": 391.60286721639494, "xgb_reg_alpha": 7.712703466859457, "xgb_reg_lambda": 0.7404465173409036, "xgb_scale_pos_weight": 27.169314570885454, "xgb_subsample": 0.5579345297625649}, "datetime": {"datetime": "2023-11-13 19:10:25", "elapsed": 10.291017, "delta": 3.609146}}
{"target": 0.5915223937525748, "params": {"imputer_strategy": 0.5178544853080786, "knn_imputer": 0.06736410240459745, "knn_imputer_k": 4.444357691181883, "lasso_alpha": 0.0009252940426280073, "pca_components": 6.595192081241023, "sampling_strategy": 0.36624731971318486, "scaler_choice": 0.44130150404508894, "xgb_colsample_bytree": 0.739791479410739, "xgb_gamma": 9.324586671429294, "xgb_learning_rate": 0.771846985352624, "xgb_max_depth": 19.6374421201798, "xgb_n_estimators": 496.97600285454456, "xgb_reg_alpha": 1.9203056156782017, "xgb_reg_lambda": 0.258458845367191, "xgb_scale_pos_weight": 36.75562951862015, "xgb_subsample": 0.9462771781796243}, "datetime": {"datetime": "2023-11-13 19:10:28", "elapsed": 13.346145, "delta": 3.055128}}
{"target": 0.5774682192277171, "params": {"imputer_strategy": 0.0, "knn_imputer": 1.0, "knn_imputer_k": 3.0, "lasso_alpha": 1e-05, "pca_components": 2.0, "sampling_strategy": 0.3, "scaler_choice": 0.0, "xgb_colsample_bytree": 0.1, "xgb_gamma": 0.04154701176805823, "xgb_learning_rate": 0.0001, "xgb_max_depth": 20.0, "xgb_n_estimators": 100.0, "xgb_reg_alpha": 10.0, "xgb_reg_lambda": 0.0, "xgb_scale_pos_weight": 40.0, "xgb_subsample": 1.0}, "datetime": {"datetime": "2023-11-13 19:10:31", "elapsed": 16.098267, "delta": 2.752122}}
{"target": 0.533047404397826, "params": {"imputer_strategy": 0.8985467528873802, "knn_imputer": 0.0, "knn_imputer_k": 7.0, "lasso_alpha": 0.001, "pca_components": 8.0, "sampling_strategy": 0.5, "scaler_choice": 0.0, "xgb_colsample_bytree": 1.0, "xgb_gamma": 10.0, "xgb_learning_rate": 1.0, "xgb_max_depth": 2.0, "xgb_n_estimators": 151.65952578907826, "xgb_reg_alpha": 0.0, "xgb_reg_lambda": 10.0, "xgb_scale_pos_weight": 20.0, "xgb_subsample": 0.5}, "datetime": {"datetime": "2023-11-13 19:10:33", "elapsed": 18.581351, "delta": 2.483084}}
{"target": 0.5645935326341464, "params": {"imputer_strategy": 0.8431145682334804, "knn_imputer": 0.14152780322621694, "knn_imputer_k": 5.104790633862937, "lasso_alpha": 0.00031267854428674376, "pca_components": 6.265457103238271, "sampling_strategy": 0.37484741200540383, "scaler_choice": 0.6417802003212209, "xgb_colsample_bytree": 0.5415821610699862, "xgb_gamma": 8.579453418090868, "xgb_learning_rate": 0.49681693400170235, "xgb_max_depth": 15.571129055982862, "xgb_n_estimators": 495.30308599898785, "xgb_reg_alpha": 0.46387954617995053, "xgb_reg_lambda": 1.127288302843431, "xgb_scale_pos_weight": 34.57072723672506, "xgb_subsample": 0.7163114030701825}, "datetime": {"datetime": "2023-11-13 19:10:37", "elapsed": 22.040796, "delta": 3.459445}}
{"target": 0.5107269180314481, "params": {"imputer_strategy": 0.3214628770112624, "knn_imputer": 0.9304874197581501, "knn_imputer_k": 6.547465215878816, "lasso_alpha": 0.0008502329868045409, "pca_components": 7.445753164446607, "sampling_strategy": 0.39488367164323407, "scaler_choice": 0.41963088738670096, "xgb_colsample_bytree": 0.7127709279575225, "xgb_gamma": 2.437056762914213, "xgb_learning_rate": 0.49948788641235814, "xgb_max_depth": 17.90267344503407, "xgb_n_estimators": 497.3129429136036, "xgb_reg_alpha": 0.8634326271502868, "xgb_reg_lambda": 0.980875074998454, "xgb_scale_pos_weight": 39.57001700280652, "xgb_subsample": 0.7152752856171334}, "datetime": {"datetime": "2023-11-13 19:10:41", "elapsed": 26.070856, "delta": 4.03006}}
{"target": 0.5791657219947919, "params": {"imputer_strategy": 0.905912479076853, "knn_imputer": 0.30529117515152204, "knn_imputer_k": 5.324874561611601, "lasso_alpha": 0.0009420509259079211, "pca_components": 7.8627794622358245, "sampling_strategy": 0.3412238839416396, "scaler_choice": 0.9895880147194864, "xgb_colsample_bytree": 0.6334501585362835, "xgb_gamma": 9.65522383401753, "xgb_learning_rate": 0.7483119461151667, "xgb_max_depth": 18.19780501131173, "xgb_n_estimators": 496.0402319961209, "xgb_reg_alpha": 0.6276187889907014, "xgb_reg_lambda": 1.1191481109472812, "xgb_scale_pos_weight": 36.02356134905513, "xgb_subsample": 0.8595602335462875}, "datetime": {"datetime": "2023-11-13 19:10:45", "elapsed": 29.627014, "delta": 3.556158}}
{"target": 0.5955817150804165, "params": {"imputer_strategy": 0.18629160114569598, "knn_imputer": 0.3109818748050718, "knn_imputer_k": 6.041587813824972, "lasso_alpha": 0.000879596451272243, "pca_components": 4.66936924075851, "sampling_strategy": 0.45222989499587685, "scaler_choice": 0.9022906882211303, "xgb_colsample_bytree": 0.1922609957912228, "xgb_gamma": 8.453224907281449, "xgb_learning_rate": 0.6684509013990159, "xgb_max_depth": 19.63948174221911, "xgb_n_estimators": 498.9746802799674, "xgb_reg_alpha": 6.114505120027719, "xgb_reg_lambda": 4.414594980474504, "xgb_scale_pos_weight": 37.20066853095479, "xgb_subsample": 0.9202451294156728}, "datetime": {"datetime": "2023-11-13 19:10:48", "elapsed": 32.866648, "delta": 3.239634}}
{"target": 0.5816646801472882, "params": {"imputer_strategy": 0.9575868529864465, "knn_imputer": 0.09901907290187018, "knn_imputer_k": 3.4948317827749134, "lasso_alpha": 0.00015516052994004787, "pca_components": 2.7535586357607524, "sampling_strategy": 0.46139877464385287, "scaler_choice": 0.7128185783995064, "xgb_colsample_bytree": 0.10587132832663948, "xgb_gamma": 8.681954603536909, "xgb_learning_rate": 0.031989379569183234, "xgb_max_depth": 18.47912825132434, "xgb_n_estimators": 497.4474093097692, "xgb_reg_alpha": 3.8329115563008918, "xgb_reg_lambda": 6.758519698483898, "xgb_scale_pos_weight": 33.29056750030837, "xgb_subsample": 0.9642485159348012}, "datetime": {"datetime": "2023-11-13 19:10:52", "elapsed": 36.730851, "delta": 3.864203}}
{"target": 0.5855674862888066, "params": {"imputer_strategy": 0.6407743676271419, "knn_imputer": 0.0, "knn_imputer_k": 3.0, "lasso_alpha": 0.001, "pca_components": 6.748548784745154, "sampling_strategy": 0.3, "scaler_choice": 1.0, "xgb_colsample_bytree": 0.606449387734383, "xgb_gamma": 10.0, "xgb_learning_rate": 1.0, "xgb_max_depth": 20.0, "xgb_n_estimators": 498.81059817570144, "xgb_reg_alpha": 8.490124033350112, "xgb_reg_lambda": 0.49058026235497143, "xgb_scale_pos_weight": 33.28627778309755, "xgb_subsample": 1.0}, "datetime": {"datetime": "2023-11-13 19:10:55", "elapsed": 40.114365, "delta": 3.383514}}
{"target": 0.5758875793584859, "params": {"imputer_strategy": 0.18337197447850662, "knn_imputer": 0.6586331885057151, "knn_imputer_k": 3.0246957540405774, "lasso_alpha": 0.0005246921091293075, "pca_components": 7.2153315507366855, "sampling_strategy": 0.3126305608142911, "scaler_choice": 0.4768731233070641, "xgb_colsample_bytree": 0.8850712773895341, "xgb_gamma": 9.16472823791576, "xgb_learning_rate": 0.2024678437526336, "xgb_max_depth": 15.63468614988646, "xgb_n_estimators": 488.0886507456061, "xgb_reg_alpha": 9.216547367254655, "xgb_reg_lambda": 7.900132301291922, "xgb_scale_pos_weight": 37.84235690742382, "xgb_subsample": 0.5406946098763461}, "datetime": {"datetime": "2023-11-13 19:10:59", "elapsed": 44.221647, "delta": 4.107282}}
{"target": 0.5852209367500235, "params": {"imputer_strategy": 0.0, "knn_imputer": 0.0, "knn_imputer_k": 3.0, "lasso_alpha": 0.001, "pca_components": 2.0, "sampling_strategy": 0.5, "scaler_choice": 1.0, "xgb_colsample_bytree": 0.1, "xgb_gamma": 10.0, "xgb_learning_rate": 1.0, "xgb_max_depth": 20.0, "xgb_n_estimators": 494.15010847106754, "xgb_reg_alpha": 8.125834634275106, "xgb_reg_lambda": 1.7068720246870175, "xgb_scale_pos_weight": 39.37215698553506, "xgb_subsample": 1.0}, "datetime": {"datetime": "2023-11-13 19:11:02", "elapsed": 47.057744, "delta": 2.836097}}
{"target": 0.5816580612583622, "params": {"imputer_strategy": 0.3305535436447393, "knn_imputer": 0.6836395888822318, "knn_imputer_k": 6.305317488406116, "lasso_alpha": 0.0009883318864884047, "pca_components": 5.257472426925071, "sampling_strategy": 0.45032494518414173, "scaler_choice": 0.28150357534804005, "xgb_colsample_bytree": 0.3926542421022081, "xgb_gamma": 9.27941269125, "xgb_learning_rate": 0.10751733248508408, "xgb_max_depth": 16.80340388146532, "xgb_n_estimators": 485.1393249618368, "xgb_reg_alpha": 9.09252438438619, "xgb_reg_lambda": 4.4424698790522505, "xgb_scale_pos_weight": 25.329178663041404, "xgb_subsample": 0.8910807444029883}, "datetime": {"datetime": "2023-11-13 19:11:05", "elapsed": 50.47771, "delta": 3.419966}}
{"target": 0.5868095871109621, "params": {"imputer_strategy": 0.2415162698400084, "knn_imputer": 0.42083188186275255, "knn_imputer_k": 4.700403708126968, "lasso_alpha": 0.00040821289657936834, "pca_components": 3.5405785370666076, "sampling_strategy": 0.3051691565667024, "scaler_choice": 0.13303975580207505, "xgb_colsample_bytree": 0.2548577565334422, "xgb_gamma": 8.23249886556585, "xgb_learning_rate": 0.371646035852122, "xgb_max_depth": 9.9888641366856, "xgb_n_estimators": 488.43665088672975, "xgb_reg_alpha": 8.33731127376273, "xgb_reg_lambda": 9.743025244596984, "xgb_scale_pos_weight": 20.92881416281659, "xgb_subsample": 0.8161083723291503}, "datetime": {"datetime": "2023-11-13 19:11:09", "elapsed": 54.290952, "delta": 3.813242}}
{"target": 0.5812354474796729, "params": {"imputer_strategy": 0.07145273008328434, "knn_imputer": 0.2153708807752479, "knn_imputer_k": 3.937984811035253, "lasso_alpha": 0.0006797826565289414, "pca_components": 3.9465257595795022, "sampling_strategy": 0.327655136188241, "scaler_choice": 0.38578711394097587, "xgb_colsample_bytree": 0.937012889908472, "xgb_gamma": 9.73249650418191, "xgb_learning_rate": 0.016320636353066673, "xgb_max_depth": 5.443912350133416, "xgb_n_estimators": 498.2987399823867, "xgb_reg_alpha": 8.103446084102135, "xgb_reg_lambda": 8.706173811572079, "xgb_scale_pos_weight": 24.244437995092014, "xgb_subsample": 0.7367684505482984}, "datetime": {"datetime": "2023-11-13 19:11:13", "elapsed": 58.012196, "delta": 3.721244}}
{"target": 0.5771610700080299, "params": {"imputer_strategy": 0.0, "knn_imputer": 0.0, "knn_imputer_k": 7.0, "lasso_alpha": 0.001, "pca_components": 2.0, "sampling_strategy": 0.30388433913292956, "scaler_choice": 0.6357904601431321, "xgb_colsample_bytree": 0.14821200431618703, "xgb_gamma": 10.0, "xgb_learning_rate": 1.0, "xgb_max_depth": 17.24827020720708, "xgb_n_estimators": 496.4603915310456, "xgb_reg_alpha": 10.0, "xgb_reg_lambda": 6.805426095099648, "xgb_scale_pos_weight": 20.0, "xgb_subsample": 1.0}, "datetime": {"datetime": "2023-11-13 19:11:16", "elapsed": 60.891521, "delta": 2.879325}}
{"target": 0.5439320670218083, "params": {"imputer_strategy": 1.0, "knn_imputer": 0.0, "knn_imputer_k": 3.0, "lasso_alpha": 0.001, "pca_components": 2.0, "sampling_strategy": 0.5, "scaler_choice": 1.0, "xgb_colsample_bytree": 0.1, "xgb_gamma": 0.0, "xgb_learning_rate": 1.0, "xgb_max_depth": 8.615912231379871, "xgb_n_estimators": 494.9012575881424, "xgb_reg_alpha": 10.0, "xgb_reg_lambda": 10.0, "xgb_scale_pos_weight": 20.0, "xgb_subsample": 1.0}, "datetime": {"datetime": "2023-11-13 19:11:19", "elapsed": 63.768446, "delta": 2.876925}}
{"target": 0.581383391781315, "params": {"imputer_strategy": 0.0, "knn_imputer": 1.0, "knn_imputer_k": 7.0, "lasso_alpha": 0.001, "pca_components": 2.0, "sampling_strategy": 0.3, "scaler_choice": 0.0, "xgb_colsample_bytree": 0.23021212306894914, "xgb_gamma": 10.0, "xgb_learning_rate": 1.0, "xgb_max_depth": 8.850948179483076, "xgb_n_estimators": 489.6781121667893, "xgb_reg_alpha": 10.0, "xgb_reg_lambda": 10.0, "xgb_scale_pos_weight": 30.07883951895275, "xgb_subsample": 0.5444398264499275}, "datetime": {"datetime": "2023-11-13 19:11:22", "elapsed": 67.24881, "delta": 3.480364}}
{"target": 0.5790526797710208, "params": {"imputer_strategy": 0.6295375003232395, "knn_imputer": 0.02898949857014599, "knn_imputer_k": 3.971696351309622, "lasso_alpha": 0.0003415955540170043, "pca_components": 6.232917910443742, "sampling_strategy": 0.30325369298742766, "scaler_choice": 0.1567615066466459, "xgb_colsample_bytree": 0.8434194339541583, "xgb_gamma": 9.488210850083025, "xgb_learning_rate": 0.05646112984717406, "xgb_max_depth": 9.246688457117312, "xgb_n_estimators": 487.3462859007334, "xgb_reg_alpha": 3.6234487238058275, "xgb_reg_lambda": 2.127860967538806, "xgb_scale_pos_weight": 20.877318213258363, "xgb_subsample": 0.9107042826011449}, "datetime": {"datetime": "2023-11-13 19:11:26", "elapsed": 70.789709, "delta": 3.540899}}
{"target": 0.5442547309566909, "params": {"imputer_strategy": 0.0, "knn_imputer": 0.18145588889749084, "knn_imputer_k": 7.0, "lasso_alpha": 0.001, "pca_components": 2.0, "sampling_strategy": 0.3, "scaler_choice": 0.0, "xgb_colsample_bytree": 1.0, "xgb_gamma": 10.0, "xgb_learning_rate": 1.0, "xgb_max_depth": 17.076547074285617, "xgb_n_estimators": 485.25987159837223, "xgb_reg_alpha": 0.2773939943789117, "xgb_reg_lambda": 10.0, "xgb_scale_pos_weight": 20.0, "xgb_subsample": 0.5}, "datetime": {"datetime": "2023-11-13 19:11:30", "elapsed": 74.831283, "delta": 4.041574}}
{"target": 0.5772472504181562, "params": {"imputer_strategy": 1.0, "knn_imputer": 0.0, "knn_imputer_k": 3.0, "lasso_alpha": 1e-05, "pca_components": 8.0, "sampling_strategy": 0.5, "scaler_choice": 1.0, "xgb_colsample_bytree": 0.1, "xgb_gamma": 10.0, "xgb_learning_rate": 0.0001, "xgb_max_depth": 6.386445345054386, "xgb_n_estimators": 483.5515107542772, "xgb_reg_alpha": 10.0, "xgb_reg_lambda": 8.44603444384633, "xgb_scale_pos_weight": 25.67726418553635, "xgb_subsample": 1.0}, "datetime": {"datetime": "2023-11-13 19:11:33", "elapsed": 78.578474, "delta": 3.747191}}
{"target": 0.5721582711397747, "params": {"imputer_strategy": 0.8990654046944314, "knn_imputer": 0.7222696250925047, "knn_imputer_k": 5.416675994346615, "lasso_alpha": 0.00027182831195259516, "pca_components": 5.953877254468768, "sampling_strategy": 0.30790505166576015, "scaler_choice": 0.2563035595144729, "xgb_colsample_bytree": 0.9588529611445669, "xgb_gamma": 7.827268462946639, "xgb_learning_rate": 0.6607125658416217, "xgb_max_depth": 17.479404819897336, "xgb_n_estimators": 102.06129990045194, "xgb_reg_alpha": 5.2536433537240255, "xgb_reg_lambda": 4.27242249565194, "xgb_scale_pos_weight": 32.8825462413224, "xgb_subsample": 0.777840091871834}, "datetime": {"datetime": "2023-11-13 19:11:36", "elapsed": 80.870664, "delta": 2.29219}}
{"target": 0.5747019433122715, "params": {"imputer_strategy": 0.633262050893734, "knn_imputer": 0.35152257297030476, "knn_imputer_k": 5.518182977748797, "lasso_alpha": 0.0004737446719363022, "pca_components": 7.879259166388592, "sampling_strategy": 0.45279252857708585, "scaler_choice": 0.8789354983417843, "xgb_colsample_bytree": 0.23170320665485813, "xgb_gamma": 9.8133565772741, "xgb_learning_rate": 0.5918487752110522, "xgb_max_depth": 6.670523363200732, "xgb_n_estimators": 499.80937511245986, "xgb_reg_alpha": 8.803352382546562, "xgb_reg_lambda": 8.388226328848848, "xgb_scale_pos_weight": 33.079775085317635, "xgb_subsample": 0.6669417708954734}, "datetime": {"datetime": "2023-11-13 19:11:40", "elapsed": 84.955012, "delta": 4.084348}}
{"target": 0.569591398642105, "params": {"imputer_strategy": 0.03898534030542322, "knn_imputer": 0.8329693701636365, "knn_imputer_k": 3.0248435113429517, "lasso_alpha": 5.822818756796721e-05, "pca_components": 3.000886275239223, "sampling_strategy": 0.39491617715252025, "scaler_choice": 0.36717468046722657, "xgb_colsample_bytree": 0.975123610749265, "xgb_gamma": 3.780748760023007, "xgb_learning_rate": 0.6307552595559407, "xgb_max_depth": 6.001128391932956, "xgb_n_estimators": 101.3515083155724, "xgb_reg_alpha": 5.504670274633052, "xgb_reg_lambda": 2.7358769921071913, "xgb_scale_pos_weight": 39.43194312062316, "xgb_subsample": 0.9630137818784927}, "datetime": {"datetime": "2023-11-13 19:11:43", "elapsed": 88.105548, "delta": 3.150536}}
{"target": 0.570083566296555, "params": {"imputer_strategy": 0.0, "knn_imputer": 0.0, "knn_imputer_k": 3.0, "lasso_alpha": 0.001, "pca_components": 6.474920288640166, "sampling_strategy": 0.5, "scaler_choice": 0.0, "xgb_colsample_bytree": 1.0, "xgb_gamma": 10.0, "xgb_learning_rate": 1.0, "xgb_max_depth": 20.0, "xgb_n_estimators": 500.0, "xgb_reg_alpha": 10.0, "xgb_reg_lambda": 9.657952545036176, "xgb_scale_pos_weight": 39.21196667584487, "xgb_subsample": 1.0}, "datetime": {"datetime": "2023-11-13 19:11:46", "elapsed": 91.440405, "delta": 3.334857}}
{"target": 0.5697736791914331, "params": {"imputer_strategy": 0.2387499500033624, "knn_imputer": 0.06852232056249752, "knn_imputer_k": 5.835991433064113, "lasso_alpha": 0.00038022857739599325, "pca_components": 7.564677590330776, "sampling_strategy": 0.4631096570955502, "scaler_choice": 0.6232264583750875, "xgb_colsample_bytree": 0.7838827854147863, "xgb_gamma": 5.5383026815100544, "xgb_learning_rate": 0.847798591833559, "xgb_max_depth": 11.013127817679147, "xgb_n_estimators": 480.19207423533754, "xgb_reg_alpha": 9.643478958054303, "xgb_reg_lambda": 0.01776635812019367, "xgb_scale_pos_weight": 21.815065156006323, "xgb_subsample": 0.6358292016057869}, "datetime": {"datetime": "2023-11-13 19:11:50", "elapsed": 95.26636, "delta": 3.825955}}
{"target": 0.5776309516130442, "params": {"imputer_strategy": 0.0, "knn_imputer": 1.0, "knn_imputer_k": 7.0, "lasso_alpha": 6.429739810721459e-05, "pca_components": 2.0, "sampling_strategy": 0.3, "scaler_choice": 0.0, "xgb_colsample_bytree": 0.1, "xgb_gamma": 10.0, "xgb_learning_rate": 0.0001, "xgb_max_depth": 20.0, "xgb_n_estimators": 494.16269871480125, "xgb_reg_alpha": 10.0, "xgb_reg_lambda": 3.5990765821654804, "xgb_scale_pos_weight": 32.14558235603962, "xgb_subsample": 1.0}, "datetime": {"datetime": "2023-11-13 19:11:54", "elapsed": 99.279558, "delta": 4.013198}}
{"target": 0.5778145305427986, "params": {"imputer_strategy": 0.7201599126266145, "knn_imputer": 0.6623331176909656, "knn_imputer_k": 6.3050874301275535, "lasso_alpha": 0.00046222875724587144, "pca_components": 7.800233510583029, "sampling_strategy": 0.38514148928056324, "scaler_choice": 0.11182059709047942, "xgb_colsample_bytree": 0.5745864973269489, "xgb_gamma": 9.815304407651523, "xgb_learning_rate": 0.5111621119910925, "xgb_max_depth": 5.592367966110254, "xgb_n_estimators": 487.77692315449343, "xgb_reg_alpha": 9.32690510859077, "xgb_reg_lambda": 0.8368486246307438, "xgb_scale_pos_weight": 35.745579150118964, "xgb_subsample": 0.5740689219176294}, "datetime": {"datetime": "2023-11-13 19:11:57", "elapsed": 102.411876, "delta": 3.132318}}
