{"target": 0.56972612206881, "params": {"imputer_strategy": 0.0, "knn_imputer": 0.0, "knn_imputer_k": 3.0, "lasso_alpha": 0.001, "pca_components": 2.0, "sampling_strategy": 0.5, "scaler_choice": 1.0, "xgb_colsample_bytree": 0.1, "xgb_gamma": 10.0, "xgb_learning_rate": 0.0001, "xgb_max_depth": 2.0, "xgb_n_estimators": 127.12468524016323, "xgb_reg_alpha": 0.0, "xgb_reg_lambda": 6.954384843840597, "xgb_scale_pos_weight": 40.0, "xgb_subsample": 0.5}, "datetime": {"datetime": "2023-11-13 19:23:35", "elapsed": 225.049371, "delta": 2.319344}}
{"target": 0.47182587258547326, "params": {"imputer_strategy": 0.0, "knn_imputer": 0.0, "knn_imputer_k": 3.0, "lasso_alpha": 0.0006488995308962042, "pca_components": 2.0, "sampling_strategy": 0.5, "scaler_choice": 1.0, "xgb_colsample_bytree": 0.1, "xgb_gamma": 0.1290860750052832, "xgb_learning_rate": 1.0, "xgb_max_depth": 2.0, "xgb_n_estimators": 127.67933337507961, "xgb_reg_alpha": 0.0, "xgb_reg_lambda": 10.0, "xgb_scale_pos_weight": 20.0, "xgb_subsample": 1.0}, "datetime": {"datetime": "2023-11-13 19:23:37", "elapsed": 227.386204, "delta": 2.336833}}
{"target": 0.566012383095306, "params": {"imputer_strategy": 0.0, "knn_imputer": 1.0, "knn_imputer_k": 7.0, "lasso_alpha": 1e-05, "pca_components": 2.0, "sampling_strategy": 0.3, "scaler_choice": 1.0, "xgb_colsample_bytree": 0.1, "xgb_gamma": 10.0, "xgb_learning_rate": 0.0001, "xgb_max_depth": 2.0, "xgb_n_estimators": 140.49974987492882, "xgb_reg_alpha": 0.0, "xgb_reg_lambda": 0.0, "xgb_scale_pos_weight": 37.68017749790717, "xgb_subsample": 0.5}, "datetime": {"datetime": "2023-11-13 19:23:39", "elapsed": 229.800471, "delta": 2.414267}}
{"target": 0.5754183314716395, "params": {"imputer_strategy": 0.0, "knn_imputer": 1.0, "knn_imputer_k": 3.0, "lasso_alpha": 1e-05, "pca_components": 2.0, "sampling_strategy": 0.5, "scaler_choice": 1.0, "xgb_colsample_bytree": 0.1, "xgb_gamma": 10.0, "xgb_learning_rate": 0.0001, "xgb_max_depth": 2.0, "xgb_n_estimators": 119.86825291202692, "xgb_reg_alpha": 8.20578770686955, "xgb_reg_lambda": 0.0, "xgb_scale_pos_weight": 32.481566319170604, "xgb_subsample": 0.5}, "datetime": {"datetime": "2023-11-13 19:23:42", "elapsed": 232.043048, "delta": 2.242577}}
{"target": 0.5393861831879482, "params": {"imputer_strategy": 1.0, "knn_imputer": 0.0, "knn_imputer_k": 3.0, "lasso_alpha": 0.001, "pca_components": 2.0, "sampling_strategy": 0.3, "scaler_choice": 0.0, "xgb_colsample_bytree": 1.0, "xgb_gamma": 10.0, "xgb_learning_rate": 1.0, "xgb_max_depth": 2.0, "xgb_n_estimators": 112.46402617814948, "xgb_reg_alpha": 0.0, "xgb_reg_lambda": 0.0, "xgb_scale_pos_weight": 40.0, "xgb_subsample": 1.0}, "datetime": {"datetime": "2023-11-13 19:23:44", "elapsed": 234.085639, "delta": 2.042591}}
{"target": 0.5756685133385055, "params": {"imputer_strategy": 0.0, "knn_imputer": 1.0, "knn_imputer_k": 7.0, "lasso_alpha": 1e-05, "pca_components": 2.0, "sampling_strategy": 0.3, "scaler_choice": 1.0, "xgb_colsample_bytree": 1.0, "xgb_gamma": 10.0, "xgb_learning_rate": 0.0001, "xgb_max_depth": 2.0, "xgb_n_estimators": 129.6704719716193, "xgb_reg_alpha": 10.0, "xgb_reg_lambda": 10.0, "xgb_scale_pos_weight": 32.716175951426564, "xgb_subsample": 0.5}, "datetime": {"datetime": "2023-11-13 19:23:46", "elapsed": 236.705636, "delta": 2.619997}}
{"target": 0.5561417686544214, "params": {"imputer_strategy": 0.0, "knn_imputer": 1.0, "knn_imputer_k": 3.0, "lasso_alpha": 0.001, "pca_components": 2.0, "sampling_strategy": 0.5, "scaler_choice": 0.0, "xgb_colsample_bytree": 0.1, "xgb_gamma": 10.0, "xgb_learning_rate": 0.0001, "xgb_max_depth": 2.0, "xgb_n_estimators": 142.8331068667289, "xgb_reg_alpha": 10.0, "xgb_reg_lambda": 10.0, "xgb_scale_pos_weight": 40.0, "xgb_subsample": 0.5}, "datetime": {"datetime": "2023-11-13 19:23:49", "elapsed": 239.250783, "delta": 2.545147}}
{"target": 0.5753084906971675, "params": {"imputer_strategy": 1.0, "knn_imputer": 0.0, "knn_imputer_k": 3.0, "lasso_alpha": 0.001, "pca_components": 2.0, "sampling_strategy": 0.5, "scaler_choice": 1.0, "xgb_colsample_bytree": 0.1, "xgb_gamma": 10.0, "xgb_learning_rate": 0.0001, "xgb_max_depth": 2.0, "xgb_n_estimators": 138.41444489976445, "xgb_reg_alpha": 10.0, "xgb_reg_lambda": 0.0, "xgb_scale_pos_weight": 27.270319033228464, "xgb_subsample": 0.5}, "datetime": {"datetime": "2023-11-13 19:23:51", "elapsed": 241.772432, "delta": 2.521649}}
{"target": 0.5599725319157556, "params": {"imputer_strategy": 1.0, "knn_imputer": 0.0, "knn_imputer_k": 7.0, "lasso_alpha": 1e-05, "pca_components": 8.0, "sampling_strategy": 0.3, "scaler_choice": 1.0, "xgb_colsample_bytree": 0.1, "xgb_gamma": 10.0, "xgb_learning_rate": 0.0001, "xgb_max_depth": 7.9976164419234825, "xgb_n_estimators": 139.7565079282453, "xgb_reg_alpha": 1.3208687709074305, "xgb_reg_lambda": 10.0, "xgb_scale_pos_weight": 30.476993557962324, "xgb_subsample": 0.5}, "datetime": {"datetime": "2023-11-13 19:23:54", "elapsed": 244.222069, "delta": 2.449637}}
{"target": 0.5754345601370875, "params": {"imputer_strategy": 0.0, "knn_imputer": 1.0, "knn_imputer_k": 7.0, "lasso_alpha": 1e-05, "pca_components": 2.0, "sampling_strategy": 0.3, "scaler_choice": 1.0, "xgb_colsample_bytree": 1.0, "xgb_gamma": 10.0, "xgb_learning_rate": 0.0001, "xgb_max_depth": 2.0, "xgb_n_estimators": 151.8251496387447, "xgb_reg_alpha": 6.140981245512213, "xgb_reg_lambda": 4.311171949726386, "xgb_scale_pos_weight": 25.94144541026965, "xgb_subsample": 0.5}, "datetime": {"datetime": "2023-11-13 19:23:57", "elapsed": 247.093951, "delta": 2.871882}}
{"target": 0.5751842179112863, "params": {"imputer_strategy": 0.9648374353777809, "knn_imputer": 0.0, "knn_imputer_k": 3.2241266103737862, "lasso_alpha": 1e-05, "pca_components": 2.0, "sampling_strategy": 0.3, "scaler_choice": 1.0, "xgb_colsample_bytree": 1.0, "xgb_gamma": 10.0, "xgb_learning_rate": 0.0001, "xgb_max_depth": 13.119801001690453, "xgb_n_estimators": 148.02750751113774, "xgb_reg_alpha": 9.965186867071948, "xgb_reg_lambda": 0.0, "xgb_scale_pos_weight": 31.7340956523003, "xgb_subsample": 0.5}, "datetime": {"datetime": "2023-11-13 19:24:00", "elapsed": 249.856327, "delta": 2.762376}}
{"target": 0.31257442487476006, "params": {"imputer_strategy": 1.0, "knn_imputer": 0.0, "knn_imputer_k": 7.0, "lasso_alpha": 1e-05, "pca_components": 8.0, "sampling_strategy": 0.4783081223936557, "scaler_choice": 1.0, "xgb_colsample_bytree": 1.0, "xgb_gamma": 1.2725965715033327, "xgb_learning_rate": 1.0, "xgb_max_depth": 2.1972848388378607, "xgb_n_estimators": 147.7106192593706, "xgb_reg_alpha": 10.0, "xgb_reg_lambda": 0.0, "xgb_scale_pos_weight": 33.13889513021801, "xgb_subsample": 0.5}, "datetime": {"datetime": "2023-11-13 19:24:02", "elapsed": 252.497227, "delta": 2.6409}}
{"target": 0.5734176271576156, "params": {"imputer_strategy": 0.0, "knn_imputer": 1.0, "knn_imputer_k": 3.0, "lasso_alpha": 0.001, "pca_components": 2.0, "sampling_strategy": 0.3, "scaler_choice": 0.9449861209380537, "xgb_colsample_bytree": 0.1, "xgb_gamma": 10.0, "xgb_learning_rate": 0.0001, "xgb_max_depth": 11.955832863512555, "xgb_n_estimators": 145.77238670754403, "xgb_reg_alpha": 4.993973062152634, "xgb_reg_lambda": 5.230698255633274, "xgb_scale_pos_weight": 20.036410943909175, "xgb_subsample": 0.5}, "datetime": {"datetime": "2023-11-13 19:24:05", "elapsed": 254.916464, "delta": 2.419237}}
{"target": 0.5270729122496509, "params": {"imputer_strategy": 0.0, "knn_imputer": 1.0, "knn_imputer_k": 3.0, "lasso_alpha": 1e-05, "pca_components": 2.0, "sampling_strategy": 0.3, "scaler_choice": 0.5804790328619421, "xgb_colsample_bytree": 1.0, "xgb_gamma": 10.0, "xgb_learning_rate": 0.0001, "xgb_max_depth": 12.862911718055232, "xgb_n_estimators": 152.15158831270713, "xgb_reg_alpha": 0.0, "xgb_reg_lambda": 10.0, "xgb_scale_pos_weight": 30.26979577663136, "xgb_subsample": 1.0}, "datetime": {"datetime": "2023-11-13 19:24:07", "elapsed": 257.715107, "delta": 2.798643}}
{"target": 0.5761611856738759, "params": {"imputer_strategy": 0.0, "knn_imputer": 1.0, "knn_imputer_k": 3.0, "lasso_alpha": 1e-05, "pca_components": 2.0, "sampling_strategy": 0.3, "scaler_choice": 1.0, "xgb_colsample_bytree": 0.1, "xgb_gamma": 10.0, "xgb_learning_rate": 0.0001, "xgb_max_depth": 11.622146219248462, "xgb_n_estimators": 133.43447825847224, "xgb_reg_alpha": 10.0, "xgb_reg_lambda": 0.0, "xgb_scale_pos_weight": 20.0, "xgb_subsample": 0.5}, "datetime": {"datetime": "2023-11-13 19:24:10", "elapsed": 260.092044, "delta": 2.376937}}
{"target": 0.585109004895076, "params": {"imputer_strategy": 0.7828213880207221, "knn_imputer": 0.19381633749687965, "knn_imputer_k": 5.913198132149887, "lasso_alpha": 0.000506017253825722, "pca_components": 3.169768062772683, "sampling_strategy": 0.4554660062779432, "scaler_choice": 0.9622461910032684, "xgb_colsample_bytree": 0.14318560910314349, "xgb_gamma": 9.807355522348969, "xgb_learning_rate": 0.2520711183947723, "xgb_max_depth": 18.36261929968476, "xgb_n_estimators": 138.2619200178946, "xgb_reg_alpha": 9.997382793044311, "xgb_reg_lambda": 6.593362355607191, "xgb_scale_pos_weight": 28.784506458518674, "xgb_subsample": 0.8697562008684134}, "datetime": {"datetime": "2023-11-13 19:24:12", "elapsed": 262.482072, "delta": 2.390028}}
