{"target": 0.5417150083351742, "params": {"imputer_strategy": 1.0, "knn_imputer": 0.0, "knn_imputer_k": 7.0, "lasso_alpha": 1e-05, "pca_components": 2.0, "sampling_strategy": 0.5, "scaler_choice": 1.0, "xgb_colsample_bytree": 1.0, "xgb_gamma": 10.0, "xgb_learning_rate": 1.0, "xgb_max_depth": 20.0, "xgb_n_estimators": 354.1604530493481, "xgb_reg_alpha": 10.0, "xgb_reg_lambda": 0.0, "xgb_scale_pos_weight": 25.705033114501845, "xgb_subsample": 1.0}, "datetime": {"datetime": "2023-11-13 19:21:33", "elapsed": 103.140279, "delta": 2.719309}}
{"target": 0.5711752079221805, "params": {"imputer_strategy": 0.0, "knn_imputer": 1.0, "knn_imputer_k": 3.0, "lasso_alpha": 1e-05, "pca_components": 2.0, "sampling_strategy": 0.3, "scaler_choice": 0.0, "xgb_colsample_bytree": 1.0, "xgb_gamma": 10.0, "xgb_learning_rate": 0.43330330927468313, "xgb_max_depth": 2.326848827662403, "xgb_n_estimators": 483.4186221601216, "xgb_reg_alpha": 0.0, "xgb_reg_lambda": 0.0, "xgb_scale_pos_weight": 20.0, "xgb_subsample": 0.5}, "datetime": {"datetime": "2023-11-13 19:21:37", "elapsed": 106.837857, "delta": 3.697578}}
{"target": 0.5720776468008648, "params": {"imputer_strategy": 0.0, "knn_imputer": 0.0, "knn_imputer_k": 7.0, "lasso_alpha": 1e-05, "pca_components": 2.0, "sampling_strategy": 0.5, "scaler_choice": 1.0, "xgb_colsample_bytree": 0.1, "xgb_gamma": 10.0, "xgb_learning_rate": 0.0001, "xgb_max_depth": 9.538083197968874, "xgb_n_estimators": 343.5988173232594, "xgb_reg_alpha": 10.0, "xgb_reg_lambda": 0.0, "xgb_scale_pos_weight": 40.0, "xgb_subsample": 0.5}, "datetime": {"datetime": "2023-11-13 19:21:40", "elapsed": 110.021219, "delta": 3.183362}}
{"target": 0.5656236953166653, "params": {"imputer_strategy": 0.03076021558527442, "knn_imputer": 0.9905557372686326, "knn_imputer_k": 5.9716557140543305, "lasso_alpha": 0.0008062140921642432, "pca_components": 4.778835657057382, "sampling_strategy": 0.34028349392995927, "scaler_choice": 0.9715880261015912, "xgb_colsample_bytree": 0.6017951419657748, "xgb_gamma": 9.675074807120126, "xgb_learning_rate": 0.032531910677020014, "xgb_max_depth": 10.683686281806228, "xgb_n_estimators": 118.36958215541893, "xgb_reg_alpha": 0.4671565117740728, "xgb_reg_lambda": 2.526514948078389, "xgb_scale_pos_weight": 34.84206811815447, "xgb_subsample": 0.7051002198795329}, "datetime": {"datetime": "2023-11-13 19:21:42", "elapsed": 112.142789, "delta": 2.12157}}
{"target": 0.43865556319508947, "params": {"imputer_strategy": 0.4413386141400837, "knn_imputer": 0.6793573693452905, "knn_imputer_k": 6.605345536620467, "lasso_alpha": 4.031266492925411e-05, "pca_components": 6.227839983178936, "sampling_strategy": 0.4076229307208697, "scaler_choice": 0.6887950634737338, "xgb_colsample_bytree": 0.47919693721917067, "xgb_gamma": 4.177973231823239, "xgb_learning_rate": 0.12834019457550763, "xgb_max_depth": 7.419984965275987, "xgb_n_estimators": 244.76688580779188, "xgb_reg_alpha": 1.7120162980026288, "xgb_reg_lambda": 4.358258437580723, "xgb_scale_pos_weight": 33.03215996992908, "xgb_subsample": 0.6161922121547503}, "datetime": {"datetime": "2023-11-13 19:21:45", "elapsed": 115.01517, "delta": 2.872381}}
{"target": 0.3572767115030413, "params": {"imputer_strategy": 0.026710786455834135, "knn_imputer": 0.2609790982915301, "knn_imputer_k": 3.666704235548638, "lasso_alpha": 0.0004163936931170226, "pca_components": 6.457124282611917, "sampling_strategy": 0.4923526284208869, "scaler_choice": 0.5598177321423417, "xgb_colsample_bytree": 0.9197855558472788, "xgb_gamma": 3.7581647776071483, "xgb_learning_rate": 0.7820591570888168, "xgb_max_depth": 13.279607334531082, "xgb_n_estimators": 285.34656838883313, "xgb_reg_alpha": 1.3543269468834274, "xgb_reg_lambda": 9.18591062108709, "xgb_scale_pos_weight": 27.032643014105027, "xgb_subsample": 0.7911623546580522}, "datetime": {"datetime": "2023-11-13 19:21:48", "elapsed": 118.027882, "delta": 3.012712}}
{"target": 0.5721235192721867, "params": {"imputer_strategy": 1.0, "knn_imputer": 1.0, "knn_imputer_k": 7.0, "lasso_alpha": 1e-05, "pca_components": 2.0, "sampling_strategy": 0.5, "scaler_choice": 1.0, "xgb_colsample_bytree": 0.1, "xgb_gamma": 10.0, "xgb_learning_rate": 0.0001, "xgb_max_depth": 20.0, "xgb_n_estimators": 342.9776962111261, "xgb_reg_alpha": 10.0, "xgb_reg_lambda": 9.304685810920052, "xgb_scale_pos_weight": 40.0, "xgb_subsample": 0.5}, "datetime": {"datetime": "2023-11-13 19:21:51", "elapsed": 121.417456, "delta": 3.389574}}
{"target": 0.5722363551091003, "params": {"imputer_strategy": 1.0, "knn_imputer": 0.0, "knn_imputer_k": 7.0, "lasso_alpha": 1e-05, "pca_components": 2.0, "sampling_strategy": 0.5, "scaler_choice": 1.0, "xgb_colsample_bytree": 0.1, "xgb_gamma": 10.0, "xgb_learning_rate": 0.0001, "xgb_max_depth": 2.0, "xgb_n_estimators": 345.5253311526612, "xgb_reg_alpha": 4.308157370646364, "xgb_reg_lambda": 0.0, "xgb_scale_pos_weight": 22.440670642899974, "xgb_subsample": 0.5}, "datetime": {"datetime": "2023-11-13 19:21:54", "elapsed": 124.348223, "delta": 2.930767}}
{"target": 0.5724317065279064, "params": {"imputer_strategy": 0.35230865554767954, "knn_imputer": 0.4773308272790382, "knn_imputer_k": 5.041751232473314, "lasso_alpha": 0.0004512935269083618, "pca_components": 5.405009338044389, "sampling_strategy": 0.33303347500734554, "scaler_choice": 0.9500147047962225, "xgb_colsample_bytree": 0.12741830575009871, "xgb_gamma": 8.670300522927928, "xgb_learning_rate": 0.12538152003610162, "xgb_max_depth": 15.7595414145431, "xgb_n_estimators": 351.789636487924, "xgb_reg_alpha": 2.256691631317358, "xgb_reg_lambda": 7.02617691877256, "xgb_scale_pos_weight": 26.957954327139767, "xgb_subsample": 0.8609318054621591}, "datetime": {"datetime": "2023-11-13 19:21:57", "elapsed": 127.155058, "delta": 2.806835}}
{"target": 0.5660793204791583, "params": {"imputer_strategy": 1.0, "knn_imputer": 1.0, "knn_imputer_k": 7.0, "lasso_alpha": 0.001, "pca_components": 2.0, "sampling_strategy": 0.3, "scaler_choice": 1.0, "xgb_colsample_bytree": 0.1, "xgb_gamma": 10.0, "xgb_learning_rate": 0.0001, "xgb_max_depth": 5.4258520717178955, "xgb_n_estimators": 355.94002092347534, "xgb_reg_alpha": 1.2966012648249277, "xgb_reg_lambda": 0.0, "xgb_scale_pos_weight": 33.57531999104777, "xgb_subsample": 0.5}, "datetime": {"datetime": "2023-11-13 19:22:00", "elapsed": 130.204948, "delta": 3.04989}}
{"target": 0.5689832196681192, "params": {"imputer_strategy": 0.0, "knn_imputer": 1.0, "knn_imputer_k": 3.0, "lasso_alpha": 0.001, "pca_components": 2.0, "sampling_strategy": 0.3, "scaler_choice": 1.0, "xgb_colsample_bytree": 0.1, "xgb_gamma": 10.0, "xgb_learning_rate": 0.0001, "xgb_max_depth": 7.803937660779961, "xgb_n_estimators": 356.8584029802032, "xgb_reg_alpha": 0.0, "xgb_reg_lambda": 0.0, "xgb_scale_pos_weight": 20.0, "xgb_subsample": 0.5}, "datetime": {"datetime": "2023-11-13 19:22:03", "elapsed": 133.612865, "delta": 3.407917}}
{"target": 0.57593191899481, "params": {"imputer_strategy": 0.0, "knn_imputer": 1.0, "knn_imputer_k": 3.0, "lasso_alpha": 1e-05, "pca_components": 2.0, "sampling_strategy": 0.3, "scaler_choice": 0.0, "xgb_colsample_bytree": 1.0, "xgb_gamma": 10.0, "xgb_learning_rate": 0.0001, "xgb_max_depth": 11.874442748193022, "xgb_n_estimators": 481.42668759346657, "xgb_reg_alpha": 10.0, "xgb_reg_lambda": 0.0, "xgb_scale_pos_weight": 20.0, "xgb_subsample": 0.5}, "datetime": {"datetime": "2023-11-13 19:22:08", "elapsed": 138.503568, "delta": 4.890703}}
{"target": 0.5705211468035053, "params": {"imputer_strategy": 0.0, "knn_imputer": 1.0, "knn_imputer_k": 3.0, "lasso_alpha": 0.001, "pca_components": 2.0, "sampling_strategy": 0.3, "scaler_choice": 1.0, "xgb_colsample_bytree": 0.1, "xgb_gamma": 10.0, "xgb_learning_rate": 0.0001, "xgb_max_depth": 7.4116012029150715, "xgb_n_estimators": 345.8443992684244, "xgb_reg_alpha": 0.0, "xgb_reg_lambda": 10.0, "xgb_scale_pos_weight": 20.0, "xgb_subsample": 0.5}, "datetime": {"datetime": "2023-11-13 19:22:11", "elapsed": 141.366292, "delta": 2.862724}}
{"target": 0.5400715842321674, "params": {"imputer_strategy": 0.0, "knn_imputer": 1.0, "knn_imputer_k": 3.0, "lasso_alpha": 1e-05, "pca_components": 2.0, "sampling_strategy": 0.3, "scaler_choice": 1.0, "xgb_colsample_bytree": 1.0, "xgb_gamma": 10.0, "xgb_learning_rate": 1.0, "xgb_max_depth": 10.242052409067876, "xgb_n_estimators": 350.76426286335675, "xgb_reg_alpha": 0.0, "xgb_reg_lambda": 10.0, "xgb_scale_pos_weight": 40.0, "xgb_subsample": 1.0}, "datetime": {"datetime": "2023-11-13 19:22:14", "elapsed": 144.025662, "delta": 2.65937}}
{"target": 0.5449078103578072, "params": {"imputer_strategy": 1.0, "knn_imputer": 0.0, "knn_imputer_k": 3.0, "lasso_alpha": 1e-05, "pca_components": 8.0, "sampling_strategy": 0.5, "scaler_choice": 0.0, "xgb_colsample_bytree": 1.0, "xgb_gamma": 10.0, "xgb_learning_rate": 0.0001, "xgb_max_depth": 2.0, "xgb_n_estimators": 357.55700201748607, "xgb_reg_alpha": 0.0, "xgb_reg_lambda": 10.0, "xgb_scale_pos_weight": 23.328992184882058, "xgb_subsample": 1.0}, "datetime": {"datetime": "2023-11-13 19:22:17", "elapsed": 147.548699, "delta": 3.523037}}
{"target": 0.5565262787588331, "params": {"imputer_strategy": 1.0, "knn_imputer": 0.0, "knn_imputer_k": 7.0, "lasso_alpha": 0.001, "pca_components": 8.0, "sampling_strategy": 0.5, "scaler_choice": 1.0, "xgb_colsample_bytree": 0.1, "xgb_gamma": 10.0, "xgb_learning_rate": 0.0001, "xgb_max_depth": 2.0, "xgb_n_estimators": 340.09513467266567, "xgb_reg_alpha": 0.0, "xgb_reg_lambda": 0.0, "xgb_scale_pos_weight": 36.3473951021862, "xgb_subsample": 0.5}, "datetime": {"datetime": "2023-11-13 19:22:21", "elapsed": 150.892491, "delta": 3.343792}}
{"target": 0.5653237649287096, "params": {"imputer_strategy": 0.0, "knn_imputer": 1.0, "knn_imputer_k": 3.0, "lasso_alpha": 1e-05, "pca_components": 2.0, "sampling_strategy": 0.3, "scaler_choice": 1.0, "xgb_colsample_bytree": 0.1, "xgb_gamma": 10.0, "xgb_learning_rate": 0.0001, "xgb_max_depth": 18.346756424620978, "xgb_n_estimators": 363.72236252028233, "xgb_reg_alpha": 0.0, "xgb_reg_lambda": 0.0, "xgb_scale_pos_weight": 35.49534950035869, "xgb_subsample": 0.5}, "datetime": {"datetime": "2023-11-13 19:22:24", "elapsed": 154.449243, "delta": 3.556752}}
{"target": 0.5711947011607286, "params": {"imputer_strategy": 0.0, "knn_imputer": 1.0, "knn_imputer_k": 7.0, "lasso_alpha": 0.0003411182115293861, "pca_components": 2.0, "sampling_strategy": 0.3, "scaler_choice": 0.0, "xgb_colsample_bytree": 1.0, "xgb_gamma": 10.0, "xgb_learning_rate": 0.6937509497235211, "xgb_max_depth": 14.790499412675693, "xgb_n_estimators": 489.7301419211111, "xgb_reg_alpha": 0.0, "xgb_reg_lambda": 0.0, "xgb_scale_pos_weight": 20.0, "xgb_subsample": 1.0}, "datetime": {"datetime": "2023-11-13 19:22:27", "elapsed": 157.068359, "delta": 2.619116}}
{"target": 0.28637652225036314, "params": {"imputer_strategy": 0.707487078111803, "knn_imputer": 0.3033837064361953, "knn_imputer_k": 6.871573260637211, "lasso_alpha": 0.0008491243547043207, "pca_components": 5.735194225231371, "sampling_strategy": 0.4465791916853273, "scaler_choice": 0.815082334079883, "xgb_colsample_bytree": 0.7769616587348765, "xgb_gamma": 1.4086483891356771, "xgb_learning_rate": 0.5272582915889442, "xgb_max_depth": 18.987629296322716, "xgb_n_estimators": 480.3020350593099, "xgb_reg_alpha": 2.822361566786873, "xgb_reg_lambda": 1.4484719513549837, "xgb_scale_pos_weight": 20.535339136782415, "xgb_subsample": 0.9563456322130177}, "datetime": {"datetime": "2023-11-13 19:22:31", "elapsed": 160.986174, "delta": 3.917815}}
{"target": 0.5647498415148632, "params": {"imputer_strategy": 0.0, "knn_imputer": 1.0, "knn_imputer_k": 3.0, "lasso_alpha": 1e-05, "pca_components": 2.0, "sampling_strategy": 0.3, "scaler_choice": 0.0, "xgb_colsample_bytree": 1.0, "xgb_gamma": 10.0, "xgb_learning_rate": 0.0001, "xgb_max_depth": 5.667023883353091, "xgb_n_estimators": 497.25653454206827, "xgb_reg_alpha": 0.0, "xgb_reg_lambda": 0.0, "xgb_scale_pos_weight": 20.0, "xgb_subsample": 0.5}, "datetime": {"datetime": "2023-11-13 19:22:36", "elapsed": 166.083371, "delta": 5.097197}}
{"target": 0.5132894075805777, "params": {"imputer_strategy": 0.0, "knn_imputer": 0.0, "knn_imputer_k": 3.0, "lasso_alpha": 0.001, "pca_components": 8.0, "sampling_strategy": 0.3, "scaler_choice": 0.0, "xgb_colsample_bytree": 1.0, "xgb_gamma": 10.0, "xgb_learning_rate": 1.0, "xgb_max_depth": 13.688149424148742, "xgb_n_estimators": 358.2783043274475, "xgb_reg_alpha": 10.0, "xgb_reg_lambda": 0.0, "xgb_scale_pos_weight": 40.0, "xgb_subsample": 1.0}, "datetime": {"datetime": "2023-11-13 19:22:39", "elapsed": 168.988363, "delta": 2.904992}}
{"target": 0.5716184224910612, "params": {"imputer_strategy": 0.9292430704085199, "knn_imputer": 1.0, "knn_imputer_k": 3.0, "lasso_alpha": 0.001, "pca_components": 2.0, "sampling_strategy": 0.3, "scaler_choice": 1.0, "xgb_colsample_bytree": 0.1, "xgb_gamma": 10.0, "xgb_learning_rate": 0.0001, "xgb_max_depth": 17.88527979171649, "xgb_n_estimators": 363.61388788506196, "xgb_reg_alpha": 0.0, "xgb_reg_lambda": 10.0, "xgb_scale_pos_weight": 20.0, "xgb_subsample": 0.5}, "datetime": {"datetime": "2023-11-13 19:22:42", "elapsed": 172.120914, "delta": 3.132551}}
{"target": 0.5754906803422504, "params": {"imputer_strategy": 1.0, "knn_imputer": 1.0, "knn_imputer_k": 3.0, "lasso_alpha": 1e-05, "pca_components": 8.0, "sampling_strategy": 0.5, "scaler_choice": 1.0, "xgb_colsample_bytree": 1.0, "xgb_gamma": 10.0, "xgb_learning_rate": 0.0001, "xgb_max_depth": 2.0, "xgb_n_estimators": 338.1208304739948, "xgb_reg_alpha": 10.0, "xgb_reg_lambda": 10.0, "xgb_scale_pos_weight": 20.0, "xgb_subsample": 0.5}, "datetime": {"datetime": "2023-11-13 19:22:46", "elapsed": 176.167898, "delta": 4.046984}}
{"target": 0.5679551127100495, "params": {"imputer_strategy": 0.0, "knn_imputer": 1.0, "knn_imputer_k": 7.0, "lasso_alpha": 0.001, "pca_components": 2.0, "sampling_strategy": 0.3, "scaler_choice": 1.0, "xgb_colsample_bytree": 0.1, "xgb_gamma": 10.0, "xgb_learning_rate": 0.0001, "xgb_max_depth": 9.813137606090002, "xgb_n_estimators": 368.3739341598196, "xgb_reg_alpha": 0.0, "xgb_reg_lambda": 10.0, "xgb_scale_pos_weight": 30.405743194754635, "xgb_subsample": 0.5}, "datetime": {"datetime": "2023-11-13 19:22:49", "elapsed": 179.426149, "delta": 3.258251}}
{"target": 0.4014672213990652, "params": {"imputer_strategy": 1.0, "knn_imputer": 1.0, "knn_imputer_k": 3.0, "lasso_alpha": 0.001, "pca_components": 2.0, "sampling_strategy": 0.3, "scaler_choice": 1.0, "xgb_colsample_bytree": 0.1, "xgb_gamma": 0.0, "xgb_learning_rate": 0.0001, "xgb_max_depth": 13.864879265774817, "xgb_n_estimators": 363.61203280563035, "xgb_reg_alpha": 0.0, "xgb_reg_lambda": 1.0046080109548696, "xgb_scale_pos_weight": 25.24565937542134, "xgb_subsample": 0.5}, "datetime": {"datetime": "2023-11-13 19:22:55", "elapsed": 185.690661, "delta": 6.264512}}
{"target": 0.5623720967371592, "params": {"imputer_strategy": 0.0, "knn_imputer": 1.0, "knn_imputer_k": 7.0, "lasso_alpha": 0.001, "pca_components": 2.0, "sampling_strategy": 0.3, "scaler_choice": 0.0, "xgb_colsample_bytree": 1.0, "xgb_gamma": 10.0, "xgb_learning_rate": 0.0001, "xgb_max_depth": 4.429986278752378, "xgb_n_estimators": 353.7024456371019, "xgb_reg_alpha": 10.0, "xgb_reg_lambda": 8.839047848260945, "xgb_scale_pos_weight": 20.0, "xgb_subsample": 1.0}, "datetime": {"datetime": "2023-11-13 19:22:59", "elapsed": 189.354958, "delta": 3.664297}}
{"target": 0.5389775442077687, "params": {"imputer_strategy": 0.6017379618759741, "knn_imputer": 0.3690289700355799, "knn_imputer_k": 5.921540800889908, "lasso_alpha": 0.00029651550248081663, "pca_components": 5.3308436888435455, "sampling_strategy": 0.4860568140767915, "scaler_choice": 0.3197975613083811, "xgb_colsample_bytree": 0.7057470250022814, "xgb_gamma": 6.833651860393793, "xgb_learning_rate": 0.672001924911953, "xgb_max_depth": 6.62124285483678, "xgb_n_estimators": 106.6706644416331, "xgb_reg_alpha": 8.490713893278096, "xgb_reg_lambda": 5.680987830550017, "xgb_scale_pos_weight": 34.09572231458494, "xgb_subsample": 0.6176986704985091}, "datetime": {"datetime": "2023-11-13 19:23:01", "elapsed": 191.605606, "delta": 2.250648}}
{"target": 0.5740385693343577, "params": {"imputer_strategy": 1.0, "knn_imputer": 1.0, "knn_imputer_k": 3.0, "lasso_alpha": 1e-05, "pca_components": 2.0, "sampling_strategy": 0.5, "scaler_choice": 1.0, "xgb_colsample_bytree": 0.1, "xgb_gamma": 10.0, "xgb_learning_rate": 0.0001, "xgb_max_depth": 2.0, "xgb_n_estimators": 338.06367952945527, "xgb_reg_alpha": 10.0, "xgb_reg_lambda": 10.0, "xgb_scale_pos_weight": 34.09173145341633, "xgb_subsample": 0.5}, "datetime": {"datetime": "2023-11-13 19:23:04", "elapsed": 194.659756, "delta": 3.05415}}
{"target": 0.5678686733337104, "params": {"imputer_strategy": 1.0, "knn_imputer": 1.0, "knn_imputer_k": 7.0, "lasso_alpha": 1e-05, "pca_components": 2.0, "sampling_strategy": 0.5, "scaler_choice": 1.0, "xgb_colsample_bytree": 0.1, "xgb_gamma": 10.0, "xgb_learning_rate": 0.0001, "xgb_max_depth": 20.0, "xgb_n_estimators": 363.37766536295265, "xgb_reg_alpha": 0.0, "xgb_reg_lambda": 10.0, "xgb_scale_pos_weight": 40.0, "xgb_subsample": 0.5}, "datetime": {"datetime": "2023-11-13 19:23:08", "elapsed": 198.001912, "delta": 3.342156}}
{"target": 0.5522315207465066, "params": {"imputer_strategy": 0.6296982267188937, "knn_imputer": 0.5114292452902829, "knn_imputer_k": 3.9596856901707995, "lasso_alpha": 0.0007879527269918571, "pca_components": 5.4161500922303665, "sampling_strategy": 0.4002390445702607, "scaler_choice": 0.9948803002233224, "xgb_colsample_bytree": 0.12292653455140004, "xgb_gamma": 5.67389535500726, "xgb_learning_rate": 0.25077763218081456, "xgb_max_depth": 13.467935665914672, "xgb_n_estimators": 119.97283538204684, "xgb_reg_alpha": 2.240560268920163, "xgb_reg_lambda": 8.16344144721175, "xgb_scale_pos_weight": 21.425011275543376, "xgb_subsample": 0.6703082492372342}, "datetime": {"datetime": "2023-11-13 19:23:10", "elapsed": 200.305764, "delta": 2.303852}}
{"target": 0.3344729469018536, "params": {"imputer_strategy": 1.0, "knn_imputer": 1.0, "knn_imputer_k": 7.0, "lasso_alpha": 0.0009392524468253878, "pca_components": 8.0, "sampling_strategy": 0.3, "scaler_choice": 0.0, "xgb_colsample_bytree": 1.0, "xgb_gamma": 1.1057310295461378, "xgb_learning_rate": 0.0001, "xgb_max_depth": 20.0, "xgb_n_estimators": 120.20774191776594, "xgb_reg_alpha": 8.08435659855489, "xgb_reg_lambda": 0.0, "xgb_scale_pos_weight": 32.91764779163882, "xgb_subsample": 1.0}, "datetime": {"datetime": "2023-11-13 19:23:21", "elapsed": 211.408412, "delta": 11.102648}}
{"target": 0.5796634966021346, "params": {"imputer_strategy": 0.0, "knn_imputer": 0.5601325840873306, "knn_imputer_k": 3.0, "lasso_alpha": 1e-05, "pca_components": 2.0, "sampling_strategy": 0.4986475502553339, "scaler_choice": 1.0, "xgb_colsample_bytree": 0.1, "xgb_gamma": 10.0, "xgb_learning_rate": 0.36228785432211374, "xgb_max_depth": 2.0, "xgb_n_estimators": 118.13127880037882, "xgb_reg_alpha": 0.0, "xgb_reg_lambda": 10.0, "xgb_scale_pos_weight": 28.940969407479706, "xgb_subsample": 0.5}, "datetime": {"datetime": "2023-11-13 19:23:23", "elapsed": 213.493348, "delta": 2.084936}}
{"target": 0.5756089581486691, "params": {"imputer_strategy": 0.0, "knn_imputer": 1.0, "knn_imputer_k": 7.0, "lasso_alpha": 0.001, "pca_components": 2.0, "sampling_strategy": 0.3, "scaler_choice": 1.0, "xgb_colsample_bytree": 0.1, "xgb_gamma": 10.0, "xgb_learning_rate": 0.0001, "xgb_max_depth": 2.514981981789685, "xgb_n_estimators": 113.38964730374451, "xgb_reg_alpha": 0.0, "xgb_reg_lambda": 0.0, "xgb_scale_pos_weight": 22.73102360420268, "xgb_subsample": 0.5}, "datetime": {"datetime": "2023-11-13 19:23:26", "elapsed": 216.045474, "delta": 2.552126}}
{"target": 0.5700130084324064, "params": {"imputer_strategy": 0.0, "knn_imputer": 1.0, "knn_imputer_k": 7.0, "lasso_alpha": 0.001, "pca_components": 2.0, "sampling_strategy": 0.3, "scaler_choice": 1.0, "xgb_colsample_bytree": 0.1, "xgb_gamma": 10.0, "xgb_learning_rate": 0.0001, "xgb_max_depth": 2.0, "xgb_n_estimators": 127.64466512716037, "xgb_reg_alpha": 0.0, "xgb_reg_lambda": 1.457852939672239, "xgb_scale_pos_weight": 25.803313157037163, "xgb_subsample": 0.5}, "datetime": {"datetime": "2023-11-13 19:23:28", "elapsed": 218.278186, "delta": 2.232712}}
{"target": 0.5431370189665352, "params": {"imputer_strategy": 0.8723726029252561, "knn_imputer": 0.7798568734954617, "knn_imputer_k": 6.692619514360777, "lasso_alpha": 0.00026698819201880576, "pca_components": 2.0618326284848205, "sampling_strategy": 0.41912021411644595, "scaler_choice": 0.28295145988087866, "xgb_colsample_bytree": 0.20486580315174524, "xgb_gamma": 2.147751601101755, "xgb_learning_rate": 0.042028528138197074, "xgb_max_depth": 4.131937370675928, "xgb_n_estimators": 109.94066656508737, "xgb_reg_alpha": 3.1712333046504373, "xgb_reg_lambda": 9.46104304636872, "xgb_scale_pos_weight": 21.215445487072596, "xgb_subsample": 0.9601225726671713}, "datetime": {"datetime": "2023-11-13 19:23:30", "elapsed": 220.405016, "delta": 2.12683}}
{"target": 0.5727726334860394, "params": {"imputer_strategy": 0.0, "knn_imputer": 1.0, "knn_imputer_k": 3.0, "lasso_alpha": 1e-05, "pca_components": 2.0, "sampling_strategy": 0.5, "scaler_choice": 1.0, "xgb_colsample_bytree": 0.1, "xgb_gamma": 10.0, "xgb_learning_rate": 0.20861640575122617, "xgb_max_depth": 2.0, "xgb_n_estimators": 121.5684098051245, "xgb_reg_alpha": 10.0, "xgb_reg_lambda": 6.448969516636524, "xgb_scale_pos_weight": 20.0, "xgb_subsample": 0.5}, "datetime": {"datetime": "2023-11-13 19:23:32", "elapsed": 222.730027, "delta": 2.325011}}
