{"target": 0.5603897793287366, "params": {"imputer_strategy": 0.3745401188473625, "knn_imputer": 0.9507143064099162, "knn_imputer_k": 5.92797576724562, "lasso_alpha": 0.0006026718993550663, "pca_components": 2.9361118426546193, "sampling_strategy": 0.3311989040672405, "scaler_choice": 0.05808361216819946, "xgb_colsample_bytree": 0.8795585311974417, "xgb_gamma": 6.011150117432088, "xgb_learning_rate": 0.7081017705382658, "xgb_max_depth": 2.370520897324444, "xgb_n_estimators": 487.96394086479773, "xgb_reg_alpha": 8.324426408004218, "xgb_reg_lambda": 2.1233911067827616, "xgb_scale_pos_weight": 23.636499344142013, "xgb_subsample": 0.5917022549267169}, "datetime": {"datetime": "2023-11-13 19:19:50", "elapsed": 0.0, "delta": 0.0}}
{"target": 0.38701592289327935, "params": {"imputer_strategy": 0.3042422429595377, "knn_imputer": 0.5247564316322378, "knn_imputer_k": 4.727780074568463, "lasso_alpha": 0.0002983168487960615, "pca_components": 5.671117368334277, "sampling_strategy": 0.32789877213040836, "scaler_choice": 0.29214464853521815, "xgb_colsample_bytree": 0.4297256589643226, "xgb_gamma": 4.56069984217036, "xgb_learning_rate": 0.7851974437968743, "xgb_max_depth": 5.594128078850475, "xgb_n_estimators": 305.69377536544465, "xgb_reg_alpha": 5.924145688620425, "xgb_reg_lambda": 0.46450412719997725, "xgb_scale_pos_weight": 32.150897038028766, "xgb_subsample": 0.5852620618436457}, "datetime": {"datetime": "2023-11-13 19:19:52", "elapsed": 2.015117, "delta": 2.015117}}
{"target": 0.43845945656609553, "params": {"imputer_strategy": 0.06505159298527952, "knn_imputer": 0.9488855372533332, "knn_imputer_k": 6.862528132298237, "lasso_alpha": 0.0008103133746352965, "pca_components": 3.8276826150402243, "sampling_strategy": 0.31953442280127675, "scaler_choice": 0.6842330265121569, "xgb_colsample_bytree": 0.4961372443656412, "xgb_gamma": 1.2203823484477883, "xgb_learning_rate": 0.49522739242025904, "xgb_max_depth": 2.618993380073931, "xgb_n_estimators": 463.7281608315128, "xgb_reg_alpha": 2.587799816000169, "xgb_reg_lambda": 6.62522284353982, "xgb_scale_pos_weight": 26.23422152178822, "xgb_subsample": 0.7600340105889054}, "datetime": {"datetime": "2023-11-13 19:19:55", "elapsed": 4.836932, "delta": 2.821815}}
{"target": 0.3913130878501482, "params": {"imputer_strategy": 0.5467102793432796, "knn_imputer": 0.18485445552552704, "knn_imputer_k": 6.878338511058234, "lasso_alpha": 0.0007773814951275034, "pca_components": 7.6369936493851345, "sampling_strategy": 0.47896547008552975, "scaler_choice": 0.5978999788110851, "xgb_colsample_bytree": 0.9296868115208051, "xgb_gamma": 0.884925020519195, "xgb_learning_rate": 0.1960632641329033, "xgb_max_depth": 2.814091200389685, "xgb_n_estimators": 230.13213230530573, "xgb_reg_alpha": 3.8867728968948203, "xgb_reg_lambda": 2.713490317738959, "xgb_scale_pos_weight": 36.57475018303859, "xgb_subsample": 0.6783766633467947}, "datetime": {"datetime": "2023-11-13 19:19:57", "elapsed": 6.886242, "delta": 2.04931}}
{"target": 0.39836852442806836, "params": {"imputer_strategy": 0.28093450968738076, "knn_imputer": 0.5426960831582485, "knn_imputer_k": 3.5636968998990506, "lasso_alpha": 0.0008041750109464993, "pca_components": 2.447303862078625, "sampling_strategy": 0.49737738732010345, "scaler_choice": 0.7722447692966574, "xgb_colsample_bytree": 0.2788441133807552, "xgb_gamma": 0.05522117123602399, "xgb_learning_rate": 0.8154798823119886, "xgb_max_depth": 14.723432189257109, "xgb_n_estimators": 391.60286721639494, "xgb_reg_alpha": 7.712703466859457, "xgb_reg_lambda": 0.7404465173409036, "xgb_scale_pos_weight": 27.169314570885454, "xgb_subsample": 0.5579345297625649}, "datetime": {"datetime": "2023-11-13 19:20:00", "elapsed": 10.624996, "delta": 3.738754}}
{"target": 0.4279077393253856, "params": {"imputer_strategy": 0.6533982675899892, "knn_imputer": 0.49310884824824464, "knn_imputer_k": 6.1283925883504065, "lasso_alpha": 0.0006977355932609515, "pca_components": 7.927714209239388, "sampling_strategy": 0.40206251668240794, "scaler_choice": 0.42717478967300937, "xgb_colsample_bytree": 0.35806572049536545, "xgb_gamma": 4.768612917912744, "xgb_learning_rate": 0.8728841909751098, "xgb_max_depth": 2.763915064251343, "xgb_n_estimators": 491.1600189144755, "xgb_reg_alpha": 9.93307194307798, "xgb_reg_lambda": 5.978213785879017, "xgb_scale_pos_weight": 26.630884073908028, "xgb_subsample": 0.6115244841610119}, "datetime": {"datetime": "2023-11-13 19:20:03", "elapsed": 13.455188, "delta": 2.830192}}
{"target": 0.509312172077363, "params": {"imputer_strategy": 0.09017213652087108, "knn_imputer": 0.885150941923045, "knn_imputer_k": 3.718285308273991, "lasso_alpha": 0.0007731397343906779, "pca_components": 2.8297060983555733, "sampling_strategy": 0.44557091063176324, "scaler_choice": 0.2384367199486893, "xgb_colsample_bytree": 0.13728624989015734, "xgb_gamma": 1.5891120134850067, "xgb_learning_rate": 0.8166393605967454, "xgb_max_depth": 15.669474790320624, "xgb_n_estimators": 330.7018334427639, "xgb_reg_alpha": 5.352499162051448, "xgb_reg_lambda": 0.4738062519428776, "xgb_scale_pos_weight": 27.06568647070202, "xgb_subsample": 0.9515701768804415}, "datetime": {"datetime": "2023-11-13 19:20:05", "elapsed": 15.421337, "delta": 1.966149}}
{"target": 0.5243712612859084, "params": {"imputer_strategy": 0.1490895044702233, "knn_imputer": 0.5135074528609868, "knn_imputer_k": 5.522300821292097, "lasso_alpha": 0.0002771475562962029, "pca_components": 5.954021642471168, "sampling_strategy": 0.35612191756289163, "scaler_choice": 0.3082327312900076, "xgb_colsample_bytree": 0.14617107972099275, "xgb_gamma": 7.127755189849381, "xgb_learning_rate": 0.8956920882232609, "xgb_max_depth": 3.910575383908961, "xgb_n_estimators": 186.8793681898445, "xgb_reg_alpha": 3.674871206631243, "xgb_reg_lambda": 2.776483349624942, "xgb_scale_pos_weight": 31.94978404904961, "xgb_subsample": 0.5494644152406172}, "datetime": {"datetime": "2023-11-13 19:20:07", "elapsed": 17.295682, "delta": 1.874345}}
{"target": 0.5085743262330641, "params": {"imputer_strategy": 0.23810847744490393, "knn_imputer": 0.5074905650788947, "knn_imputer_k": 4.287007217843827, "lasso_alpha": 0.000614274901205148, "pca_components": 7.480867181459075, "sampling_strategy": 0.4660851644945537, "scaler_choice": 0.30727130537359304, "xgb_colsample_bytree": 0.6744609421660822, "xgb_gamma": 9.779541753597686, "xgb_learning_rate": 0.6164054660300142, "xgb_max_depth": 12.507441845755364, "xgb_n_estimators": 168.76065512524764, "xgb_reg_alpha": 1.7246465177415438, "xgb_reg_lambda": 1.6685704204824414, "xgb_scale_pos_weight": 39.948061968088524, "xgb_subsample": 0.6070340811679975}, "datetime": {"datetime": "2023-11-13 19:20:09", "elapsed": 19.082829, "delta": 1.787147}}
{"target": 0.5116635775682146, "params": {"imputer_strategy": 0.8743112764545091, "knn_imputer": 0.46816752558196706, "knn_imputer_k": 3.472540245301713, "lasso_alpha": 0.0005653622000351817, "pca_components": 7.897366221145703, "sampling_strategy": 0.43121212707054946, "scaler_choice": 0.6103894226390216, "xgb_colsample_bytree": 0.11828558520372727, "xgb_gamma": 3.4131934340154046, "xgb_learning_rate": 0.6338495307163402, "xgb_max_depth": 18.66918453631032, "xgb_n_estimators": 190.68828623126132, "xgb_reg_alpha": 6.4456546650013244, "xgb_reg_lambda": 6.5183391814880896, "xgb_scale_pos_weight": 35.77238244264622, "xgb_subsample": 0.6700613036066114}, "datetime": {"datetime": "2023-11-13 19:20:11", "elapsed": 21.293289, "delta": 2.21046}}
{"target": 0.11223133897220183, "params": {"imputer_strategy": 0.31565111990661177, "knn_imputer": 0.6635403928984501, "knn_imputer_k": 6.216946511205285, "lasso_alpha": 1.3135193063190789e-05, "pca_components": 6.210123179292317, "sampling_strategy": 0.4073625073839762, "scaler_choice": 0.47151802652540076, "xgb_colsample_bytree": 0.7159229493082675, "xgb_gamma": 1.0461826978295174, "xgb_learning_rate": 0.8719908862422342, "xgb_max_depth": 8.818775569807668, "xgb_n_estimators": 233.3847827302963, "xgb_reg_alpha": 3.683620454118203, "xgb_reg_lambda": 1.503379760211031, "xgb_scale_pos_weight": 39.70283412003098, "xgb_subsample": 0.8725342335166699}, "datetime": {"datetime": "2023-11-13 19:20:14", "elapsed": 23.953416, "delta": 2.660127}}
{"target": 0.5550366399630582, "params": {"imputer_strategy": 0.20555189787078543, "knn_imputer": 0.7356828860028687, "knn_imputer_k": 4.6675351041747195, "lasso_alpha": 0.0007784538515617892, "pca_components": 3.8025889771382717, "sampling_strategy": 0.4962941546056632, "scaler_choice": 0.663314121821627, "xgb_colsample_bytree": 0.18017239573408983, "xgb_gamma": 2.511619604712455, "xgb_learning_rate": 0.12307969178257508, "xgb_max_depth": 16.101360528173174, "xgb_n_estimators": 329.17239240721307, "xgb_reg_alpha": 6.271471732095332, "xgb_reg_lambda": 2.018408685592734, "xgb_scale_pos_weight": 29.372522562074327, "xgb_subsample": 0.5358036895072449}, "datetime": {"datetime": "2023-11-13 19:20:17", "elapsed": 26.890231, "delta": 2.936815}}
{"target": 0.5559237823007389, "params": {"imputer_strategy": 0.1712715834434783, "knn_imputer": 0.4772093922947915, "knn_imputer_k": 4.536020382083592, "lasso_alpha": 0.001, "pca_components": 4.052055338364499, "sampling_strategy": 0.4602321563963943, "scaler_choice": 0.9395858343294776, "xgb_colsample_bytree": 0.36522968249055915, "xgb_gamma": 4.626690300756667, "xgb_learning_rate": 0.18575388055080572, "xgb_max_depth": 13.199973947406441, "xgb_n_estimators": 332.5784876516772, "xgb_reg_alpha": 7.035109173636782, "xgb_reg_lambda": 6.058150864890938, "xgb_scale_pos_weight": 32.00180983718188, "xgb_subsample": 0.5054129815064068}, "datetime": {"datetime": "2023-11-13 19:20:20", "elapsed": 29.999688, "delta": 3.109457}}
{"target": 0.5487517453149571, "params": {"imputer_strategy": 0.3170548123673868, "knn_imputer": 0.46764634519437465, "knn_imputer_k": 6.922706256046146, "lasso_alpha": 0.00017528924630786448, "pca_components": 3.978535063020048, "sampling_strategy": 0.5, "scaler_choice": 1.0, "xgb_colsample_bytree": 0.12866742317408095, "xgb_gamma": 1.5421419737760382, "xgb_learning_rate": 0.0001, "xgb_max_depth": 19.34009990797377, "xgb_n_estimators": 332.29284780928987, "xgb_reg_alpha": 9.379606895876384, "xgb_reg_lambda": 4.007781243767519, "xgb_scale_pos_weight": 35.11974523027167, "xgb_subsample": 0.5}, "datetime": {"datetime": "2023-11-13 19:20:23", "elapsed": 33.795257, "delta": 3.795569}}
{"target": 0.5572581566600749, "params": {"imputer_strategy": 0.7780323840525681, "knn_imputer": 0.643544757842675, "knn_imputer_k": 6.757985606199947, "lasso_alpha": 0.001, "pca_components": 7.759541677020247, "sampling_strategy": 0.5, "scaler_choice": 1.0, "xgb_colsample_bytree": 0.3377846751307509, "xgb_gamma": 6.445907893695745, "xgb_learning_rate": 0.0001, "xgb_max_depth": 20.0, "xgb_n_estimators": 328.67002156432756, "xgb_reg_alpha": 7.326277972592377, "xgb_reg_lambda": 8.385799550696083, "xgb_scale_pos_weight": 30.117182091715794, "xgb_subsample": 0.5}, "datetime": {"datetime": "2023-11-13 19:20:28", "elapsed": 37.858021, "delta": 4.062764}}
{"target": 0.5652266456224646, "params": {"imputer_strategy": 0.010273740090351062, "knn_imputer": 0.13717796030102092, "knn_imputer_k": 4.512284839905316, "lasso_alpha": 0.001, "pca_components": 6.215138738575547, "sampling_strategy": 0.5, "scaler_choice": 1.0, "xgb_colsample_bytree": 0.2408232740066084, "xgb_gamma": 8.958838132670257, "xgb_learning_rate": 0.0001, "xgb_max_depth": 18.02247934156601, "xgb_n_estimators": 328.1632492231858, "xgb_reg_alpha": 3.8064914528962346, "xgb_reg_lambda": 2.3029530164241185, "xgb_scale_pos_weight": 36.731197664500456, "xgb_subsample": 0.5}, "datetime": {"datetime": "2023-11-13 19:20:32", "elapsed": 42.394747, "delta": 4.536726}}
{"target": 0.21804937750732567, "params": {"imputer_strategy": 0.11973221649432175, "knn_imputer": 0.7072113674912489, "knn_imputer_k": 3.609527057041148, "lasso_alpha": 0.000830593033345751, "pca_components": 2.159874787348142, "sampling_strategy": 0.3338432116910591, "scaler_choice": 0.19907061390508518, "xgb_colsample_bytree": 0.7369699770286195, "xgb_gamma": 1.9088074864992888, "xgb_learning_rate": 0.51805575962605, "xgb_max_depth": 19.112466066604796, "xgb_n_estimators": 324.601600090641, "xgb_reg_alpha": 0.5141264498307219, "xgb_reg_lambda": 7.030368812516868, "xgb_scale_pos_weight": 34.23415456586145, "xgb_subsample": 0.5269562955748688}, "datetime": {"datetime": "2023-11-13 19:20:37", "elapsed": 46.958838, "delta": 4.564091}}
{"target": 0.545793910417822, "params": {"imputer_strategy": 0.6711558531834534, "knn_imputer": 0.6106664714636829, "knn_imputer_k": 6.175838861532704, "lasso_alpha": 0.0009505745155737426, "pca_components": 7.254481829270896, "sampling_strategy": 0.3363890629054936, "scaler_choice": 0.017139575555649933, "xgb_colsample_bytree": 0.6874709438910065, "xgb_gamma": 7.262537636319266, "xgb_learning_rate": 0.4895826431423819, "xgb_max_depth": 16.338393540304978, "xgb_n_estimators": 332.86846619283875, "xgb_reg_alpha": 7.623386402179459, "xgb_reg_lambda": 3.0371308544067075, "xgb_scale_pos_weight": 34.5068967477125, "xgb_subsample": 0.9903580111864714}, "datetime": {"datetime": "2023-11-13 19:20:40", "elapsed": 50.078101, "delta": 3.119263}}
{"target": 0.5852218866461073, "params": {"imputer_strategy": 0.0, "knn_imputer": 0.0, "knn_imputer_k": 5.199625507187301, "lasso_alpha": 9.936538098204713e-05, "pca_components": 3.7134572465295106, "sampling_strategy": 0.5, "scaler_choice": 1.0, "xgb_colsample_bytree": 0.1, "xgb_gamma": 9.877261274865681, "xgb_learning_rate": 0.0001, "xgb_max_depth": 18.10085451913537, "xgb_n_estimators": 328.3996675551466, "xgb_reg_alpha": 10.0, "xgb_reg_lambda": 2.1826441260194285, "xgb_scale_pos_weight": 30.38640814198919, "xgb_subsample": 0.5}, "datetime": {"datetime": "2023-11-13 19:20:44", "elapsed": 53.93372, "delta": 3.855619}}
{"target": 0.5564932436327695, "params": {"imputer_strategy": 0.0, "knn_imputer": 0.0, "knn_imputer_k": 7.0, "lasso_alpha": 0.001, "pca_components": 8.0, "sampling_strategy": 0.5, "scaler_choice": 1.0, "xgb_colsample_bytree": 0.1, "xgb_gamma": 7.021385693832771, "xgb_learning_rate": 0.0001, "xgb_max_depth": 12.24644930557429, "xgb_n_estimators": 325.94039529091793, "xgb_reg_alpha": 10.0, "xgb_reg_lambda": 2.5386343914564318, "xgb_scale_pos_weight": 30.205121264347742, "xgb_subsample": 0.5}, "datetime": {"datetime": "2023-11-13 19:20:47", "elapsed": 57.42701, "delta": 3.49329}}
{"target": 0.5723548219349265, "params": {"imputer_strategy": 0.0, "knn_imputer": 0.0, "knn_imputer_k": 3.0, "lasso_alpha": 1e-05, "pca_components": 2.0, "sampling_strategy": 0.5, "scaler_choice": 1.0, "xgb_colsample_bytree": 0.1, "xgb_gamma": 10.0, "xgb_learning_rate": 0.0001, "xgb_max_depth": 12.420039211396709, "xgb_n_estimators": 328.3393053876506, "xgb_reg_alpha": 10.0, "xgb_reg_lambda": 0.0, "xgb_scale_pos_weight": 37.310410106730515, "xgb_subsample": 0.5}, "datetime": {"datetime": "2023-11-13 19:20:50", "elapsed": 60.718705, "delta": 3.291695}}
{"target": 0.5728127450687635, "params": {"imputer_strategy": 0.0, "knn_imputer": 0.0, "knn_imputer_k": 7.0, "lasso_alpha": 1e-05, "pca_components": 2.0, "sampling_strategy": 0.5, "scaler_choice": 1.0, "xgb_colsample_bytree": 0.1, "xgb_gamma": 10.0, "xgb_learning_rate": 0.0001, "xgb_max_depth": 9.142903753638567, "xgb_n_estimators": 332.9615665232108, "xgb_reg_alpha": 10.0, "xgb_reg_lambda": 0.0, "xgb_scale_pos_weight": 28.609752129545402, "xgb_subsample": 0.5}, "datetime": {"datetime": "2023-11-13 19:20:54", "elapsed": 63.846517, "delta": 3.127812}}
{"target": 0.5610547757742427, "params": {"imputer_strategy": 0.0, "knn_imputer": 0.0, "knn_imputer_k": 7.0, "lasso_alpha": 1e-05, "pca_components": 6.170458791484082, "sampling_strategy": 0.5, "scaler_choice": 1.0, "xgb_colsample_bytree": 0.1, "xgb_gamma": 9.379398289985469, "xgb_learning_rate": 0.0001, "xgb_max_depth": 15.475093027724993, "xgb_n_estimators": 333.30035252608036, "xgb_reg_alpha": 10.0, "xgb_reg_lambda": 6.702856442733539, "xgb_scale_pos_weight": 22.359532546763454, "xgb_subsample": 0.5}, "datetime": {"datetime": "2023-11-13 19:20:57", "elapsed": 66.884148, "delta": 3.037631}}
{"target": 0.5729306108937555, "params": {"imputer_strategy": 0.0, "knn_imputer": 0.0, "knn_imputer_k": 7.0, "lasso_alpha": 1e-05, "pca_components": 2.0, "sampling_strategy": 0.5, "scaler_choice": 1.0, "xgb_colsample_bytree": 0.1, "xgb_gamma": 10.0, "xgb_learning_rate": 0.0001, "xgb_max_depth": 20.0, "xgb_n_estimators": 339.2951389088142, "xgb_reg_alpha": 10.0, "xgb_reg_lambda": 0.0, "xgb_scale_pos_weight": 27.682327280271195, "xgb_subsample": 0.5}, "datetime": {"datetime": "2023-11-13 19:21:00", "elapsed": 70.334651, "delta": 3.450503}}
{"target": 0.5730602273097979, "params": {"imputer_strategy": 1.0, "knn_imputer": 0.0, "knn_imputer_k": 7.0, "lasso_alpha": 1e-05, "pca_components": 2.0, "sampling_strategy": 0.5, "scaler_choice": 1.0, "xgb_colsample_bytree": 0.1, "xgb_gamma": 10.0, "xgb_learning_rate": 0.0001, "xgb_max_depth": 11.712842844317127, "xgb_n_estimators": 343.4070485661721, "xgb_reg_alpha": 10.0, "xgb_reg_lambda": 7.844428407807451, "xgb_scale_pos_weight": 28.270057297610567, "xgb_subsample": 0.5}, "datetime": {"datetime": "2023-11-13 19:21:03", "elapsed": 73.419594, "delta": 3.084943}}
{"target": 0.5667098669604088, "params": {"imputer_strategy": 0.0, "knn_imputer": 0.0, "knn_imputer_k": 3.0, "lasso_alpha": 1e-05, "pca_components": 8.0, "sampling_strategy": 0.5, "scaler_choice": 1.0, "xgb_colsample_bytree": 0.1, "xgb_gamma": 10.0, "xgb_learning_rate": 0.0001, "xgb_max_depth": 20.0, "xgb_n_estimators": 341.2632393832544, "xgb_reg_alpha": 10.0, "xgb_reg_lambda": 10.0, "xgb_scale_pos_weight": 28.590534142700186, "xgb_subsample": 0.5}, "datetime": {"datetime": "2023-11-13 19:21:06", "elapsed": 76.770977, "delta": 3.351383}}
{"target": 0.5609025087811932, "params": {"imputer_strategy": 1.0, "knn_imputer": 0.0, "knn_imputer_k": 7.0, "lasso_alpha": 1e-05, "pca_components": 2.0, "sampling_strategy": 0.5, "scaler_choice": 1.0, "xgb_colsample_bytree": 0.1, "xgb_gamma": 1.2840229937347698, "xgb_learning_rate": 0.0001, "xgb_max_depth": 20.0, "xgb_n_estimators": 342.5194627987545, "xgb_reg_alpha": 10.0, "xgb_reg_lambda": 8.808483500261604, "xgb_scale_pos_weight": 24.69471335295304, "xgb_subsample": 0.5}, "datetime": {"datetime": "2023-11-13 19:21:10", "elapsed": 80.398892, "delta": 3.627915}}
{"target": 0.5551599089832613, "params": {"imputer_strategy": 0.0, "knn_imputer": 0.0, "knn_imputer_k": 3.0, "lasso_alpha": 1e-05, "pca_components": 8.0, "sampling_strategy": 0.5, "scaler_choice": 1.0, "xgb_colsample_bytree": 0.1, "xgb_gamma": 7.143206679631656, "xgb_learning_rate": 0.0001, "xgb_max_depth": 14.01931993134852, "xgb_n_estimators": 346.3725780366825, "xgb_reg_alpha": 10.0, "xgb_reg_lambda": 1.2284886218639073, "xgb_scale_pos_weight": 22.29226456080458, "xgb_subsample": 0.5}, "datetime": {"datetime": "2023-11-13 19:21:13", "elapsed": 83.778333, "delta": 3.379441}}
{"target": 0.5716187505516386, "params": {"imputer_strategy": 0.0, "knn_imputer": 0.0, "knn_imputer_k": 3.0, "lasso_alpha": 1e-05, "pca_components": 2.0, "sampling_strategy": 0.5, "scaler_choice": 1.0, "xgb_colsample_bytree": 0.1, "xgb_gamma": 5.437492435427235, "xgb_learning_rate": 0.0001, "xgb_max_depth": 18.48950874053883, "xgb_n_estimators": 349.12831257626493, "xgb_reg_alpha": 10.0, "xgb_reg_lambda": 3.125923830668199, "xgb_scale_pos_weight": 34.09867310761543, "xgb_subsample": 0.5}, "datetime": {"datetime": "2023-11-13 19:21:17", "elapsed": 86.954706, "delta": 3.176373}}
{"target": 0.5626846421312267, "params": {"imputer_strategy": 0.7551389396358418, "knn_imputer": 0.3476377779179356, "knn_imputer_k": 5.233962810485542, "lasso_alpha": 0.00048210407480878034, "pca_components": 5.69869746344123, "sampling_strategy": 0.4107829599849727, "scaler_choice": 0.08648477470474869, "xgb_colsample_bytree": 0.3137912513594294, "xgb_gamma": 8.730040972988684, "xgb_learning_rate": 0.3969648786946754, "xgb_max_depth": 18.438378165521588, "xgb_n_estimators": 350.9289322071357, "xgb_reg_alpha": 1.5966544695005147, "xgb_reg_lambda": 5.843809531325753, "xgb_scale_pos_weight": 26.91248910699961, "xgb_subsample": 0.8327169332241608}, "datetime": {"datetime": "2023-11-13 19:21:20", "elapsed": 89.869603, "delta": 2.914897}}
{"target": 0.4753069545615226, "params": {"imputer_strategy": 0.0, "knn_imputer": 0.0, "knn_imputer_k": 7.0, "lasso_alpha": 1e-05, "pca_components": 8.0, "sampling_strategy": 0.5, "scaler_choice": 1.0, "xgb_colsample_bytree": 0.1, "xgb_gamma": 0.9898865224668991, "xgb_learning_rate": 0.0001, "xgb_max_depth": 12.395708512734666, "xgb_n_estimators": 351.0262531232087, "xgb_reg_alpha": 10.0, "xgb_reg_lambda": 10.0, "xgb_scale_pos_weight": 30.727350760907658, "xgb_subsample": 0.5}, "datetime": {"datetime": "2023-11-13 19:21:24", "elapsed": 94.229526, "delta": 4.359923}}
{"target": 0.5682850690854692, "params": {"imputer_strategy": 0.0, "knn_imputer": 0.0, "knn_imputer_k": 3.0, "lasso_alpha": 1e-05, "pca_components": 2.0, "sampling_strategy": 0.5, "scaler_choice": 1.0, "xgb_colsample_bytree": 0.1, "xgb_gamma": 10.0, "xgb_learning_rate": 0.0001, "xgb_max_depth": 12.246402348826615, "xgb_n_estimators": 344.0872917607906, "xgb_reg_alpha": 2.2973942837278862, "xgb_reg_lambda": 0.0, "xgb_scale_pos_weight": 32.57605020300256, "xgb_subsample": 0.5}, "datetime": {"datetime": "2023-11-13 19:21:27", "elapsed": 97.289058, "delta": 3.059532}}
{"target": 0.5687618665123774, "params": {"imputer_strategy": 1.0, "knn_imputer": 0.0, "knn_imputer_k": 7.0, "lasso_alpha": 0.001, "pca_components": 2.0, "sampling_strategy": 0.5, "scaler_choice": 1.0, "xgb_colsample_bytree": 0.1, "xgb_gamma": 10.0, "xgb_learning_rate": 0.0001, "xgb_max_depth": 20.0, "xgb_n_estimators": 349.2895462162344, "xgb_reg_alpha": 1.0833347101841666, "xgb_reg_lambda": 0.0, "xgb_scale_pos_weight": 40.0, "xgb_subsample": 0.5}, "datetime": {"datetime": "2023-11-13 19:21:30", "elapsed": 100.42097, "delta": 3.131912}}
