{"target": 0.5667676580777573, "params": {"imputer_strategy": 0.0, "knn_imputer": 0.0, "knn_imputer_k": 3.0, "lasso_alpha": 1e-05, "pca_components": 8.0, "sampling_strategy": 0.3, "scaler_choice": 1.0, "xgb_colsample_bytree": 1.0, "xgb_gamma": 3.571125009152147, "xgb_learning_rate": 0.0001, "xgb_max_depth": 2.0, "xgb_n_estimators": 370.20515032144766, "xgb_reg_alpha": 10.0, "xgb_reg_lambda": 0.0, "xgb_scale_pos_weight": 40.0, "xgb_subsample": 1.0}, "datetime": {"datetime": "2023-11-13 19:38:29", "elapsed": 162.565873, "delta": 4.243285}}
{"target": 0.5796701745882281, "params": {"imputer_strategy": 0.0, "knn_imputer": 0.0, "knn_imputer_k": 3.0, "lasso_alpha": 1e-05, "pca_components": 8.0, "sampling_strategy": 0.5, "scaler_choice": 1.0, "xgb_colsample_bytree": 1.0, "xgb_gamma": 0.0, "xgb_learning_rate": 0.0001, "xgb_max_depth": 2.0, "xgb_n_estimators": 353.33396033194583, "xgb_reg_alpha": 0.0, "xgb_reg_lambda": 10.0, "xgb_scale_pos_weight": 20.0, "xgb_subsample": 0.5}, "datetime": {"datetime": "2023-11-13 19:38:34", "elapsed": 167.521884, "delta": 4.956011}}
{"target": 0.5682271061162523, "params": {"imputer_strategy": 0.0, "knn_imputer": 0.0, "knn_imputer_k": 3.0, "lasso_alpha": 1e-05, "pca_components": 8.0, "sampling_strategy": 0.5, "scaler_choice": 1.0, "xgb_colsample_bytree": 0.1, "xgb_gamma": 0.0, "xgb_learning_rate": 0.0001, "xgb_max_depth": 2.0, "xgb_n_estimators": 333.1253774157413, "xgb_reg_alpha": 0.0, "xgb_reg_lambda": 10.0, "xgb_scale_pos_weight": 20.0, "xgb_subsample": 1.0}, "datetime": {"datetime": "2023-11-13 19:38:38", "elapsed": 171.487602, "delta": 3.965718}}
{"target": 0.5491723177355696, "params": {"imputer_strategy": 0.0, "knn_imputer": 1.0, "knn_imputer_k": 7.0, "lasso_alpha": 0.001, "pca_components": 2.0, "sampling_strategy": 0.3, "scaler_choice": 1.0, "xgb_colsample_bytree": 1.0, "xgb_gamma": 10.0, "xgb_learning_rate": 0.0001, "xgb_max_depth": 20.0, "xgb_n_estimators": 145.68985605483323, "xgb_reg_alpha": 0.0, "xgb_reg_lambda": 10.0, "xgb_scale_pos_weight": 20.0, "xgb_subsample": 1.0}, "datetime": {"datetime": "2023-11-13 19:38:41", "elapsed": 174.834838, "delta": 3.347236}}
{"target": 0.5640070913522154, "params": {"imputer_strategy": 0.0, "knn_imputer": 0.0, "knn_imputer_k": 7.0, "lasso_alpha": 1e-05, "pca_components": 8.0, "sampling_strategy": 0.3, "scaler_choice": 1.0, "xgb_colsample_bytree": 1.0, "xgb_gamma": 10.0, "xgb_learning_rate": 0.0001, "xgb_max_depth": 18.48056024203049, "xgb_n_estimators": 370.2686286277881, "xgb_reg_alpha": 10.0, "xgb_reg_lambda": 10.0, "xgb_scale_pos_weight": 40.0, "xgb_subsample": 1.0}, "datetime": {"datetime": "2023-11-13 19:38:49", "elapsed": 182.102726, "delta": 7.267888}}
{"target": 0.46196539172622264, "params": {"imputer_strategy": 0.0, "knn_imputer": 1.0, "knn_imputer_k": 3.0, "lasso_alpha": 1e-05, "pca_components": 2.0, "sampling_strategy": 0.3, "scaler_choice": 1.0, "xgb_colsample_bytree": 0.1, "xgb_gamma": 0.0, "xgb_learning_rate": 1.0, "xgb_max_depth": 2.0, "xgb_n_estimators": 348.0763035232965, "xgb_reg_alpha": 10.0, "xgb_reg_lambda": 0.0, "xgb_scale_pos_weight": 20.0, "xgb_subsample": 0.5}, "datetime": {"datetime": "2023-11-13 19:38:53", "elapsed": 186.091074, "delta": 3.988348}}
{"target": 0.557036588189839, "params": {"imputer_strategy": 0.2792092750034386, "knn_imputer": 0.35478644885588395, "knn_imputer_k": 4.218750824788845, "lasso_alpha": 0.00038524088814152204, "pca_components": 2.6854061870608845, "sampling_strategy": 0.4840834352137079, "scaler_choice": 0.3835711797074015, "xgb_colsample_bytree": 0.11326906189742969, "xgb_gamma": 6.583511150819545, "xgb_learning_rate": 0.7842622545315234, "xgb_max_depth": 3.232513420003375, "xgb_n_estimators": 489.035822685093, "xgb_reg_alpha": 6.677308807051656, "xgb_reg_lambda": 1.378467764367276, "xgb_scale_pos_weight": 24.558943434454363, "xgb_subsample": 0.8187315170751099}, "datetime": {"datetime": "2023-11-13 19:38:57", "elapsed": 190.03018, "delta": 3.939106}}
{"target": 0.5817237163583312, "params": {"imputer_strategy": 0.0, "knn_imputer": 0.0, "knn_imputer_k": 3.0, "lasso_alpha": 1e-05, "pca_components": 2.0, "sampling_strategy": 0.5, "scaler_choice": 1.0, "xgb_colsample_bytree": 0.1, "xgb_gamma": 10.0, "xgb_learning_rate": 0.0001, "xgb_max_depth": 12.005060338754548, "xgb_n_estimators": 484.11537494638776, "xgb_reg_alpha": 10.0, "xgb_reg_lambda": 9.315211224010755, "xgb_scale_pos_weight": 40.0, "xgb_subsample": 1.0}, "datetime": {"datetime": "2023-11-13 19:39:00", "elapsed": 193.982767, "delta": 3.952587}}
{"target": 0.5688669711006801, "params": {"imputer_strategy": 1.0, "knn_imputer": 1.0, "knn_imputer_k": 7.0, "lasso_alpha": 1e-05, "pca_components": 2.0, "sampling_strategy": 0.3, "scaler_choice": 0.0, "xgb_colsample_bytree": 0.1, "xgb_gamma": 10.0, "xgb_learning_rate": 0.0001, "xgb_max_depth": 20.0, "xgb_n_estimators": 257.0286082979664, "xgb_reg_alpha": 0.0, "xgb_reg_lambda": 10.0, "xgb_scale_pos_weight": 40.0, "xgb_subsample": 1.0}, "datetime": {"datetime": "2023-11-13 19:39:04", "elapsed": 197.140779, "delta": 3.158012}}
{"target": 0.5708638605778693, "params": {"imputer_strategy": 0.7729756904125524, "knn_imputer": 1.0, "knn_imputer_k": 7.0, "lasso_alpha": 1e-05, "pca_components": 2.0, "sampling_strategy": 0.3, "scaler_choice": 0.0, "xgb_colsample_bytree": 0.1, "xgb_gamma": 10.0, "xgb_learning_rate": 0.0001, "xgb_max_depth": 5.397290650234723, "xgb_n_estimators": 269.9072106426102, "xgb_reg_alpha": 0.0, "xgb_reg_lambda": 10.0, "xgb_scale_pos_weight": 40.0, "xgb_subsample": 1.0}, "datetime": {"datetime": "2023-11-13 19:39:07", "elapsed": 200.509019, "delta": 3.36824}}
{"target": 0.5782934813001503, "params": {"imputer_strategy": 0.0, "knn_imputer": 0.0, "knn_imputer_k": 3.0, "lasso_alpha": 0.001, "pca_components": 8.0, "sampling_strategy": 0.5, "scaler_choice": 1.0, "xgb_colsample_bytree": 0.1, "xgb_gamma": 10.0, "xgb_learning_rate": 0.0001, "xgb_max_depth": 2.0, "xgb_n_estimators": 330.7816403031763, "xgb_reg_alpha": 10.0, "xgb_reg_lambda": 10.0, "xgb_scale_pos_weight": 40.0, "xgb_subsample": 1.0}, "datetime": {"datetime": "2023-11-13 19:39:12", "elapsed": 205.045053, "delta": 4.536034}}
{"target": 0.569900821348424, "params": {"imputer_strategy": 0.0, "knn_imputer": 1.0, "knn_imputer_k": 3.0, "lasso_alpha": 1e-05, "pca_components": 8.0, "sampling_strategy": 0.5, "scaler_choice": 1.0, "xgb_colsample_bytree": 1.0, "xgb_gamma": 0.0, "xgb_learning_rate": 0.0001, "xgb_max_depth": 2.0, "xgb_n_estimators": 370.16162044007865, "xgb_reg_alpha": 0.0, "xgb_reg_lambda": 10.0, "xgb_scale_pos_weight": 24.765562093839684, "xgb_subsample": 1.0}, "datetime": {"datetime": "2023-11-13 19:39:17", "elapsed": 210.591355, "delta": 5.546302}}
{"target": 0.5373214342222639, "params": {"imputer_strategy": 0.0, "knn_imputer": 0.0, "knn_imputer_k": 3.0, "lasso_alpha": 1e-05, "pca_components": 8.0, "sampling_strategy": 0.3, "scaler_choice": 1.0, "xgb_colsample_bytree": 1.0, "xgb_gamma": 10.0, "xgb_learning_rate": 0.0001, "xgb_max_depth": 16.718722325716122, "xgb_n_estimators": 365.06253050386965, "xgb_reg_alpha": 0.0, "xgb_reg_lambda": 10.0, "xgb_scale_pos_weight": 20.0, "xgb_subsample": 1.0}, "datetime": {"datetime": "2023-11-13 19:39:29", "elapsed": 222.44185, "delta": 11.850495}}
{"target": 0.5344590752763541, "params": {"imputer_strategy": 1.0, "knn_imputer": 0.0, "knn_imputer_k": 3.0, "lasso_alpha": 1e-05, "pca_components": 8.0, "sampling_strategy": 0.3, "scaler_choice": 0.0, "xgb_colsample_bytree": 0.4198103257186124, "xgb_gamma": 10.0, "xgb_learning_rate": 0.0001, "xgb_max_depth": 20.0, "xgb_n_estimators": 432.3033114817321, "xgb_reg_alpha": 0.0, "xgb_reg_lambda": 0.0, "xgb_scale_pos_weight": 40.0, "xgb_subsample": 0.5}, "datetime": {"datetime": "2023-11-13 19:39:38", "elapsed": 231.12488, "delta": 8.68303}}
{"target": 0.5604221031233301, "params": {"imputer_strategy": 0.0, "knn_imputer": 0.0, "knn_imputer_k": 3.0, "lasso_alpha": 1e-05, "pca_components": 8.0, "sampling_strategy": 0.5, "scaler_choice": 1.0, "xgb_colsample_bytree": 1.0, "xgb_gamma": 10.0, "xgb_learning_rate": 0.0001, "xgb_max_depth": 14.215982850045897, "xgb_n_estimators": 326.49707914424084, "xgb_reg_alpha": 10.0, "xgb_reg_lambda": 10.0, "xgb_scale_pos_weight": 20.0, "xgb_subsample": 1.0}, "datetime": {"datetime": "2023-11-13 19:39:45", "elapsed": 238.361433, "delta": 7.236553}}
{"target": 0.5717963346274544, "params": {"imputer_strategy": 1.0, "knn_imputer": 1.0, "knn_imputer_k": 7.0, "lasso_alpha": 1e-05, "pca_components": 2.0, "sampling_strategy": 0.3, "scaler_choice": 0.0, "xgb_colsample_bytree": 0.1, "xgb_gamma": 10.0, "xgb_learning_rate": 0.0001, "xgb_max_depth": 20.0, "xgb_n_estimators": 280.56023203491674, "xgb_reg_alpha": 0.0, "xgb_reg_lambda": 10.0, "xgb_scale_pos_weight": 40.0, "xgb_subsample": 1.0}, "datetime": {"datetime": "2023-11-13 19:39:48", "elapsed": 241.60718, "delta": 3.245747}}
{"target": 0.5592958400028147, "params": {"imputer_strategy": 0.4691561198178007, "knn_imputer": 0.5379058122874143, "knn_imputer_k": 5.2169178331004815, "lasso_alpha": 0.0003929559275419138, "pca_components": 5.791829246768006, "sampling_strategy": 0.4512467635304225, "scaler_choice": 0.5971862338005764, "xgb_colsample_bytree": 0.29396768852868793, "xgb_gamma": 8.875595527946539, "xgb_learning_rate": 0.752281199813855, "xgb_max_depth": 2.412777973970998, "xgb_n_estimators": 137.43956853005483, "xgb_reg_alpha": 7.53642951926623, "xgb_reg_lambda": 7.866588981085999, "xgb_scale_pos_weight": 20.295889558079637, "xgb_subsample": 0.9893417188267287}, "datetime": {"datetime": "2023-11-13 19:39:51", "elapsed": 244.491614, "delta": 2.884434}}
{"target": 0.5613524231445673, "params": {"imputer_strategy": 0.10338994944440094, "knn_imputer": 0.8357307009290816, "knn_imputer_k": 3.6736343001584784, "lasso_alpha": 0.00030484983433580476, "pca_components": 7.9508944848542145, "sampling_strategy": 0.4465279804540822, "scaler_choice": 0.04980698088295055, "xgb_colsample_bytree": 0.47229444181571123, "xgb_gamma": 9.98941751579819, "xgb_learning_rate": 0.23188195396240857, "xgb_max_depth": 19.87577433114722, "xgb_n_estimators": 130.92159659247517, "xgb_reg_alpha": 1.8984724861679725, "xgb_reg_lambda": 0.7784878905495685, "xgb_scale_pos_weight": 38.87689280421131, "xgb_subsample": 0.7147337450336156}, "datetime": {"datetime": "2023-11-13 19:39:54", "elapsed": 247.284949, "delta": 2.793335}}
{"target": 0.5791790968017628, "params": {"imputer_strategy": 0.0, "knn_imputer": 0.0, "knn_imputer_k": 7.0, "lasso_alpha": 0.001, "pca_components": 8.0, "sampling_strategy": 0.5, "scaler_choice": 1.0, "xgb_colsample_bytree": 1.0, "xgb_gamma": 10.0, "xgb_learning_rate": 0.0001, "xgb_max_depth": 2.0, "xgb_n_estimators": 127.45494162705839, "xgb_reg_alpha": 10.0, "xgb_reg_lambda": 10.0, "xgb_scale_pos_weight": 40.0, "xgb_subsample": 0.5}, "datetime": {"datetime": "2023-11-13 19:39:57", "elapsed": 250.438923, "delta": 3.153974}}
{"target": 0.14937747946388735, "params": {"imputer_strategy": 0.8635842307209545, "knn_imputer": 0.1066910151145386, "knn_imputer_k": 6.908345792300436, "lasso_alpha": 0.00040716528679234163, "pca_components": 6.076467825220489, "sampling_strategy": 0.37213551361999914, "scaler_choice": 0.7600153399334135, "xgb_colsample_bytree": 0.7845275314455026, "xgb_gamma": 0.11837628329031347, "xgb_learning_rate": 0.727284896308498, "xgb_max_depth": 6.923524041361571, "xgb_n_estimators": 125.83615354932891, "xgb_reg_alpha": 9.86488158745321, "xgb_reg_lambda": 1.3614416693005593, "xgb_scale_pos_weight": 31.49285975594082, "xgb_subsample": 0.6986686033985752}, "datetime": {"datetime": "2023-11-13 19:40:01", "elapsed": 254.852793, "delta": 4.41387}}
{"target": 0.5683656203872591, "params": {"imputer_strategy": 1.0, "knn_imputer": 1.0, "knn_imputer_k": 3.0, "lasso_alpha": 1e-05, "pca_components": 8.0, "sampling_strategy": 0.5, "scaler_choice": 1.0, "xgb_colsample_bytree": 1.0, "xgb_gamma": 10.0, "xgb_learning_rate": 0.0001, "xgb_max_depth": 2.0, "xgb_n_estimators": 332.5301680616552, "xgb_reg_alpha": 0.0, "xgb_reg_lambda": 3.235094650213578, "xgb_scale_pos_weight": 30.25167983112388, "xgb_subsample": 1.0}, "datetime": {"datetime": "2023-11-13 19:40:06", "elapsed": 259.129194, "delta": 4.276401}}
{"target": 0.5246825410361143, "params": {"imputer_strategy": 0.0, "knn_imputer": 0.0, "knn_imputer_k": 3.0, "lasso_alpha": 1e-05, "pca_components": 2.0, "sampling_strategy": 0.5, "scaler_choice": 1.0, "xgb_colsample_bytree": 0.1, "xgb_gamma": 0.0, "xgb_learning_rate": 0.0001, "xgb_max_depth": 8.024880428518577, "xgb_n_estimators": 489.7829131132972, "xgb_reg_alpha": 10.0, "xgb_reg_lambda": 0.0, "xgb_scale_pos_weight": 40.0, "xgb_subsample": 1.0}, "datetime": {"datetime": "2023-11-13 19:40:11", "elapsed": 264.893919, "delta": 5.764725}}
{"target": 0.5618034229888625, "params": {"imputer_strategy": 0.0, "knn_imputer": 0.0, "knn_imputer_k": 3.0, "lasso_alpha": 1e-05, "pca_components": 8.0, "sampling_strategy": 0.3, "scaler_choice": 0.0, "xgb_colsample_bytree": 0.1, "xgb_gamma": 10.0, "xgb_learning_rate": 1.0, "xgb_max_depth": 20.0, "xgb_n_estimators": 163.17411604437748, "xgb_reg_alpha": 10.0, "xgb_reg_lambda": 10.0, "xgb_scale_pos_weight": 28.392164011833145, "xgb_subsample": 1.0}, "datetime": {"datetime": "2023-11-13 19:40:14", "elapsed": 267.898942, "delta": 3.005023}}
{"target": 0.05035223063167793, "params": {"imputer_strategy": 0.0, "knn_imputer": 1.0, "knn_imputer_k": 3.0, "lasso_alpha": 0.001, "pca_components": 8.0, "sampling_strategy": 0.3, "scaler_choice": 1.0, "xgb_colsample_bytree": 1.0, "xgb_gamma": 0.3059544583983478, "xgb_learning_rate": 1.0, "xgb_max_depth": 20.0, "xgb_n_estimators": 161.60094109918057, "xgb_reg_alpha": 0.0, "xgb_reg_lambda": 0.0, "xgb_scale_pos_weight": 20.0, "xgb_subsample": 1.0}, "datetime": {"datetime": "2023-11-13 19:40:20", "elapsed": 273.230266, "delta": 5.331324}}
{"target": 0.1902301348157961, "params": {"imputer_strategy": 1.0, "knn_imputer": 1.0, "knn_imputer_k": 3.0, "lasso_alpha": 0.001, "pca_components": 8.0, "sampling_strategy": 0.5, "scaler_choice": 1.0, "xgb_colsample_bytree": 1.0, "xgb_gamma": 4.120706825907975, "xgb_learning_rate": 1.0, "xgb_max_depth": 8.620740997725248, "xgb_n_estimators": 365.8595767397437, "xgb_reg_alpha": 8.25570086933171, "xgb_reg_lambda": 10.0, "xgb_scale_pos_weight": 32.98739515637867, "xgb_subsample": 0.5}, "datetime": {"datetime": "2023-11-13 19:40:26", "elapsed": 279.162891, "delta": 5.932625}}
{"target": 0.5748988902289808, "params": {"imputer_strategy": 0.20445189283583692, "knn_imputer": 0.1759542247982152, "knn_imputer_k": 5.404859527990635, "lasso_alpha": 0.00043094673584548787, "pca_components": 4.4038048385756685, "sampling_strategy": 0.373392145517024, "scaler_choice": 0.5741868711248448, "xgb_colsample_bytree": 0.19825517350953667, "xgb_gamma": 9.853155963645813, "xgb_learning_rate": 0.20679072046007213, "xgb_max_depth": 6.532743181315393, "xgb_n_estimators": 494.33741582936125, "xgb_reg_alpha": 3.4098835912757197, "xgb_reg_lambda": 2.0702727018168807, "xgb_scale_pos_weight": 35.922816755541454, "xgb_subsample": 0.6933326735128167}, "datetime": {"datetime": "2023-11-13 19:40:30", "elapsed": 283.888467, "delta": 4.725576}}
{"target": 0.5719460996520769, "params": {"imputer_strategy": 0.2691993328199243, "knn_imputer": 0.45818719542804603, "knn_imputer_k": 4.690829414488925, "lasso_alpha": 0.0006029705041124545, "pca_components": 2.4663870433533406, "sampling_strategy": 0.41065208759540217, "scaler_choice": 0.9802570380321657, "xgb_colsample_bytree": 0.22090888186538535, "xgb_gamma": 10.0, "xgb_learning_rate": 0.16789611461527695, "xgb_max_depth": 11.848340617213228, "xgb_n_estimators": 488.314289129043, "xgb_reg_alpha": 1.757469060739774, "xgb_reg_lambda": 4.7216505279835, "xgb_scale_pos_weight": 40.0, "xgb_subsample": 0.8007251643505566}, "datetime": {"datetime": "2023-11-13 19:40:35", "elapsed": 288.597561, "delta": 4.709094}}
{"target": 0.56288838930819, "params": {"imputer_strategy": 0.04621143778031223, "knn_imputer": 0.2611493888076577, "knn_imputer_k": 3.3389694589452703, "lasso_alpha": 0.0002456470838888003, "pca_components": 8.0, "sampling_strategy": 0.42429340461366294, "scaler_choice": 1.0, "xgb_colsample_bytree": 0.5736605198248562, "xgb_gamma": 8.914502580092671, "xgb_learning_rate": 0.0001, "xgb_max_depth": 2.0, "xgb_n_estimators": 341.5362051942634, "xgb_reg_alpha": 7.240054042291756, "xgb_reg_lambda": 5.747155782545797, "xgb_scale_pos_weight": 36.32033476202869, "xgb_subsample": 1.0}, "datetime": {"datetime": "2023-11-13 19:40:39", "elapsed": 292.775078, "delta": 4.177517}}
{"target": 0.5625033858536094, "params": {"imputer_strategy": 0.0, "knn_imputer": 0.0, "knn_imputer_k": 3.329475713148475, "lasso_alpha": 0.0005337071597542485, "pca_components": 8.0, "sampling_strategy": 0.5, "scaler_choice": 1.0, "xgb_colsample_bytree": 0.21152935273246048, "xgb_gamma": 6.3085676970735705, "xgb_learning_rate": 0.0001, "xgb_max_depth": 4.886803866416549, "xgb_n_estimators": 331.7791448256206, "xgb_reg_alpha": 7.3703785467811604, "xgb_reg_lambda": 10.0, "xgb_scale_pos_weight": 28.992557012490074, "xgb_subsample": 1.0}, "datetime": {"datetime": "2023-11-13 19:40:44", "elapsed": 297.283417, "delta": 4.508339}}
{"target": 0.5651986480725493, "params": {"imputer_strategy": 0.0, "knn_imputer": 0.0, "knn_imputer_k": 4.917037314304984, "lasso_alpha": 1e-05, "pca_components": 8.0, "sampling_strategy": 0.3264754196101145, "scaler_choice": 0.9317247772390737, "xgb_colsample_bytree": 0.8501248106403485, "xgb_gamma": 9.222028935143545, "xgb_learning_rate": 0.0001, "xgb_max_depth": 2.0, "xgb_n_estimators": 349.639951752088, "xgb_reg_alpha": 1.9243354646885371, "xgb_reg_lambda": 7.890400074356534, "xgb_scale_pos_weight": 27.87653365659746, "xgb_subsample": 1.0}, "datetime": {"datetime": "2023-11-13 19:40:48", "elapsed": 301.761264, "delta": 4.477847}}
{"target": 0.5708638605778693, "params": {"imputer_strategy": 1.0, "knn_imputer": 1.0, "knn_imputer_k": 7.0, "lasso_alpha": 1e-05, "pca_components": 2.0, "sampling_strategy": 0.3, "scaler_choice": 0.0, "xgb_colsample_bytree": 0.1, "xgb_gamma": 10.0, "xgb_learning_rate": 0.0001, "xgb_max_depth": 17.374525453292758, "xgb_n_estimators": 268.89965994688725, "xgb_reg_alpha": 0.0, "xgb_reg_lambda": 10.0, "xgb_scale_pos_weight": 40.0, "xgb_subsample": 1.0}, "datetime": {"datetime": "2023-11-13 19:40:52", "elapsed": 305.658543, "delta": 3.897279}}
{"target": 0.5752198991080909, "params": {"imputer_strategy": 1.0, "knn_imputer": 0.0, "knn_imputer_k": 6.990185720345581, "lasso_alpha": 1e-05, "pca_components": 2.0, "sampling_strategy": 0.5, "scaler_choice": 0.0, "xgb_colsample_bytree": 0.1, "xgb_gamma": 10.0, "xgb_learning_rate": 0.0001, "xgb_max_depth": 17.657232314433717, "xgb_n_estimators": 173.06178147623245, "xgb_reg_alpha": 10.0, "xgb_reg_lambda": 10.0, "xgb_scale_pos_weight": 25.203663069945474, "xgb_subsample": 0.5}, "datetime": {"datetime": "2023-11-13 19:40:55", "elapsed": 308.958506, "delta": 3.299963}}
{"target": 0.5641534688676152, "params": {"imputer_strategy": 0.0, "knn_imputer": 0.0, "knn_imputer_k": 7.0, "lasso_alpha": 1e-05, "pca_components": 8.0, "sampling_strategy": 0.3, "scaler_choice": 0.0493110692463797, "xgb_colsample_bytree": 0.8619927248323654, "xgb_gamma": 9.28408050730562, "xgb_learning_rate": 0.0001, "xgb_max_depth": 2.0, "xgb_n_estimators": 359.9419076901486, "xgb_reg_alpha": 0.0, "xgb_reg_lambda": 3.8031707771852825, "xgb_scale_pos_weight": 20.0, "xgb_subsample": 1.0}, "datetime": {"datetime": "2023-11-13 19:41:00", "elapsed": 313.520206, "delta": 4.5617}}
{"target": 0.5499538708336371, "params": {"imputer_strategy": 0.0, "knn_imputer": 0.0, "knn_imputer_k": 3.0, "lasso_alpha": 1e-05, "pca_components": 8.0, "sampling_strategy": 0.5, "scaler_choice": 1.0, "xgb_colsample_bytree": 0.1, "xgb_gamma": 10.0, "xgb_learning_rate": 1.0, "xgb_max_depth": 7.841892437343645, "xgb_n_estimators": 481.5855668093838, "xgb_reg_alpha": 5.676364326698034, "xgb_reg_lambda": 0.0, "xgb_scale_pos_weight": 35.35347155913941, "xgb_subsample": 1.0}, "datetime": {"datetime": "2023-11-13 19:41:04", "elapsed": 317.407303, "delta": 3.887097}}
{"target": 0.5685524756201603, "params": {"imputer_strategy": 0.0, "knn_imputer": 0.0, "knn_imputer_k": 7.0, "lasso_alpha": 1e-05, "pca_components": 2.631507768295541, "sampling_strategy": 0.3, "scaler_choice": 1.0, "xgb_colsample_bytree": 1.0, "xgb_gamma": 10.0, "xgb_learning_rate": 0.0001, "xgb_max_depth": 2.0, "xgb_n_estimators": 369.07085292424455, "xgb_reg_alpha": 0.0, "xgb_reg_lambda": 0.0, "xgb_scale_pos_weight": 40.0, "xgb_subsample": 1.0}, "datetime": {"datetime": "2023-11-13 19:41:08", "elapsed": 321.491584, "delta": 4.084281}}
{"target": 0.5684263443607808, "params": {"imputer_strategy": 0.0, "knn_imputer": 0.0, "knn_imputer_k": 7.0, "lasso_alpha": 1e-05, "pca_components": 8.0, "sampling_strategy": 0.3, "scaler_choice": 0.5077297016142504, "xgb_colsample_bytree": 1.0, "xgb_gamma": 10.0, "xgb_learning_rate": 0.0001, "xgb_max_depth": 2.0, "xgb_n_estimators": 380.5851151005062, "xgb_reg_alpha": 0.0, "xgb_reg_lambda": 3.7052197663978075, "xgb_scale_pos_weight": 40.0, "xgb_subsample": 1.0}, "datetime": {"datetime": "2023-11-13 19:41:13", "elapsed": 326.426882, "delta": 4.935298}}
{"target": 0.5751520281338306, "params": {"imputer_strategy": 1.0, "knn_imputer": 0.20570720553796829, "knn_imputer_k": 3.0, "lasso_alpha": 1e-05, "pca_components": 2.0, "sampling_strategy": 0.5, "scaler_choice": 0.0, "xgb_colsample_bytree": 0.1, "xgb_gamma": 10.0, "xgb_learning_rate": 0.0001, "xgb_max_depth": 11.328535562079098, "xgb_n_estimators": 149.90456285955992, "xgb_reg_alpha": 10.0, "xgb_reg_lambda": 10.0, "xgb_scale_pos_weight": 21.272895825018626, "xgb_subsample": 0.5}, "datetime": {"datetime": "2023-11-13 19:41:16", "elapsed": 329.566367, "delta": 3.139485}}
