{"target": 0.568818456264009, "params": {"imputer_strategy": 1.0, "knn_imputer": 0.0, "knn_imputer_k": 3.0, "lasso_alpha": 1e-05, "pca_components": 8.0, "sampling_strategy": 0.5, "scaler_choice": 0.0, "xgb_colsample_bytree": 0.1, "xgb_gamma": 10.0, "xgb_learning_rate": 0.0001, "xgb_max_depth": 2.0, "xgb_n_estimators": 485.30664597629783, "xgb_reg_alpha": 0.0, "xgb_reg_lambda": 10.0, "xgb_scale_pos_weight": 40.0, "xgb_subsample": 0.5}, "datetime": {"datetime": "2023-11-13 19:41:21", "elapsed": 334.380792, "delta": 4.814425}}
{"target": 0.5396932045666782, "params": {"imputer_strategy": 0.0, "knn_imputer": 1.0, "knn_imputer_k": 7.0, "lasso_alpha": 0.001, "pca_components": 8.0, "sampling_strategy": 0.3, "scaler_choice": 1.0, "xgb_colsample_bytree": 0.1, "xgb_gamma": 10.0, "xgb_learning_rate": 1.0, "xgb_max_depth": 2.0, "xgb_n_estimators": 338.3895947102524, "xgb_reg_alpha": 0.0, "xgb_reg_lambda": 10.0, "xgb_scale_pos_weight": 20.0, "xgb_subsample": 0.5}, "datetime": {"datetime": "2023-11-13 19:41:25", "elapsed": 338.095148, "delta": 3.714356}}
{"target": 0.5791999499612607, "params": {"imputer_strategy": 1.0, "knn_imputer": 1.0, "knn_imputer_k": 3.0, "lasso_alpha": 1e-05, "pca_components": 8.0, "sampling_strategy": 0.3, "scaler_choice": 1.0, "xgb_colsample_bytree": 1.0, "xgb_gamma": 0.0, "xgb_learning_rate": 0.0001, "xgb_max_depth": 2.0, "xgb_n_estimators": 330.11756177005634, "xgb_reg_alpha": 0.0, "xgb_reg_lambda": 10.0, "xgb_scale_pos_weight": 40.0, "xgb_subsample": 0.5}, "datetime": {"datetime": "2023-11-13 19:41:29", "elapsed": 342.879901, "delta": 4.784753}}
{"target": 0.5743863649870663, "params": {"imputer_strategy": 1.0, "knn_imputer": 1.0, "knn_imputer_k": 7.0, "lasso_alpha": 1e-05, "pca_components": 2.0, "sampling_strategy": 0.5, "scaler_choice": 0.0, "xgb_colsample_bytree": 0.1, "xgb_gamma": 10.0, "xgb_learning_rate": 0.0001, "xgb_max_depth": 20.0, "xgb_n_estimators": 150.08714832602615, "xgb_reg_alpha": 10.0, "xgb_reg_lambda": 10.0, "xgb_scale_pos_weight": 32.00816356521592, "xgb_subsample": 0.5}, "datetime": {"datetime": "2023-11-13 19:41:32", "elapsed": 345.915482, "delta": 3.035581}}
{"target": 0.5294992819049014, "params": {"imputer_strategy": 0.8468142437141243, "knn_imputer": 0.07377093306684612, "knn_imputer_k": 3.4063520295019947, "lasso_alpha": 0.00018387685274868243, "pca_components": 4.987824189381758, "sampling_strategy": 0.3836972719961711, "scaler_choice": 0.019499258926470975, "xgb_colsample_bytree": 0.4461056304680542, "xgb_gamma": 8.345450220734413, "xgb_learning_rate": 0.8140714222343942, "xgb_max_depth": 16.61093746809884, "xgb_n_estimators": 325.43980053321195, "xgb_reg_alpha": 0.20729607645369796, "xgb_reg_lambda": 9.371230497252526, "xgb_scale_pos_weight": 34.43377239990035, "xgb_subsample": 0.5600241457507137}, "datetime": {"datetime": "2023-11-13 19:41:36", "elapsed": 349.796462, "delta": 3.88098}}
{"target": 0.5801534042747806, "params": {"imputer_strategy": 1.0, "knn_imputer": 1.0, "knn_imputer_k": 3.0, "lasso_alpha": 1e-05, "pca_components": 8.0, "sampling_strategy": 0.3, "scaler_choice": 1.0, "xgb_colsample_bytree": 1.0, "xgb_gamma": 0.0, "xgb_learning_rate": 0.0001, "xgb_max_depth": 2.0, "xgb_n_estimators": 330.07624577523165, "xgb_reg_alpha": 10.0, "xgb_reg_lambda": 0.0, "xgb_scale_pos_weight": 38.91030018282155, "xgb_subsample": 0.5}, "datetime": {"datetime": "2023-11-13 19:41:41", "elapsed": 354.827732, "delta": 5.03127}}
{"target": 0.5712461824194172, "params": {"imputer_strategy": 0.0, "knn_imputer": 1.0, "knn_imputer_k": 3.0, "lasso_alpha": 0.001, "pca_components": 2.0, "sampling_strategy": 0.5, "scaler_choice": 0.0, "xgb_colsample_bytree": 0.1, "xgb_gamma": 10.0, "xgb_learning_rate": 0.0001, "xgb_max_depth": 20.0, "xgb_n_estimators": 141.46547258368676, "xgb_reg_alpha": 0.0, "xgb_reg_lambda": 10.0, "xgb_scale_pos_weight": 40.0, "xgb_subsample": 0.5}, "datetime": {"datetime": "2023-11-13 19:41:44", "elapsed": 357.911628, "delta": 3.083896}}
{"target": 0.5686508354557877, "params": {"imputer_strategy": 1.0, "knn_imputer": 0.0, "knn_imputer_k": 7.0, "lasso_alpha": 1e-05, "pca_components": 8.0, "sampling_strategy": 0.3, "scaler_choice": 0.0, "xgb_colsample_bytree": 1.0, "xgb_gamma": 10.0, "xgb_learning_rate": 0.0001, "xgb_max_depth": 20.0, "xgb_n_estimators": 476.1963863973155, "xgb_reg_alpha": 4.133185865951491, "xgb_reg_lambda": 10.0, "xgb_scale_pos_weight": 40.0, "xgb_subsample": 0.5}, "datetime": {"datetime": "2023-11-13 19:41:53", "elapsed": 366.745746, "delta": 8.834118}}
{"target": 0.5740831192962322, "params": {"imputer_strategy": 0.0, "knn_imputer": 0.0, "knn_imputer_k": 7.0, "lasso_alpha": 1e-05, "pca_components": 2.0, "sampling_strategy": 0.3, "scaler_choice": 0.0, "xgb_colsample_bytree": 0.1, "xgb_gamma": 10.0, "xgb_learning_rate": 0.0001, "xgb_max_depth": 20.0, "xgb_n_estimators": 483.02833711782256, "xgb_reg_alpha": 10.0, "xgb_reg_lambda": 5.12579018677561, "xgb_scale_pos_weight": 29.231421994354342, "xgb_subsample": 0.5}, "datetime": {"datetime": "2023-11-13 19:41:58", "elapsed": 371.369185, "delta": 4.623439}}
{"target": 0.5739163688500732, "params": {"imputer_strategy": 0.07503662612519102, "knn_imputer": 0.5721464240869945, "knn_imputer_k": 4.114317055136538, "lasso_alpha": 0.0007327600139270358, "pca_components": 7.339383400262135, "sampling_strategy": 0.41882370193548735, "scaler_choice": 0.6697955481232665, "xgb_colsample_bytree": 0.6088792918653606, "xgb_gamma": 9.805728184295987, "xgb_learning_rate": 0.5421364962447385, "xgb_max_depth": 7.387040819637372, "xgb_n_estimators": 144.57763565648398, "xgb_reg_alpha": 7.627468527552981, "xgb_reg_lambda": 9.95821616302145, "xgb_scale_pos_weight": 37.40955570200665, "xgb_subsample": 0.9547442200238512}, "datetime": {"datetime": "2023-11-13 19:42:01", "elapsed": 374.178672, "delta": 2.809487}}
{"target": 0.579694657218117, "params": {"imputer_strategy": 0.0, "knn_imputer": 1.0, "knn_imputer_k": 3.0, "lasso_alpha": 1e-05, "pca_components": 2.0, "sampling_strategy": 0.3, "scaler_choice": 0.0, "xgb_colsample_bytree": 1.0, "xgb_gamma": 0.0, "xgb_learning_rate": 0.0001, "xgb_max_depth": 2.0, "xgb_n_estimators": 322.6507658170792, "xgb_reg_alpha": 10.0, "xgb_reg_lambda": 10.0, "xgb_scale_pos_weight": 40.0, "xgb_subsample": 0.5}, "datetime": {"datetime": "2023-11-13 19:42:05", "elapsed": 378.181464, "delta": 4.002792}}
