{"target": 0.5313862252938677, "params": {"imputer_strategy": 0.3745401188473625, "knn_imputer": 0.9507143064099162, "knn_imputer_k": 5.92797576724562, "lasso_alpha": 0.0006026718993550663, "pca_components": 2.9361118426546193, "sampling_strategy": 0.3311989040672405, "scaler_choice": 0.05808361216819946, "xgb_colsample_bytree": 0.8795585311974417, "xgb_gamma": 6.011150117432088, "xgb_learning_rate": 0.7081017705382658, "xgb_max_depth": 2.370520897324444, "xgb_n_estimators": 487.96394086479773, "xgb_reg_alpha": 8.324426408004218, "xgb_reg_lambda": 2.1233911067827616, "xgb_scale_pos_weight": 23.636499344142013, "xgb_subsample": 0.5917022549267169}, "datetime": {"datetime": "2023-11-13 19:35:47", "elapsed": 0.0, "delta": 0.0}}
{"target": 0.44290427424935197, "params": {"imputer_strategy": 0.3042422429595377, "knn_imputer": 0.5247564316322378, "knn_imputer_k": 4.727780074568463, "lasso_alpha": 0.0002983168487960615, "pca_components": 5.671117368334277, "sampling_strategy": 0.32789877213040836, "scaler_choice": 0.29214464853521815, "xgb_colsample_bytree": 0.4297256589643226, "xgb_gamma": 4.56069984217036, "xgb_learning_rate": 0.7851974437968743, "xgb_max_depth": 5.594128078850475, "xgb_n_estimators": 305.69377536544465, "xgb_reg_alpha": 5.924145688620425, "xgb_reg_lambda": 0.46450412719997725, "xgb_scale_pos_weight": 32.150897038028766, "xgb_subsample": 0.5852620618436457}, "datetime": {"datetime": "2023-11-13 19:35:49", "elapsed": 2.396303, "delta": 2.396303}}
{"target": 0.43208912932304466, "params": {"imputer_strategy": 0.06505159298527952, "knn_imputer": 0.9488855372533332, "knn_imputer_k": 6.862528132298237, "lasso_alpha": 0.0008103133746352965, "pca_components": 3.8276826150402243, "sampling_strategy": 0.31953442280127675, "scaler_choice": 0.6842330265121569, "xgb_colsample_bytree": 0.4961372443656412, "xgb_gamma": 1.2203823484477883, "xgb_learning_rate": 0.49522739242025904, "xgb_max_depth": 2.618993380073931, "xgb_n_estimators": 463.7281608315128, "xgb_reg_alpha": 2.587799816000169, "xgb_reg_lambda": 6.62522284353982, "xgb_scale_pos_weight": 26.23422152178822, "xgb_subsample": 0.7600340105889054}, "datetime": {"datetime": "2023-11-13 19:35:52", "elapsed": 5.319711, "delta": 2.923408}}
{"target": 0.4072833461741351, "params": {"imputer_strategy": 0.5467102793432796, "knn_imputer": 0.18485445552552704, "knn_imputer_k": 6.878338511058234, "lasso_alpha": 0.0007773814951275034, "pca_components": 7.6369936493851345, "sampling_strategy": 0.47896547008552975, "scaler_choice": 0.5978999788110851, "xgb_colsample_bytree": 0.9296868115208051, "xgb_gamma": 0.884925020519195, "xgb_learning_rate": 0.1960632641329033, "xgb_max_depth": 2.814091200389685, "xgb_n_estimators": 230.13213230530573, "xgb_reg_alpha": 3.8867728968948203, "xgb_reg_lambda": 2.713490317738959, "xgb_scale_pos_weight": 36.57475018303859, "xgb_subsample": 0.6783766633467947}, "datetime": {"datetime": "2023-11-13 19:35:54", "elapsed": 7.796581, "delta": 2.47687}}
{"target": 0.37786823552794935, "params": {"imputer_strategy": 0.28093450968738076, "knn_imputer": 0.5426960831582485, "knn_imputer_k": 3.5636968998990506, "lasso_alpha": 0.0008041750109464993, "pca_components": 2.447303862078625, "sampling_strategy": 0.49737738732010345, "scaler_choice": 0.7722447692966574, "xgb_colsample_bytree": 0.2788441133807552, "xgb_gamma": 0.05522117123602399, "xgb_learning_rate": 0.8154798823119886, "xgb_max_depth": 14.723432189257109, "xgb_n_estimators": 391.60286721639494, "xgb_reg_alpha": 7.712703466859457, "xgb_reg_lambda": 0.7404465173409036, "xgb_scale_pos_weight": 27.169314570885454, "xgb_subsample": 0.5579345297625649}, "datetime": {"datetime": "2023-11-13 19:35:59", "elapsed": 12.040834, "delta": 4.244253}}
{"target": 0.5552070491386877, "params": {"imputer_strategy": 0.9481075067867839, "knn_imputer": 0.21008987168037174, "knn_imputer_k": 6.367447686058195, "lasso_alpha": 0.0009014345635624939, "pca_components": 3.643914946227266, "sampling_strategy": 0.416601552682372, "scaler_choice": 0.7383210303049658, "xgb_colsample_bytree": 0.8876549541148137, "xgb_gamma": 8.329959461661353, "xgb_learning_rate": 0.8174529963865927, "xgb_max_depth": 3.253042224739716, "xgb_n_estimators": 490.8180458456506, "xgb_reg_alpha": 5.220741450083601, "xgb_reg_lambda": 3.0902767157131317, "xgb_scale_pos_weight": 23.908788340758093, "xgb_subsample": 0.9805818499363168}, "datetime": {"datetime": "2023-11-13 19:36:01", "elapsed": 14.986021, "delta": 2.945187}}
{"target": 0.5391778379706142, "params": {"imputer_strategy": 1.0, "knn_imputer": 0.0, "knn_imputer_k": 6.080673652036134, "lasso_alpha": 0.0003696911140137513, "pca_components": 5.537615896408192, "sampling_strategy": 0.5, "scaler_choice": 1.0, "xgb_colsample_bytree": 1.0, "xgb_gamma": 10.0, "xgb_learning_rate": 1.0, "xgb_max_depth": 15.602975413647517, "xgb_n_estimators": 500.0, "xgb_reg_alpha": 2.80829536092383, "xgb_reg_lambda": 0.0, "xgb_scale_pos_weight": 20.0, "xgb_subsample": 1.0}, "datetime": {"datetime": "2023-11-13 19:36:05", "elapsed": 18.164599, "delta": 3.178578}}
{"target": 0.5700496693740752, "params": {"imputer_strategy": 0.7706878805594722, "knn_imputer": 0.30545943621867644, "knn_imputer_k": 6.040799498725132, "lasso_alpha": 4.6632227041120486e-05, "pca_components": 7.211603346476357, "sampling_strategy": 0.43264931632243286, "scaler_choice": 0.26575507119532227, "xgb_colsample_bytree": 0.9788512134784099, "xgb_gamma": 8.693914741544361, "xgb_learning_rate": 0.31273896525273887, "xgb_max_depth": 3.9067851269960414, "xgb_n_estimators": 499.0492516494765, "xgb_reg_alpha": 2.6763504366415325, "xgb_reg_lambda": 9.026061669404701, "xgb_scale_pos_weight": 39.84863642447908, "xgb_subsample": 0.9749171733020588}, "datetime": {"datetime": "2023-11-13 19:36:09", "elapsed": 22.628184, "delta": 4.463585}}
{"target": 0.3534228389385222, "params": {"imputer_strategy": 0.8912274107429572, "knn_imputer": 1.0, "knn_imputer_k": 7.0, "lasso_alpha": 0.0009444260998799605, "pca_components": 3.3516229129800847, "sampling_strategy": 0.3, "scaler_choice": 1.0, "xgb_colsample_bytree": 1.0, "xgb_gamma": 1.565137524547794, "xgb_learning_rate": 1.0, "xgb_max_depth": 20.0, "xgb_n_estimators": 100.0, "xgb_reg_alpha": 1.8833687976247542, "xgb_reg_lambda": 10.0, "xgb_scale_pos_weight": 20.0, "xgb_subsample": 0.9773764863304709}, "datetime": {"datetime": "2023-11-13 19:36:12", "elapsed": 25.274398, "delta": 2.646214}}
{"target": 0.5726740385330983, "params": {"imputer_strategy": 0.0, "knn_imputer": 0.0, "knn_imputer_k": 7.0, "lasso_alpha": 1e-05, "pca_components": 2.0, "sampling_strategy": 0.5, "scaler_choice": 1.0, "xgb_colsample_bytree": 0.1, "xgb_gamma": 10.0, "xgb_learning_rate": 0.0001, "xgb_max_depth": 2.0, "xgb_n_estimators": 500.0, "xgb_reg_alpha": 10.0, "xgb_reg_lambda": 10.0, "xgb_scale_pos_weight": 20.0, "xgb_subsample": 1.0}, "datetime": {"datetime": "2023-11-13 19:36:16", "elapsed": 29.139042, "delta": 3.864644}}
{"target": 0.5805273470326447, "params": {"imputer_strategy": 0.0, "knn_imputer": 1.0, "knn_imputer_k": 3.0, "lasso_alpha": 1e-05, "pca_components": 2.0, "sampling_strategy": 0.5, "scaler_choice": 0.0, "xgb_colsample_bytree": 0.1, "xgb_gamma": 10.0, "xgb_learning_rate": 0.23785683129655333, "xgb_max_depth": 20.0, "xgb_n_estimators": 172.9220897277095, "xgb_reg_alpha": 10.0, "xgb_reg_lambda": 0.0, "xgb_scale_pos_weight": 20.0, "xgb_subsample": 0.5}, "datetime": {"datetime": "2023-11-13 19:36:18", "elapsed": 31.813178, "delta": 2.674136}}
{"target": 0.4089422212767275, "params": {"imputer_strategy": 0.0, "knn_imputer": 0.0, "knn_imputer_k": 3.0, "lasso_alpha": 1e-05, "pca_components": 8.0, "sampling_strategy": 0.5, "scaler_choice": 0.0, "xgb_colsample_bytree": 0.1, "xgb_gamma": 0.0, "xgb_learning_rate": 1.0, "xgb_max_depth": 2.0, "xgb_n_estimators": 163.8305213471492, "xgb_reg_alpha": 10.0, "xgb_reg_lambda": 0.0, "xgb_scale_pos_weight": 40.0, "xgb_subsample": 0.5}, "datetime": {"datetime": "2023-11-13 19:36:22", "elapsed": 35.12117, "delta": 3.307992}}
{"target": 0.5497790665319847, "params": {"imputer_strategy": 1.0, "knn_imputer": 1.0, "knn_imputer_k": 7.0, "lasso_alpha": 1e-05, "pca_components": 2.0, "sampling_strategy": 0.5, "scaler_choice": 1.0, "xgb_colsample_bytree": 1.0, "xgb_gamma": 10.0, "xgb_learning_rate": 0.0001, "xgb_max_depth": 20.0, "xgb_n_estimators": 191.11886494970346, "xgb_reg_alpha": 0.0, "xgb_reg_lambda": 10.0, "xgb_scale_pos_weight": 20.0, "xgb_subsample": 1.0}, "datetime": {"datetime": "2023-11-13 19:36:25", "elapsed": 38.841805, "delta": 3.720635}}
{"target": 0.34255955207406497, "params": {"imputer_strategy": 0.0, "knn_imputer": 1.0, "knn_imputer_k": 3.0, "lasso_alpha": 0.001, "pca_components": 2.0, "sampling_strategy": 0.5, "scaler_choice": 0.0, "xgb_colsample_bytree": 0.1, "xgb_gamma": 0.0, "xgb_learning_rate": 1.0, "xgb_max_depth": 20.0, "xgb_n_estimators": 190.19213145853163, "xgb_reg_alpha": 10.0, "xgb_reg_lambda": 0.0, "xgb_scale_pos_weight": 20.0, "xgb_subsample": 0.5}, "datetime": {"datetime": "2023-11-13 19:36:29", "elapsed": 42.628303, "delta": 3.786498}}
{"target": 0.49547891224486496, "params": {"imputer_strategy": 0.705915996629347, "knn_imputer": 0.9041918711250555, "knn_imputer_k": 3.8337681711122324, "lasso_alpha": 0.0005511982944444275, "pca_components": 4.009326426660292, "sampling_strategy": 0.49593096912415746, "scaler_choice": 0.7006160845432884, "xgb_colsample_bytree": 0.6860856740544978, "xgb_gamma": 2.733787965836826, "xgb_learning_rate": 0.4554222904587417, "xgb_max_depth": 10.40467364234621, "xgb_n_estimators": 499.58880460461984, "xgb_reg_alpha": 8.071053792469444, "xgb_reg_lambda": 9.509136995253309, "xgb_scale_pos_weight": 27.5236954870882, "xgb_subsample": 0.9110813448549517}, "datetime": {"datetime": "2023-11-13 19:36:33", "elapsed": 46.822171, "delta": 4.193868}}
{"target": 0.5732215854696381, "params": {"imputer_strategy": 0.0, "knn_imputer": 0.0, "knn_imputer_k": 7.0, "lasso_alpha": 1e-05, "pca_components": 8.0, "sampling_strategy": 0.3, "scaler_choice": 0.0, "xgb_colsample_bytree": 0.1, "xgb_gamma": 10.0, "xgb_learning_rate": 0.0001, "xgb_max_depth": 2.0, "xgb_n_estimators": 500.0, "xgb_reg_alpha": 7.287004788489989, "xgb_reg_lambda": 0.0, "xgb_scale_pos_weight": 30.758831746304597, "xgb_subsample": 0.5}, "datetime": {"datetime": "2023-11-13 19:36:39", "elapsed": 52.016678, "delta": 5.194507}}
{"target": 0.5609894429758008, "params": {"imputer_strategy": 0.972971324887004, "knn_imputer": 1.0, "knn_imputer_k": 7.0, "lasso_alpha": 1e-05, "pca_components": 2.0, "sampling_strategy": 0.5, "scaler_choice": 1.0, "xgb_colsample_bytree": 1.0, "xgb_gamma": 10.0, "xgb_learning_rate": 0.0001, "xgb_max_depth": 20.0, "xgb_n_estimators": 171.1486164692503, "xgb_reg_alpha": 0.0, "xgb_reg_lambda": 10.0, "xgb_scale_pos_weight": 20.0, "xgb_subsample": 0.9725032927696464}, "datetime": {"datetime": "2023-11-13 19:36:42", "elapsed": 55.840732, "delta": 3.824054}}
{"target": 0.5771788462586643, "params": {"imputer_strategy": 0.9628896444499824, "knn_imputer": 1.0, "knn_imputer_k": 3.0339924574873707, "lasso_alpha": 1e-05, "pca_components": 2.0, "sampling_strategy": 0.34724900958133487, "scaler_choice": 0.00993002687585258, "xgb_colsample_bytree": 0.11489792450787882, "xgb_gamma": 10.0, "xgb_learning_rate": 0.0001, "xgb_max_depth": 20.0, "xgb_n_estimators": 157.7121410092813, "xgb_reg_alpha": 9.86852597976797, "xgb_reg_lambda": 0.1482713526572814, "xgb_scale_pos_weight": 20.0, "xgb_subsample": 0.5099715849388915}, "datetime": {"datetime": "2023-11-13 19:36:45", "elapsed": 58.683478, "delta": 2.842746}}
{"target": 0.5566025846586505, "params": {"imputer_strategy": 1.0, "knn_imputer": 1.0, "knn_imputer_k": 7.0, "lasso_alpha": 0.001, "pca_components": 2.0, "sampling_strategy": 0.3, "scaler_choice": 0.0, "xgb_colsample_bytree": 1.0, "xgb_gamma": 10.0, "xgb_learning_rate": 0.0001, "xgb_max_depth": 7.573645398585649, "xgb_n_estimators": 164.99192736181695, "xgb_reg_alpha": 10.0, "xgb_reg_lambda": 10.0, "xgb_scale_pos_weight": 20.0, "xgb_subsample": 1.0}, "datetime": {"datetime": "2023-11-13 19:36:48", "elapsed": 61.805368, "delta": 3.12189}}
{"target": 0.5786483599995779, "params": {"imputer_strategy": 0.0, "knn_imputer": 1.0, "knn_imputer_k": 7.0, "lasso_alpha": 0.001, "pca_components": 2.0, "sampling_strategy": 0.3, "scaler_choice": 1.0, "xgb_colsample_bytree": 0.1, "xgb_gamma": 10.0, "xgb_learning_rate": 0.0001, "xgb_max_depth": 2.0, "xgb_n_estimators": 488.8255985366786, "xgb_reg_alpha": 0.0, "xgb_reg_lambda": 0.0, "xgb_scale_pos_weight": 40.0, "xgb_subsample": 0.5}, "datetime": {"datetime": "2023-11-13 19:36:53", "elapsed": 66.380467, "delta": 4.575099}}
{"target": 0.5660419331470986, "params": {"imputer_strategy": 1.0, "knn_imputer": 0.0, "knn_imputer_k": 7.0, "lasso_alpha": 1e-05, "pca_components": 8.0, "sampling_strategy": 0.5, "scaler_choice": 0.0, "xgb_colsample_bytree": 0.1, "xgb_gamma": 10.0, "xgb_learning_rate": 1.0, "xgb_max_depth": 20.0, "xgb_n_estimators": 488.0163379809183, "xgb_reg_alpha": 0.0, "xgb_reg_lambda": 0.0, "xgb_scale_pos_weight": 40.0, "xgb_subsample": 1.0}, "datetime": {"datetime": "2023-11-13 19:36:57", "elapsed": 70.007395, "delta": 3.626928}}
{"target": 0.568347096094418, "params": {"imputer_strategy": 0.0, "knn_imputer": 0.0, "knn_imputer_k": 7.0, "lasso_alpha": 1e-05, "pca_components": 8.0, "sampling_strategy": 0.3, "scaler_choice": 1.0, "xgb_colsample_bytree": 1.0, "xgb_gamma": 10.0, "xgb_learning_rate": 0.0001, "xgb_max_depth": 2.0, "xgb_n_estimators": 347.72680945427084, "xgb_reg_alpha": 0.0, "xgb_reg_lambda": 10.0, "xgb_scale_pos_weight": 40.0, "xgb_subsample": 1.0}, "datetime": {"datetime": "2023-11-13 19:37:01", "elapsed": 74.380317, "delta": 4.372922}}
{"target": 0.5680121435764703, "params": {"imputer_strategy": 0.0, "knn_imputer": 0.0, "knn_imputer_k": 7.0, "lasso_alpha": 0.001, "pca_components": 8.0, "sampling_strategy": 0.3, "scaler_choice": 1.0, "xgb_colsample_bytree": 1.0, "xgb_gamma": 10.0, "xgb_learning_rate": 0.0001, "xgb_max_depth": 2.0, "xgb_n_estimators": 346.3642503195681, "xgb_reg_alpha": 0.0, "xgb_reg_lambda": 0.0, "xgb_scale_pos_weight": 20.0, "xgb_subsample": 1.0}, "datetime": {"datetime": "2023-11-13 19:37:05", "elapsed": 78.672028, "delta": 4.291711}}
{"target": 0.502166156270995, "params": {"imputer_strategy": 1.0, "knn_imputer": 0.0, "knn_imputer_k": 7.0, "lasso_alpha": 0.001, "pca_components": 2.0, "sampling_strategy": 0.3, "scaler_choice": 0.0, "xgb_colsample_bytree": 1.0, "xgb_gamma": 10.0, "xgb_learning_rate": 1.0, "xgb_max_depth": 20.0, "xgb_n_estimators": 343.99520114742904, "xgb_reg_alpha": 0.0, "xgb_reg_lambda": 10.0, "xgb_scale_pos_weight": 26.639899398138436, "xgb_subsample": 0.5614599029365948}, "datetime": {"datetime": "2023-11-13 19:37:09", "elapsed": 82.405667, "delta": 3.733639}}
{"target": 0.5608348289643922, "params": {"imputer_strategy": 1.0, "knn_imputer": 0.0, "knn_imputer_k": 7.0, "lasso_alpha": 1e-05, "pca_components": 8.0, "sampling_strategy": 0.3, "scaler_choice": 0.0, "xgb_colsample_bytree": 0.1, "xgb_gamma": 10.0, "xgb_learning_rate": 0.0001, "xgb_max_depth": 2.0, "xgb_n_estimators": 358.6125953078714, "xgb_reg_alpha": 10.0, "xgb_reg_lambda": 10.0, "xgb_scale_pos_weight": 25.04945444955055, "xgb_subsample": 1.0}, "datetime": {"datetime": "2023-11-13 19:37:13", "elapsed": 86.045047, "delta": 3.63938}}
{"target": 0.5719620695746801, "params": {"imputer_strategy": 0.0, "knn_imputer": 1.0, "knn_imputer_k": 3.0, "lasso_alpha": 1e-05, "pca_components": 8.0, "sampling_strategy": 0.5, "scaler_choice": 1.0, "xgb_colsample_bytree": 0.1, "xgb_gamma": 0.0, "xgb_learning_rate": 0.0001, "xgb_max_depth": 2.0, "xgb_n_estimators": 347.5006251284666, "xgb_reg_alpha": 10.0, "xgb_reg_lambda": 0.0, "xgb_scale_pos_weight": 36.51767855629521, "xgb_subsample": 1.0}, "datetime": {"datetime": "2023-11-13 19:37:16", "elapsed": 89.631718, "delta": 3.586671}}
{"target": 0.5648779174854021, "params": {"imputer_strategy": 0.0, "knn_imputer": 0.0, "knn_imputer_k": 7.0, "lasso_alpha": 1e-05, "pca_components": 8.0, "sampling_strategy": 0.3, "scaler_choice": 1.0, "xgb_colsample_bytree": 1.0, "xgb_gamma": 10.0, "xgb_learning_rate": 0.0001, "xgb_max_depth": 14.117011686422416, "xgb_n_estimators": 357.4988051372188, "xgb_reg_alpha": 10.0, "xgb_reg_lambda": 0.0, "xgb_scale_pos_weight": 40.0, "xgb_subsample": 1.0}, "datetime": {"datetime": "2023-11-13 19:37:23", "elapsed": 96.631799, "delta": 7.000081}}
{"target": 0.5745061484381505, "params": {"imputer_strategy": 0.0, "knn_imputer": 1.0, "knn_imputer_k": 7.0, "lasso_alpha": 1e-05, "pca_components": 2.0, "sampling_strategy": 0.3, "scaler_choice": 0.0, "xgb_colsample_bytree": 0.1, "xgb_gamma": 10.0, "xgb_learning_rate": 0.0001, "xgb_max_depth": 20.0, "xgb_n_estimators": 267.8325386596283, "xgb_reg_alpha": 0.0, "xgb_reg_lambda": 10.0, "xgb_scale_pos_weight": 20.0, "xgb_subsample": 1.0}, "datetime": {"datetime": "2023-11-13 19:37:26", "elapsed": 99.634324, "delta": 3.002525}}
{"target": 0.5809925201975357, "params": {"imputer_strategy": 0.0, "knn_imputer": 1.0, "knn_imputer_k": 3.0, "lasso_alpha": 0.001, "pca_components": 2.0, "sampling_strategy": 0.5, "scaler_choice": 1.0, "xgb_colsample_bytree": 0.1, "xgb_gamma": 10.0, "xgb_learning_rate": 0.0001, "xgb_max_depth": 20.0, "xgb_n_estimators": 268.8393522659587, "xgb_reg_alpha": 10.0, "xgb_reg_lambda": 10.0, "xgb_scale_pos_weight": 40.0, "xgb_subsample": 0.5}, "datetime": {"datetime": "2023-11-13 19:37:30", "elapsed": 103.173514, "delta": 3.53919}}
{"target": 0.05395282700390702, "params": {"imputer_strategy": 0.0, "knn_imputer": 0.0, "knn_imputer_k": 3.0, "lasso_alpha": 0.001, "pca_components": 8.0, "sampling_strategy": 0.5, "scaler_choice": 1.0, "xgb_colsample_bytree": 1.0, "xgb_gamma": 0.0, "xgb_learning_rate": 1.0, "xgb_max_depth": 20.0, "xgb_n_estimators": 268.53094908006943, "xgb_reg_alpha": 10.0, "xgb_reg_lambda": 0.0, "xgb_scale_pos_weight": 25.455236535712714, "xgb_subsample": 0.5}, "datetime": {"datetime": "2023-11-13 19:37:50", "elapsed": 123.818549, "delta": 20.645035}}
{"target": 0.5692763910734265, "params": {"imputer_strategy": 1.0, "knn_imputer": 0.0, "knn_imputer_k": 3.0, "lasso_alpha": 0.00039861506034237905, "pca_components": 8.0, "sampling_strategy": 0.3, "scaler_choice": 1.0, "xgb_colsample_bytree": 1.0, "xgb_gamma": 7.018736581913858, "xgb_learning_rate": 0.0001, "xgb_max_depth": 2.0, "xgb_n_estimators": 358.47055065032373, "xgb_reg_alpha": 0.0, "xgb_reg_lambda": 0.0, "xgb_scale_pos_weight": 33.1249771665258, "xgb_subsample": 1.0}, "datetime": {"datetime": "2023-11-13 19:37:54", "elapsed": 127.881961, "delta": 4.063412}}
{"target": 0.5669469156836772, "params": {"imputer_strategy": 0.0, "knn_imputer": 1.0, "knn_imputer_k": 7.0, "lasso_alpha": 0.001, "pca_components": 2.0, "sampling_strategy": 0.5, "scaler_choice": 1.0, "xgb_colsample_bytree": 1.0, "xgb_gamma": 0.0, "xgb_learning_rate": 0.0001, "xgb_max_depth": 2.0, "xgb_n_estimators": 359.1821668196979, "xgb_reg_alpha": 9.707370665009837, "xgb_reg_lambda": 10.0, "xgb_scale_pos_weight": 40.0, "xgb_subsample": 1.0}, "datetime": {"datetime": "2023-11-13 19:37:58", "elapsed": 131.815031, "delta": 3.93307}}
{"target": 0.3204639949104988, "params": {"imputer_strategy": 1.0, "knn_imputer": 1.0, "knn_imputer_k": 7.0, "lasso_alpha": 0.001, "pca_components": 2.0, "sampling_strategy": 0.5, "scaler_choice": 0.0, "xgb_colsample_bytree": 0.1, "xgb_gamma": 0.0, "xgb_learning_rate": 1.0, "xgb_max_depth": 12.053457725249247, "xgb_n_estimators": 350.0035563718708, "xgb_reg_alpha": 0.0, "xgb_reg_lambda": 0.0, "xgb_scale_pos_weight": 40.0, "xgb_subsample": 1.0}, "datetime": {"datetime": "2023-11-13 19:38:05", "elapsed": 138.608586, "delta": 6.793555}}
{"target": 0.566529084953767, "params": {"imputer_strategy": 0.0, "knn_imputer": 0.0, "knn_imputer_k": 3.0, "lasso_alpha": 1e-05, "pca_components": 8.0, "sampling_strategy": 0.3, "scaler_choice": 1.0, "xgb_colsample_bytree": 1.0, "xgb_gamma": 10.0, "xgb_learning_rate": 0.0001, "xgb_max_depth": 2.0, "xgb_n_estimators": 355.2475464031747, "xgb_reg_alpha": 10.0, "xgb_reg_lambda": 6.445646442181598, "xgb_scale_pos_weight": 38.238821661073544, "xgb_subsample": 1.0}, "datetime": {"datetime": "2023-11-13 19:38:10", "elapsed": 143.32004, "delta": 4.711454}}
{"target": 0.5742160631653631, "params": {"imputer_strategy": 0.0, "knn_imputer": 0.0, "knn_imputer_k": 3.0, "lasso_alpha": 0.001, "pca_components": 2.0, "sampling_strategy": 0.3, "scaler_choice": 1.0, "xgb_colsample_bytree": 0.1, "xgb_gamma": 10.0, "xgb_learning_rate": 0.0001, "xgb_max_depth": 12.38935305481415, "xgb_n_estimators": 499.89761210801265, "xgb_reg_alpha": 0.0, "xgb_reg_lambda": 0.0, "xgb_scale_pos_weight": 40.0, "xgb_subsample": 0.5}, "datetime": {"datetime": "2023-11-13 19:38:15", "elapsed": 148.464119, "delta": 5.144079}}
{"target": 0.5798043659752892, "params": {"imputer_strategy": 0.0, "knn_imputer": 0.0, "knn_imputer_k": 3.0, "lasso_alpha": 1e-05, "pca_components": 8.0, "sampling_strategy": 0.3, "scaler_choice": 1.0, "xgb_colsample_bytree": 1.0, "xgb_gamma": 7.615094020017522, "xgb_learning_rate": 0.0001, "xgb_max_depth": 2.0, "xgb_n_estimators": 341.8337893923995, "xgb_reg_alpha": 10.0, "xgb_reg_lambda": 10.0, "xgb_scale_pos_weight": 27.525371822293515, "xgb_subsample": 0.5}, "datetime": {"datetime": "2023-11-13 19:38:20", "elapsed": 153.237162, "delta": 4.773043}}
{"target": 0.5803066445688095, "params": {"imputer_strategy": 0.0, "knn_imputer": 0.0, "knn_imputer_k": 7.0, "lasso_alpha": 1e-05, "pca_components": 8.0, "sampling_strategy": 0.3, "scaler_choice": 1.0, "xgb_colsample_bytree": 1.0, "xgb_gamma": 10.0, "xgb_learning_rate": 0.0001, "xgb_max_depth": 2.0, "xgb_n_estimators": 369.84799754964126, "xgb_reg_alpha": 1.2381788368129532, "xgb_reg_lambda": 10.0, "xgb_scale_pos_weight": 40.0, "xgb_subsample": 0.5}, "datetime": {"datetime": "2023-11-13 19:38:25", "elapsed": 158.322588, "delta": 5.085426}}
